2025-05-25T20:20:38.772886Z [warning  ] Force option is enabled, ignoring stale job check.
2025-05-25T20:20:38.882648Z [info     ] Using systemdb state backend
2025-05-25T20:20:41.252219Z [info     ] /Users/tim.prudames/analytics/.meltano/extractors/tap-salesforce/venv/lib/python3.9/site-packages/urllib3/__init__.py:35: NotOpenSSLWarning: urllib3 v2 only supports OpenSSL 1.1.1+, currently the 'ssl' module is compiled with 'LibreSSL 2.8.3'. See: https://github.com/urllib3/urllib3/issues/3020 cmd_type=elb consumer=False job_name=dev:tap-salesforce-to-target-jsonl name=tap-salesforce producer=True run_id=d355e04b-f1c6-4ac0-92c3-f85e975a70d5 stdio=stderr string_id=tap-salesforce
2025-05-25T20:20:41.252659Z [info     ]   warnings.warn(               cmd_type=elb consumer=False job_name=dev:tap-salesforce-to-target-jsonl name=tap-salesforce producer=True run_id=d355e04b-f1c6-4ac0-92c3-f85e975a70d5 stdio=stderr string_id=tap-salesforce
2025-05-25T20:20:41.398247Z [info     ] INFO Parsed start date '2025-05-25T00:00:00+00:00' from value '2025-05-25' cmd_type=elb consumer=False job_name=dev:tap-salesforce-to-target-jsonl name=tap-salesforce producer=True run_id=d355e04b-f1c6-4ac0-92c3-f85e975a70d5 stdio=stderr string_id=tap-salesforce
2025-05-25T20:20:41.398541Z [info     ] INFO Attempting login via OAuth2 cmd_type=elb consumer=False job_name=dev:tap-salesforce-to-target-jsonl name=tap-salesforce producer=True run_id=d355e04b-f1c6-4ac0-92c3-f85e975a70d5 stdio=stderr string_id=tap-salesforce
2025-05-25T20:20:42.114986Z [info     ] INFO OAuth2 login successful   cmd_type=elb consumer=False job_name=dev:tap-salesforce-to-target-jsonl name=tap-salesforce producer=True run_id=d355e04b-f1c6-4ac0-92c3-f85e975a70d5 stdio=stderr string_id=tap-salesforce
2025-05-25T20:20:42.115258Z [info     ] INFO Starting new login timer  cmd_type=elb consumer=False job_name=dev:tap-salesforce-to-target-jsonl name=tap-salesforce producer=True run_id=d355e04b-f1c6-4ac0-92c3-f85e975a70d5 stdio=stderr string_id=tap-salesforce
2025-05-25T20:20:42.121688Z [info     ] INFO Starting sync             cmd_type=elb consumer=False job_name=dev:tap-salesforce-to-target-jsonl name=tap-salesforce producer=True run_id=d355e04b-f1c6-4ac0-92c3-f85e975a70d5 stdio=stderr string_id=tap-salesforce
2025-05-25T20:20:42.154106Z [info     ] INFO Contact: Starting         cmd_type=elb consumer=False job_name=dev:tap-salesforce-to-target-jsonl name=tap-salesforce producer=True run_id=d355e04b-f1c6-4ac0-92c3-f85e975a70d5 stdio=stderr string_id=tap-salesforce
2025-05-25T20:20:42.154436Z [info     ] INFO Contact.Id - True         cmd_type=elb consumer=False job_name=dev:tap-salesforce-to-target-jsonl name=tap-salesforce producer=True run_id=d355e04b-f1c6-4ac0-92c3-f85e975a70d5 stdio=stderr string_id=tap-salesforce
2025-05-25T20:20:42.154552Z [info     ] INFO Contact.IsDeleted - True  cmd_type=elb consumer=False job_name=dev:tap-salesforce-to-target-jsonl name=tap-salesforce producer=True run_id=d355e04b-f1c6-4ac0-92c3-f85e975a70d5 stdio=stderr string_id=tap-salesforce
2025-05-25T20:20:42.154651Z [info     ] INFO Contact.MasterRecordId - True cmd_type=elb consumer=False job_name=dev:tap-salesforce-to-target-jsonl name=tap-salesforce producer=True run_id=d355e04b-f1c6-4ac0-92c3-f85e975a70d5 stdio=stderr string_id=tap-salesforce
2025-05-25T20:20:42.154785Z [info     ] INFO Contact.AccountId - True  cmd_type=elb consumer=False job_name=dev:tap-salesforce-to-target-jsonl name=tap-salesforce producer=True run_id=d355e04b-f1c6-4ac0-92c3-f85e975a70d5 stdio=stderr string_id=tap-salesforce
2025-05-25T20:20:42.154963Z [info     ] INFO Contact.LastName - True   cmd_type=elb consumer=False job_name=dev:tap-salesforce-to-target-jsonl name=tap-salesforce producer=True run_id=d355e04b-f1c6-4ac0-92c3-f85e975a70d5 stdio=stderr string_id=tap-salesforce
2025-05-25T20:20:42.155074Z [info     ] INFO Contact.FirstName - True  cmd_type=elb consumer=False job_name=dev:tap-salesforce-to-target-jsonl name=tap-salesforce producer=True run_id=d355e04b-f1c6-4ac0-92c3-f85e975a70d5 stdio=stderr string_id=tap-salesforce
2025-05-25T20:20:42.155193Z [info     ] INFO Contact.Salutation - True cmd_type=elb consumer=False job_name=dev:tap-salesforce-to-target-jsonl name=tap-salesforce producer=True run_id=d355e04b-f1c6-4ac0-92c3-f85e975a70d5 stdio=stderr string_id=tap-salesforce
2025-05-25T20:20:42.155285Z [info     ] INFO Contact.Name - True       cmd_type=elb consumer=False job_name=dev:tap-salesforce-to-target-jsonl name=tap-salesforce producer=True run_id=d355e04b-f1c6-4ac0-92c3-f85e975a70d5 stdio=stderr string_id=tap-salesforce
2025-05-25T20:20:42.155375Z [info     ] INFO Contact.OtherStreet - True cmd_type=elb consumer=False job_name=dev:tap-salesforce-to-target-jsonl name=tap-salesforce producer=True run_id=d355e04b-f1c6-4ac0-92c3-f85e975a70d5 stdio=stderr string_id=tap-salesforce
2025-05-25T20:20:42.155466Z [info     ] INFO Contact.OtherCity - True  cmd_type=elb consumer=False job_name=dev:tap-salesforce-to-target-jsonl name=tap-salesforce producer=True run_id=d355e04b-f1c6-4ac0-92c3-f85e975a70d5 stdio=stderr string_id=tap-salesforce
2025-05-25T20:20:42.155553Z [info     ] INFO Contact.OtherState - True cmd_type=elb consumer=False job_name=dev:tap-salesforce-to-target-jsonl name=tap-salesforce producer=True run_id=d355e04b-f1c6-4ac0-92c3-f85e975a70d5 stdio=stderr string_id=tap-salesforce
2025-05-25T20:20:42.155639Z [info     ] INFO Contact.OtherPostalCode - True cmd_type=elb consumer=False job_name=dev:tap-salesforce-to-target-jsonl name=tap-salesforce producer=True run_id=d355e04b-f1c6-4ac0-92c3-f85e975a70d5 stdio=stderr string_id=tap-salesforce
2025-05-25T20:20:42.155727Z [info     ] INFO Contact.OtherCountry - True cmd_type=elb consumer=False job_name=dev:tap-salesforce-to-target-jsonl name=tap-salesforce producer=True run_id=d355e04b-f1c6-4ac0-92c3-f85e975a70d5 stdio=stderr string_id=tap-salesforce
2025-05-25T20:20:42.155817Z [info     ] INFO Contact.OtherStateCode - True cmd_type=elb consumer=False job_name=dev:tap-salesforce-to-target-jsonl name=tap-salesforce producer=True run_id=d355e04b-f1c6-4ac0-92c3-f85e975a70d5 stdio=stderr string_id=tap-salesforce
2025-05-25T20:20:42.155901Z [info     ] INFO Contact.OtherCountryCode - True cmd_type=elb consumer=False job_name=dev:tap-salesforce-to-target-jsonl name=tap-salesforce producer=True run_id=d355e04b-f1c6-4ac0-92c3-f85e975a70d5 stdio=stderr string_id=tap-salesforce
2025-05-25T20:20:42.155987Z [info     ] INFO Contact.OtherLatitude - True cmd_type=elb consumer=False job_name=dev:tap-salesforce-to-target-jsonl name=tap-salesforce producer=True run_id=d355e04b-f1c6-4ac0-92c3-f85e975a70d5 stdio=stderr string_id=tap-salesforce
2025-05-25T20:20:42.156073Z [info     ] INFO Contact.OtherLongitude - True cmd_type=elb consumer=False job_name=dev:tap-salesforce-to-target-jsonl name=tap-salesforce producer=True run_id=d355e04b-f1c6-4ac0-92c3-f85e975a70d5 stdio=stderr string_id=tap-salesforce
2025-05-25T20:20:42.156159Z [info     ] INFO Contact.OtherGeocodeAccuracy - True cmd_type=elb consumer=False job_name=dev:tap-salesforce-to-target-jsonl name=tap-salesforce producer=True run_id=d355e04b-f1c6-4ac0-92c3-f85e975a70d5 stdio=stderr string_id=tap-salesforce
2025-05-25T20:20:42.156437Z [info     ] INFO Contact.OtherAddress - True cmd_type=elb consumer=False job_name=dev:tap-salesforce-to-target-jsonl name=tap-salesforce producer=True run_id=d355e04b-f1c6-4ac0-92c3-f85e975a70d5 stdio=stderr string_id=tap-salesforce
2025-05-25T20:20:42.156583Z [info     ] INFO Contact.street - True     cmd_type=elb consumer=False job_name=dev:tap-salesforce-to-target-jsonl name=tap-salesforce producer=True run_id=d355e04b-f1c6-4ac0-92c3-f85e975a70d5 stdio=stderr string_id=tap-salesforce
2025-05-25T20:20:42.156685Z [info     ] INFO Contact.state - True      cmd_type=elb consumer=False job_name=dev:tap-salesforce-to-target-jsonl name=tap-salesforce producer=True run_id=d355e04b-f1c6-4ac0-92c3-f85e975a70d5 stdio=stderr string_id=tap-salesforce
2025-05-25T20:20:42.156781Z [info     ] INFO Contact.postalCode - True cmd_type=elb consumer=False job_name=dev:tap-salesforce-to-target-jsonl name=tap-salesforce producer=True run_id=d355e04b-f1c6-4ac0-92c3-f85e975a70d5 stdio=stderr string_id=tap-salesforce
2025-05-25T20:20:42.156890Z [info     ] INFO Contact.city - True       cmd_type=elb consumer=False job_name=dev:tap-salesforce-to-target-jsonl name=tap-salesforce producer=True run_id=d355e04b-f1c6-4ac0-92c3-f85e975a70d5 stdio=stderr string_id=tap-salesforce
2025-05-25T20:20:42.156987Z [info     ] INFO Contact.country - True    cmd_type=elb consumer=False job_name=dev:tap-salesforce-to-target-jsonl name=tap-salesforce producer=True run_id=d355e04b-f1c6-4ac0-92c3-f85e975a70d5 stdio=stderr string_id=tap-salesforce
2025-05-25T20:20:42.157086Z [info     ] INFO Contact.longitude - True  cmd_type=elb consumer=False job_name=dev:tap-salesforce-to-target-jsonl name=tap-salesforce producer=True run_id=d355e04b-f1c6-4ac0-92c3-f85e975a70d5 stdio=stderr string_id=tap-salesforce
2025-05-25T20:20:42.157175Z [info     ] INFO Contact.latitude - True   cmd_type=elb consumer=False job_name=dev:tap-salesforce-to-target-jsonl name=tap-salesforce producer=True run_id=d355e04b-f1c6-4ac0-92c3-f85e975a70d5 stdio=stderr string_id=tap-salesforce
2025-05-25T20:20:42.157264Z [info     ] INFO Contact.geocodeAccuracy - True cmd_type=elb consumer=False job_name=dev:tap-salesforce-to-target-jsonl name=tap-salesforce producer=True run_id=d355e04b-f1c6-4ac0-92c3-f85e975a70d5 stdio=stderr string_id=tap-salesforce
2025-05-25T20:20:42.157353Z [info     ] INFO Contact.MailingStreet - True cmd_type=elb consumer=False job_name=dev:tap-salesforce-to-target-jsonl name=tap-salesforce producer=True run_id=d355e04b-f1c6-4ac0-92c3-f85e975a70d5 stdio=stderr string_id=tap-salesforce
2025-05-25T20:20:42.157442Z [info     ] INFO Contact.MailingCity - True cmd_type=elb consumer=False job_name=dev:tap-salesforce-to-target-jsonl name=tap-salesforce producer=True run_id=d355e04b-f1c6-4ac0-92c3-f85e975a70d5 stdio=stderr string_id=tap-salesforce
2025-05-25T20:20:42.157530Z [info     ] INFO Contact.MailingState - True cmd_type=elb consumer=False job_name=dev:tap-salesforce-to-target-jsonl name=tap-salesforce producer=True run_id=d355e04b-f1c6-4ac0-92c3-f85e975a70d5 stdio=stderr string_id=tap-salesforce
2025-05-25T20:20:42.157617Z [info     ] INFO Contact.MailingPostalCode - True cmd_type=elb consumer=False job_name=dev:tap-salesforce-to-target-jsonl name=tap-salesforce producer=True run_id=d355e04b-f1c6-4ac0-92c3-f85e975a70d5 stdio=stderr string_id=tap-salesforce
2025-05-25T20:20:42.157779Z [info     ] INFO Contact.MailingCountry - True cmd_type=elb consumer=False job_name=dev:tap-salesforce-to-target-jsonl name=tap-salesforce producer=True run_id=d355e04b-f1c6-4ac0-92c3-f85e975a70d5 stdio=stderr string_id=tap-salesforce
2025-05-25T20:20:42.157876Z [info     ] INFO Contact.MailingStateCode - True cmd_type=elb consumer=False job_name=dev:tap-salesforce-to-target-jsonl name=tap-salesforce producer=True run_id=d355e04b-f1c6-4ac0-92c3-f85e975a70d5 stdio=stderr string_id=tap-salesforce
2025-05-25T20:20:42.157966Z [info     ] INFO Contact.MailingCountryCode - True cmd_type=elb consumer=False job_name=dev:tap-salesforce-to-target-jsonl name=tap-salesforce producer=True run_id=d355e04b-f1c6-4ac0-92c3-f85e975a70d5 stdio=stderr string_id=tap-salesforce
2025-05-25T20:20:42.158054Z [info     ] INFO Contact.MailingLatitude - True cmd_type=elb consumer=False job_name=dev:tap-salesforce-to-target-jsonl name=tap-salesforce producer=True run_id=d355e04b-f1c6-4ac0-92c3-f85e975a70d5 stdio=stderr string_id=tap-salesforce
2025-05-25T20:20:42.158141Z [info     ] INFO Contact.MailingLongitude - True cmd_type=elb consumer=False job_name=dev:tap-salesforce-to-target-jsonl name=tap-salesforce producer=True run_id=d355e04b-f1c6-4ac0-92c3-f85e975a70d5 stdio=stderr string_id=tap-salesforce
2025-05-25T20:20:42.158227Z [info     ] INFO Contact.MailingGeocodeAccuracy - True cmd_type=elb consumer=False job_name=dev:tap-salesforce-to-target-jsonl name=tap-salesforce producer=True run_id=d355e04b-f1c6-4ac0-92c3-f85e975a70d5 stdio=stderr string_id=tap-salesforce
2025-05-25T20:20:42.158313Z [info     ] INFO Contact.MailingAddress - True cmd_type=elb consumer=False job_name=dev:tap-salesforce-to-target-jsonl name=tap-salesforce producer=True run_id=d355e04b-f1c6-4ac0-92c3-f85e975a70d5 stdio=stderr string_id=tap-salesforce
2025-05-25T20:20:42.158406Z [info     ] INFO Contact.street - True     cmd_type=elb consumer=False job_name=dev:tap-salesforce-to-target-jsonl name=tap-salesforce producer=True run_id=d355e04b-f1c6-4ac0-92c3-f85e975a70d5 stdio=stderr string_id=tap-salesforce
2025-05-25T20:20:42.158494Z [info     ] INFO Contact.state - True      cmd_type=elb consumer=False job_name=dev:tap-salesforce-to-target-jsonl name=tap-salesforce producer=True run_id=d355e04b-f1c6-4ac0-92c3-f85e975a70d5 stdio=stderr string_id=tap-salesforce
2025-05-25T20:20:42.158580Z [info     ] INFO Contact.postalCode - True cmd_type=elb consumer=False job_name=dev:tap-salesforce-to-target-jsonl name=tap-salesforce producer=True run_id=d355e04b-f1c6-4ac0-92c3-f85e975a70d5 stdio=stderr string_id=tap-salesforce
2025-05-25T20:20:42.158665Z [info     ] INFO Contact.city - True       cmd_type=elb consumer=False job_name=dev:tap-salesforce-to-target-jsonl name=tap-salesforce producer=True run_id=d355e04b-f1c6-4ac0-92c3-f85e975a70d5 stdio=stderr string_id=tap-salesforce
2025-05-25T20:20:42.158750Z [info     ] INFO Contact.country - True    cmd_type=elb consumer=False job_name=dev:tap-salesforce-to-target-jsonl name=tap-salesforce producer=True run_id=d355e04b-f1c6-4ac0-92c3-f85e975a70d5 stdio=stderr string_id=tap-salesforce
2025-05-25T20:20:42.158835Z [info     ] INFO Contact.longitude - True  cmd_type=elb consumer=False job_name=dev:tap-salesforce-to-target-jsonl name=tap-salesforce producer=True run_id=d355e04b-f1c6-4ac0-92c3-f85e975a70d5 stdio=stderr string_id=tap-salesforce
2025-05-25T20:20:42.158921Z [info     ] INFO Contact.latitude - True   cmd_type=elb consumer=False job_name=dev:tap-salesforce-to-target-jsonl name=tap-salesforce producer=True run_id=d355e04b-f1c6-4ac0-92c3-f85e975a70d5 stdio=stderr string_id=tap-salesforce
2025-05-25T20:20:42.159006Z [info     ] INFO Contact.geocodeAccuracy - True cmd_type=elb consumer=False job_name=dev:tap-salesforce-to-target-jsonl name=tap-salesforce producer=True run_id=d355e04b-f1c6-4ac0-92c3-f85e975a70d5 stdio=stderr string_id=tap-salesforce
2025-05-25T20:20:42.159183Z [info     ] INFO Contact.Phone - True      cmd_type=elb consumer=False job_name=dev:tap-salesforce-to-target-jsonl name=tap-salesforce producer=True run_id=d355e04b-f1c6-4ac0-92c3-f85e975a70d5 stdio=stderr string_id=tap-salesforce
2025-05-25T20:20:42.159341Z [info     ] INFO Contact.Fax - True        cmd_type=elb consumer=False job_name=dev:tap-salesforce-to-target-jsonl name=tap-salesforce producer=True run_id=d355e04b-f1c6-4ac0-92c3-f85e975a70d5 stdio=stderr string_id=tap-salesforce
2025-05-25T20:20:42.159434Z [info     ] INFO Contact.MobilePhone - True cmd_type=elb consumer=False job_name=dev:tap-salesforce-to-target-jsonl name=tap-salesforce producer=True run_id=d355e04b-f1c6-4ac0-92c3-f85e975a70d5 stdio=stderr string_id=tap-salesforce
2025-05-25T20:20:42.159527Z [info     ] INFO Contact.HomePhone - True  cmd_type=elb consumer=False job_name=dev:tap-salesforce-to-target-jsonl name=tap-salesforce producer=True run_id=d355e04b-f1c6-4ac0-92c3-f85e975a70d5 stdio=stderr string_id=tap-salesforce
2025-05-25T20:20:42.159872Z [info     ] INFO Contact.OtherPhone - True cmd_type=elb consumer=False job_name=dev:tap-salesforce-to-target-jsonl name=tap-salesforce producer=True run_id=d355e04b-f1c6-4ac0-92c3-f85e975a70d5 stdio=stderr string_id=tap-salesforce
2025-05-25T20:20:42.159969Z [info     ] INFO Contact.AssistantPhone - True cmd_type=elb consumer=False job_name=dev:tap-salesforce-to-target-jsonl name=tap-salesforce producer=True run_id=d355e04b-f1c6-4ac0-92c3-f85e975a70d5 stdio=stderr string_id=tap-salesforce
2025-05-25T20:20:42.160054Z [info     ] INFO Contact.ReportsToId - True cmd_type=elb consumer=False job_name=dev:tap-salesforce-to-target-jsonl name=tap-salesforce producer=True run_id=d355e04b-f1c6-4ac0-92c3-f85e975a70d5 stdio=stderr string_id=tap-salesforce
2025-05-25T20:20:42.160148Z [info     ] INFO Contact.Email - True      cmd_type=elb consumer=False job_name=dev:tap-salesforce-to-target-jsonl name=tap-salesforce producer=True run_id=d355e04b-f1c6-4ac0-92c3-f85e975a70d5 stdio=stderr string_id=tap-salesforce
2025-05-25T20:20:42.160233Z [info     ] INFO Contact.Title - True      cmd_type=elb consumer=False job_name=dev:tap-salesforce-to-target-jsonl name=tap-salesforce producer=True run_id=d355e04b-f1c6-4ac0-92c3-f85e975a70d5 stdio=stderr string_id=tap-salesforce
2025-05-25T20:20:42.160313Z [info     ] INFO Contact.Department - True cmd_type=elb consumer=False job_name=dev:tap-salesforce-to-target-jsonl name=tap-salesforce producer=True run_id=d355e04b-f1c6-4ac0-92c3-f85e975a70d5 stdio=stderr string_id=tap-salesforce
2025-05-25T20:20:42.160394Z [info     ] INFO Contact.AssistantName - True cmd_type=elb consumer=False job_name=dev:tap-salesforce-to-target-jsonl name=tap-salesforce producer=True run_id=d355e04b-f1c6-4ac0-92c3-f85e975a70d5 stdio=stderr string_id=tap-salesforce
2025-05-25T20:20:42.161487Z [info     ] INFO Contact.LeadSource - True cmd_type=elb consumer=False job_name=dev:tap-salesforce-to-target-jsonl name=tap-salesforce producer=True run_id=d355e04b-f1c6-4ac0-92c3-f85e975a70d5 stdio=stderr string_id=tap-salesforce
2025-05-25T20:20:42.161571Z [info     ] INFO Contact.Birthdate - True  cmd_type=elb consumer=False job_name=dev:tap-salesforce-to-target-jsonl name=tap-salesforce producer=True run_id=d355e04b-f1c6-4ac0-92c3-f85e975a70d5 stdio=stderr string_id=tap-salesforce
2025-05-25T20:20:42.161650Z [info     ] INFO Contact.Description - True cmd_type=elb consumer=False job_name=dev:tap-salesforce-to-target-jsonl name=tap-salesforce producer=True run_id=d355e04b-f1c6-4ac0-92c3-f85e975a70d5 stdio=stderr string_id=tap-salesforce
2025-05-25T20:20:42.161732Z [info     ] INFO Contact.OwnerId - True    cmd_type=elb consumer=False job_name=dev:tap-salesforce-to-target-jsonl name=tap-salesforce producer=True run_id=d355e04b-f1c6-4ac0-92c3-f85e975a70d5 stdio=stderr string_id=tap-salesforce
2025-05-25T20:20:42.161813Z [info     ] INFO Contact.CreatedDate - True cmd_type=elb consumer=False job_name=dev:tap-salesforce-to-target-jsonl name=tap-salesforce producer=True run_id=d355e04b-f1c6-4ac0-92c3-f85e975a70d5 stdio=stderr string_id=tap-salesforce
2025-05-25T20:20:42.161896Z [info     ] INFO Contact.CreatedById - True cmd_type=elb consumer=False job_name=dev:tap-salesforce-to-target-jsonl name=tap-salesforce producer=True run_id=d355e04b-f1c6-4ac0-92c3-f85e975a70d5 stdio=stderr string_id=tap-salesforce
2025-05-25T20:20:42.161978Z [info     ] INFO Contact.LastModifiedDate - True cmd_type=elb consumer=False job_name=dev:tap-salesforce-to-target-jsonl name=tap-salesforce producer=True run_id=d355e04b-f1c6-4ac0-92c3-f85e975a70d5 stdio=stderr string_id=tap-salesforce
2025-05-25T20:20:42.162063Z [info     ] INFO Contact.LastModifiedById - True cmd_type=elb consumer=False job_name=dev:tap-salesforce-to-target-jsonl name=tap-salesforce producer=True run_id=d355e04b-f1c6-4ac0-92c3-f85e975a70d5 stdio=stderr string_id=tap-salesforce
2025-05-25T20:20:42.162143Z [info     ] INFO Contact.SystemModstamp - True cmd_type=elb consumer=False job_name=dev:tap-salesforce-to-target-jsonl name=tap-salesforce producer=True run_id=d355e04b-f1c6-4ac0-92c3-f85e975a70d5 stdio=stderr string_id=tap-salesforce
2025-05-25T20:20:42.162225Z [info     ] INFO Contact.LastActivityDate - True cmd_type=elb consumer=False job_name=dev:tap-salesforce-to-target-jsonl name=tap-salesforce producer=True run_id=d355e04b-f1c6-4ac0-92c3-f85e975a70d5 stdio=stderr string_id=tap-salesforce
2025-05-25T20:20:42.162307Z [info     ] INFO Contact.LastCURequestDate - True cmd_type=elb consumer=False job_name=dev:tap-salesforce-to-target-jsonl name=tap-salesforce producer=True run_id=d355e04b-f1c6-4ac0-92c3-f85e975a70d5 stdio=stderr string_id=tap-salesforce
2025-05-25T20:20:42.162388Z [info     ] INFO Contact.LastCUUpdateDate - True cmd_type=elb consumer=False job_name=dev:tap-salesforce-to-target-jsonl name=tap-salesforce producer=True run_id=d355e04b-f1c6-4ac0-92c3-f85e975a70d5 stdio=stderr string_id=tap-salesforce
2025-05-25T20:20:42.162478Z [info     ] INFO Contact.LastViewedDate - True cmd_type=elb consumer=False job_name=dev:tap-salesforce-to-target-jsonl name=tap-salesforce producer=True run_id=d355e04b-f1c6-4ac0-92c3-f85e975a70d5 stdio=stderr string_id=tap-salesforce
2025-05-25T20:20:42.162559Z [info     ] INFO Contact.LastReferencedDate - True cmd_type=elb consumer=False job_name=dev:tap-salesforce-to-target-jsonl name=tap-salesforce producer=True run_id=d355e04b-f1c6-4ac0-92c3-f85e975a70d5 stdio=stderr string_id=tap-salesforce
2025-05-25T20:20:42.162640Z [info     ] INFO Contact.EmailBouncedReason - True cmd_type=elb consumer=False job_name=dev:tap-salesforce-to-target-jsonl name=tap-salesforce producer=True run_id=d355e04b-f1c6-4ac0-92c3-f85e975a70d5 stdio=stderr string_id=tap-salesforce
2025-05-25T20:20:42.162722Z [info     ] INFO Contact.EmailBouncedDate - True cmd_type=elb consumer=False job_name=dev:tap-salesforce-to-target-jsonl name=tap-salesforce producer=True run_id=d355e04b-f1c6-4ac0-92c3-f85e975a70d5 stdio=stderr string_id=tap-salesforce
2025-05-25T20:20:42.162804Z [info     ] INFO Contact.IsEmailBounced - True cmd_type=elb consumer=False job_name=dev:tap-salesforce-to-target-jsonl name=tap-salesforce producer=True run_id=d355e04b-f1c6-4ac0-92c3-f85e975a70d5 stdio=stderr string_id=tap-salesforce
2025-05-25T20:20:42.162885Z [info     ] INFO Contact.PhotoUrl - True   cmd_type=elb consumer=False job_name=dev:tap-salesforce-to-target-jsonl name=tap-salesforce producer=True run_id=d355e04b-f1c6-4ac0-92c3-f85e975a70d5 stdio=stderr string_id=tap-salesforce
2025-05-25T20:20:42.162967Z [info     ] INFO Contact.Jigsaw - True     cmd_type=elb consumer=False job_name=dev:tap-salesforce-to-target-jsonl name=tap-salesforce producer=True run_id=d355e04b-f1c6-4ac0-92c3-f85e975a70d5 stdio=stderr string_id=tap-salesforce
2025-05-25T20:20:42.163048Z [info     ] INFO Contact.JigsawContactId - True cmd_type=elb consumer=False job_name=dev:tap-salesforce-to-target-jsonl name=tap-salesforce producer=True run_id=d355e04b-f1c6-4ac0-92c3-f85e975a70d5 stdio=stderr string_id=tap-salesforce
2025-05-25T20:20:42.163129Z [info     ] INFO Contact.CleanStatus - True cmd_type=elb consumer=False job_name=dev:tap-salesforce-to-target-jsonl name=tap-salesforce producer=True run_id=d355e04b-f1c6-4ac0-92c3-f85e975a70d5 stdio=stderr string_id=tap-salesforce
2025-05-25T20:20:42.163209Z [info     ] INFO Contact.IndividualId - True cmd_type=elb consumer=False job_name=dev:tap-salesforce-to-target-jsonl name=tap-salesforce producer=True run_id=d355e04b-f1c6-4ac0-92c3-f85e975a70d5 stdio=stderr string_id=tap-salesforce
2025-05-25T20:20:42.163290Z [info     ] INFO Contact.IsPriorityRecord - True cmd_type=elb consumer=False job_name=dev:tap-salesforce-to-target-jsonl name=tap-salesforce producer=True run_id=d355e04b-f1c6-4ac0-92c3-f85e975a70d5 stdio=stderr string_id=tap-salesforce
2025-05-25T20:20:42.163368Z [info     ] INFO Contact.Level__c - True   cmd_type=elb consumer=False job_name=dev:tap-salesforce-to-target-jsonl name=tap-salesforce producer=True run_id=d355e04b-f1c6-4ac0-92c3-f85e975a70d5 stdio=stderr string_id=tap-salesforce
2025-05-25T20:20:42.163446Z [info     ] INFO Contact.Languages__c - True cmd_type=elb consumer=False job_name=dev:tap-salesforce-to-target-jsonl name=tap-salesforce producer=True run_id=d355e04b-f1c6-4ac0-92c3-f85e975a70d5 stdio=stderr string_id=tap-salesforce
2025-05-25T20:20:42.163529Z [info     ] INFO Account: Starting         cmd_type=elb consumer=False job_name=dev:tap-salesforce-to-target-jsonl name=tap-salesforce producer=True run_id=d355e04b-f1c6-4ac0-92c3-f85e975a70d5 stdio=stderr string_id=tap-salesforce
2025-05-25T20:20:42.163608Z [info     ] INFO Account.Id - True         cmd_type=elb consumer=False job_name=dev:tap-salesforce-to-target-jsonl name=tap-salesforce producer=True run_id=d355e04b-f1c6-4ac0-92c3-f85e975a70d5 stdio=stderr string_id=tap-salesforce
2025-05-25T20:20:42.163686Z [info     ] INFO Account.IsDeleted - True  cmd_type=elb consumer=False job_name=dev:tap-salesforce-to-target-jsonl name=tap-salesforce producer=True run_id=d355e04b-f1c6-4ac0-92c3-f85e975a70d5 stdio=stderr string_id=tap-salesforce
2025-05-25T20:20:42.163770Z [info     ] INFO Account.MasterRecordId - True cmd_type=elb consumer=False job_name=dev:tap-salesforce-to-target-jsonl name=tap-salesforce producer=True run_id=d355e04b-f1c6-4ac0-92c3-f85e975a70d5 stdio=stderr string_id=tap-salesforce
2025-05-25T20:20:42.163852Z [info     ] INFO Account.Name - True       cmd_type=elb consumer=False job_name=dev:tap-salesforce-to-target-jsonl name=tap-salesforce producer=True run_id=d355e04b-f1c6-4ac0-92c3-f85e975a70d5 stdio=stderr string_id=tap-salesforce
2025-05-25T20:20:42.163933Z [info     ] INFO Account.Type - True       cmd_type=elb consumer=False job_name=dev:tap-salesforce-to-target-jsonl name=tap-salesforce producer=True run_id=d355e04b-f1c6-4ac0-92c3-f85e975a70d5 stdio=stderr string_id=tap-salesforce
2025-05-25T20:20:42.164011Z [info     ] INFO Account.ParentId - True   cmd_type=elb consumer=False job_name=dev:tap-salesforce-to-target-jsonl name=tap-salesforce producer=True run_id=d355e04b-f1c6-4ac0-92c3-f85e975a70d5 stdio=stderr string_id=tap-salesforce
2025-05-25T20:20:42.164089Z [info     ] INFO Account.BillingStreet - True cmd_type=elb consumer=False job_name=dev:tap-salesforce-to-target-jsonl name=tap-salesforce producer=True run_id=d355e04b-f1c6-4ac0-92c3-f85e975a70d5 stdio=stderr string_id=tap-salesforce
2025-05-25T20:20:42.164167Z [info     ] INFO Account.BillingCity - True cmd_type=elb consumer=False job_name=dev:tap-salesforce-to-target-jsonl name=tap-salesforce producer=True run_id=d355e04b-f1c6-4ac0-92c3-f85e975a70d5 stdio=stderr string_id=tap-salesforce
2025-05-25T20:20:42.164248Z [info     ] INFO Account.BillingState - True cmd_type=elb consumer=False job_name=dev:tap-salesforce-to-target-jsonl name=tap-salesforce producer=True run_id=d355e04b-f1c6-4ac0-92c3-f85e975a70d5 stdio=stderr string_id=tap-salesforce
2025-05-25T20:20:42.164326Z [info     ] INFO Account.BillingPostalCode - True cmd_type=elb consumer=False job_name=dev:tap-salesforce-to-target-jsonl name=tap-salesforce producer=True run_id=d355e04b-f1c6-4ac0-92c3-f85e975a70d5 stdio=stderr string_id=tap-salesforce
2025-05-25T20:20:42.164404Z [info     ] INFO Account.BillingCountry - True cmd_type=elb consumer=False job_name=dev:tap-salesforce-to-target-jsonl name=tap-salesforce producer=True run_id=d355e04b-f1c6-4ac0-92c3-f85e975a70d5 stdio=stderr string_id=tap-salesforce
2025-05-25T20:20:42.164804Z [info     ] INFO Account.BillingStateCode - True cmd_type=elb consumer=False job_name=dev:tap-salesforce-to-target-jsonl name=tap-salesforce producer=True run_id=d355e04b-f1c6-4ac0-92c3-f85e975a70d5 stdio=stderr string_id=tap-salesforce
2025-05-25T20:20:42.164931Z [info     ] INFO Account.BillingCountryCode - True cmd_type=elb consumer=False job_name=dev:tap-salesforce-to-target-jsonl name=tap-salesforce producer=True run_id=d355e04b-f1c6-4ac0-92c3-f85e975a70d5 stdio=stderr string_id=tap-salesforce
2025-05-25T20:20:42.165032Z [info     ] INFO Account.BillingLatitude - True cmd_type=elb consumer=False job_name=dev:tap-salesforce-to-target-jsonl name=tap-salesforce producer=True run_id=d355e04b-f1c6-4ac0-92c3-f85e975a70d5 stdio=stderr string_id=tap-salesforce
2025-05-25T20:20:42.165123Z [info     ] INFO Account.BillingLongitude - True cmd_type=elb consumer=False job_name=dev:tap-salesforce-to-target-jsonl name=tap-salesforce producer=True run_id=d355e04b-f1c6-4ac0-92c3-f85e975a70d5 stdio=stderr string_id=tap-salesforce
2025-05-25T20:20:42.165210Z [info     ] INFO Account.BillingGeocodeAccuracy - True cmd_type=elb consumer=False job_name=dev:tap-salesforce-to-target-jsonl name=tap-salesforce producer=True run_id=d355e04b-f1c6-4ac0-92c3-f85e975a70d5 stdio=stderr string_id=tap-salesforce
2025-05-25T20:20:42.165294Z [info     ] INFO Account.BillingAddress - True cmd_type=elb consumer=False job_name=dev:tap-salesforce-to-target-jsonl name=tap-salesforce producer=True run_id=d355e04b-f1c6-4ac0-92c3-f85e975a70d5 stdio=stderr string_id=tap-salesforce
2025-05-25T20:20:42.165387Z [info     ] INFO Account.street - True     cmd_type=elb consumer=False job_name=dev:tap-salesforce-to-target-jsonl name=tap-salesforce producer=True run_id=d355e04b-f1c6-4ac0-92c3-f85e975a70d5 stdio=stderr string_id=tap-salesforce
2025-05-25T20:20:42.165782Z [info     ] INFO Account.state - True      cmd_type=elb consumer=False job_name=dev:tap-salesforce-to-target-jsonl name=tap-salesforce producer=True run_id=d355e04b-f1c6-4ac0-92c3-f85e975a70d5 stdio=stderr string_id=tap-salesforce
2025-05-25T20:20:42.165906Z [info     ] INFO Account.postalCode - True cmd_type=elb consumer=False job_name=dev:tap-salesforce-to-target-jsonl name=tap-salesforce producer=True run_id=d355e04b-f1c6-4ac0-92c3-f85e975a70d5 stdio=stderr string_id=tap-salesforce
2025-05-25T20:20:42.166000Z [info     ] INFO Account.city - True       cmd_type=elb consumer=False job_name=dev:tap-salesforce-to-target-jsonl name=tap-salesforce producer=True run_id=d355e04b-f1c6-4ac0-92c3-f85e975a70d5 stdio=stderr string_id=tap-salesforce
2025-05-25T20:20:42.166088Z [info     ] INFO Account.country - True    cmd_type=elb consumer=False job_name=dev:tap-salesforce-to-target-jsonl name=tap-salesforce producer=True run_id=d355e04b-f1c6-4ac0-92c3-f85e975a70d5 stdio=stderr string_id=tap-salesforce
2025-05-25T20:20:42.166235Z [info     ] INFO Account.longitude - True  cmd_type=elb consumer=False job_name=dev:tap-salesforce-to-target-jsonl name=tap-salesforce producer=True run_id=d355e04b-f1c6-4ac0-92c3-f85e975a70d5 stdio=stderr string_id=tap-salesforce
2025-05-25T20:20:42.166344Z [info     ] INFO Account.latitude - True   cmd_type=elb consumer=False job_name=dev:tap-salesforce-to-target-jsonl name=tap-salesforce producer=True run_id=d355e04b-f1c6-4ac0-92c3-f85e975a70d5 stdio=stderr string_id=tap-salesforce
2025-05-25T20:20:42.166437Z [info     ] INFO Account.geocodeAccuracy - True cmd_type=elb consumer=False job_name=dev:tap-salesforce-to-target-jsonl name=tap-salesforce producer=True run_id=d355e04b-f1c6-4ac0-92c3-f85e975a70d5 stdio=stderr string_id=tap-salesforce
2025-05-25T20:20:42.166525Z [info     ] INFO Account.ShippingStreet - True cmd_type=elb consumer=False job_name=dev:tap-salesforce-to-target-jsonl name=tap-salesforce producer=True run_id=d355e04b-f1c6-4ac0-92c3-f85e975a70d5 stdio=stderr string_id=tap-salesforce
2025-05-25T20:20:42.166610Z [info     ] INFO Account.ShippingCity - True cmd_type=elb consumer=False job_name=dev:tap-salesforce-to-target-jsonl name=tap-salesforce producer=True run_id=d355e04b-f1c6-4ac0-92c3-f85e975a70d5 stdio=stderr string_id=tap-salesforce
2025-05-25T20:20:42.166694Z [info     ] INFO Account.ShippingState - True cmd_type=elb consumer=False job_name=dev:tap-salesforce-to-target-jsonl name=tap-salesforce producer=True run_id=d355e04b-f1c6-4ac0-92c3-f85e975a70d5 stdio=stderr string_id=tap-salesforce
2025-05-25T20:20:42.166778Z [info     ] INFO Account.ShippingPostalCode - True cmd_type=elb consumer=False job_name=dev:tap-salesforce-to-target-jsonl name=tap-salesforce producer=True run_id=d355e04b-f1c6-4ac0-92c3-f85e975a70d5 stdio=stderr string_id=tap-salesforce
2025-05-25T20:20:42.166860Z [info     ] INFO Account.ShippingCountry - True cmd_type=elb consumer=False job_name=dev:tap-salesforce-to-target-jsonl name=tap-salesforce producer=True run_id=d355e04b-f1c6-4ac0-92c3-f85e975a70d5 stdio=stderr string_id=tap-salesforce
2025-05-25T20:20:42.166942Z [info     ] INFO Account.ShippingStateCode - True cmd_type=elb consumer=False job_name=dev:tap-salesforce-to-target-jsonl name=tap-salesforce producer=True run_id=d355e04b-f1c6-4ac0-92c3-f85e975a70d5 stdio=stderr string_id=tap-salesforce
2025-05-25T20:20:42.167026Z [info     ] INFO Account.ShippingCountryCode - True cmd_type=elb consumer=False job_name=dev:tap-salesforce-to-target-jsonl name=tap-salesforce producer=True run_id=d355e04b-f1c6-4ac0-92c3-f85e975a70d5 stdio=stderr string_id=tap-salesforce
2025-05-25T20:20:42.167108Z [info     ] INFO Account.ShippingLatitude - True cmd_type=elb consumer=False job_name=dev:tap-salesforce-to-target-jsonl name=tap-salesforce producer=True run_id=d355e04b-f1c6-4ac0-92c3-f85e975a70d5 stdio=stderr string_id=tap-salesforce
2025-05-25T20:20:42.167359Z [info     ] INFO Account.ShippingLongitude - True cmd_type=elb consumer=False job_name=dev:tap-salesforce-to-target-jsonl name=tap-salesforce producer=True run_id=d355e04b-f1c6-4ac0-92c3-f85e975a70d5 stdio=stderr string_id=tap-salesforce
2025-05-25T20:20:42.167500Z [info     ] INFO Account.ShippingGeocodeAccuracy - True cmd_type=elb consumer=False job_name=dev:tap-salesforce-to-target-jsonl name=tap-salesforce producer=True run_id=d355e04b-f1c6-4ac0-92c3-f85e975a70d5 stdio=stderr string_id=tap-salesforce
2025-05-25T20:20:42.167601Z [info     ] INFO Account.ShippingAddress - True cmd_type=elb consumer=False job_name=dev:tap-salesforce-to-target-jsonl name=tap-salesforce producer=True run_id=d355e04b-f1c6-4ac0-92c3-f85e975a70d5 stdio=stderr string_id=tap-salesforce
2025-05-25T20:20:42.167692Z [info     ] INFO Account.street - True     cmd_type=elb consumer=False job_name=dev:tap-salesforce-to-target-jsonl name=tap-salesforce producer=True run_id=d355e04b-f1c6-4ac0-92c3-f85e975a70d5 stdio=stderr string_id=tap-salesforce
2025-05-25T20:20:42.167780Z [info     ] INFO Account.state - True      cmd_type=elb consumer=False job_name=dev:tap-salesforce-to-target-jsonl name=tap-salesforce producer=True run_id=d355e04b-f1c6-4ac0-92c3-f85e975a70d5 stdio=stderr string_id=tap-salesforce
2025-05-25T20:20:42.167865Z [info     ] INFO Account.postalCode - True cmd_type=elb consumer=False job_name=dev:tap-salesforce-to-target-jsonl name=tap-salesforce producer=True run_id=d355e04b-f1c6-4ac0-92c3-f85e975a70d5 stdio=stderr string_id=tap-salesforce
2025-05-25T20:20:42.167948Z [info     ] INFO Account.city - True       cmd_type=elb consumer=False job_name=dev:tap-salesforce-to-target-jsonl name=tap-salesforce producer=True run_id=d355e04b-f1c6-4ac0-92c3-f85e975a70d5 stdio=stderr string_id=tap-salesforce
2025-05-25T20:20:42.168030Z [info     ] INFO Account.country - True    cmd_type=elb consumer=False job_name=dev:tap-salesforce-to-target-jsonl name=tap-salesforce producer=True run_id=d355e04b-f1c6-4ac0-92c3-f85e975a70d5 stdio=stderr string_id=tap-salesforce
2025-05-25T20:20:42.168112Z [info     ] INFO Account.longitude - True  cmd_type=elb consumer=False job_name=dev:tap-salesforce-to-target-jsonl name=tap-salesforce producer=True run_id=d355e04b-f1c6-4ac0-92c3-f85e975a70d5 stdio=stderr string_id=tap-salesforce
2025-05-25T20:20:42.168197Z [info     ] INFO Account.latitude - True   cmd_type=elb consumer=False job_name=dev:tap-salesforce-to-target-jsonl name=tap-salesforce producer=True run_id=d355e04b-f1c6-4ac0-92c3-f85e975a70d5 stdio=stderr string_id=tap-salesforce
2025-05-25T20:20:42.168282Z [info     ] INFO Account.geocodeAccuracy - True cmd_type=elb consumer=False job_name=dev:tap-salesforce-to-target-jsonl name=tap-salesforce producer=True run_id=d355e04b-f1c6-4ac0-92c3-f85e975a70d5 stdio=stderr string_id=tap-salesforce
2025-05-25T20:20:42.168366Z [info     ] INFO Account.Phone - True      cmd_type=elb consumer=False job_name=dev:tap-salesforce-to-target-jsonl name=tap-salesforce producer=True run_id=d355e04b-f1c6-4ac0-92c3-f85e975a70d5 stdio=stderr string_id=tap-salesforce
2025-05-25T20:20:42.168450Z [info     ] INFO Account.Fax - True        cmd_type=elb consumer=False job_name=dev:tap-salesforce-to-target-jsonl name=tap-salesforce producer=True run_id=d355e04b-f1c6-4ac0-92c3-f85e975a70d5 stdio=stderr string_id=tap-salesforce
2025-05-25T20:20:42.168534Z [info     ] INFO Account.AccountNumber - True cmd_type=elb consumer=False job_name=dev:tap-salesforce-to-target-jsonl name=tap-salesforce producer=True run_id=d355e04b-f1c6-4ac0-92c3-f85e975a70d5 stdio=stderr string_id=tap-salesforce
2025-05-25T20:20:42.168618Z [info     ] INFO Account.Website - True    cmd_type=elb consumer=False job_name=dev:tap-salesforce-to-target-jsonl name=tap-salesforce producer=True run_id=d355e04b-f1c6-4ac0-92c3-f85e975a70d5 stdio=stderr string_id=tap-salesforce
2025-05-25T20:20:42.168699Z [info     ] INFO Account.PhotoUrl - True   cmd_type=elb consumer=False job_name=dev:tap-salesforce-to-target-jsonl name=tap-salesforce producer=True run_id=d355e04b-f1c6-4ac0-92c3-f85e975a70d5 stdio=stderr string_id=tap-salesforce
2025-05-25T20:20:42.168796Z [info     ] INFO Account.Sic - True        cmd_type=elb consumer=False job_name=dev:tap-salesforce-to-target-jsonl name=tap-salesforce producer=True run_id=d355e04b-f1c6-4ac0-92c3-f85e975a70d5 stdio=stderr string_id=tap-salesforce
2025-05-25T20:20:42.168882Z [info     ] INFO Account.Industry - True   cmd_type=elb consumer=False job_name=dev:tap-salesforce-to-target-jsonl name=tap-salesforce producer=True run_id=d355e04b-f1c6-4ac0-92c3-f85e975a70d5 stdio=stderr string_id=tap-salesforce
2025-05-25T20:20:42.168965Z [info     ] INFO Account.AnnualRevenue - True cmd_type=elb consumer=False job_name=dev:tap-salesforce-to-target-jsonl name=tap-salesforce producer=True run_id=d355e04b-f1c6-4ac0-92c3-f85e975a70d5 stdio=stderr string_id=tap-salesforce
2025-05-25T20:20:42.169050Z [info     ] INFO Account.NumberOfEmployees - True cmd_type=elb consumer=False job_name=dev:tap-salesforce-to-target-jsonl name=tap-salesforce producer=True run_id=d355e04b-f1c6-4ac0-92c3-f85e975a70d5 stdio=stderr string_id=tap-salesforce
2025-05-25T20:20:42.169133Z [info     ] INFO Account.Ownership - True  cmd_type=elb consumer=False job_name=dev:tap-salesforce-to-target-jsonl name=tap-salesforce producer=True run_id=d355e04b-f1c6-4ac0-92c3-f85e975a70d5 stdio=stderr string_id=tap-salesforce
2025-05-25T20:20:42.169216Z [info     ] INFO Account.TickerSymbol - True cmd_type=elb consumer=False job_name=dev:tap-salesforce-to-target-jsonl name=tap-salesforce producer=True run_id=d355e04b-f1c6-4ac0-92c3-f85e975a70d5 stdio=stderr string_id=tap-salesforce
2025-05-25T20:20:42.169295Z [info     ] INFO Account.Description - True cmd_type=elb consumer=False job_name=dev:tap-salesforce-to-target-jsonl name=tap-salesforce producer=True run_id=d355e04b-f1c6-4ac0-92c3-f85e975a70d5 stdio=stderr string_id=tap-salesforce
2025-05-25T20:20:42.169373Z [info     ] INFO Account.Rating - True     cmd_type=elb consumer=False job_name=dev:tap-salesforce-to-target-jsonl name=tap-salesforce producer=True run_id=d355e04b-f1c6-4ac0-92c3-f85e975a70d5 stdio=stderr string_id=tap-salesforce
2025-05-25T20:20:42.169643Z [info     ] INFO Account.Site - True       cmd_type=elb consumer=False job_name=dev:tap-salesforce-to-target-jsonl name=tap-salesforce producer=True run_id=d355e04b-f1c6-4ac0-92c3-f85e975a70d5 stdio=stderr string_id=tap-salesforce
2025-05-25T20:20:42.169744Z [info     ] INFO Account.OwnerId - True    cmd_type=elb consumer=False job_name=dev:tap-salesforce-to-target-jsonl name=tap-salesforce producer=True run_id=d355e04b-f1c6-4ac0-92c3-f85e975a70d5 stdio=stderr string_id=tap-salesforce
2025-05-25T20:20:42.169834Z [info     ] INFO Account.CreatedDate - True cmd_type=elb consumer=False job_name=dev:tap-salesforce-to-target-jsonl name=tap-salesforce producer=True run_id=d355e04b-f1c6-4ac0-92c3-f85e975a70d5 stdio=stderr string_id=tap-salesforce
2025-05-25T20:20:42.169923Z [info     ] INFO Account.CreatedById - True cmd_type=elb consumer=False job_name=dev:tap-salesforce-to-target-jsonl name=tap-salesforce producer=True run_id=d355e04b-f1c6-4ac0-92c3-f85e975a70d5 stdio=stderr string_id=tap-salesforce
2025-05-25T20:20:42.170006Z [info     ] INFO Account.LastModifiedDate - True cmd_type=elb consumer=False job_name=dev:tap-salesforce-to-target-jsonl name=tap-salesforce producer=True run_id=d355e04b-f1c6-4ac0-92c3-f85e975a70d5 stdio=stderr string_id=tap-salesforce
2025-05-25T20:20:42.170091Z [info     ] INFO Account.LastModifiedById - True cmd_type=elb consumer=False job_name=dev:tap-salesforce-to-target-jsonl name=tap-salesforce producer=True run_id=d355e04b-f1c6-4ac0-92c3-f85e975a70d5 stdio=stderr string_id=tap-salesforce
2025-05-25T20:20:42.170175Z [info     ] INFO Account.SystemModstamp - True cmd_type=elb consumer=False job_name=dev:tap-salesforce-to-target-jsonl name=tap-salesforce producer=True run_id=d355e04b-f1c6-4ac0-92c3-f85e975a70d5 stdio=stderr string_id=tap-salesforce
2025-05-25T20:20:42.170271Z [info     ] INFO Account.LastActivityDate - True cmd_type=elb consumer=False job_name=dev:tap-salesforce-to-target-jsonl name=tap-salesforce producer=True run_id=d355e04b-f1c6-4ac0-92c3-f85e975a70d5 stdio=stderr string_id=tap-salesforce
2025-05-25T20:20:42.170353Z [info     ] INFO Account.LastViewedDate - True cmd_type=elb consumer=False job_name=dev:tap-salesforce-to-target-jsonl name=tap-salesforce producer=True run_id=d355e04b-f1c6-4ac0-92c3-f85e975a70d5 stdio=stderr string_id=tap-salesforce
2025-05-25T20:20:42.170432Z [info     ] INFO Account.LastReferencedDate - True cmd_type=elb consumer=False job_name=dev:tap-salesforce-to-target-jsonl name=tap-salesforce producer=True run_id=d355e04b-f1c6-4ac0-92c3-f85e975a70d5 stdio=stderr string_id=tap-salesforce
2025-05-25T20:20:42.170848Z [info     ] INFO Account.Jigsaw - True     cmd_type=elb consumer=False job_name=dev:tap-salesforce-to-target-jsonl name=tap-salesforce producer=True run_id=d355e04b-f1c6-4ac0-92c3-f85e975a70d5 stdio=stderr string_id=tap-salesforce
2025-05-25T20:20:42.170979Z [info     ] INFO Account.JigsawCompanyId - True cmd_type=elb consumer=False job_name=dev:tap-salesforce-to-target-jsonl name=tap-salesforce producer=True run_id=d355e04b-f1c6-4ac0-92c3-f85e975a70d5 stdio=stderr string_id=tap-salesforce
2025-05-25T20:20:42.171080Z [info     ] INFO Account.CleanStatus - True cmd_type=elb consumer=False job_name=dev:tap-salesforce-to-target-jsonl name=tap-salesforce producer=True run_id=d355e04b-f1c6-4ac0-92c3-f85e975a70d5 stdio=stderr string_id=tap-salesforce
2025-05-25T20:20:42.171172Z [info     ] INFO Account.AccountSource - True cmd_type=elb consumer=False job_name=dev:tap-salesforce-to-target-jsonl name=tap-salesforce producer=True run_id=d355e04b-f1c6-4ac0-92c3-f85e975a70d5 stdio=stderr string_id=tap-salesforce
2025-05-25T20:20:42.171262Z [info     ] INFO Account.DunsNumber - True cmd_type=elb consumer=False job_name=dev:tap-salesforce-to-target-jsonl name=tap-salesforce producer=True run_id=d355e04b-f1c6-4ac0-92c3-f85e975a70d5 stdio=stderr string_id=tap-salesforce
2025-05-25T20:20:42.171349Z [info     ] INFO Account.Tradestyle - True cmd_type=elb consumer=False job_name=dev:tap-salesforce-to-target-jsonl name=tap-salesforce producer=True run_id=d355e04b-f1c6-4ac0-92c3-f85e975a70d5 stdio=stderr string_id=tap-salesforce
2025-05-25T20:20:42.171431Z [info     ] INFO Account.NaicsCode - True  cmd_type=elb consumer=False job_name=dev:tap-salesforce-to-target-jsonl name=tap-salesforce producer=True run_id=d355e04b-f1c6-4ac0-92c3-f85e975a70d5 stdio=stderr string_id=tap-salesforce
2025-05-25T20:20:42.171515Z [info     ] INFO Account.NaicsDesc - True  cmd_type=elb consumer=False job_name=dev:tap-salesforce-to-target-jsonl name=tap-salesforce producer=True run_id=d355e04b-f1c6-4ac0-92c3-f85e975a70d5 stdio=stderr string_id=tap-salesforce
2025-05-25T20:20:42.171597Z [info     ] INFO Account.YearStarted - True cmd_type=elb consumer=False job_name=dev:tap-salesforce-to-target-jsonl name=tap-salesforce producer=True run_id=d355e04b-f1c6-4ac0-92c3-f85e975a70d5 stdio=stderr string_id=tap-salesforce
2025-05-25T20:20:42.171677Z [info     ] INFO Account.SicDesc - True    cmd_type=elb consumer=False job_name=dev:tap-salesforce-to-target-jsonl name=tap-salesforce producer=True run_id=d355e04b-f1c6-4ac0-92c3-f85e975a70d5 stdio=stderr string_id=tap-salesforce
2025-05-25T20:20:42.171758Z [info     ] INFO Account.DandbCompanyId - True cmd_type=elb consumer=False job_name=dev:tap-salesforce-to-target-jsonl name=tap-salesforce producer=True run_id=d355e04b-f1c6-4ac0-92c3-f85e975a70d5 stdio=stderr string_id=tap-salesforce
2025-05-25T20:20:42.171840Z [info     ] INFO Account.OperatingHoursId - True cmd_type=elb consumer=False job_name=dev:tap-salesforce-to-target-jsonl name=tap-salesforce producer=True run_id=d355e04b-f1c6-4ac0-92c3-f85e975a70d5 stdio=stderr string_id=tap-salesforce
2025-05-25T20:20:42.171924Z [info     ] INFO Account.CustomerPriority__c - True cmd_type=elb consumer=False job_name=dev:tap-salesforce-to-target-jsonl name=tap-salesforce producer=True run_id=d355e04b-f1c6-4ac0-92c3-f85e975a70d5 stdio=stderr string_id=tap-salesforce
2025-05-25T20:20:42.172020Z [info     ] INFO Account.SLA__c - True     cmd_type=elb consumer=False job_name=dev:tap-salesforce-to-target-jsonl name=tap-salesforce producer=True run_id=d355e04b-f1c6-4ac0-92c3-f85e975a70d5 stdio=stderr string_id=tap-salesforce
2025-05-25T20:20:42.172179Z [info     ] INFO Account.Active__c - True  cmd_type=elb consumer=False job_name=dev:tap-salesforce-to-target-jsonl name=tap-salesforce producer=True run_id=d355e04b-f1c6-4ac0-92c3-f85e975a70d5 stdio=stderr string_id=tap-salesforce
2025-05-25T20:20:42.172275Z [info     ] INFO Account.NumberofLocations__c - True cmd_type=elb consumer=False job_name=dev:tap-salesforce-to-target-jsonl name=tap-salesforce producer=True run_id=d355e04b-f1c6-4ac0-92c3-f85e975a70d5 stdio=stderr string_id=tap-salesforce
2025-05-25T20:20:42.172363Z [info     ] INFO Account.UpsellOpportunity__c - True cmd_type=elb consumer=False job_name=dev:tap-salesforce-to-target-jsonl name=tap-salesforce producer=True run_id=d355e04b-f1c6-4ac0-92c3-f85e975a70d5 stdio=stderr string_id=tap-salesforce
2025-05-25T20:20:42.172446Z [info     ] INFO Account.SLASerialNumber__c - True cmd_type=elb consumer=False job_name=dev:tap-salesforce-to-target-jsonl name=tap-salesforce producer=True run_id=d355e04b-f1c6-4ac0-92c3-f85e975a70d5 stdio=stderr string_id=tap-salesforce
2025-05-25T20:20:42.172532Z [info     ] INFO Account.SLAExpirationDate__c - True cmd_type=elb consumer=False job_name=dev:tap-salesforce-to-target-jsonl name=tap-salesforce producer=True run_id=d355e04b-f1c6-4ac0-92c3-f85e975a70d5 stdio=stderr string_id=tap-salesforce
2025-05-25T20:20:42.172776Z [info     ] INFO Syncing Salesforce data for stream Contact cmd_type=elb consumer=False job_name=dev:tap-salesforce-to-target-jsonl name=tap-salesforce producer=True run_id=d355e04b-f1c6-4ac0-92c3-f85e975a70d5 stdio=stderr string_id=tap-salesforce
2025-05-25T20:20:42.172955Z [info     ] INFO Making GET request to https://orgfarm-b529f752a8-dev-ed.develop.my.salesforce.com/services/data/v60.0/queryAll with params: {'q': 'SELECT Id,IsDeleted,MasterRecordId,AccountId,LastName,FirstName,Salutation,Name,OtherStreet,OtherCity,OtherState,OtherPostalCode,OtherCountry,OtherStateCode,OtherCountryCode,OtherLatitude,OtherLongitude,OtherGeocodeAccuracy,OtherAddress,MailingStreet,MailingCity,MailingState,MailingPostalCode,MailingCountry,MailingStateCode,MailingCountryCode,MailingLatitude,MailingLongitude,MailingGeocodeAccuracy,MailingAddress,Phone,Fax,MobilePhone,HomePhone,OtherPhone,AssistantPhone,ReportsToId,Email,Title,Department,AssistantName,LeadSource,Birthdate,Description,OwnerId,CreatedDate,CreatedById,LastModifiedDate,LastModifiedById,SystemModstamp,LastActivityDate,LastCURequestDate,LastCUUpdateDate,LastViewedDate,LastReferencedDate,EmailBouncedReason,EmailBouncedDate,IsEmailBounced,PhotoUrl,Jigsaw,JigsawContactId,CleanStatus,IndividualId,IsPriorityRecord,Level__c,Languages__c FROM Contact WHERE SystemModstamp >= 2025-05-25T00:00:00+00:00  ORDER BY SystemModstamp ASC'} cmd_type=elb consumer=False job_name=dev:tap-salesforce-to-target-jsonl name=tap-salesforce producer=True run_id=d355e04b-f1c6-4ac0-92c3-f85e975a70d5 stdio=stderr string_id=tap-salesforce
2025-05-25T20:20:42.173150Z [info     ] INFO Lead: Starting            cmd_type=elb consumer=False job_name=dev:tap-salesforce-to-target-jsonl name=tap-salesforce producer=True run_id=d355e04b-f1c6-4ac0-92c3-f85e975a70d5 stdio=stderr string_id=tap-salesforce
2025-05-25T20:20:42.173300Z [info     ] INFO Lead.Id - True            cmd_type=elb consumer=False job_name=dev:tap-salesforce-to-target-jsonl name=tap-salesforce producer=True run_id=d355e04b-f1c6-4ac0-92c3-f85e975a70d5 stdio=stderr string_id=tap-salesforce
2025-05-25T20:20:42.173391Z [info     ] INFO Lead.IsDeleted - True     cmd_type=elb consumer=False job_name=dev:tap-salesforce-to-target-jsonl name=tap-salesforce producer=True run_id=d355e04b-f1c6-4ac0-92c3-f85e975a70d5 stdio=stderr string_id=tap-salesforce
2025-05-25T20:20:42.173488Z [info     ] INFO Lead.MasterRecordId - True cmd_type=elb consumer=False job_name=dev:tap-salesforce-to-target-jsonl name=tap-salesforce producer=True run_id=d355e04b-f1c6-4ac0-92c3-f85e975a70d5 stdio=stderr string_id=tap-salesforce
2025-05-25T20:20:42.173574Z [info     ] INFO Lead.LastName - True      cmd_type=elb consumer=False job_name=dev:tap-salesforce-to-target-jsonl name=tap-salesforce producer=True run_id=d355e04b-f1c6-4ac0-92c3-f85e975a70d5 stdio=stderr string_id=tap-salesforce
2025-05-25T20:20:42.173657Z [info     ] INFO Lead.FirstName - True     cmd_type=elb consumer=False job_name=dev:tap-salesforce-to-target-jsonl name=tap-salesforce producer=True run_id=d355e04b-f1c6-4ac0-92c3-f85e975a70d5 stdio=stderr string_id=tap-salesforce
2025-05-25T20:20:42.173737Z [info     ] INFO Lead.Salutation - True    cmd_type=elb consumer=False job_name=dev:tap-salesforce-to-target-jsonl name=tap-salesforce producer=True run_id=d355e04b-f1c6-4ac0-92c3-f85e975a70d5 stdio=stderr string_id=tap-salesforce
2025-05-25T20:20:42.173818Z [info     ] INFO Lead.Name - True          cmd_type=elb consumer=False job_name=dev:tap-salesforce-to-target-jsonl name=tap-salesforce producer=True run_id=d355e04b-f1c6-4ac0-92c3-f85e975a70d5 stdio=stderr string_id=tap-salesforce
2025-05-25T20:20:42.173898Z [info     ] INFO Lead.Title - True         cmd_type=elb consumer=False job_name=dev:tap-salesforce-to-target-jsonl name=tap-salesforce producer=True run_id=d355e04b-f1c6-4ac0-92c3-f85e975a70d5 stdio=stderr string_id=tap-salesforce
2025-05-25T20:20:42.173980Z [info     ] INFO Lead.Company - True       cmd_type=elb consumer=False job_name=dev:tap-salesforce-to-target-jsonl name=tap-salesforce producer=True run_id=d355e04b-f1c6-4ac0-92c3-f85e975a70d5 stdio=stderr string_id=tap-salesforce
2025-05-25T20:20:42.174064Z [info     ] INFO Lead.Street - True        cmd_type=elb consumer=False job_name=dev:tap-salesforce-to-target-jsonl name=tap-salesforce producer=True run_id=d355e04b-f1c6-4ac0-92c3-f85e975a70d5 stdio=stderr string_id=tap-salesforce
2025-05-25T20:20:42.174147Z [info     ] INFO Lead.City - True          cmd_type=elb consumer=False job_name=dev:tap-salesforce-to-target-jsonl name=tap-salesforce producer=True run_id=d355e04b-f1c6-4ac0-92c3-f85e975a70d5 stdio=stderr string_id=tap-salesforce
2025-05-25T20:20:42.174230Z [info     ] INFO Lead.State - True         cmd_type=elb consumer=False job_name=dev:tap-salesforce-to-target-jsonl name=tap-salesforce producer=True run_id=d355e04b-f1c6-4ac0-92c3-f85e975a70d5 stdio=stderr string_id=tap-salesforce
2025-05-25T20:20:42.174310Z [info     ] INFO Lead.PostalCode - True    cmd_type=elb consumer=False job_name=dev:tap-salesforce-to-target-jsonl name=tap-salesforce producer=True run_id=d355e04b-f1c6-4ac0-92c3-f85e975a70d5 stdio=stderr string_id=tap-salesforce
2025-05-25T20:20:42.174389Z [info     ] INFO Lead.Country - True       cmd_type=elb consumer=False job_name=dev:tap-salesforce-to-target-jsonl name=tap-salesforce producer=True run_id=d355e04b-f1c6-4ac0-92c3-f85e975a70d5 stdio=stderr string_id=tap-salesforce
2025-05-25T20:20:42.174743Z [info     ] INFO Lead.StateCode - True     cmd_type=elb consumer=False job_name=dev:tap-salesforce-to-target-jsonl name=tap-salesforce producer=True run_id=d355e04b-f1c6-4ac0-92c3-f85e975a70d5 stdio=stderr string_id=tap-salesforce
2025-05-25T20:20:42.174872Z [info     ] INFO Lead.CountryCode - True   cmd_type=elb consumer=False job_name=dev:tap-salesforce-to-target-jsonl name=tap-salesforce producer=True run_id=d355e04b-f1c6-4ac0-92c3-f85e975a70d5 stdio=stderr string_id=tap-salesforce
2025-05-25T20:20:42.174972Z [info     ] INFO Lead.Latitude - True      cmd_type=elb consumer=False job_name=dev:tap-salesforce-to-target-jsonl name=tap-salesforce producer=True run_id=d355e04b-f1c6-4ac0-92c3-f85e975a70d5 stdio=stderr string_id=tap-salesforce
2025-05-25T20:20:42.175067Z [info     ] INFO Lead.Longitude - True     cmd_type=elb consumer=False job_name=dev:tap-salesforce-to-target-jsonl name=tap-salesforce producer=True run_id=d355e04b-f1c6-4ac0-92c3-f85e975a70d5 stdio=stderr string_id=tap-salesforce
2025-05-25T20:20:42.175179Z [info     ] INFO Lead.GeocodeAccuracy - True cmd_type=elb consumer=False job_name=dev:tap-salesforce-to-target-jsonl name=tap-salesforce producer=True run_id=d355e04b-f1c6-4ac0-92c3-f85e975a70d5 stdio=stderr string_id=tap-salesforce
2025-05-25T20:20:42.175263Z [info     ] INFO Lead.Address - True       cmd_type=elb consumer=False job_name=dev:tap-salesforce-to-target-jsonl name=tap-salesforce producer=True run_id=d355e04b-f1c6-4ac0-92c3-f85e975a70d5 stdio=stderr string_id=tap-salesforce
2025-05-25T20:20:42.175346Z [info     ] INFO Lead.street - True        cmd_type=elb consumer=False job_name=dev:tap-salesforce-to-target-jsonl name=tap-salesforce producer=True run_id=d355e04b-f1c6-4ac0-92c3-f85e975a70d5 stdio=stderr string_id=tap-salesforce
2025-05-25T20:20:42.175428Z [info     ] INFO Lead.state - True         cmd_type=elb consumer=False job_name=dev:tap-salesforce-to-target-jsonl name=tap-salesforce producer=True run_id=d355e04b-f1c6-4ac0-92c3-f85e975a70d5 stdio=stderr string_id=tap-salesforce
2025-05-25T20:20:42.175791Z [info     ] INFO Lead.postalCode - True    cmd_type=elb consumer=False job_name=dev:tap-salesforce-to-target-jsonl name=tap-salesforce producer=True run_id=d355e04b-f1c6-4ac0-92c3-f85e975a70d5 stdio=stderr string_id=tap-salesforce
2025-05-25T20:20:42.175914Z [info     ] INFO Lead.city - True          cmd_type=elb consumer=False job_name=dev:tap-salesforce-to-target-jsonl name=tap-salesforce producer=True run_id=d355e04b-f1c6-4ac0-92c3-f85e975a70d5 stdio=stderr string_id=tap-salesforce
2025-05-25T20:20:42.176013Z [info     ] INFO Lead.country - True       cmd_type=elb consumer=False job_name=dev:tap-salesforce-to-target-jsonl name=tap-salesforce producer=True run_id=d355e04b-f1c6-4ac0-92c3-f85e975a70d5 stdio=stderr string_id=tap-salesforce
2025-05-25T20:20:42.176276Z [info     ] INFO Lead.longitude - True     cmd_type=elb consumer=False job_name=dev:tap-salesforce-to-target-jsonl name=tap-salesforce producer=True run_id=d355e04b-f1c6-4ac0-92c3-f85e975a70d5 stdio=stderr string_id=tap-salesforce
2025-05-25T20:20:42.176482Z [info     ] INFO Lead.latitude - True      cmd_type=elb consumer=False job_name=dev:tap-salesforce-to-target-jsonl name=tap-salesforce producer=True run_id=d355e04b-f1c6-4ac0-92c3-f85e975a70d5 stdio=stderr string_id=tap-salesforce
2025-05-25T20:20:42.176595Z [info     ] INFO Lead.geocodeAccuracy - True cmd_type=elb consumer=False job_name=dev:tap-salesforce-to-target-jsonl name=tap-salesforce producer=True run_id=d355e04b-f1c6-4ac0-92c3-f85e975a70d5 stdio=stderr string_id=tap-salesforce
2025-05-25T20:20:42.176690Z [info     ] INFO Lead.Phone - True         cmd_type=elb consumer=False job_name=dev:tap-salesforce-to-target-jsonl name=tap-salesforce producer=True run_id=d355e04b-f1c6-4ac0-92c3-f85e975a70d5 stdio=stderr string_id=tap-salesforce
2025-05-25T20:20:42.176776Z [info     ] INFO Lead.MobilePhone - True   cmd_type=elb consumer=False job_name=dev:tap-salesforce-to-target-jsonl name=tap-salesforce producer=True run_id=d355e04b-f1c6-4ac0-92c3-f85e975a70d5 stdio=stderr string_id=tap-salesforce
2025-05-25T20:20:42.176865Z [info     ] INFO Lead.Fax - True           cmd_type=elb consumer=False job_name=dev:tap-salesforce-to-target-jsonl name=tap-salesforce producer=True run_id=d355e04b-f1c6-4ac0-92c3-f85e975a70d5 stdio=stderr string_id=tap-salesforce
2025-05-25T20:20:42.176949Z [info     ] INFO Lead.Email - True         cmd_type=elb consumer=False job_name=dev:tap-salesforce-to-target-jsonl name=tap-salesforce producer=True run_id=d355e04b-f1c6-4ac0-92c3-f85e975a70d5 stdio=stderr string_id=tap-salesforce
2025-05-25T20:20:42.177034Z [info     ] INFO Lead.Website - True       cmd_type=elb consumer=False job_name=dev:tap-salesforce-to-target-jsonl name=tap-salesforce producer=True run_id=d355e04b-f1c6-4ac0-92c3-f85e975a70d5 stdio=stderr string_id=tap-salesforce
2025-05-25T20:20:42.177118Z [info     ] INFO Lead.PhotoUrl - True      cmd_type=elb consumer=False job_name=dev:tap-salesforce-to-target-jsonl name=tap-salesforce producer=True run_id=d355e04b-f1c6-4ac0-92c3-f85e975a70d5 stdio=stderr string_id=tap-salesforce
2025-05-25T20:20:42.177214Z [info     ] INFO Lead.Description - True   cmd_type=elb consumer=False job_name=dev:tap-salesforce-to-target-jsonl name=tap-salesforce producer=True run_id=d355e04b-f1c6-4ac0-92c3-f85e975a70d5 stdio=stderr string_id=tap-salesforce
2025-05-25T20:20:42.177299Z [info     ] INFO Lead.LeadSource - True    cmd_type=elb consumer=False job_name=dev:tap-salesforce-to-target-jsonl name=tap-salesforce producer=True run_id=d355e04b-f1c6-4ac0-92c3-f85e975a70d5 stdio=stderr string_id=tap-salesforce
2025-05-25T20:20:42.177381Z [info     ] INFO Lead.Status - True        cmd_type=elb consumer=False job_name=dev:tap-salesforce-to-target-jsonl name=tap-salesforce producer=True run_id=d355e04b-f1c6-4ac0-92c3-f85e975a70d5 stdio=stderr string_id=tap-salesforce
2025-05-25T20:20:42.177464Z [info     ] INFO Lead.Industry - True      cmd_type=elb consumer=False job_name=dev:tap-salesforce-to-target-jsonl name=tap-salesforce producer=True run_id=d355e04b-f1c6-4ac0-92c3-f85e975a70d5 stdio=stderr string_id=tap-salesforce
2025-05-25T20:20:42.177547Z [info     ] INFO Lead.Rating - True        cmd_type=elb consumer=False job_name=dev:tap-salesforce-to-target-jsonl name=tap-salesforce producer=True run_id=d355e04b-f1c6-4ac0-92c3-f85e975a70d5 stdio=stderr string_id=tap-salesforce
2025-05-25T20:20:42.177629Z [info     ] INFO Lead.AnnualRevenue - True cmd_type=elb consumer=False job_name=dev:tap-salesforce-to-target-jsonl name=tap-salesforce producer=True run_id=d355e04b-f1c6-4ac0-92c3-f85e975a70d5 stdio=stderr string_id=tap-salesforce
2025-05-25T20:20:42.177713Z [info     ] INFO Lead.NumberOfEmployees - True cmd_type=elb consumer=False job_name=dev:tap-salesforce-to-target-jsonl name=tap-salesforce producer=True run_id=d355e04b-f1c6-4ac0-92c3-f85e975a70d5 stdio=stderr string_id=tap-salesforce
2025-05-25T20:20:42.177797Z [info     ] INFO Lead.OwnerId - True       cmd_type=elb consumer=False job_name=dev:tap-salesforce-to-target-jsonl name=tap-salesforce producer=True run_id=d355e04b-f1c6-4ac0-92c3-f85e975a70d5 stdio=stderr string_id=tap-salesforce
2025-05-25T20:20:42.177880Z [info     ] INFO Lead.IsConverted - True   cmd_type=elb consumer=False job_name=dev:tap-salesforce-to-target-jsonl name=tap-salesforce producer=True run_id=d355e04b-f1c6-4ac0-92c3-f85e975a70d5 stdio=stderr string_id=tap-salesforce
2025-05-25T20:20:42.177962Z [info     ] INFO Lead.ConvertedDate - True cmd_type=elb consumer=False job_name=dev:tap-salesforce-to-target-jsonl name=tap-salesforce producer=True run_id=d355e04b-f1c6-4ac0-92c3-f85e975a70d5 stdio=stderr string_id=tap-salesforce
2025-05-25T20:20:42.178044Z [info     ] INFO Lead.ConvertedAccountId - True cmd_type=elb consumer=False job_name=dev:tap-salesforce-to-target-jsonl name=tap-salesforce producer=True run_id=d355e04b-f1c6-4ac0-92c3-f85e975a70d5 stdio=stderr string_id=tap-salesforce
2025-05-25T20:20:42.178127Z [info     ] INFO Lead.ConvertedContactId - True cmd_type=elb consumer=False job_name=dev:tap-salesforce-to-target-jsonl name=tap-salesforce producer=True run_id=d355e04b-f1c6-4ac0-92c3-f85e975a70d5 stdio=stderr string_id=tap-salesforce
2025-05-25T20:20:42.178209Z [info     ] INFO Lead.ConvertedOpportunityId - True cmd_type=elb consumer=False job_name=dev:tap-salesforce-to-target-jsonl name=tap-salesforce producer=True run_id=d355e04b-f1c6-4ac0-92c3-f85e975a70d5 stdio=stderr string_id=tap-salesforce
2025-05-25T20:20:42.178292Z [info     ] INFO Lead.IsUnreadByOwner - True cmd_type=elb consumer=False job_name=dev:tap-salesforce-to-target-jsonl name=tap-salesforce producer=True run_id=d355e04b-f1c6-4ac0-92c3-f85e975a70d5 stdio=stderr string_id=tap-salesforce
2025-05-25T20:20:42.178374Z [info     ] INFO Lead.CreatedDate - True   cmd_type=elb consumer=False job_name=dev:tap-salesforce-to-target-jsonl name=tap-salesforce producer=True run_id=d355e04b-f1c6-4ac0-92c3-f85e975a70d5 stdio=stderr string_id=tap-salesforce
2025-05-25T20:20:42.178456Z [info     ] INFO Lead.CreatedById - True   cmd_type=elb consumer=False job_name=dev:tap-salesforce-to-target-jsonl name=tap-salesforce producer=True run_id=d355e04b-f1c6-4ac0-92c3-f85e975a70d5 stdio=stderr string_id=tap-salesforce
2025-05-25T20:20:42.178544Z [info     ] INFO Lead.LastModifiedDate - True cmd_type=elb consumer=False job_name=dev:tap-salesforce-to-target-jsonl name=tap-salesforce producer=True run_id=d355e04b-f1c6-4ac0-92c3-f85e975a70d5 stdio=stderr string_id=tap-salesforce
2025-05-25T20:20:42.178627Z [info     ] INFO Lead.LastModifiedById - True cmd_type=elb consumer=False job_name=dev:tap-salesforce-to-target-jsonl name=tap-salesforce producer=True run_id=d355e04b-f1c6-4ac0-92c3-f85e975a70d5 stdio=stderr string_id=tap-salesforce
2025-05-25T20:20:42.178710Z [info     ] INFO Lead.SystemModstamp - True cmd_type=elb consumer=False job_name=dev:tap-salesforce-to-target-jsonl name=tap-salesforce producer=True run_id=d355e04b-f1c6-4ac0-92c3-f85e975a70d5 stdio=stderr string_id=tap-salesforce
2025-05-25T20:20:42.178792Z [info     ] INFO Lead.LastActivityDate - True cmd_type=elb consumer=False job_name=dev:tap-salesforce-to-target-jsonl name=tap-salesforce producer=True run_id=d355e04b-f1c6-4ac0-92c3-f85e975a70d5 stdio=stderr string_id=tap-salesforce
2025-05-25T20:20:42.178873Z [info     ] INFO Lead.LastViewedDate - True cmd_type=elb consumer=False job_name=dev:tap-salesforce-to-target-jsonl name=tap-salesforce producer=True run_id=d355e04b-f1c6-4ac0-92c3-f85e975a70d5 stdio=stderr string_id=tap-salesforce
2025-05-25T20:20:42.178958Z [info     ] INFO Lead.LastReferencedDate - True cmd_type=elb consumer=False job_name=dev:tap-salesforce-to-target-jsonl name=tap-salesforce producer=True run_id=d355e04b-f1c6-4ac0-92c3-f85e975a70d5 stdio=stderr string_id=tap-salesforce
2025-05-25T20:20:42.179039Z [info     ] INFO Lead.Jigsaw - True        cmd_type=elb consumer=False job_name=dev:tap-salesforce-to-target-jsonl name=tap-salesforce producer=True run_id=d355e04b-f1c6-4ac0-92c3-f85e975a70d5 stdio=stderr string_id=tap-salesforce
2025-05-25T20:20:42.179121Z [info     ] INFO Lead.JigsawContactId - True cmd_type=elb consumer=False job_name=dev:tap-salesforce-to-target-jsonl name=tap-salesforce producer=True run_id=d355e04b-f1c6-4ac0-92c3-f85e975a70d5 stdio=stderr string_id=tap-salesforce
2025-05-25T20:20:42.179203Z [info     ] INFO Lead.CleanStatus - True   cmd_type=elb consumer=False job_name=dev:tap-salesforce-to-target-jsonl name=tap-salesforce producer=True run_id=d355e04b-f1c6-4ac0-92c3-f85e975a70d5 stdio=stderr string_id=tap-salesforce
2025-05-25T20:20:42.179284Z [info     ] INFO Lead.CompanyDunsNumber - True cmd_type=elb consumer=False job_name=dev:tap-salesforce-to-target-jsonl name=tap-salesforce producer=True run_id=d355e04b-f1c6-4ac0-92c3-f85e975a70d5 stdio=stderr string_id=tap-salesforce
2025-05-25T20:20:42.179363Z [info     ] INFO Lead.DandbCompanyId - True cmd_type=elb consumer=False job_name=dev:tap-salesforce-to-target-jsonl name=tap-salesforce producer=True run_id=d355e04b-f1c6-4ac0-92c3-f85e975a70d5 stdio=stderr string_id=tap-salesforce
2025-05-25T20:20:42.179915Z [info     ] INFO Lead.EmailBouncedReason - True cmd_type=elb consumer=False job_name=dev:tap-salesforce-to-target-jsonl name=tap-salesforce producer=True run_id=d355e04b-f1c6-4ac0-92c3-f85e975a70d5 stdio=stderr string_id=tap-salesforce
2025-05-25T20:20:42.180016Z [info     ] INFO Lead.EmailBouncedDate - True cmd_type=elb consumer=False job_name=dev:tap-salesforce-to-target-jsonl name=tap-salesforce producer=True run_id=d355e04b-f1c6-4ac0-92c3-f85e975a70d5 stdio=stderr string_id=tap-salesforce
2025-05-25T20:20:42.180900Z [info     ] INFO Lead.IndividualId - True  cmd_type=elb consumer=False job_name=dev:tap-salesforce-to-target-jsonl name=tap-salesforce producer=True run_id=d355e04b-f1c6-4ac0-92c3-f85e975a70d5 stdio=stderr string_id=tap-salesforce
2025-05-25T20:20:42.180998Z [info     ] INFO Lead.IsPriorityRecord - True cmd_type=elb consumer=False job_name=dev:tap-salesforce-to-target-jsonl name=tap-salesforce producer=True run_id=d355e04b-f1c6-4ac0-92c3-f85e975a70d5 stdio=stderr string_id=tap-salesforce
2025-05-25T20:20:42.181091Z [info     ] INFO Lead.SICCode__c - True    cmd_type=elb consumer=False job_name=dev:tap-salesforce-to-target-jsonl name=tap-salesforce producer=True run_id=d355e04b-f1c6-4ac0-92c3-f85e975a70d5 stdio=stderr string_id=tap-salesforce
2025-05-25T20:20:42.181427Z [info     ] INFO Lead.ProductInterest__c - True cmd_type=elb consumer=False job_name=dev:tap-salesforce-to-target-jsonl name=tap-salesforce producer=True run_id=d355e04b-f1c6-4ac0-92c3-f85e975a70d5 stdio=stderr string_id=tap-salesforce
2025-05-25T20:20:42.181688Z [info     ] INFO Lead.Primary__c - True    cmd_type=elb consumer=False job_name=dev:tap-salesforce-to-target-jsonl name=tap-salesforce producer=True run_id=d355e04b-f1c6-4ac0-92c3-f85e975a70d5 stdio=stderr string_id=tap-salesforce
2025-05-25T20:20:42.181842Z [info     ] INFO Lead.CurrentGenerators__c - True cmd_type=elb consumer=False job_name=dev:tap-salesforce-to-target-jsonl name=tap-salesforce producer=True run_id=d355e04b-f1c6-4ac0-92c3-f85e975a70d5 stdio=stderr string_id=tap-salesforce
2025-05-25T20:20:42.181975Z [info     ] INFO Lead.NumberofLocations__c - True cmd_type=elb consumer=False job_name=dev:tap-salesforce-to-target-jsonl name=tap-salesforce producer=True run_id=d355e04b-f1c6-4ac0-92c3-f85e975a70d5 stdio=stderr string_id=tap-salesforce
2025-05-25T20:20:42.182090Z [info     ] INFO Syncing Salesforce data for stream Lead cmd_type=elb consumer=False job_name=dev:tap-salesforce-to-target-jsonl name=tap-salesforce producer=True run_id=d355e04b-f1c6-4ac0-92c3-f85e975a70d5 stdio=stderr string_id=tap-salesforce
2025-05-25T20:20:42.182282Z [info     ] INFO Making GET request to https://orgfarm-b529f752a8-dev-ed.develop.my.salesforce.com/services/data/v60.0/queryAll with params: {'q': 'SELECT Id,IsDeleted,MasterRecordId,LastName,FirstName,Salutation,Name,Title,Company,Street,City,State,PostalCode,Country,StateCode,CountryCode,Latitude,Longitude,GeocodeAccuracy,Address,Phone,MobilePhone,Fax,Email,Website,PhotoUrl,Description,LeadSource,Status,Industry,Rating,AnnualRevenue,NumberOfEmployees,OwnerId,IsConverted,ConvertedDate,ConvertedAccountId,ConvertedContactId,ConvertedOpportunityId,IsUnreadByOwner,CreatedDate,CreatedById,LastModifiedDate,LastModifiedById,SystemModstamp,LastActivityDate,LastViewedDate,LastReferencedDate,Jigsaw,JigsawContactId,CleanStatus,CompanyDunsNumber,DandbCompanyId,EmailBouncedReason,EmailBouncedDate,IndividualId,IsPriorityRecord,SICCode__c,ProductInterest__c,Primary__c,CurrentGenerators__c,NumberofLocations__c FROM Lead WHERE SystemModstamp >= 2025-05-25T00:00:00+00:00  ORDER BY SystemModstamp ASC'} cmd_type=elb consumer=False job_name=dev:tap-salesforce-to-target-jsonl name=tap-salesforce producer=True run_id=d355e04b-f1c6-4ac0-92c3-f85e975a70d5 stdio=stderr string_id=tap-salesforce
2025-05-25T20:20:42.182489Z [info     ] INFO Syncing Salesforce data for stream Account cmd_type=elb consumer=False job_name=dev:tap-salesforce-to-target-jsonl name=tap-salesforce producer=True run_id=d355e04b-f1c6-4ac0-92c3-f85e975a70d5 stdio=stderr string_id=tap-salesforce
2025-05-25T20:20:42.182590Z [info     ] INFO Making GET request to https://orgfarm-b529f752a8-dev-ed.develop.my.salesforce.com/services/data/v60.0/queryAll with params: {'q': 'SELECT Id,IsDeleted,MasterRecordId,Name,Type,ParentId,BillingStreet,BillingCity,BillingState,BillingPostalCode,BillingCountry,BillingStateCode,BillingCountryCode,BillingLatitude,BillingLongitude,BillingGeocodeAccuracy,BillingAddress,ShippingStreet,ShippingCity,ShippingState,ShippingPostalCode,ShippingCountry,ShippingStateCode,ShippingCountryCode,ShippingLatitude,ShippingLongitude,ShippingGeocodeAccuracy,ShippingAddress,Phone,Fax,AccountNumber,Website,PhotoUrl,Sic,Industry,AnnualRevenue,NumberOfEmployees,Ownership,TickerSymbol,Description,Rating,Site,OwnerId,CreatedDate,CreatedById,LastModifiedDate,LastModifiedById,SystemModstamp,LastActivityDate,LastViewedDate,LastReferencedDate,Jigsaw,JigsawCompanyId,CleanStatus,AccountSource,DunsNumber,Tradestyle,NaicsCode,NaicsDesc,YearStarted,SicDesc,DandbCompanyId,OperatingHoursId,CustomerPriority__c,SLA__c,Active__c,NumberofLocations__c,UpsellOpportunity__c,SLASerialNumber__c,SLAExpirationDate__c FROM Account WHERE SystemModstamp >= 2025-05-25T00:00:00+00:00  ORDER BY SystemModstamp ASC'} cmd_type=elb consumer=False job_name=dev:tap-salesforce-to-target-jsonl name=tap-salesforce producer=True run_id=d355e04b-f1c6-4ac0-92c3-f85e975a70d5 stdio=stderr string_id=tap-salesforce
2025-05-25T20:20:42.183047Z [info     ] WARNING Unknown message type ACTIVATE_VERSION in message {'type': 'ACTIVATE_VERSION', 'stream': 'Contact', 'version': 1748202415125} cmd_type=elb consumer=True job_name=dev:tap-salesforce-to-target-jsonl name=target-jsonl producer=False run_id=d355e04b-f1c6-4ac0-92c3-f85e975a70d5 stdio=stderr string_id=target-jsonl
2025-05-25T20:20:42.183190Z [info     ] WARNING Unknown message type ACTIVATE_VERSION in message {'type': 'ACTIVATE_VERSION', 'stream': 'Account', 'version': 1748202415127} cmd_type=elb consumer=True job_name=dev:tap-salesforce-to-target-jsonl name=target-jsonl producer=False run_id=d355e04b-f1c6-4ac0-92c3-f85e975a70d5 stdio=stderr string_id=target-jsonl
2025-05-25T20:20:42.183384Z [info     ] WARNING Unknown message type ACTIVATE_VERSION in message {'type': 'ACTIVATE_VERSION', 'stream': 'Lead', 'version': 1748202415132} cmd_type=elb consumer=True job_name=dev:tap-salesforce-to-target-jsonl name=target-jsonl producer=False run_id=d355e04b-f1c6-4ac0-92c3-f85e975a70d5 stdio=stderr string_id=target-jsonl
2025-05-25T20:20:42.403276Z [info     ] INFO Used 10727 of 15000 daily REST API quota cmd_type=elb consumer=False job_name=dev:tap-salesforce-to-target-jsonl name=tap-salesforce producer=True run_id=d355e04b-f1c6-4ac0-92c3-f85e975a70d5 stdio=stderr string_id=tap-salesforce
2025-05-25T20:20:42.403790Z [info     ] INFO METRIC: {"type": "counter", "metric": "record_count", "value": 0, "tags": {"endpoint": "Contact"}} cmd_type=elb consumer=False job_name=dev:tap-salesforce-to-target-jsonl name=tap-salesforce producer=True run_id=d355e04b-f1c6-4ac0-92c3-f85e975a70d5 stdio=stderr string_id=tap-salesforce
2025-05-25T20:20:42.404015Z [info     ] INFO Completed sync for Contact cmd_type=elb consumer=False job_name=dev:tap-salesforce-to-target-jsonl name=tap-salesforce producer=True run_id=d355e04b-f1c6-4ac0-92c3-f85e975a70d5 stdio=stderr string_id=tap-salesforce
2025-05-25T20:20:42.420921Z [info     ] INFO Used 10538 of 15000 daily REST API quota cmd_type=elb consumer=False job_name=dev:tap-salesforce-to-target-jsonl name=tap-salesforce producer=True run_id=d355e04b-f1c6-4ac0-92c3-f85e975a70d5 stdio=stderr string_id=tap-salesforce
2025-05-25T20:20:42.421297Z [info     ] INFO METRIC: {"type": "counter", "metric": "record_count", "value": 0, "tags": {"endpoint": "Lead"}} cmd_type=elb consumer=False job_name=dev:tap-salesforce-to-target-jsonl name=tap-salesforce producer=True run_id=d355e04b-f1c6-4ac0-92c3-f85e975a70d5 stdio=stderr string_id=tap-salesforce
2025-05-25T20:20:42.421457Z [info     ] INFO Completed sync for Lead   cmd_type=elb consumer=False job_name=dev:tap-salesforce-to-target-jsonl name=tap-salesforce producer=True run_id=d355e04b-f1c6-4ac0-92c3-f85e975a70d5 stdio=stderr string_id=tap-salesforce
2025-05-25T20:20:42.501131Z [info     ] INFO Used 10538 of 15000 daily REST API quota cmd_type=elb consumer=False job_name=dev:tap-salesforce-to-target-jsonl name=tap-salesforce producer=True run_id=d355e04b-f1c6-4ac0-92c3-f85e975a70d5 stdio=stderr string_id=tap-salesforce
2025-05-25T20:20:42.501636Z [info     ] INFO METRIC: {"type": "counter", "metric": "record_count", "value": 0, "tags": {"endpoint": "Account"}} cmd_type=elb consumer=False job_name=dev:tap-salesforce-to-target-jsonl name=tap-salesforce producer=True run_id=d355e04b-f1c6-4ac0-92c3-f85e975a70d5 stdio=stderr string_id=tap-salesforce
2025-05-25T20:20:42.501829Z [info     ] INFO Completed sync for Account cmd_type=elb consumer=False job_name=dev:tap-salesforce-to-target-jsonl name=tap-salesforce producer=True run_id=d355e04b-f1c6-4ac0-92c3-f85e975a70d5 stdio=stderr string_id=tap-salesforce
2025-05-25T20:20:42.502082Z [info     ] INFO Finished sync             cmd_type=elb consumer=False job_name=dev:tap-salesforce-to-target-jsonl name=tap-salesforce producer=True run_id=d355e04b-f1c6-4ac0-92c3-f85e975a70d5 stdio=stderr string_id=tap-salesforce
2025-05-25T20:20:42.547656Z [info     ] Using systemdb state backend
2025-05-25T20:20:42.551962Z [info     ] Incremental state has been updated at 2025-05-25 20:20:42.551941+00:00.
2025-05-25T20:20:42.558544Z [info     ] Block run completed.           block_type=ExtractLoadBlocks err=None set_number=0 success=True
