2025-05-25T19:46:52.039634Z [warning  ] Force option is enabled, ignoring stale job check.
2025-05-25T19:46:52.130671Z [info     ] Using systemdb state backend
2025-05-25T19:46:52.131944Z [warning  ] No state was found, complete import.
2025-05-25T19:46:54.337492Z [info     ] /Users/tim.prudames/analytics/.meltano/extractors/tap-salesforce/venv/lib/python3.9/site-packages/urllib3/__init__.py:35: NotOpenSSLWarning: urllib3 v2 only supports OpenSSL 1.1.1+, currently the 'ssl' module is compiled with 'LibreSSL 2.8.3'. See: https://github.com/urllib3/urllib3/issues/3020 cmd_type=elb consumer=False job_name=dev:tap-salesforce-to-target-jsonl name=tap-salesforce producer=True run_id=ee66e65a-862c-44fa-96a4-89ef839448db stdio=stderr string_id=tap-salesforce
2025-05-25T19:46:54.337841Z [info     ]   warnings.warn(               cmd_type=elb consumer=False job_name=dev:tap-salesforce-to-target-jsonl name=tap-salesforce producer=True run_id=ee66e65a-862c-44fa-96a4-89ef839448db stdio=stderr string_id=tap-salesforce
2025-05-25T19:46:54.473913Z [info     ] INFO Parsed start date '2025-05-25T00:00:00+00:00' from value '2025-05-25' cmd_type=elb consumer=False job_name=dev:tap-salesforce-to-target-jsonl name=tap-salesforce producer=True run_id=ee66e65a-862c-44fa-96a4-89ef839448db stdio=stderr string_id=tap-salesforce
2025-05-25T19:46:54.474135Z [info     ] INFO Attempting login via OAuth2 cmd_type=elb consumer=False job_name=dev:tap-salesforce-to-target-jsonl name=tap-salesforce producer=True run_id=ee66e65a-862c-44fa-96a4-89ef839448db stdio=stderr string_id=tap-salesforce
2025-05-25T19:46:55.082018Z [info     ] INFO OAuth2 login successful   cmd_type=elb consumer=False job_name=dev:tap-salesforce-to-target-jsonl name=tap-salesforce producer=True run_id=ee66e65a-862c-44fa-96a4-89ef839448db stdio=stderr string_id=tap-salesforce
2025-05-25T19:46:55.082292Z [info     ] INFO Starting new login timer  cmd_type=elb consumer=False job_name=dev:tap-salesforce-to-target-jsonl name=tap-salesforce producer=True run_id=ee66e65a-862c-44fa-96a4-89ef839448db stdio=stderr string_id=tap-salesforce
2025-05-25T19:46:55.089553Z [info     ] INFO Starting sync             cmd_type=elb consumer=False job_name=dev:tap-salesforce-to-target-jsonl name=tap-salesforce producer=True run_id=ee66e65a-862c-44fa-96a4-89ef839448db stdio=stderr string_id=tap-salesforce
2025-05-25T19:46:55.125397Z [info     ] INFO Contact: Starting         cmd_type=elb consumer=False job_name=dev:tap-salesforce-to-target-jsonl name=tap-salesforce producer=True run_id=ee66e65a-862c-44fa-96a4-89ef839448db stdio=stderr string_id=tap-salesforce
2025-05-25T19:46:55.125702Z [info     ] INFO Contact.Id - True         cmd_type=elb consumer=False job_name=dev:tap-salesforce-to-target-jsonl name=tap-salesforce producer=True run_id=ee66e65a-862c-44fa-96a4-89ef839448db stdio=stderr string_id=tap-salesforce
2025-05-25T19:46:55.125818Z [info     ] INFO Contact.IsDeleted - True  cmd_type=elb consumer=False job_name=dev:tap-salesforce-to-target-jsonl name=tap-salesforce producer=True run_id=ee66e65a-862c-44fa-96a4-89ef839448db stdio=stderr string_id=tap-salesforce
2025-05-25T19:46:55.125917Z [info     ] INFO Contact.MasterRecordId - True cmd_type=elb consumer=False job_name=dev:tap-salesforce-to-target-jsonl name=tap-salesforce producer=True run_id=ee66e65a-862c-44fa-96a4-89ef839448db stdio=stderr string_id=tap-salesforce
2025-05-25T19:46:55.126036Z [info     ] INFO Contact.AccountId - True  cmd_type=elb consumer=False job_name=dev:tap-salesforce-to-target-jsonl name=tap-salesforce producer=True run_id=ee66e65a-862c-44fa-96a4-89ef839448db stdio=stderr string_id=tap-salesforce
2025-05-25T19:46:55.126153Z [info     ] INFO Contact.LastName - True   cmd_type=elb consumer=False job_name=dev:tap-salesforce-to-target-jsonl name=tap-salesforce producer=True run_id=ee66e65a-862c-44fa-96a4-89ef839448db stdio=stderr string_id=tap-salesforce
2025-05-25T19:46:55.126246Z [info     ] INFO Contact.FirstName - True  cmd_type=elb consumer=False job_name=dev:tap-salesforce-to-target-jsonl name=tap-salesforce producer=True run_id=ee66e65a-862c-44fa-96a4-89ef839448db stdio=stderr string_id=tap-salesforce
2025-05-25T19:46:55.126351Z [info     ] INFO Contact.Salutation - True cmd_type=elb consumer=False job_name=dev:tap-salesforce-to-target-jsonl name=tap-salesforce producer=True run_id=ee66e65a-862c-44fa-96a4-89ef839448db stdio=stderr string_id=tap-salesforce
2025-05-25T19:46:55.126435Z [info     ] INFO Contact.Name - True       cmd_type=elb consumer=False job_name=dev:tap-salesforce-to-target-jsonl name=tap-salesforce producer=True run_id=ee66e65a-862c-44fa-96a4-89ef839448db stdio=stderr string_id=tap-salesforce
2025-05-25T19:46:55.126520Z [info     ] INFO Contact.OtherStreet - True cmd_type=elb consumer=False job_name=dev:tap-salesforce-to-target-jsonl name=tap-salesforce producer=True run_id=ee66e65a-862c-44fa-96a4-89ef839448db stdio=stderr string_id=tap-salesforce
2025-05-25T19:46:55.126605Z [info     ] INFO Contact.OtherCity - True  cmd_type=elb consumer=False job_name=dev:tap-salesforce-to-target-jsonl name=tap-salesforce producer=True run_id=ee66e65a-862c-44fa-96a4-89ef839448db stdio=stderr string_id=tap-salesforce
2025-05-25T19:46:55.126853Z [info     ] INFO Contact.OtherState - True cmd_type=elb consumer=False job_name=dev:tap-salesforce-to-target-jsonl name=tap-salesforce producer=True run_id=ee66e65a-862c-44fa-96a4-89ef839448db stdio=stderr string_id=tap-salesforce
2025-05-25T19:46:55.127015Z [info     ] INFO Contact.OtherPostalCode - True cmd_type=elb consumer=False job_name=dev:tap-salesforce-to-target-jsonl name=tap-salesforce producer=True run_id=ee66e65a-862c-44fa-96a4-89ef839448db stdio=stderr string_id=tap-salesforce
2025-05-25T19:46:55.127116Z [info     ] INFO Contact.OtherCountry - True cmd_type=elb consumer=False job_name=dev:tap-salesforce-to-target-jsonl name=tap-salesforce producer=True run_id=ee66e65a-862c-44fa-96a4-89ef839448db stdio=stderr string_id=tap-salesforce
2025-05-25T19:46:55.127209Z [info     ] INFO Contact.OtherStateCode - True cmd_type=elb consumer=False job_name=dev:tap-salesforce-to-target-jsonl name=tap-salesforce producer=True run_id=ee66e65a-862c-44fa-96a4-89ef839448db stdio=stderr string_id=tap-salesforce
2025-05-25T19:46:55.127298Z [info     ] INFO Contact.OtherCountryCode - True cmd_type=elb consumer=False job_name=dev:tap-salesforce-to-target-jsonl name=tap-salesforce producer=True run_id=ee66e65a-862c-44fa-96a4-89ef839448db stdio=stderr string_id=tap-salesforce
2025-05-25T19:46:55.127384Z [info     ] INFO Contact.OtherLatitude - True cmd_type=elb consumer=False job_name=dev:tap-salesforce-to-target-jsonl name=tap-salesforce producer=True run_id=ee66e65a-862c-44fa-96a4-89ef839448db stdio=stderr string_id=tap-salesforce
2025-05-25T19:46:55.127470Z [info     ] INFO Contact.OtherLongitude - True cmd_type=elb consumer=False job_name=dev:tap-salesforce-to-target-jsonl name=tap-salesforce producer=True run_id=ee66e65a-862c-44fa-96a4-89ef839448db stdio=stderr string_id=tap-salesforce
2025-05-25T19:46:55.127556Z [info     ] INFO Contact.OtherGeocodeAccuracy - True cmd_type=elb consumer=False job_name=dev:tap-salesforce-to-target-jsonl name=tap-salesforce producer=True run_id=ee66e65a-862c-44fa-96a4-89ef839448db stdio=stderr string_id=tap-salesforce
2025-05-25T19:46:55.127642Z [info     ] INFO Contact.OtherAddress - True cmd_type=elb consumer=False job_name=dev:tap-salesforce-to-target-jsonl name=tap-salesforce producer=True run_id=ee66e65a-862c-44fa-96a4-89ef839448db stdio=stderr string_id=tap-salesforce
2025-05-25T19:46:55.127727Z [info     ] INFO Contact.street - True     cmd_type=elb consumer=False job_name=dev:tap-salesforce-to-target-jsonl name=tap-salesforce producer=True run_id=ee66e65a-862c-44fa-96a4-89ef839448db stdio=stderr string_id=tap-salesforce
2025-05-25T19:46:55.127812Z [info     ] INFO Contact.state - True      cmd_type=elb consumer=False job_name=dev:tap-salesforce-to-target-jsonl name=tap-salesforce producer=True run_id=ee66e65a-862c-44fa-96a4-89ef839448db stdio=stderr string_id=tap-salesforce
2025-05-25T19:46:55.127897Z [info     ] INFO Contact.postalCode - True cmd_type=elb consumer=False job_name=dev:tap-salesforce-to-target-jsonl name=tap-salesforce producer=True run_id=ee66e65a-862c-44fa-96a4-89ef839448db stdio=stderr string_id=tap-salesforce
2025-05-25T19:46:55.127992Z [info     ] INFO Contact.city - True       cmd_type=elb consumer=False job_name=dev:tap-salesforce-to-target-jsonl name=tap-salesforce producer=True run_id=ee66e65a-862c-44fa-96a4-89ef839448db stdio=stderr string_id=tap-salesforce
2025-05-25T19:46:55.128077Z [info     ] INFO Contact.country - True    cmd_type=elb consumer=False job_name=dev:tap-salesforce-to-target-jsonl name=tap-salesforce producer=True run_id=ee66e65a-862c-44fa-96a4-89ef839448db stdio=stderr string_id=tap-salesforce
2025-05-25T19:46:55.128160Z [info     ] INFO Contact.longitude - True  cmd_type=elb consumer=False job_name=dev:tap-salesforce-to-target-jsonl name=tap-salesforce producer=True run_id=ee66e65a-862c-44fa-96a4-89ef839448db stdio=stderr string_id=tap-salesforce
2025-05-25T19:46:55.128244Z [info     ] INFO Contact.latitude - True   cmd_type=elb consumer=False job_name=dev:tap-salesforce-to-target-jsonl name=tap-salesforce producer=True run_id=ee66e65a-862c-44fa-96a4-89ef839448db stdio=stderr string_id=tap-salesforce
2025-05-25T19:46:55.128329Z [info     ] INFO Contact.geocodeAccuracy - True cmd_type=elb consumer=False job_name=dev:tap-salesforce-to-target-jsonl name=tap-salesforce producer=True run_id=ee66e65a-862c-44fa-96a4-89ef839448db stdio=stderr string_id=tap-salesforce
2025-05-25T19:46:55.128412Z [info     ] INFO Contact.MailingStreet - True cmd_type=elb consumer=False job_name=dev:tap-salesforce-to-target-jsonl name=tap-salesforce producer=True run_id=ee66e65a-862c-44fa-96a4-89ef839448db stdio=stderr string_id=tap-salesforce
2025-05-25T19:46:55.128495Z [info     ] INFO Contact.MailingCity - True cmd_type=elb consumer=False job_name=dev:tap-salesforce-to-target-jsonl name=tap-salesforce producer=True run_id=ee66e65a-862c-44fa-96a4-89ef839448db stdio=stderr string_id=tap-salesforce
2025-05-25T19:46:55.128579Z [info     ] INFO Contact.MailingState - True cmd_type=elb consumer=False job_name=dev:tap-salesforce-to-target-jsonl name=tap-salesforce producer=True run_id=ee66e65a-862c-44fa-96a4-89ef839448db stdio=stderr string_id=tap-salesforce
2025-05-25T19:46:55.128663Z [info     ] INFO Contact.MailingPostalCode - True cmd_type=elb consumer=False job_name=dev:tap-salesforce-to-target-jsonl name=tap-salesforce producer=True run_id=ee66e65a-862c-44fa-96a4-89ef839448db stdio=stderr string_id=tap-salesforce
2025-05-25T19:46:55.128746Z [info     ] INFO Contact.MailingCountry - True cmd_type=elb consumer=False job_name=dev:tap-salesforce-to-target-jsonl name=tap-salesforce producer=True run_id=ee66e65a-862c-44fa-96a4-89ef839448db stdio=stderr string_id=tap-salesforce
2025-05-25T19:46:55.128899Z [info     ] INFO Contact.MailingStateCode - True cmd_type=elb consumer=False job_name=dev:tap-salesforce-to-target-jsonl name=tap-salesforce producer=True run_id=ee66e65a-862c-44fa-96a4-89ef839448db stdio=stderr string_id=tap-salesforce
2025-05-25T19:46:55.128995Z [info     ] INFO Contact.MailingCountryCode - True cmd_type=elb consumer=False job_name=dev:tap-salesforce-to-target-jsonl name=tap-salesforce producer=True run_id=ee66e65a-862c-44fa-96a4-89ef839448db stdio=stderr string_id=tap-salesforce
2025-05-25T19:46:55.129082Z [info     ] INFO Contact.MailingLatitude - True cmd_type=elb consumer=False job_name=dev:tap-salesforce-to-target-jsonl name=tap-salesforce producer=True run_id=ee66e65a-862c-44fa-96a4-89ef839448db stdio=stderr string_id=tap-salesforce
2025-05-25T19:46:55.129166Z [info     ] INFO Contact.MailingLongitude - True cmd_type=elb consumer=False job_name=dev:tap-salesforce-to-target-jsonl name=tap-salesforce producer=True run_id=ee66e65a-862c-44fa-96a4-89ef839448db stdio=stderr string_id=tap-salesforce
2025-05-25T19:46:55.129256Z [info     ] INFO Contact.MailingGeocodeAccuracy - True cmd_type=elb consumer=False job_name=dev:tap-salesforce-to-target-jsonl name=tap-salesforce producer=True run_id=ee66e65a-862c-44fa-96a4-89ef839448db stdio=stderr string_id=tap-salesforce
2025-05-25T19:46:55.129346Z [info     ] INFO Contact.MailingAddress - True cmd_type=elb consumer=False job_name=dev:tap-salesforce-to-target-jsonl name=tap-salesforce producer=True run_id=ee66e65a-862c-44fa-96a4-89ef839448db stdio=stderr string_id=tap-salesforce
2025-05-25T19:46:55.129431Z [info     ] INFO Contact.street - True     cmd_type=elb consumer=False job_name=dev:tap-salesforce-to-target-jsonl name=tap-salesforce producer=True run_id=ee66e65a-862c-44fa-96a4-89ef839448db stdio=stderr string_id=tap-salesforce
2025-05-25T19:46:55.129515Z [info     ] INFO Contact.state - True      cmd_type=elb consumer=False job_name=dev:tap-salesforce-to-target-jsonl name=tap-salesforce producer=True run_id=ee66e65a-862c-44fa-96a4-89ef839448db stdio=stderr string_id=tap-salesforce
2025-05-25T19:46:55.129600Z [info     ] INFO Contact.postalCode - True cmd_type=elb consumer=False job_name=dev:tap-salesforce-to-target-jsonl name=tap-salesforce producer=True run_id=ee66e65a-862c-44fa-96a4-89ef839448db stdio=stderr string_id=tap-salesforce
2025-05-25T19:46:55.129682Z [info     ] INFO Contact.city - True       cmd_type=elb consumer=False job_name=dev:tap-salesforce-to-target-jsonl name=tap-salesforce producer=True run_id=ee66e65a-862c-44fa-96a4-89ef839448db stdio=stderr string_id=tap-salesforce
2025-05-25T19:46:55.129843Z [info     ] INFO Contact.country - True    cmd_type=elb consumer=False job_name=dev:tap-salesforce-to-target-jsonl name=tap-salesforce producer=True run_id=ee66e65a-862c-44fa-96a4-89ef839448db stdio=stderr string_id=tap-salesforce
2025-05-25T19:46:55.129998Z [info     ] INFO Contact.longitude - True  cmd_type=elb consumer=False job_name=dev:tap-salesforce-to-target-jsonl name=tap-salesforce producer=True run_id=ee66e65a-862c-44fa-96a4-89ef839448db stdio=stderr string_id=tap-salesforce
2025-05-25T19:46:55.130145Z [info     ] INFO Contact.latitude - True   cmd_type=elb consumer=False job_name=dev:tap-salesforce-to-target-jsonl name=tap-salesforce producer=True run_id=ee66e65a-862c-44fa-96a4-89ef839448db stdio=stderr string_id=tap-salesforce
2025-05-25T19:46:55.130277Z [info     ] INFO Contact.geocodeAccuracy - True cmd_type=elb consumer=False job_name=dev:tap-salesforce-to-target-jsonl name=tap-salesforce producer=True run_id=ee66e65a-862c-44fa-96a4-89ef839448db stdio=stderr string_id=tap-salesforce
2025-05-25T19:46:55.130385Z [info     ] INFO Contact.Phone - True      cmd_type=elb consumer=False job_name=dev:tap-salesforce-to-target-jsonl name=tap-salesforce producer=True run_id=ee66e65a-862c-44fa-96a4-89ef839448db stdio=stderr string_id=tap-salesforce
2025-05-25T19:46:55.130490Z [info     ] INFO Contact.Fax - True        cmd_type=elb consumer=False job_name=dev:tap-salesforce-to-target-jsonl name=tap-salesforce producer=True run_id=ee66e65a-862c-44fa-96a4-89ef839448db stdio=stderr string_id=tap-salesforce
2025-05-25T19:46:55.130584Z [info     ] INFO Contact.MobilePhone - True cmd_type=elb consumer=False job_name=dev:tap-salesforce-to-target-jsonl name=tap-salesforce producer=True run_id=ee66e65a-862c-44fa-96a4-89ef839448db stdio=stderr string_id=tap-salesforce
2025-05-25T19:46:55.130675Z [info     ] INFO Contact.HomePhone - True  cmd_type=elb consumer=False job_name=dev:tap-salesforce-to-target-jsonl name=tap-salesforce producer=True run_id=ee66e65a-862c-44fa-96a4-89ef839448db stdio=stderr string_id=tap-salesforce
2025-05-25T19:46:55.131088Z [info     ] INFO Contact.OtherPhone - True cmd_type=elb consumer=False job_name=dev:tap-salesforce-to-target-jsonl name=tap-salesforce producer=True run_id=ee66e65a-862c-44fa-96a4-89ef839448db stdio=stderr string_id=tap-salesforce
2025-05-25T19:46:55.131227Z [info     ] INFO Contact.AssistantPhone - True cmd_type=elb consumer=False job_name=dev:tap-salesforce-to-target-jsonl name=tap-salesforce producer=True run_id=ee66e65a-862c-44fa-96a4-89ef839448db stdio=stderr string_id=tap-salesforce
2025-05-25T19:46:55.131333Z [info     ] INFO Contact.ReportsToId - True cmd_type=elb consumer=False job_name=dev:tap-salesforce-to-target-jsonl name=tap-salesforce producer=True run_id=ee66e65a-862c-44fa-96a4-89ef839448db stdio=stderr string_id=tap-salesforce
2025-05-25T19:46:55.131444Z [info     ] INFO Contact.Email - True      cmd_type=elb consumer=False job_name=dev:tap-salesforce-to-target-jsonl name=tap-salesforce producer=True run_id=ee66e65a-862c-44fa-96a4-89ef839448db stdio=stderr string_id=tap-salesforce
2025-05-25T19:46:55.131543Z [info     ] INFO Contact.Title - True      cmd_type=elb consumer=False job_name=dev:tap-salesforce-to-target-jsonl name=tap-salesforce producer=True run_id=ee66e65a-862c-44fa-96a4-89ef839448db stdio=stderr string_id=tap-salesforce
2025-05-25T19:46:55.131635Z [info     ] INFO Contact.Department - True cmd_type=elb consumer=False job_name=dev:tap-salesforce-to-target-jsonl name=tap-salesforce producer=True run_id=ee66e65a-862c-44fa-96a4-89ef839448db stdio=stderr string_id=tap-salesforce
2025-05-25T19:46:55.131727Z [info     ] INFO Contact.AssistantName - True cmd_type=elb consumer=False job_name=dev:tap-salesforce-to-target-jsonl name=tap-salesforce producer=True run_id=ee66e65a-862c-44fa-96a4-89ef839448db stdio=stderr string_id=tap-salesforce
2025-05-25T19:46:55.132250Z [info     ] INFO Contact.LeadSource - True cmd_type=elb consumer=False job_name=dev:tap-salesforce-to-target-jsonl name=tap-salesforce producer=True run_id=ee66e65a-862c-44fa-96a4-89ef839448db stdio=stderr string_id=tap-salesforce
2025-05-25T19:46:55.132358Z [info     ] INFO Contact.Birthdate - True  cmd_type=elb consumer=False job_name=dev:tap-salesforce-to-target-jsonl name=tap-salesforce producer=True run_id=ee66e65a-862c-44fa-96a4-89ef839448db stdio=stderr string_id=tap-salesforce
2025-05-25T19:46:55.132448Z [info     ] INFO Contact.Description - True cmd_type=elb consumer=False job_name=dev:tap-salesforce-to-target-jsonl name=tap-salesforce producer=True run_id=ee66e65a-862c-44fa-96a4-89ef839448db stdio=stderr string_id=tap-salesforce
2025-05-25T19:46:55.132535Z [info     ] INFO Contact.OwnerId - True    cmd_type=elb consumer=False job_name=dev:tap-salesforce-to-target-jsonl name=tap-salesforce producer=True run_id=ee66e65a-862c-44fa-96a4-89ef839448db stdio=stderr string_id=tap-salesforce
2025-05-25T19:46:55.132619Z [info     ] INFO Contact.CreatedDate - True cmd_type=elb consumer=False job_name=dev:tap-salesforce-to-target-jsonl name=tap-salesforce producer=True run_id=ee66e65a-862c-44fa-96a4-89ef839448db stdio=stderr string_id=tap-salesforce
2025-05-25T19:46:55.132702Z [info     ] INFO Contact.CreatedById - True cmd_type=elb consumer=False job_name=dev:tap-salesforce-to-target-jsonl name=tap-salesforce producer=True run_id=ee66e65a-862c-44fa-96a4-89ef839448db stdio=stderr string_id=tap-salesforce
2025-05-25T19:46:55.132802Z [info     ] INFO Contact.LastModifiedDate - True cmd_type=elb consumer=False job_name=dev:tap-salesforce-to-target-jsonl name=tap-salesforce producer=True run_id=ee66e65a-862c-44fa-96a4-89ef839448db stdio=stderr string_id=tap-salesforce
2025-05-25T19:46:55.133045Z [info     ] INFO Contact.LastModifiedById - True cmd_type=elb consumer=False job_name=dev:tap-salesforce-to-target-jsonl name=tap-salesforce producer=True run_id=ee66e65a-862c-44fa-96a4-89ef839448db stdio=stderr string_id=tap-salesforce
2025-05-25T19:46:55.133162Z [info     ] INFO Contact.SystemModstamp - True cmd_type=elb consumer=False job_name=dev:tap-salesforce-to-target-jsonl name=tap-salesforce producer=True run_id=ee66e65a-862c-44fa-96a4-89ef839448db stdio=stderr string_id=tap-salesforce
2025-05-25T19:46:55.133337Z [info     ] INFO Contact.LastActivityDate - True cmd_type=elb consumer=False job_name=dev:tap-salesforce-to-target-jsonl name=tap-salesforce producer=True run_id=ee66e65a-862c-44fa-96a4-89ef839448db stdio=stderr string_id=tap-salesforce
2025-05-25T19:46:55.133445Z [info     ] INFO Contact.LastCURequestDate - True cmd_type=elb consumer=False job_name=dev:tap-salesforce-to-target-jsonl name=tap-salesforce producer=True run_id=ee66e65a-862c-44fa-96a4-89ef839448db stdio=stderr string_id=tap-salesforce
2025-05-25T19:46:55.133537Z [info     ] INFO Contact.LastCUUpdateDate - True cmd_type=elb consumer=False job_name=dev:tap-salesforce-to-target-jsonl name=tap-salesforce producer=True run_id=ee66e65a-862c-44fa-96a4-89ef839448db stdio=stderr string_id=tap-salesforce
2025-05-25T19:46:55.133638Z [info     ] INFO Contact.LastViewedDate - True cmd_type=elb consumer=False job_name=dev:tap-salesforce-to-target-jsonl name=tap-salesforce producer=True run_id=ee66e65a-862c-44fa-96a4-89ef839448db stdio=stderr string_id=tap-salesforce
2025-05-25T19:46:55.133727Z [info     ] INFO Contact.LastReferencedDate - True cmd_type=elb consumer=False job_name=dev:tap-salesforce-to-target-jsonl name=tap-salesforce producer=True run_id=ee66e65a-862c-44fa-96a4-89ef839448db stdio=stderr string_id=tap-salesforce
2025-05-25T19:46:55.133814Z [info     ] INFO Contact.EmailBouncedReason - True cmd_type=elb consumer=False job_name=dev:tap-salesforce-to-target-jsonl name=tap-salesforce producer=True run_id=ee66e65a-862c-44fa-96a4-89ef839448db stdio=stderr string_id=tap-salesforce
2025-05-25T19:46:55.133897Z [info     ] INFO Contact.EmailBouncedDate - True cmd_type=elb consumer=False job_name=dev:tap-salesforce-to-target-jsonl name=tap-salesforce producer=True run_id=ee66e65a-862c-44fa-96a4-89ef839448db stdio=stderr string_id=tap-salesforce
2025-05-25T19:46:55.133981Z [info     ] INFO Contact.IsEmailBounced - True cmd_type=elb consumer=False job_name=dev:tap-salesforce-to-target-jsonl name=tap-salesforce producer=True run_id=ee66e65a-862c-44fa-96a4-89ef839448db stdio=stderr string_id=tap-salesforce
2025-05-25T19:46:55.134063Z [info     ] INFO Contact.PhotoUrl - True   cmd_type=elb consumer=False job_name=dev:tap-salesforce-to-target-jsonl name=tap-salesforce producer=True run_id=ee66e65a-862c-44fa-96a4-89ef839448db stdio=stderr string_id=tap-salesforce
2025-05-25T19:46:55.134150Z [info     ] INFO Contact.Jigsaw - True     cmd_type=elb consumer=False job_name=dev:tap-salesforce-to-target-jsonl name=tap-salesforce producer=True run_id=ee66e65a-862c-44fa-96a4-89ef839448db stdio=stderr string_id=tap-salesforce
2025-05-25T19:46:55.134232Z [info     ] INFO Contact.JigsawContactId - True cmd_type=elb consumer=False job_name=dev:tap-salesforce-to-target-jsonl name=tap-salesforce producer=True run_id=ee66e65a-862c-44fa-96a4-89ef839448db stdio=stderr string_id=tap-salesforce
2025-05-25T19:46:55.134313Z [info     ] INFO Contact.CleanStatus - True cmd_type=elb consumer=False job_name=dev:tap-salesforce-to-target-jsonl name=tap-salesforce producer=True run_id=ee66e65a-862c-44fa-96a4-89ef839448db stdio=stderr string_id=tap-salesforce
2025-05-25T19:46:55.134397Z [info     ] INFO Contact.IndividualId - True cmd_type=elb consumer=False job_name=dev:tap-salesforce-to-target-jsonl name=tap-salesforce producer=True run_id=ee66e65a-862c-44fa-96a4-89ef839448db stdio=stderr string_id=tap-salesforce
2025-05-25T19:46:55.134477Z [info     ] INFO Contact.IsPriorityRecord - True cmd_type=elb consumer=False job_name=dev:tap-salesforce-to-target-jsonl name=tap-salesforce producer=True run_id=ee66e65a-862c-44fa-96a4-89ef839448db stdio=stderr string_id=tap-salesforce
2025-05-25T19:46:55.134560Z [info     ] INFO Contact.Level__c - True   cmd_type=elb consumer=False job_name=dev:tap-salesforce-to-target-jsonl name=tap-salesforce producer=True run_id=ee66e65a-862c-44fa-96a4-89ef839448db stdio=stderr string_id=tap-salesforce
2025-05-25T19:46:55.134642Z [info     ] INFO Contact.Languages__c - True cmd_type=elb consumer=False job_name=dev:tap-salesforce-to-target-jsonl name=tap-salesforce producer=True run_id=ee66e65a-862c-44fa-96a4-89ef839448db stdio=stderr string_id=tap-salesforce
2025-05-25T19:46:55.134723Z [info     ] INFO Account: Starting         cmd_type=elb consumer=False job_name=dev:tap-salesforce-to-target-jsonl name=tap-salesforce producer=True run_id=ee66e65a-862c-44fa-96a4-89ef839448db stdio=stderr string_id=tap-salesforce
2025-05-25T19:46:55.134804Z [info     ] INFO Account.Id - True         cmd_type=elb consumer=False job_name=dev:tap-salesforce-to-target-jsonl name=tap-salesforce producer=True run_id=ee66e65a-862c-44fa-96a4-89ef839448db stdio=stderr string_id=tap-salesforce
2025-05-25T19:46:55.134894Z [info     ] INFO Account.IsDeleted - True  cmd_type=elb consumer=False job_name=dev:tap-salesforce-to-target-jsonl name=tap-salesforce producer=True run_id=ee66e65a-862c-44fa-96a4-89ef839448db stdio=stderr string_id=tap-salesforce
2025-05-25T19:46:55.134976Z [info     ] INFO Account.MasterRecordId - True cmd_type=elb consumer=False job_name=dev:tap-salesforce-to-target-jsonl name=tap-salesforce producer=True run_id=ee66e65a-862c-44fa-96a4-89ef839448db stdio=stderr string_id=tap-salesforce
2025-05-25T19:46:55.135109Z [info     ] INFO Account.Name - True       cmd_type=elb consumer=False job_name=dev:tap-salesforce-to-target-jsonl name=tap-salesforce producer=True run_id=ee66e65a-862c-44fa-96a4-89ef839448db stdio=stderr string_id=tap-salesforce
2025-05-25T19:46:55.135221Z [info     ] INFO Account.Type - True       cmd_type=elb consumer=False job_name=dev:tap-salesforce-to-target-jsonl name=tap-salesforce producer=True run_id=ee66e65a-862c-44fa-96a4-89ef839448db stdio=stderr string_id=tap-salesforce
2025-05-25T19:46:55.135310Z [info     ] INFO Account.ParentId - True   cmd_type=elb consumer=False job_name=dev:tap-salesforce-to-target-jsonl name=tap-salesforce producer=True run_id=ee66e65a-862c-44fa-96a4-89ef839448db stdio=stderr string_id=tap-salesforce
2025-05-25T19:46:55.135394Z [info     ] INFO Account.BillingStreet - True cmd_type=elb consumer=False job_name=dev:tap-salesforce-to-target-jsonl name=tap-salesforce producer=True run_id=ee66e65a-862c-44fa-96a4-89ef839448db stdio=stderr string_id=tap-salesforce
2025-05-25T19:46:55.135478Z [info     ] INFO Account.BillingCity - True cmd_type=elb consumer=False job_name=dev:tap-salesforce-to-target-jsonl name=tap-salesforce producer=True run_id=ee66e65a-862c-44fa-96a4-89ef839448db stdio=stderr string_id=tap-salesforce
2025-05-25T19:46:55.135558Z [info     ] INFO Account.BillingState - True cmd_type=elb consumer=False job_name=dev:tap-salesforce-to-target-jsonl name=tap-salesforce producer=True run_id=ee66e65a-862c-44fa-96a4-89ef839448db stdio=stderr string_id=tap-salesforce
2025-05-25T19:46:55.135636Z [info     ] INFO Account.BillingPostalCode - True cmd_type=elb consumer=False job_name=dev:tap-salesforce-to-target-jsonl name=tap-salesforce producer=True run_id=ee66e65a-862c-44fa-96a4-89ef839448db stdio=stderr string_id=tap-salesforce
2025-05-25T19:46:55.135909Z [info     ] INFO Account.BillingCountry - True cmd_type=elb consumer=False job_name=dev:tap-salesforce-to-target-jsonl name=tap-salesforce producer=True run_id=ee66e65a-862c-44fa-96a4-89ef839448db stdio=stderr string_id=tap-salesforce
2025-05-25T19:46:55.136011Z [info     ] INFO Account.BillingStateCode - True cmd_type=elb consumer=False job_name=dev:tap-salesforce-to-target-jsonl name=tap-salesforce producer=True run_id=ee66e65a-862c-44fa-96a4-89ef839448db stdio=stderr string_id=tap-salesforce
2025-05-25T19:46:55.136099Z [info     ] INFO Account.BillingCountryCode - True cmd_type=elb consumer=False job_name=dev:tap-salesforce-to-target-jsonl name=tap-salesforce producer=True run_id=ee66e65a-862c-44fa-96a4-89ef839448db stdio=stderr string_id=tap-salesforce
2025-05-25T19:46:55.136183Z [info     ] INFO Account.BillingLatitude - True cmd_type=elb consumer=False job_name=dev:tap-salesforce-to-target-jsonl name=tap-salesforce producer=True run_id=ee66e65a-862c-44fa-96a4-89ef839448db stdio=stderr string_id=tap-salesforce
2025-05-25T19:46:55.136268Z [info     ] INFO Account.BillingLongitude - True cmd_type=elb consumer=False job_name=dev:tap-salesforce-to-target-jsonl name=tap-salesforce producer=True run_id=ee66e65a-862c-44fa-96a4-89ef839448db stdio=stderr string_id=tap-salesforce
2025-05-25T19:46:55.136350Z [info     ] INFO Account.BillingGeocodeAccuracy - True cmd_type=elb consumer=False job_name=dev:tap-salesforce-to-target-jsonl name=tap-salesforce producer=True run_id=ee66e65a-862c-44fa-96a4-89ef839448db stdio=stderr string_id=tap-salesforce
2025-05-25T19:46:55.136431Z [info     ] INFO Account.BillingAddress - True cmd_type=elb consumer=False job_name=dev:tap-salesforce-to-target-jsonl name=tap-salesforce producer=True run_id=ee66e65a-862c-44fa-96a4-89ef839448db stdio=stderr string_id=tap-salesforce
2025-05-25T19:46:55.136520Z [info     ] INFO Account.street - True     cmd_type=elb consumer=False job_name=dev:tap-salesforce-to-target-jsonl name=tap-salesforce producer=True run_id=ee66e65a-862c-44fa-96a4-89ef839448db stdio=stderr string_id=tap-salesforce
2025-05-25T19:46:55.136602Z [info     ] INFO Account.state - True      cmd_type=elb consumer=False job_name=dev:tap-salesforce-to-target-jsonl name=tap-salesforce producer=True run_id=ee66e65a-862c-44fa-96a4-89ef839448db stdio=stderr string_id=tap-salesforce
2025-05-25T19:46:55.136681Z [info     ] INFO Account.postalCode - True cmd_type=elb consumer=False job_name=dev:tap-salesforce-to-target-jsonl name=tap-salesforce producer=True run_id=ee66e65a-862c-44fa-96a4-89ef839448db stdio=stderr string_id=tap-salesforce
2025-05-25T19:46:55.137041Z [info     ] INFO Account.city - True       cmd_type=elb consumer=False job_name=dev:tap-salesforce-to-target-jsonl name=tap-salesforce producer=True run_id=ee66e65a-862c-44fa-96a4-89ef839448db stdio=stderr string_id=tap-salesforce
2025-05-25T19:46:55.137157Z [info     ] INFO Account.country - True    cmd_type=elb consumer=False job_name=dev:tap-salesforce-to-target-jsonl name=tap-salesforce producer=True run_id=ee66e65a-862c-44fa-96a4-89ef839448db stdio=stderr string_id=tap-salesforce
2025-05-25T19:46:55.137248Z [info     ] INFO Account.longitude - True  cmd_type=elb consumer=False job_name=dev:tap-salesforce-to-target-jsonl name=tap-salesforce producer=True run_id=ee66e65a-862c-44fa-96a4-89ef839448db stdio=stderr string_id=tap-salesforce
2025-05-25T19:46:55.137334Z [info     ] INFO Account.latitude - True   cmd_type=elb consumer=False job_name=dev:tap-salesforce-to-target-jsonl name=tap-salesforce producer=True run_id=ee66e65a-862c-44fa-96a4-89ef839448db stdio=stderr string_id=tap-salesforce
2025-05-25T19:46:55.137419Z [info     ] INFO Account.geocodeAccuracy - True cmd_type=elb consumer=False job_name=dev:tap-salesforce-to-target-jsonl name=tap-salesforce producer=True run_id=ee66e65a-862c-44fa-96a4-89ef839448db stdio=stderr string_id=tap-salesforce
2025-05-25T19:46:55.137506Z [info     ] INFO Account.ShippingStreet - True cmd_type=elb consumer=False job_name=dev:tap-salesforce-to-target-jsonl name=tap-salesforce producer=True run_id=ee66e65a-862c-44fa-96a4-89ef839448db stdio=stderr string_id=tap-salesforce
2025-05-25T19:46:55.137587Z [info     ] INFO Account.ShippingCity - True cmd_type=elb consumer=False job_name=dev:tap-salesforce-to-target-jsonl name=tap-salesforce producer=True run_id=ee66e65a-862c-44fa-96a4-89ef839448db stdio=stderr string_id=tap-salesforce
2025-05-25T19:46:55.137670Z [info     ] INFO Account.ShippingState - True cmd_type=elb consumer=False job_name=dev:tap-salesforce-to-target-jsonl name=tap-salesforce producer=True run_id=ee66e65a-862c-44fa-96a4-89ef839448db stdio=stderr string_id=tap-salesforce
2025-05-25T19:46:55.137754Z [info     ] INFO Account.ShippingPostalCode - True cmd_type=elb consumer=False job_name=dev:tap-salesforce-to-target-jsonl name=tap-salesforce producer=True run_id=ee66e65a-862c-44fa-96a4-89ef839448db stdio=stderr string_id=tap-salesforce
2025-05-25T19:46:55.137837Z [info     ] INFO Account.ShippingCountry - True cmd_type=elb consumer=False job_name=dev:tap-salesforce-to-target-jsonl name=tap-salesforce producer=True run_id=ee66e65a-862c-44fa-96a4-89ef839448db stdio=stderr string_id=tap-salesforce
2025-05-25T19:46:55.137918Z [info     ] INFO Account.ShippingStateCode - True cmd_type=elb consumer=False job_name=dev:tap-salesforce-to-target-jsonl name=tap-salesforce producer=True run_id=ee66e65a-862c-44fa-96a4-89ef839448db stdio=stderr string_id=tap-salesforce
2025-05-25T19:46:55.138081Z [info     ] INFO Account.ShippingCountryCode - True cmd_type=elb consumer=False job_name=dev:tap-salesforce-to-target-jsonl name=tap-salesforce producer=True run_id=ee66e65a-862c-44fa-96a4-89ef839448db stdio=stderr string_id=tap-salesforce
2025-05-25T19:46:55.138215Z [info     ] INFO Account.ShippingLatitude - True cmd_type=elb consumer=False job_name=dev:tap-salesforce-to-target-jsonl name=tap-salesforce producer=True run_id=ee66e65a-862c-44fa-96a4-89ef839448db stdio=stderr string_id=tap-salesforce
2025-05-25T19:46:55.138317Z [info     ] INFO Account.ShippingLongitude - True cmd_type=elb consumer=False job_name=dev:tap-salesforce-to-target-jsonl name=tap-salesforce producer=True run_id=ee66e65a-862c-44fa-96a4-89ef839448db stdio=stderr string_id=tap-salesforce
2025-05-25T19:46:55.138405Z [info     ] INFO Account.ShippingGeocodeAccuracy - True cmd_type=elb consumer=False job_name=dev:tap-salesforce-to-target-jsonl name=tap-salesforce producer=True run_id=ee66e65a-862c-44fa-96a4-89ef839448db stdio=stderr string_id=tap-salesforce
2025-05-25T19:46:55.138491Z [info     ] INFO Account.ShippingAddress - True cmd_type=elb consumer=False job_name=dev:tap-salesforce-to-target-jsonl name=tap-salesforce producer=True run_id=ee66e65a-862c-44fa-96a4-89ef839448db stdio=stderr string_id=tap-salesforce
2025-05-25T19:46:55.138574Z [info     ] INFO Account.street - True     cmd_type=elb consumer=False job_name=dev:tap-salesforce-to-target-jsonl name=tap-salesforce producer=True run_id=ee66e65a-862c-44fa-96a4-89ef839448db stdio=stderr string_id=tap-salesforce
2025-05-25T19:46:55.138657Z [info     ] INFO Account.state - True      cmd_type=elb consumer=False job_name=dev:tap-salesforce-to-target-jsonl name=tap-salesforce producer=True run_id=ee66e65a-862c-44fa-96a4-89ef839448db stdio=stderr string_id=tap-salesforce
2025-05-25T19:46:55.138741Z [info     ] INFO Account.postalCode - True cmd_type=elb consumer=False job_name=dev:tap-salesforce-to-target-jsonl name=tap-salesforce producer=True run_id=ee66e65a-862c-44fa-96a4-89ef839448db stdio=stderr string_id=tap-salesforce
2025-05-25T19:46:55.138824Z [info     ] INFO Account.city - True       cmd_type=elb consumer=False job_name=dev:tap-salesforce-to-target-jsonl name=tap-salesforce producer=True run_id=ee66e65a-862c-44fa-96a4-89ef839448db stdio=stderr string_id=tap-salesforce
2025-05-25T19:46:55.138906Z [info     ] INFO Account.country - True    cmd_type=elb consumer=False job_name=dev:tap-salesforce-to-target-jsonl name=tap-salesforce producer=True run_id=ee66e65a-862c-44fa-96a4-89ef839448db stdio=stderr string_id=tap-salesforce
2025-05-25T19:46:55.138989Z [info     ] INFO Account.longitude - True  cmd_type=elb consumer=False job_name=dev:tap-salesforce-to-target-jsonl name=tap-salesforce producer=True run_id=ee66e65a-862c-44fa-96a4-89ef839448db stdio=stderr string_id=tap-salesforce
2025-05-25T19:46:55.139071Z [info     ] INFO Account.latitude - True   cmd_type=elb consumer=False job_name=dev:tap-salesforce-to-target-jsonl name=tap-salesforce producer=True run_id=ee66e65a-862c-44fa-96a4-89ef839448db stdio=stderr string_id=tap-salesforce
2025-05-25T19:46:55.139152Z [info     ] INFO Account.geocodeAccuracy - True cmd_type=elb consumer=False job_name=dev:tap-salesforce-to-target-jsonl name=tap-salesforce producer=True run_id=ee66e65a-862c-44fa-96a4-89ef839448db stdio=stderr string_id=tap-salesforce
2025-05-25T19:46:55.139233Z [info     ] INFO Account.Phone - True      cmd_type=elb consumer=False job_name=dev:tap-salesforce-to-target-jsonl name=tap-salesforce producer=True run_id=ee66e65a-862c-44fa-96a4-89ef839448db stdio=stderr string_id=tap-salesforce
2025-05-25T19:46:55.139316Z [info     ] INFO Account.Fax - True        cmd_type=elb consumer=False job_name=dev:tap-salesforce-to-target-jsonl name=tap-salesforce producer=True run_id=ee66e65a-862c-44fa-96a4-89ef839448db stdio=stderr string_id=tap-salesforce
2025-05-25T19:46:55.139396Z [info     ] INFO Account.AccountNumber - True cmd_type=elb consumer=False job_name=dev:tap-salesforce-to-target-jsonl name=tap-salesforce producer=True run_id=ee66e65a-862c-44fa-96a4-89ef839448db stdio=stderr string_id=tap-salesforce
2025-05-25T19:46:55.139478Z [info     ] INFO Account.Website - True    cmd_type=elb consumer=False job_name=dev:tap-salesforce-to-target-jsonl name=tap-salesforce producer=True run_id=ee66e65a-862c-44fa-96a4-89ef839448db stdio=stderr string_id=tap-salesforce
2025-05-25T19:46:55.139564Z [info     ] INFO Account.PhotoUrl - True   cmd_type=elb consumer=False job_name=dev:tap-salesforce-to-target-jsonl name=tap-salesforce producer=True run_id=ee66e65a-862c-44fa-96a4-89ef839448db stdio=stderr string_id=tap-salesforce
2025-05-25T19:46:55.139651Z [info     ] INFO Account.Sic - True        cmd_type=elb consumer=False job_name=dev:tap-salesforce-to-target-jsonl name=tap-salesforce producer=True run_id=ee66e65a-862c-44fa-96a4-89ef839448db stdio=stderr string_id=tap-salesforce
2025-05-25T19:46:55.139732Z [info     ] INFO Account.Industry - True   cmd_type=elb consumer=False job_name=dev:tap-salesforce-to-target-jsonl name=tap-salesforce producer=True run_id=ee66e65a-862c-44fa-96a4-89ef839448db stdio=stderr string_id=tap-salesforce
2025-05-25T19:46:55.139813Z [info     ] INFO Account.AnnualRevenue - True cmd_type=elb consumer=False job_name=dev:tap-salesforce-to-target-jsonl name=tap-salesforce producer=True run_id=ee66e65a-862c-44fa-96a4-89ef839448db stdio=stderr string_id=tap-salesforce
2025-05-25T19:46:55.139911Z [info     ] INFO Account.NumberOfEmployees - True cmd_type=elb consumer=False job_name=dev:tap-salesforce-to-target-jsonl name=tap-salesforce producer=True run_id=ee66e65a-862c-44fa-96a4-89ef839448db stdio=stderr string_id=tap-salesforce
2025-05-25T19:46:55.139992Z [info     ] INFO Account.Ownership - True  cmd_type=elb consumer=False job_name=dev:tap-salesforce-to-target-jsonl name=tap-salesforce producer=True run_id=ee66e65a-862c-44fa-96a4-89ef839448db stdio=stderr string_id=tap-salesforce
2025-05-25T19:46:55.140072Z [info     ] INFO Account.TickerSymbol - True cmd_type=elb consumer=False job_name=dev:tap-salesforce-to-target-jsonl name=tap-salesforce producer=True run_id=ee66e65a-862c-44fa-96a4-89ef839448db stdio=stderr string_id=tap-salesforce
2025-05-25T19:46:55.140153Z [info     ] INFO Account.Description - True cmd_type=elb consumer=False job_name=dev:tap-salesforce-to-target-jsonl name=tap-salesforce producer=True run_id=ee66e65a-862c-44fa-96a4-89ef839448db stdio=stderr string_id=tap-salesforce
2025-05-25T19:46:55.140234Z [info     ] INFO Account.Rating - True     cmd_type=elb consumer=False job_name=dev:tap-salesforce-to-target-jsonl name=tap-salesforce producer=True run_id=ee66e65a-862c-44fa-96a4-89ef839448db stdio=stderr string_id=tap-salesforce
2025-05-25T19:46:55.140315Z [info     ] INFO Account.Site - True       cmd_type=elb consumer=False job_name=dev:tap-salesforce-to-target-jsonl name=tap-salesforce producer=True run_id=ee66e65a-862c-44fa-96a4-89ef839448db stdio=stderr string_id=tap-salesforce
2025-05-25T19:46:55.140396Z [info     ] INFO Account.OwnerId - True    cmd_type=elb consumer=False job_name=dev:tap-salesforce-to-target-jsonl name=tap-salesforce producer=True run_id=ee66e65a-862c-44fa-96a4-89ef839448db stdio=stderr string_id=tap-salesforce
2025-05-25T19:46:55.140477Z [info     ] INFO Account.CreatedDate - True cmd_type=elb consumer=False job_name=dev:tap-salesforce-to-target-jsonl name=tap-salesforce producer=True run_id=ee66e65a-862c-44fa-96a4-89ef839448db stdio=stderr string_id=tap-salesforce
2025-05-25T19:46:55.140560Z [info     ] INFO Account.CreatedById - True cmd_type=elb consumer=False job_name=dev:tap-salesforce-to-target-jsonl name=tap-salesforce producer=True run_id=ee66e65a-862c-44fa-96a4-89ef839448db stdio=stderr string_id=tap-salesforce
2025-05-25T19:46:55.140639Z [info     ] INFO Account.LastModifiedDate - True cmd_type=elb consumer=False job_name=dev:tap-salesforce-to-target-jsonl name=tap-salesforce producer=True run_id=ee66e65a-862c-44fa-96a4-89ef839448db stdio=stderr string_id=tap-salesforce
2025-05-25T19:46:55.141083Z [info     ] INFO Account.LastModifiedById - True cmd_type=elb consumer=False job_name=dev:tap-salesforce-to-target-jsonl name=tap-salesforce producer=True run_id=ee66e65a-862c-44fa-96a4-89ef839448db stdio=stderr string_id=tap-salesforce
2025-05-25T19:46:55.141223Z [info     ] INFO Account.SystemModstamp - True cmd_type=elb consumer=False job_name=dev:tap-salesforce-to-target-jsonl name=tap-salesforce producer=True run_id=ee66e65a-862c-44fa-96a4-89ef839448db stdio=stderr string_id=tap-salesforce
2025-05-25T19:46:55.141342Z [info     ] INFO Account.LastActivityDate - True cmd_type=elb consumer=False job_name=dev:tap-salesforce-to-target-jsonl name=tap-salesforce producer=True run_id=ee66e65a-862c-44fa-96a4-89ef839448db stdio=stderr string_id=tap-salesforce
2025-05-25T19:46:55.141447Z [info     ] INFO Account.LastViewedDate - True cmd_type=elb consumer=False job_name=dev:tap-salesforce-to-target-jsonl name=tap-salesforce producer=True run_id=ee66e65a-862c-44fa-96a4-89ef839448db stdio=stderr string_id=tap-salesforce
2025-05-25T19:46:55.141533Z [info     ] INFO Account.LastReferencedDate - True cmd_type=elb consumer=False job_name=dev:tap-salesforce-to-target-jsonl name=tap-salesforce producer=True run_id=ee66e65a-862c-44fa-96a4-89ef839448db stdio=stderr string_id=tap-salesforce
2025-05-25T19:46:55.141617Z [info     ] INFO Account.Jigsaw - True     cmd_type=elb consumer=False job_name=dev:tap-salesforce-to-target-jsonl name=tap-salesforce producer=True run_id=ee66e65a-862c-44fa-96a4-89ef839448db stdio=stderr string_id=tap-salesforce
2025-05-25T19:46:55.141699Z [info     ] INFO Account.JigsawCompanyId - True cmd_type=elb consumer=False job_name=dev:tap-salesforce-to-target-jsonl name=tap-salesforce producer=True run_id=ee66e65a-862c-44fa-96a4-89ef839448db stdio=stderr string_id=tap-salesforce
2025-05-25T19:46:55.142016Z [info     ] INFO Account.CleanStatus - True cmd_type=elb consumer=False job_name=dev:tap-salesforce-to-target-jsonl name=tap-salesforce producer=True run_id=ee66e65a-862c-44fa-96a4-89ef839448db stdio=stderr string_id=tap-salesforce
2025-05-25T19:46:55.142100Z [info     ] INFO Account.AccountSource - True cmd_type=elb consumer=False job_name=dev:tap-salesforce-to-target-jsonl name=tap-salesforce producer=True run_id=ee66e65a-862c-44fa-96a4-89ef839448db stdio=stderr string_id=tap-salesforce
2025-05-25T19:46:55.142182Z [info     ] INFO Account.DunsNumber - True cmd_type=elb consumer=False job_name=dev:tap-salesforce-to-target-jsonl name=tap-salesforce producer=True run_id=ee66e65a-862c-44fa-96a4-89ef839448db stdio=stderr string_id=tap-salesforce
2025-05-25T19:46:55.142262Z [info     ] INFO Account.Tradestyle - True cmd_type=elb consumer=False job_name=dev:tap-salesforce-to-target-jsonl name=tap-salesforce producer=True run_id=ee66e65a-862c-44fa-96a4-89ef839448db stdio=stderr string_id=tap-salesforce
2025-05-25T19:46:55.142344Z [info     ] INFO Account.NaicsCode - True  cmd_type=elb consumer=False job_name=dev:tap-salesforce-to-target-jsonl name=tap-salesforce producer=True run_id=ee66e65a-862c-44fa-96a4-89ef839448db stdio=stderr string_id=tap-salesforce
2025-05-25T19:46:55.142424Z [info     ] INFO Account.NaicsDesc - True  cmd_type=elb consumer=False job_name=dev:tap-salesforce-to-target-jsonl name=tap-salesforce producer=True run_id=ee66e65a-862c-44fa-96a4-89ef839448db stdio=stderr string_id=tap-salesforce
2025-05-25T19:46:55.142504Z [info     ] INFO Account.YearStarted - True cmd_type=elb consumer=False job_name=dev:tap-salesforce-to-target-jsonl name=tap-salesforce producer=True run_id=ee66e65a-862c-44fa-96a4-89ef839448db stdio=stderr string_id=tap-salesforce
2025-05-25T19:46:55.142586Z [info     ] INFO Account.SicDesc - True    cmd_type=elb consumer=False job_name=dev:tap-salesforce-to-target-jsonl name=tap-salesforce producer=True run_id=ee66e65a-862c-44fa-96a4-89ef839448db stdio=stderr string_id=tap-salesforce
2025-05-25T19:46:55.142666Z [info     ] INFO Account.DandbCompanyId - True cmd_type=elb consumer=False job_name=dev:tap-salesforce-to-target-jsonl name=tap-salesforce producer=True run_id=ee66e65a-862c-44fa-96a4-89ef839448db stdio=stderr string_id=tap-salesforce
2025-05-25T19:46:55.142746Z [info     ] INFO Account.OperatingHoursId - True cmd_type=elb consumer=False job_name=dev:tap-salesforce-to-target-jsonl name=tap-salesforce producer=True run_id=ee66e65a-862c-44fa-96a4-89ef839448db stdio=stderr string_id=tap-salesforce
2025-05-25T19:46:55.142826Z [info     ] INFO Account.CustomerPriority__c - True cmd_type=elb consumer=False job_name=dev:tap-salesforce-to-target-jsonl name=tap-salesforce producer=True run_id=ee66e65a-862c-44fa-96a4-89ef839448db stdio=stderr string_id=tap-salesforce
2025-05-25T19:46:55.142915Z [info     ] INFO Account.SLA__c - True     cmd_type=elb consumer=False job_name=dev:tap-salesforce-to-target-jsonl name=tap-salesforce producer=True run_id=ee66e65a-862c-44fa-96a4-89ef839448db stdio=stderr string_id=tap-salesforce
2025-05-25T19:46:55.142996Z [info     ] INFO Account.Active__c - True  cmd_type=elb consumer=False job_name=dev:tap-salesforce-to-target-jsonl name=tap-salesforce producer=True run_id=ee66e65a-862c-44fa-96a4-89ef839448db stdio=stderr string_id=tap-salesforce
2025-05-25T19:46:55.143076Z [info     ] INFO Account.NumberofLocations__c - True cmd_type=elb consumer=False job_name=dev:tap-salesforce-to-target-jsonl name=tap-salesforce producer=True run_id=ee66e65a-862c-44fa-96a4-89ef839448db stdio=stderr string_id=tap-salesforce
2025-05-25T19:46:55.143156Z [info     ] INFO Account.UpsellOpportunity__c - True cmd_type=elb consumer=False job_name=dev:tap-salesforce-to-target-jsonl name=tap-salesforce producer=True run_id=ee66e65a-862c-44fa-96a4-89ef839448db stdio=stderr string_id=tap-salesforce
2025-05-25T19:46:55.143237Z [info     ] INFO Account.SLASerialNumber__c - True cmd_type=elb consumer=False job_name=dev:tap-salesforce-to-target-jsonl name=tap-salesforce producer=True run_id=ee66e65a-862c-44fa-96a4-89ef839448db stdio=stderr string_id=tap-salesforce
2025-05-25T19:46:55.143318Z [info     ] INFO Account.SLAExpirationDate__c - True cmd_type=elb consumer=False job_name=dev:tap-salesforce-to-target-jsonl name=tap-salesforce producer=True run_id=ee66e65a-862c-44fa-96a4-89ef839448db stdio=stderr string_id=tap-salesforce
2025-05-25T19:46:55.143795Z [info     ] INFO Syncing Salesforce data for stream Contact cmd_type=elb consumer=False job_name=dev:tap-salesforce-to-target-jsonl name=tap-salesforce producer=True run_id=ee66e65a-862c-44fa-96a4-89ef839448db stdio=stderr string_id=tap-salesforce
2025-05-25T19:46:55.143972Z [info     ] INFO Making GET request to https://orgfarm-b529f752a8-dev-ed.develop.my.salesforce.com/services/data/v60.0/queryAll with params: {'q': 'SELECT Id,IsDeleted,MasterRecordId,AccountId,LastName,FirstName,Salutation,Name,OtherStreet,OtherCity,OtherState,OtherPostalCode,OtherCountry,OtherStateCode,OtherCountryCode,OtherLatitude,OtherLongitude,OtherGeocodeAccuracy,OtherAddress,MailingStreet,MailingCity,MailingState,MailingPostalCode,MailingCountry,MailingStateCode,MailingCountryCode,MailingLatitude,MailingLongitude,MailingGeocodeAccuracy,MailingAddress,Phone,Fax,MobilePhone,HomePhone,OtherPhone,AssistantPhone,ReportsToId,Email,Title,Department,AssistantName,LeadSource,Birthdate,Description,OwnerId,CreatedDate,CreatedById,LastModifiedDate,LastModifiedById,SystemModstamp,LastActivityDate,LastCURequestDate,LastCUUpdateDate,LastViewedDate,LastReferencedDate,EmailBouncedReason,EmailBouncedDate,IsEmailBounced,PhotoUrl,Jigsaw,JigsawContactId,CleanStatus,IndividualId,IsPriorityRecord,Level__c,Languages__c FROM Contact WHERE SystemModstamp >= 2025-05-25T00:00:00+00:00  ORDER BY SystemModstamp ASC'} cmd_type=elb consumer=False job_name=dev:tap-salesforce-to-target-jsonl name=tap-salesforce producer=True run_id=ee66e65a-862c-44fa-96a4-89ef839448db stdio=stderr string_id=tap-salesforce
2025-05-25T19:46:55.144116Z [info     ] INFO Lead: Starting            cmd_type=elb consumer=False job_name=dev:tap-salesforce-to-target-jsonl name=tap-salesforce producer=True run_id=ee66e65a-862c-44fa-96a4-89ef839448db stdio=stderr string_id=tap-salesforce
2025-05-25T19:46:55.144207Z [info     ] INFO Lead.Id - True            cmd_type=elb consumer=False job_name=dev:tap-salesforce-to-target-jsonl name=tap-salesforce producer=True run_id=ee66e65a-862c-44fa-96a4-89ef839448db stdio=stderr string_id=tap-salesforce
2025-05-25T19:46:55.144350Z [info     ] INFO Lead.IsDeleted - True     cmd_type=elb consumer=False job_name=dev:tap-salesforce-to-target-jsonl name=tap-salesforce producer=True run_id=ee66e65a-862c-44fa-96a4-89ef839448db stdio=stderr string_id=tap-salesforce
2025-05-25T19:46:55.144487Z [info     ] INFO Lead.MasterRecordId - True cmd_type=elb consumer=False job_name=dev:tap-salesforce-to-target-jsonl name=tap-salesforce producer=True run_id=ee66e65a-862c-44fa-96a4-89ef839448db stdio=stderr string_id=tap-salesforce
2025-05-25T19:46:55.144577Z [info     ] INFO Lead.LastName - True      cmd_type=elb consumer=False job_name=dev:tap-salesforce-to-target-jsonl name=tap-salesforce producer=True run_id=ee66e65a-862c-44fa-96a4-89ef839448db stdio=stderr string_id=tap-salesforce
2025-05-25T19:46:55.144664Z [info     ] INFO Lead.FirstName - True     cmd_type=elb consumer=False job_name=dev:tap-salesforce-to-target-jsonl name=tap-salesforce producer=True run_id=ee66e65a-862c-44fa-96a4-89ef839448db stdio=stderr string_id=tap-salesforce
2025-05-25T19:46:55.144747Z [info     ] INFO Lead.Salutation - True    cmd_type=elb consumer=False job_name=dev:tap-salesforce-to-target-jsonl name=tap-salesforce producer=True run_id=ee66e65a-862c-44fa-96a4-89ef839448db stdio=stderr string_id=tap-salesforce
2025-05-25T19:46:55.144830Z [info     ] INFO Lead.Name - True          cmd_type=elb consumer=False job_name=dev:tap-salesforce-to-target-jsonl name=tap-salesforce producer=True run_id=ee66e65a-862c-44fa-96a4-89ef839448db stdio=stderr string_id=tap-salesforce
2025-05-25T19:46:55.144912Z [info     ] INFO Lead.Title - True         cmd_type=elb consumer=False job_name=dev:tap-salesforce-to-target-jsonl name=tap-salesforce producer=True run_id=ee66e65a-862c-44fa-96a4-89ef839448db stdio=stderr string_id=tap-salesforce
2025-05-25T19:46:55.144993Z [info     ] INFO Lead.Company - True       cmd_type=elb consumer=False job_name=dev:tap-salesforce-to-target-jsonl name=tap-salesforce producer=True run_id=ee66e65a-862c-44fa-96a4-89ef839448db stdio=stderr string_id=tap-salesforce
2025-05-25T19:46:55.145075Z [info     ] INFO Lead.Street - True        cmd_type=elb consumer=False job_name=dev:tap-salesforce-to-target-jsonl name=tap-salesforce producer=True run_id=ee66e65a-862c-44fa-96a4-89ef839448db stdio=stderr string_id=tap-salesforce
2025-05-25T19:46:55.145156Z [info     ] INFO Lead.City - True          cmd_type=elb consumer=False job_name=dev:tap-salesforce-to-target-jsonl name=tap-salesforce producer=True run_id=ee66e65a-862c-44fa-96a4-89ef839448db stdio=stderr string_id=tap-salesforce
2025-05-25T19:46:55.145240Z [info     ] INFO Lead.State - True         cmd_type=elb consumer=False job_name=dev:tap-salesforce-to-target-jsonl name=tap-salesforce producer=True run_id=ee66e65a-862c-44fa-96a4-89ef839448db stdio=stderr string_id=tap-salesforce
2025-05-25T19:46:55.145325Z [info     ] INFO Lead.PostalCode - True    cmd_type=elb consumer=False job_name=dev:tap-salesforce-to-target-jsonl name=tap-salesforce producer=True run_id=ee66e65a-862c-44fa-96a4-89ef839448db stdio=stderr string_id=tap-salesforce
2025-05-25T19:46:55.145406Z [info     ] INFO Lead.Country - True       cmd_type=elb consumer=False job_name=dev:tap-salesforce-to-target-jsonl name=tap-salesforce producer=True run_id=ee66e65a-862c-44fa-96a4-89ef839448db stdio=stderr string_id=tap-salesforce
2025-05-25T19:46:55.145486Z [info     ] INFO Lead.StateCode - True     cmd_type=elb consumer=False job_name=dev:tap-salesforce-to-target-jsonl name=tap-salesforce producer=True run_id=ee66e65a-862c-44fa-96a4-89ef839448db stdio=stderr string_id=tap-salesforce
2025-05-25T19:46:55.145565Z [info     ] INFO Lead.CountryCode - True   cmd_type=elb consumer=False job_name=dev:tap-salesforce-to-target-jsonl name=tap-salesforce producer=True run_id=ee66e65a-862c-44fa-96a4-89ef839448db stdio=stderr string_id=tap-salesforce
2025-05-25T19:46:55.145643Z [info     ] INFO Lead.Latitude - True      cmd_type=elb consumer=False job_name=dev:tap-salesforce-to-target-jsonl name=tap-salesforce producer=True run_id=ee66e65a-862c-44fa-96a4-89ef839448db stdio=stderr string_id=tap-salesforce
2025-05-25T19:46:55.145919Z [info     ] INFO Lead.Longitude - True     cmd_type=elb consumer=False job_name=dev:tap-salesforce-to-target-jsonl name=tap-salesforce producer=True run_id=ee66e65a-862c-44fa-96a4-89ef839448db stdio=stderr string_id=tap-salesforce
2025-05-25T19:46:55.146023Z [info     ] INFO Lead.GeocodeAccuracy - True cmd_type=elb consumer=False job_name=dev:tap-salesforce-to-target-jsonl name=tap-salesforce producer=True run_id=ee66e65a-862c-44fa-96a4-89ef839448db stdio=stderr string_id=tap-salesforce
2025-05-25T19:46:55.146112Z [info     ] INFO Lead.Address - True       cmd_type=elb consumer=False job_name=dev:tap-salesforce-to-target-jsonl name=tap-salesforce producer=True run_id=ee66e65a-862c-44fa-96a4-89ef839448db stdio=stderr string_id=tap-salesforce
2025-05-25T19:46:55.146197Z [info     ] INFO Lead.street - True        cmd_type=elb consumer=False job_name=dev:tap-salesforce-to-target-jsonl name=tap-salesforce producer=True run_id=ee66e65a-862c-44fa-96a4-89ef839448db stdio=stderr string_id=tap-salesforce
2025-05-25T19:46:55.146281Z [info     ] INFO Lead.state - True         cmd_type=elb consumer=False job_name=dev:tap-salesforce-to-target-jsonl name=tap-salesforce producer=True run_id=ee66e65a-862c-44fa-96a4-89ef839448db stdio=stderr string_id=tap-salesforce
2025-05-25T19:46:55.146363Z [info     ] INFO Lead.postalCode - True    cmd_type=elb consumer=False job_name=dev:tap-salesforce-to-target-jsonl name=tap-salesforce producer=True run_id=ee66e65a-862c-44fa-96a4-89ef839448db stdio=stderr string_id=tap-salesforce
2025-05-25T19:46:55.146448Z [info     ] INFO Lead.city - True          cmd_type=elb consumer=False job_name=dev:tap-salesforce-to-target-jsonl name=tap-salesforce producer=True run_id=ee66e65a-862c-44fa-96a4-89ef839448db stdio=stderr string_id=tap-salesforce
2025-05-25T19:46:55.146528Z [info     ] INFO Lead.country - True       cmd_type=elb consumer=False job_name=dev:tap-salesforce-to-target-jsonl name=tap-salesforce producer=True run_id=ee66e65a-862c-44fa-96a4-89ef839448db stdio=stderr string_id=tap-salesforce
2025-05-25T19:46:55.146607Z [info     ] INFO Lead.longitude - True     cmd_type=elb consumer=False job_name=dev:tap-salesforce-to-target-jsonl name=tap-salesforce producer=True run_id=ee66e65a-862c-44fa-96a4-89ef839448db stdio=stderr string_id=tap-salesforce
2025-05-25T19:46:55.146685Z [info     ] INFO Lead.latitude - True      cmd_type=elb consumer=False job_name=dev:tap-salesforce-to-target-jsonl name=tap-salesforce producer=True run_id=ee66e65a-862c-44fa-96a4-89ef839448db stdio=stderr string_id=tap-salesforce
2025-05-25T19:46:55.147011Z [info     ] INFO Lead.geocodeAccuracy - True cmd_type=elb consumer=False job_name=dev:tap-salesforce-to-target-jsonl name=tap-salesforce producer=True run_id=ee66e65a-862c-44fa-96a4-89ef839448db stdio=stderr string_id=tap-salesforce
2025-05-25T19:46:55.147120Z [info     ] INFO Lead.Phone - True         cmd_type=elb consumer=False job_name=dev:tap-salesforce-to-target-jsonl name=tap-salesforce producer=True run_id=ee66e65a-862c-44fa-96a4-89ef839448db stdio=stderr string_id=tap-salesforce
2025-05-25T19:46:55.147216Z [info     ] INFO Lead.MobilePhone - True   cmd_type=elb consumer=False job_name=dev:tap-salesforce-to-target-jsonl name=tap-salesforce producer=True run_id=ee66e65a-862c-44fa-96a4-89ef839448db stdio=stderr string_id=tap-salesforce
2025-05-25T19:46:55.147304Z [info     ] INFO Lead.Fax - True           cmd_type=elb consumer=False job_name=dev:tap-salesforce-to-target-jsonl name=tap-salesforce producer=True run_id=ee66e65a-862c-44fa-96a4-89ef839448db stdio=stderr string_id=tap-salesforce
2025-05-25T19:46:55.147388Z [info     ] INFO Lead.Email - True         cmd_type=elb consumer=False job_name=dev:tap-salesforce-to-target-jsonl name=tap-salesforce producer=True run_id=ee66e65a-862c-44fa-96a4-89ef839448db stdio=stderr string_id=tap-salesforce
2025-05-25T19:46:55.147470Z [info     ] INFO Lead.Website - True       cmd_type=elb consumer=False job_name=dev:tap-salesforce-to-target-jsonl name=tap-salesforce producer=True run_id=ee66e65a-862c-44fa-96a4-89ef839448db stdio=stderr string_id=tap-salesforce
2025-05-25T19:46:55.147554Z [info     ] INFO Lead.PhotoUrl - True      cmd_type=elb consumer=False job_name=dev:tap-salesforce-to-target-jsonl name=tap-salesforce producer=True run_id=ee66e65a-862c-44fa-96a4-89ef839448db stdio=stderr string_id=tap-salesforce
2025-05-25T19:46:55.147644Z [info     ] INFO Lead.Description - True   cmd_type=elb consumer=False job_name=dev:tap-salesforce-to-target-jsonl name=tap-salesforce producer=True run_id=ee66e65a-862c-44fa-96a4-89ef839448db stdio=stderr string_id=tap-salesforce
2025-05-25T19:46:55.147726Z [info     ] INFO Lead.LeadSource - True    cmd_type=elb consumer=False job_name=dev:tap-salesforce-to-target-jsonl name=tap-salesforce producer=True run_id=ee66e65a-862c-44fa-96a4-89ef839448db stdio=stderr string_id=tap-salesforce
2025-05-25T19:46:55.147807Z [info     ] INFO Lead.Status - True        cmd_type=elb consumer=False job_name=dev:tap-salesforce-to-target-jsonl name=tap-salesforce producer=True run_id=ee66e65a-862c-44fa-96a4-89ef839448db stdio=stderr string_id=tap-salesforce
2025-05-25T19:46:55.147889Z [info     ] INFO Lead.Industry - True      cmd_type=elb consumer=False job_name=dev:tap-salesforce-to-target-jsonl name=tap-salesforce producer=True run_id=ee66e65a-862c-44fa-96a4-89ef839448db stdio=stderr string_id=tap-salesforce
2025-05-25T19:46:55.147969Z [info     ] INFO Lead.Rating - True        cmd_type=elb consumer=False job_name=dev:tap-salesforce-to-target-jsonl name=tap-salesforce producer=True run_id=ee66e65a-862c-44fa-96a4-89ef839448db stdio=stderr string_id=tap-salesforce
2025-05-25T19:46:55.148050Z [info     ] INFO Lead.AnnualRevenue - True cmd_type=elb consumer=False job_name=dev:tap-salesforce-to-target-jsonl name=tap-salesforce producer=True run_id=ee66e65a-862c-44fa-96a4-89ef839448db stdio=stderr string_id=tap-salesforce
2025-05-25T19:46:55.148132Z [info     ] INFO Lead.NumberOfEmployees - True cmd_type=elb consumer=False job_name=dev:tap-salesforce-to-target-jsonl name=tap-salesforce producer=True run_id=ee66e65a-862c-44fa-96a4-89ef839448db stdio=stderr string_id=tap-salesforce
2025-05-25T19:46:55.148213Z [info     ] INFO Lead.OwnerId - True       cmd_type=elb consumer=False job_name=dev:tap-salesforce-to-target-jsonl name=tap-salesforce producer=True run_id=ee66e65a-862c-44fa-96a4-89ef839448db stdio=stderr string_id=tap-salesforce
2025-05-25T19:46:55.148296Z [info     ] INFO Lead.IsConverted - True   cmd_type=elb consumer=False job_name=dev:tap-salesforce-to-target-jsonl name=tap-salesforce producer=True run_id=ee66e65a-862c-44fa-96a4-89ef839448db stdio=stderr string_id=tap-salesforce
2025-05-25T19:46:55.148376Z [info     ] INFO Lead.ConvertedDate - True cmd_type=elb consumer=False job_name=dev:tap-salesforce-to-target-jsonl name=tap-salesforce producer=True run_id=ee66e65a-862c-44fa-96a4-89ef839448db stdio=stderr string_id=tap-salesforce
2025-05-25T19:46:55.148457Z [info     ] INFO Lead.ConvertedAccountId - True cmd_type=elb consumer=False job_name=dev:tap-salesforce-to-target-jsonl name=tap-salesforce producer=True run_id=ee66e65a-862c-44fa-96a4-89ef839448db stdio=stderr string_id=tap-salesforce
2025-05-25T19:46:55.148536Z [info     ] INFO Lead.ConvertedContactId - True cmd_type=elb consumer=False job_name=dev:tap-salesforce-to-target-jsonl name=tap-salesforce producer=True run_id=ee66e65a-862c-44fa-96a4-89ef839448db stdio=stderr string_id=tap-salesforce
2025-05-25T19:46:55.148616Z [info     ] INFO Lead.ConvertedOpportunityId - True cmd_type=elb consumer=False job_name=dev:tap-salesforce-to-target-jsonl name=tap-salesforce producer=True run_id=ee66e65a-862c-44fa-96a4-89ef839448db stdio=stderr string_id=tap-salesforce
2025-05-25T19:46:55.148700Z [info     ] INFO Lead.IsUnreadByOwner - True cmd_type=elb consumer=False job_name=dev:tap-salesforce-to-target-jsonl name=tap-salesforce producer=True run_id=ee66e65a-862c-44fa-96a4-89ef839448db stdio=stderr string_id=tap-salesforce
2025-05-25T19:46:55.148780Z [info     ] INFO Lead.CreatedDate - True   cmd_type=elb consumer=False job_name=dev:tap-salesforce-to-target-jsonl name=tap-salesforce producer=True run_id=ee66e65a-862c-44fa-96a4-89ef839448db stdio=stderr string_id=tap-salesforce
2025-05-25T19:46:55.148863Z [info     ] INFO Lead.CreatedById - True   cmd_type=elb consumer=False job_name=dev:tap-salesforce-to-target-jsonl name=tap-salesforce producer=True run_id=ee66e65a-862c-44fa-96a4-89ef839448db stdio=stderr string_id=tap-salesforce
2025-05-25T19:46:55.148948Z [info     ] INFO Lead.LastModifiedDate - True cmd_type=elb consumer=False job_name=dev:tap-salesforce-to-target-jsonl name=tap-salesforce producer=True run_id=ee66e65a-862c-44fa-96a4-89ef839448db stdio=stderr string_id=tap-salesforce
2025-05-25T19:46:55.149028Z [info     ] INFO Lead.LastModifiedById - True cmd_type=elb consumer=False job_name=dev:tap-salesforce-to-target-jsonl name=tap-salesforce producer=True run_id=ee66e65a-862c-44fa-96a4-89ef839448db stdio=stderr string_id=tap-salesforce
2025-05-25T19:46:55.149109Z [info     ] INFO Lead.SystemModstamp - True cmd_type=elb consumer=False job_name=dev:tap-salesforce-to-target-jsonl name=tap-salesforce producer=True run_id=ee66e65a-862c-44fa-96a4-89ef839448db stdio=stderr string_id=tap-salesforce
2025-05-25T19:46:55.149188Z [info     ] INFO Lead.LastActivityDate - True cmd_type=elb consumer=False job_name=dev:tap-salesforce-to-target-jsonl name=tap-salesforce producer=True run_id=ee66e65a-862c-44fa-96a4-89ef839448db stdio=stderr string_id=tap-salesforce
2025-05-25T19:46:55.149266Z [info     ] INFO Lead.LastViewedDate - True cmd_type=elb consumer=False job_name=dev:tap-salesforce-to-target-jsonl name=tap-salesforce producer=True run_id=ee66e65a-862c-44fa-96a4-89ef839448db stdio=stderr string_id=tap-salesforce
2025-05-25T19:46:55.149351Z [info     ] INFO Lead.LastReferencedDate - True cmd_type=elb consumer=False job_name=dev:tap-salesforce-to-target-jsonl name=tap-salesforce producer=True run_id=ee66e65a-862c-44fa-96a4-89ef839448db stdio=stderr string_id=tap-salesforce
2025-05-25T19:46:55.149433Z [info     ] INFO Lead.Jigsaw - True        cmd_type=elb consumer=False job_name=dev:tap-salesforce-to-target-jsonl name=tap-salesforce producer=True run_id=ee66e65a-862c-44fa-96a4-89ef839448db stdio=stderr string_id=tap-salesforce
2025-05-25T19:46:55.149512Z [info     ] INFO Lead.JigsawContactId - True cmd_type=elb consumer=False job_name=dev:tap-salesforce-to-target-jsonl name=tap-salesforce producer=True run_id=ee66e65a-862c-44fa-96a4-89ef839448db stdio=stderr string_id=tap-salesforce
2025-05-25T19:46:55.149590Z [info     ] INFO Lead.CleanStatus - True   cmd_type=elb consumer=False job_name=dev:tap-salesforce-to-target-jsonl name=tap-salesforce producer=True run_id=ee66e65a-862c-44fa-96a4-89ef839448db stdio=stderr string_id=tap-salesforce
2025-05-25T19:46:55.149668Z [info     ] INFO Lead.CompanyDunsNumber - True cmd_type=elb consumer=False job_name=dev:tap-salesforce-to-target-jsonl name=tap-salesforce producer=True run_id=ee66e65a-862c-44fa-96a4-89ef839448db stdio=stderr string_id=tap-salesforce
2025-05-25T19:46:55.149749Z [info     ] INFO Lead.DandbCompanyId - True cmd_type=elb consumer=False job_name=dev:tap-salesforce-to-target-jsonl name=tap-salesforce producer=True run_id=ee66e65a-862c-44fa-96a4-89ef839448db stdio=stderr string_id=tap-salesforce
2025-05-25T19:46:55.149828Z [info     ] INFO Lead.EmailBouncedReason - True cmd_type=elb consumer=False job_name=dev:tap-salesforce-to-target-jsonl name=tap-salesforce producer=True run_id=ee66e65a-862c-44fa-96a4-89ef839448db stdio=stderr string_id=tap-salesforce
2025-05-25T19:46:55.149909Z [info     ] INFO Lead.EmailBouncedDate - True cmd_type=elb consumer=False job_name=dev:tap-salesforce-to-target-jsonl name=tap-salesforce producer=True run_id=ee66e65a-862c-44fa-96a4-89ef839448db stdio=stderr string_id=tap-salesforce
2025-05-25T19:46:55.149988Z [info     ] INFO Lead.IndividualId - True  cmd_type=elb consumer=False job_name=dev:tap-salesforce-to-target-jsonl name=tap-salesforce producer=True run_id=ee66e65a-862c-44fa-96a4-89ef839448db stdio=stderr string_id=tap-salesforce
2025-05-25T19:46:55.150068Z [info     ] INFO Lead.IsPriorityRecord - True cmd_type=elb consumer=False job_name=dev:tap-salesforce-to-target-jsonl name=tap-salesforce producer=True run_id=ee66e65a-862c-44fa-96a4-89ef839448db stdio=stderr string_id=tap-salesforce
2025-05-25T19:46:55.150154Z [info     ] INFO Lead.SICCode__c - True    cmd_type=elb consumer=False job_name=dev:tap-salesforce-to-target-jsonl name=tap-salesforce producer=True run_id=ee66e65a-862c-44fa-96a4-89ef839448db stdio=stderr string_id=tap-salesforce
2025-05-25T19:46:55.150237Z [info     ] INFO Lead.ProductInterest__c - True cmd_type=elb consumer=False job_name=dev:tap-salesforce-to-target-jsonl name=tap-salesforce producer=True run_id=ee66e65a-862c-44fa-96a4-89ef839448db stdio=stderr string_id=tap-salesforce
2025-05-25T19:46:55.150316Z [info     ] INFO Lead.Primary__c - True    cmd_type=elb consumer=False job_name=dev:tap-salesforce-to-target-jsonl name=tap-salesforce producer=True run_id=ee66e65a-862c-44fa-96a4-89ef839448db stdio=stderr string_id=tap-salesforce
2025-05-25T19:46:55.150396Z [info     ] INFO Lead.CurrentGenerators__c - True cmd_type=elb consumer=False job_name=dev:tap-salesforce-to-target-jsonl name=tap-salesforce producer=True run_id=ee66e65a-862c-44fa-96a4-89ef839448db stdio=stderr string_id=tap-salesforce
2025-05-25T19:46:55.150475Z [info     ] INFO Lead.NumberofLocations__c - True cmd_type=elb consumer=False job_name=dev:tap-salesforce-to-target-jsonl name=tap-salesforce producer=True run_id=ee66e65a-862c-44fa-96a4-89ef839448db stdio=stderr string_id=tap-salesforce
2025-05-25T19:46:55.150553Z [info     ] INFO Syncing Salesforce data for stream Account cmd_type=elb consumer=False job_name=dev:tap-salesforce-to-target-jsonl name=tap-salesforce producer=True run_id=ee66e65a-862c-44fa-96a4-89ef839448db stdio=stderr string_id=tap-salesforce
2025-05-25T19:46:55.150632Z [info     ] INFO Making GET request to https://orgfarm-b529f752a8-dev-ed.develop.my.salesforce.com/services/data/v60.0/queryAll with params: {'q': 'SELECT Id,IsDeleted,MasterRecordId,Name,Type,ParentId,BillingStreet,BillingCity,BillingState,BillingPostalCode,BillingCountry,BillingStateCode,BillingCountryCode,BillingLatitude,BillingLongitude,BillingGeocodeAccuracy,BillingAddress,ShippingStreet,ShippingCity,ShippingState,ShippingPostalCode,ShippingCountry,ShippingStateCode,ShippingCountryCode,ShippingLatitude,ShippingLongitude,ShippingGeocodeAccuracy,ShippingAddress,Phone,Fax,AccountNumber,Website,PhotoUrl,Sic,Industry,AnnualRevenue,NumberOfEmployees,Ownership,TickerSymbol,Description,Rating,Site,OwnerId,CreatedDate,CreatedById,LastModifiedDate,LastModifiedById,SystemModstamp,LastActivityDate,LastViewedDate,LastReferencedDate,Jigsaw,JigsawCompanyId,CleanStatus,AccountSource,DunsNumber,Tradestyle,NaicsCode,NaicsDesc,YearStarted,SicDesc,DandbCompanyId,OperatingHoursId,CustomerPriority__c,SLA__c,Active__c,NumberofLocations__c,UpsellOpportunity__c,SLASerialNumber__c,SLAExpirationDate__c FROM Account WHERE SystemModstamp >= 2025-05-25T00:00:00+00:00  ORDER BY SystemModstamp ASC'} cmd_type=elb consumer=False job_name=dev:tap-salesforce-to-target-jsonl name=tap-salesforce producer=True run_id=ee66e65a-862c-44fa-96a4-89ef839448db stdio=stderr string_id=tap-salesforce
2025-05-25T19:46:55.151221Z [info     ] INFO Syncing Salesforce data for stream Lead cmd_type=elb consumer=False job_name=dev:tap-salesforce-to-target-jsonl name=tap-salesforce producer=True run_id=ee66e65a-862c-44fa-96a4-89ef839448db stdio=stderr string_id=tap-salesforce
2025-05-25T19:46:55.151330Z [info     ] INFO Making GET request to https://orgfarm-b529f752a8-dev-ed.develop.my.salesforce.com/services/data/v60.0/queryAll with params: {'q': 'SELECT Id,IsDeleted,MasterRecordId,LastName,FirstName,Salutation,Name,Title,Company,Street,City,State,PostalCode,Country,StateCode,CountryCode,Latitude,Longitude,GeocodeAccuracy,Address,Phone,MobilePhone,Fax,Email,Website,PhotoUrl,Description,LeadSource,Status,Industry,Rating,AnnualRevenue,NumberOfEmployees,OwnerId,IsConverted,ConvertedDate,ConvertedAccountId,ConvertedContactId,ConvertedOpportunityId,IsUnreadByOwner,CreatedDate,CreatedById,LastModifiedDate,LastModifiedById,SystemModstamp,LastActivityDate,LastViewedDate,LastReferencedDate,Jigsaw,JigsawContactId,CleanStatus,CompanyDunsNumber,DandbCompanyId,EmailBouncedReason,EmailBouncedDate,IndividualId,IsPriorityRecord,SICCode__c,ProductInterest__c,Primary__c,CurrentGenerators__c,NumberofLocations__c FROM Lead WHERE SystemModstamp >= 2025-05-25T00:00:00+00:00  ORDER BY SystemModstamp ASC'} cmd_type=elb consumer=False job_name=dev:tap-salesforce-to-target-jsonl name=tap-salesforce producer=True run_id=ee66e65a-862c-44fa-96a4-89ef839448db stdio=stderr string_id=tap-salesforce
2025-05-25T19:46:55.386886Z [info     ] INFO Used 8839 of 15000 daily REST API quota cmd_type=elb consumer=False job_name=dev:tap-salesforce-to-target-jsonl name=tap-salesforce producer=True run_id=ee66e65a-862c-44fa-96a4-89ef839448db stdio=stderr string_id=tap-salesforce
2025-05-25T19:46:55.387485Z [info     ] INFO METRIC: {"type": "counter", "metric": "record_count", "value": 0, "tags": {"endpoint": "Account"}} cmd_type=elb consumer=False job_name=dev:tap-salesforce-to-target-jsonl name=tap-salesforce producer=True run_id=ee66e65a-862c-44fa-96a4-89ef839448db stdio=stderr string_id=tap-salesforce
2025-05-25T19:46:55.387745Z [info     ] INFO Completed sync for Account cmd_type=elb consumer=False job_name=dev:tap-salesforce-to-target-jsonl name=tap-salesforce producer=True run_id=ee66e65a-862c-44fa-96a4-89ef839448db stdio=stderr string_id=tap-salesforce
2025-05-25T19:46:55.408664Z [info     ] INFO Used 8839 of 15000 daily REST API quota cmd_type=elb consumer=False job_name=dev:tap-salesforce-to-target-jsonl name=tap-salesforce producer=True run_id=ee66e65a-862c-44fa-96a4-89ef839448db stdio=stderr string_id=tap-salesforce
2025-05-25T19:46:55.409117Z [info     ] INFO METRIC: {"type": "counter", "metric": "record_count", "value": 0, "tags": {"endpoint": "Lead"}} cmd_type=elb consumer=False job_name=dev:tap-salesforce-to-target-jsonl name=tap-salesforce producer=True run_id=ee66e65a-862c-44fa-96a4-89ef839448db stdio=stderr string_id=tap-salesforce
2025-05-25T19:46:55.409333Z [info     ] INFO Completed sync for Lead   cmd_type=elb consumer=False job_name=dev:tap-salesforce-to-target-jsonl name=tap-salesforce producer=True run_id=ee66e65a-862c-44fa-96a4-89ef839448db stdio=stderr string_id=tap-salesforce
2025-05-25T19:46:55.429887Z [info     ] INFO Used 8839 of 15000 daily REST API quota cmd_type=elb consumer=False job_name=dev:tap-salesforce-to-target-jsonl name=tap-salesforce producer=True run_id=ee66e65a-862c-44fa-96a4-89ef839448db stdio=stderr string_id=tap-salesforce
2025-05-25T19:46:55.430302Z [info     ] INFO METRIC: {"type": "counter", "metric": "record_count", "value": 0, "tags": {"endpoint": "Contact"}} cmd_type=elb consumer=False job_name=dev:tap-salesforce-to-target-jsonl name=tap-salesforce producer=True run_id=ee66e65a-862c-44fa-96a4-89ef839448db stdio=stderr string_id=tap-salesforce
2025-05-25T19:46:55.430485Z [info     ] INFO Completed sync for Contact cmd_type=elb consumer=False job_name=dev:tap-salesforce-to-target-jsonl name=tap-salesforce producer=True run_id=ee66e65a-862c-44fa-96a4-89ef839448db stdio=stderr string_id=tap-salesforce
2025-05-25T19:46:55.430770Z [info     ] INFO Finished sync             cmd_type=elb consumer=False job_name=dev:tap-salesforce-to-target-jsonl name=tap-salesforce producer=True run_id=ee66e65a-862c-44fa-96a4-89ef839448db stdio=stderr string_id=tap-salesforce
2025-05-25T19:46:55.787289Z [info     ] WARNING Unknown message type ACTIVATE_VERSION in message {'type': 'ACTIVATE_VERSION', 'stream': 'Contact', 'version': 1748202415125} cmd_type=elb consumer=True job_name=dev:tap-salesforce-to-target-jsonl name=target-jsonl producer=False run_id=ee66e65a-862c-44fa-96a4-89ef839448db stdio=stderr string_id=target-jsonl
2025-05-25T19:46:55.787635Z [info     ] WARNING Unknown message type ACTIVATE_VERSION in message {'type': 'ACTIVATE_VERSION', 'stream': 'Account', 'version': 1748202415127} cmd_type=elb consumer=True job_name=dev:tap-salesforce-to-target-jsonl name=target-jsonl producer=False run_id=ee66e65a-862c-44fa-96a4-89ef839448db stdio=stderr string_id=target-jsonl
2025-05-25T19:46:55.787938Z [info     ] WARNING Unknown message type ACTIVATE_VERSION in message {'type': 'ACTIVATE_VERSION', 'stream': 'Lead', 'version': 1748202415132} cmd_type=elb consumer=True job_name=dev:tap-salesforce-to-target-jsonl name=target-jsonl producer=False run_id=ee66e65a-862c-44fa-96a4-89ef839448db stdio=stderr string_id=target-jsonl
2025-05-25T19:46:55.798232Z [info     ] Using systemdb state backend
2025-05-25T19:46:55.802182Z [info     ] Incremental state has been updated at 2025-05-25 19:46:55.802162+00:00.
2025-05-25T19:46:55.807717Z [info     ] Block run completed.           block_type=ExtractLoadBlocks err=None set_number=0 success=True
