2025-05-25T20:09:12.148009Z [warning  ] Force option is enabled, ignoring stale job check.
2025-05-25T20:09:12.243270Z [info     ] Using systemdb state backend
2025-05-25T20:09:14.379382Z [info     ] /Users/tim.prudames/analytics/.meltano/extractors/tap-salesforce/venv/lib/python3.9/site-packages/urllib3/__init__.py:35: NotOpenSSLWarning: urllib3 v2 only supports OpenSSL 1.1.1+, currently the 'ssl' module is compiled with 'LibreSSL 2.8.3'. See: https://github.com/urllib3/urllib3/issues/3020 cmd_type=elb consumer=False job_name=dev:tap-salesforce-to-target-jsonl name=tap-salesforce producer=True run_id=61273bd8-2c84-4f0b-833c-b3bf6b75472a stdio=stderr string_id=tap-salesforce
2025-05-25T20:09:14.379729Z [info     ]   warnings.warn(               cmd_type=elb consumer=False job_name=dev:tap-salesforce-to-target-jsonl name=tap-salesforce producer=True run_id=61273bd8-2c84-4f0b-833c-b3bf6b75472a stdio=stderr string_id=tap-salesforce
2025-05-25T20:09:14.516954Z [info     ] INFO Parsed start date '2025-05-25T00:00:00+00:00' from value '2025-05-25' cmd_type=elb consumer=False job_name=dev:tap-salesforce-to-target-jsonl name=tap-salesforce producer=True run_id=61273bd8-2c84-4f0b-833c-b3bf6b75472a stdio=stderr string_id=tap-salesforce
2025-05-25T20:09:14.517229Z [info     ] INFO Attempting login via OAuth2 cmd_type=elb consumer=False job_name=dev:tap-salesforce-to-target-jsonl name=tap-salesforce producer=True run_id=61273bd8-2c84-4f0b-833c-b3bf6b75472a stdio=stderr string_id=tap-salesforce
2025-05-25T20:09:15.031720Z [info     ] INFO OAuth2 login successful   cmd_type=elb consumer=False job_name=dev:tap-salesforce-to-target-jsonl name=tap-salesforce producer=True run_id=61273bd8-2c84-4f0b-833c-b3bf6b75472a stdio=stderr string_id=tap-salesforce
2025-05-25T20:09:15.033271Z [info     ] INFO Starting new login timer  cmd_type=elb consumer=False job_name=dev:tap-salesforce-to-target-jsonl name=tap-salesforce producer=True run_id=61273bd8-2c84-4f0b-833c-b3bf6b75472a stdio=stderr string_id=tap-salesforce
2025-05-25T20:09:15.057383Z [info     ] INFO Starting sync             cmd_type=elb consumer=False job_name=dev:tap-salesforce-to-target-jsonl name=tap-salesforce producer=True run_id=61273bd8-2c84-4f0b-833c-b3bf6b75472a stdio=stderr string_id=tap-salesforce
2025-05-25T20:09:15.103125Z [info     ] INFO Contact: Starting         cmd_type=elb consumer=False job_name=dev:tap-salesforce-to-target-jsonl name=tap-salesforce producer=True run_id=61273bd8-2c84-4f0b-833c-b3bf6b75472a stdio=stderr string_id=tap-salesforce
2025-05-25T20:09:15.103453Z [info     ] INFO Contact.Id - True         cmd_type=elb consumer=False job_name=dev:tap-salesforce-to-target-jsonl name=tap-salesforce producer=True run_id=61273bd8-2c84-4f0b-833c-b3bf6b75472a stdio=stderr string_id=tap-salesforce
2025-05-25T20:09:15.103581Z [info     ] INFO Contact.IsDeleted - True  cmd_type=elb consumer=False job_name=dev:tap-salesforce-to-target-jsonl name=tap-salesforce producer=True run_id=61273bd8-2c84-4f0b-833c-b3bf6b75472a stdio=stderr string_id=tap-salesforce
2025-05-25T20:09:15.103710Z [info     ] INFO Contact.MasterRecordId - True cmd_type=elb consumer=False job_name=dev:tap-salesforce-to-target-jsonl name=tap-salesforce producer=True run_id=61273bd8-2c84-4f0b-833c-b3bf6b75472a stdio=stderr string_id=tap-salesforce
2025-05-25T20:09:15.103830Z [info     ] INFO Contact.AccountId - True  cmd_type=elb consumer=False job_name=dev:tap-salesforce-to-target-jsonl name=tap-salesforce producer=True run_id=61273bd8-2c84-4f0b-833c-b3bf6b75472a stdio=stderr string_id=tap-salesforce
2025-05-25T20:09:15.103932Z [info     ] INFO Contact.LastName - True   cmd_type=elb consumer=False job_name=dev:tap-salesforce-to-target-jsonl name=tap-salesforce producer=True run_id=61273bd8-2c84-4f0b-833c-b3bf6b75472a stdio=stderr string_id=tap-salesforce
2025-05-25T20:09:15.104026Z [info     ] INFO Contact.FirstName - True  cmd_type=elb consumer=False job_name=dev:tap-salesforce-to-target-jsonl name=tap-salesforce producer=True run_id=61273bd8-2c84-4f0b-833c-b3bf6b75472a stdio=stderr string_id=tap-salesforce
2025-05-25T20:09:15.104133Z [info     ] INFO Contact.Salutation - True cmd_type=elb consumer=False job_name=dev:tap-salesforce-to-target-jsonl name=tap-salesforce producer=True run_id=61273bd8-2c84-4f0b-833c-b3bf6b75472a stdio=stderr string_id=tap-salesforce
2025-05-25T20:09:15.104224Z [info     ] INFO Contact.Name - True       cmd_type=elb consumer=False job_name=dev:tap-salesforce-to-target-jsonl name=tap-salesforce producer=True run_id=61273bd8-2c84-4f0b-833c-b3bf6b75472a stdio=stderr string_id=tap-salesforce
2025-05-25T20:09:15.104314Z [info     ] INFO Contact.OtherStreet - True cmd_type=elb consumer=False job_name=dev:tap-salesforce-to-target-jsonl name=tap-salesforce producer=True run_id=61273bd8-2c84-4f0b-833c-b3bf6b75472a stdio=stderr string_id=tap-salesforce
2025-05-25T20:09:15.104402Z [info     ] INFO Contact.OtherCity - True  cmd_type=elb consumer=False job_name=dev:tap-salesforce-to-target-jsonl name=tap-salesforce producer=True run_id=61273bd8-2c84-4f0b-833c-b3bf6b75472a stdio=stderr string_id=tap-salesforce
2025-05-25T20:09:15.104494Z [info     ] INFO Contact.OtherState - True cmd_type=elb consumer=False job_name=dev:tap-salesforce-to-target-jsonl name=tap-salesforce producer=True run_id=61273bd8-2c84-4f0b-833c-b3bf6b75472a stdio=stderr string_id=tap-salesforce
2025-05-25T20:09:15.104582Z [info     ] INFO Contact.OtherPostalCode - True cmd_type=elb consumer=False job_name=dev:tap-salesforce-to-target-jsonl name=tap-salesforce producer=True run_id=61273bd8-2c84-4f0b-833c-b3bf6b75472a stdio=stderr string_id=tap-salesforce
2025-05-25T20:09:15.104669Z [info     ] INFO Contact.OtherCountry - True cmd_type=elb consumer=False job_name=dev:tap-salesforce-to-target-jsonl name=tap-salesforce producer=True run_id=61273bd8-2c84-4f0b-833c-b3bf6b75472a stdio=stderr string_id=tap-salesforce
2025-05-25T20:09:15.104757Z [info     ] INFO Contact.OtherStateCode - True cmd_type=elb consumer=False job_name=dev:tap-salesforce-to-target-jsonl name=tap-salesforce producer=True run_id=61273bd8-2c84-4f0b-833c-b3bf6b75472a stdio=stderr string_id=tap-salesforce
2025-05-25T20:09:15.104845Z [info     ] INFO Contact.OtherCountryCode - True cmd_type=elb consumer=False job_name=dev:tap-salesforce-to-target-jsonl name=tap-salesforce producer=True run_id=61273bd8-2c84-4f0b-833c-b3bf6b75472a stdio=stderr string_id=tap-salesforce
2025-05-25T20:09:15.104931Z [info     ] INFO Contact.OtherLatitude - True cmd_type=elb consumer=False job_name=dev:tap-salesforce-to-target-jsonl name=tap-salesforce producer=True run_id=61273bd8-2c84-4f0b-833c-b3bf6b75472a stdio=stderr string_id=tap-salesforce
2025-05-25T20:09:15.105021Z [info     ] INFO Contact.OtherLongitude - True cmd_type=elb consumer=False job_name=dev:tap-salesforce-to-target-jsonl name=tap-salesforce producer=True run_id=61273bd8-2c84-4f0b-833c-b3bf6b75472a stdio=stderr string_id=tap-salesforce
2025-05-25T20:09:15.105107Z [info     ] INFO Contact.OtherGeocodeAccuracy - True cmd_type=elb consumer=False job_name=dev:tap-salesforce-to-target-jsonl name=tap-salesforce producer=True run_id=61273bd8-2c84-4f0b-833c-b3bf6b75472a stdio=stderr string_id=tap-salesforce
2025-05-25T20:09:15.105192Z [info     ] INFO Contact.OtherAddress - True cmd_type=elb consumer=False job_name=dev:tap-salesforce-to-target-jsonl name=tap-salesforce producer=True run_id=61273bd8-2c84-4f0b-833c-b3bf6b75472a stdio=stderr string_id=tap-salesforce
2025-05-25T20:09:15.105278Z [info     ] INFO Contact.street - True     cmd_type=elb consumer=False job_name=dev:tap-salesforce-to-target-jsonl name=tap-salesforce producer=True run_id=61273bd8-2c84-4f0b-833c-b3bf6b75472a stdio=stderr string_id=tap-salesforce
2025-05-25T20:09:15.105366Z [info     ] INFO Contact.state - True      cmd_type=elb consumer=False job_name=dev:tap-salesforce-to-target-jsonl name=tap-salesforce producer=True run_id=61273bd8-2c84-4f0b-833c-b3bf6b75472a stdio=stderr string_id=tap-salesforce
2025-05-25T20:09:15.105456Z [info     ] INFO Contact.postalCode - True cmd_type=elb consumer=False job_name=dev:tap-salesforce-to-target-jsonl name=tap-salesforce producer=True run_id=61273bd8-2c84-4f0b-833c-b3bf6b75472a stdio=stderr string_id=tap-salesforce
2025-05-25T20:09:15.105549Z [info     ] INFO Contact.city - True       cmd_type=elb consumer=False job_name=dev:tap-salesforce-to-target-jsonl name=tap-salesforce producer=True run_id=61273bd8-2c84-4f0b-833c-b3bf6b75472a stdio=stderr string_id=tap-salesforce
2025-05-25T20:09:15.105655Z [info     ] INFO Contact.country - True    cmd_type=elb consumer=False job_name=dev:tap-salesforce-to-target-jsonl name=tap-salesforce producer=True run_id=61273bd8-2c84-4f0b-833c-b3bf6b75472a stdio=stderr string_id=tap-salesforce
2025-05-25T20:09:15.105749Z [info     ] INFO Contact.longitude - True  cmd_type=elb consumer=False job_name=dev:tap-salesforce-to-target-jsonl name=tap-salesforce producer=True run_id=61273bd8-2c84-4f0b-833c-b3bf6b75472a stdio=stderr string_id=tap-salesforce
2025-05-25T20:09:15.105837Z [info     ] INFO Contact.latitude - True   cmd_type=elb consumer=False job_name=dev:tap-salesforce-to-target-jsonl name=tap-salesforce producer=True run_id=61273bd8-2c84-4f0b-833c-b3bf6b75472a stdio=stderr string_id=tap-salesforce
2025-05-25T20:09:15.105928Z [info     ] INFO Contact.geocodeAccuracy - True cmd_type=elb consumer=False job_name=dev:tap-salesforce-to-target-jsonl name=tap-salesforce producer=True run_id=61273bd8-2c84-4f0b-833c-b3bf6b75472a stdio=stderr string_id=tap-salesforce
2025-05-25T20:09:15.106015Z [info     ] INFO Contact.MailingStreet - True cmd_type=elb consumer=False job_name=dev:tap-salesforce-to-target-jsonl name=tap-salesforce producer=True run_id=61273bd8-2c84-4f0b-833c-b3bf6b75472a stdio=stderr string_id=tap-salesforce
2025-05-25T20:09:15.106101Z [info     ] INFO Contact.MailingCity - True cmd_type=elb consumer=False job_name=dev:tap-salesforce-to-target-jsonl name=tap-salesforce producer=True run_id=61273bd8-2c84-4f0b-833c-b3bf6b75472a stdio=stderr string_id=tap-salesforce
2025-05-25T20:09:15.106188Z [info     ] INFO Contact.MailingState - True cmd_type=elb consumer=False job_name=dev:tap-salesforce-to-target-jsonl name=tap-salesforce producer=True run_id=61273bd8-2c84-4f0b-833c-b3bf6b75472a stdio=stderr string_id=tap-salesforce
2025-05-25T20:09:15.106274Z [info     ] INFO Contact.MailingPostalCode - True cmd_type=elb consumer=False job_name=dev:tap-salesforce-to-target-jsonl name=tap-salesforce producer=True run_id=61273bd8-2c84-4f0b-833c-b3bf6b75472a stdio=stderr string_id=tap-salesforce
2025-05-25T20:09:15.106360Z [info     ] INFO Contact.MailingCountry - True cmd_type=elb consumer=False job_name=dev:tap-salesforce-to-target-jsonl name=tap-salesforce producer=True run_id=61273bd8-2c84-4f0b-833c-b3bf6b75472a stdio=stderr string_id=tap-salesforce
2025-05-25T20:09:15.106447Z [info     ] INFO Contact.MailingStateCode - True cmd_type=elb consumer=False job_name=dev:tap-salesforce-to-target-jsonl name=tap-salesforce producer=True run_id=61273bd8-2c84-4f0b-833c-b3bf6b75472a stdio=stderr string_id=tap-salesforce
2025-05-25T20:09:15.106551Z [info     ] INFO Contact.MailingCountryCode - True cmd_type=elb consumer=False job_name=dev:tap-salesforce-to-target-jsonl name=tap-salesforce producer=True run_id=61273bd8-2c84-4f0b-833c-b3bf6b75472a stdio=stderr string_id=tap-salesforce
2025-05-25T20:09:15.106642Z [info     ] INFO Contact.MailingLatitude - True cmd_type=elb consumer=False job_name=dev:tap-salesforce-to-target-jsonl name=tap-salesforce producer=True run_id=61273bd8-2c84-4f0b-833c-b3bf6b75472a stdio=stderr string_id=tap-salesforce
2025-05-25T20:09:15.106730Z [info     ] INFO Contact.MailingLongitude - True cmd_type=elb consumer=False job_name=dev:tap-salesforce-to-target-jsonl name=tap-salesforce producer=True run_id=61273bd8-2c84-4f0b-833c-b3bf6b75472a stdio=stderr string_id=tap-salesforce
2025-05-25T20:09:15.106816Z [info     ] INFO Contact.MailingGeocodeAccuracy - True cmd_type=elb consumer=False job_name=dev:tap-salesforce-to-target-jsonl name=tap-salesforce producer=True run_id=61273bd8-2c84-4f0b-833c-b3bf6b75472a stdio=stderr string_id=tap-salesforce
2025-05-25T20:09:15.106901Z [info     ] INFO Contact.MailingAddress - True cmd_type=elb consumer=False job_name=dev:tap-salesforce-to-target-jsonl name=tap-salesforce producer=True run_id=61273bd8-2c84-4f0b-833c-b3bf6b75472a stdio=stderr string_id=tap-salesforce
2025-05-25T20:09:15.106993Z [info     ] INFO Contact.street - True     cmd_type=elb consumer=False job_name=dev:tap-salesforce-to-target-jsonl name=tap-salesforce producer=True run_id=61273bd8-2c84-4f0b-833c-b3bf6b75472a stdio=stderr string_id=tap-salesforce
2025-05-25T20:09:15.107079Z [info     ] INFO Contact.state - True      cmd_type=elb consumer=False job_name=dev:tap-salesforce-to-target-jsonl name=tap-salesforce producer=True run_id=61273bd8-2c84-4f0b-833c-b3bf6b75472a stdio=stderr string_id=tap-salesforce
2025-05-25T20:09:15.107164Z [info     ] INFO Contact.postalCode - True cmd_type=elb consumer=False job_name=dev:tap-salesforce-to-target-jsonl name=tap-salesforce producer=True run_id=61273bd8-2c84-4f0b-833c-b3bf6b75472a stdio=stderr string_id=tap-salesforce
2025-05-25T20:09:15.107249Z [info     ] INFO Contact.city - True       cmd_type=elb consumer=False job_name=dev:tap-salesforce-to-target-jsonl name=tap-salesforce producer=True run_id=61273bd8-2c84-4f0b-833c-b3bf6b75472a stdio=stderr string_id=tap-salesforce
2025-05-25T20:09:15.107334Z [info     ] INFO Contact.country - True    cmd_type=elb consumer=False job_name=dev:tap-salesforce-to-target-jsonl name=tap-salesforce producer=True run_id=61273bd8-2c84-4f0b-833c-b3bf6b75472a stdio=stderr string_id=tap-salesforce
2025-05-25T20:09:15.107420Z [info     ] INFO Contact.longitude - True  cmd_type=elb consumer=False job_name=dev:tap-salesforce-to-target-jsonl name=tap-salesforce producer=True run_id=61273bd8-2c84-4f0b-833c-b3bf6b75472a stdio=stderr string_id=tap-salesforce
2025-05-25T20:09:15.107505Z [info     ] INFO Contact.latitude - True   cmd_type=elb consumer=False job_name=dev:tap-salesforce-to-target-jsonl name=tap-salesforce producer=True run_id=61273bd8-2c84-4f0b-833c-b3bf6b75472a stdio=stderr string_id=tap-salesforce
2025-05-25T20:09:15.107590Z [info     ] INFO Contact.geocodeAccuracy - True cmd_type=elb consumer=False job_name=dev:tap-salesforce-to-target-jsonl name=tap-salesforce producer=True run_id=61273bd8-2c84-4f0b-833c-b3bf6b75472a stdio=stderr string_id=tap-salesforce
2025-05-25T20:09:15.107674Z [info     ] INFO Contact.Phone - True      cmd_type=elb consumer=False job_name=dev:tap-salesforce-to-target-jsonl name=tap-salesforce producer=True run_id=61273bd8-2c84-4f0b-833c-b3bf6b75472a stdio=stderr string_id=tap-salesforce
2025-05-25T20:09:15.107759Z [info     ] INFO Contact.Fax - True        cmd_type=elb consumer=False job_name=dev:tap-salesforce-to-target-jsonl name=tap-salesforce producer=True run_id=61273bd8-2c84-4f0b-833c-b3bf6b75472a stdio=stderr string_id=tap-salesforce
2025-05-25T20:09:15.107843Z [info     ] INFO Contact.MobilePhone - True cmd_type=elb consumer=False job_name=dev:tap-salesforce-to-target-jsonl name=tap-salesforce producer=True run_id=61273bd8-2c84-4f0b-833c-b3bf6b75472a stdio=stderr string_id=tap-salesforce
2025-05-25T20:09:15.107928Z [info     ] INFO Contact.HomePhone - True  cmd_type=elb consumer=False job_name=dev:tap-salesforce-to-target-jsonl name=tap-salesforce producer=True run_id=61273bd8-2c84-4f0b-833c-b3bf6b75472a stdio=stderr string_id=tap-salesforce
2025-05-25T20:09:15.108012Z [info     ] INFO Contact.OtherPhone - True cmd_type=elb consumer=False job_name=dev:tap-salesforce-to-target-jsonl name=tap-salesforce producer=True run_id=61273bd8-2c84-4f0b-833c-b3bf6b75472a stdio=stderr string_id=tap-salesforce
2025-05-25T20:09:15.108096Z [info     ] INFO Contact.AssistantPhone - True cmd_type=elb consumer=False job_name=dev:tap-salesforce-to-target-jsonl name=tap-salesforce producer=True run_id=61273bd8-2c84-4f0b-833c-b3bf6b75472a stdio=stderr string_id=tap-salesforce
2025-05-25T20:09:15.108180Z [info     ] INFO Contact.ReportsToId - True cmd_type=elb consumer=False job_name=dev:tap-salesforce-to-target-jsonl name=tap-salesforce producer=True run_id=61273bd8-2c84-4f0b-833c-b3bf6b75472a stdio=stderr string_id=tap-salesforce
2025-05-25T20:09:15.108273Z [info     ] INFO Contact.Email - True      cmd_type=elb consumer=False job_name=dev:tap-salesforce-to-target-jsonl name=tap-salesforce producer=True run_id=61273bd8-2c84-4f0b-833c-b3bf6b75472a stdio=stderr string_id=tap-salesforce
2025-05-25T20:09:15.108359Z [info     ] INFO Contact.Title - True      cmd_type=elb consumer=False job_name=dev:tap-salesforce-to-target-jsonl name=tap-salesforce producer=True run_id=61273bd8-2c84-4f0b-833c-b3bf6b75472a stdio=stderr string_id=tap-salesforce
2025-05-25T20:09:15.108444Z [info     ] INFO Contact.Department - True cmd_type=elb consumer=False job_name=dev:tap-salesforce-to-target-jsonl name=tap-salesforce producer=True run_id=61273bd8-2c84-4f0b-833c-b3bf6b75472a stdio=stderr string_id=tap-salesforce
2025-05-25T20:09:15.108530Z [info     ] INFO Contact.AssistantName - True cmd_type=elb consumer=False job_name=dev:tap-salesforce-to-target-jsonl name=tap-salesforce producer=True run_id=61273bd8-2c84-4f0b-833c-b3bf6b75472a stdio=stderr string_id=tap-salesforce
2025-05-25T20:09:15.108615Z [info     ] INFO Contact.LeadSource - True cmd_type=elb consumer=False job_name=dev:tap-salesforce-to-target-jsonl name=tap-salesforce producer=True run_id=61273bd8-2c84-4f0b-833c-b3bf6b75472a stdio=stderr string_id=tap-salesforce
2025-05-25T20:09:15.108700Z [info     ] INFO Contact.Birthdate - True  cmd_type=elb consumer=False job_name=dev:tap-salesforce-to-target-jsonl name=tap-salesforce producer=True run_id=61273bd8-2c84-4f0b-833c-b3bf6b75472a stdio=stderr string_id=tap-salesforce
2025-05-25T20:09:15.108784Z [info     ] INFO Contact.Description - True cmd_type=elb consumer=False job_name=dev:tap-salesforce-to-target-jsonl name=tap-salesforce producer=True run_id=61273bd8-2c84-4f0b-833c-b3bf6b75472a stdio=stderr string_id=tap-salesforce
2025-05-25T20:09:15.108869Z [info     ] INFO Contact.OwnerId - True    cmd_type=elb consumer=False job_name=dev:tap-salesforce-to-target-jsonl name=tap-salesforce producer=True run_id=61273bd8-2c84-4f0b-833c-b3bf6b75472a stdio=stderr string_id=tap-salesforce
2025-05-25T20:09:15.108954Z [info     ] INFO Contact.CreatedDate - True cmd_type=elb consumer=False job_name=dev:tap-salesforce-to-target-jsonl name=tap-salesforce producer=True run_id=61273bd8-2c84-4f0b-833c-b3bf6b75472a stdio=stderr string_id=tap-salesforce
2025-05-25T20:09:15.109038Z [info     ] INFO Contact.CreatedById - True cmd_type=elb consumer=False job_name=dev:tap-salesforce-to-target-jsonl name=tap-salesforce producer=True run_id=61273bd8-2c84-4f0b-833c-b3bf6b75472a stdio=stderr string_id=tap-salesforce
2025-05-25T20:09:15.109124Z [info     ] INFO Contact.LastModifiedDate - True cmd_type=elb consumer=False job_name=dev:tap-salesforce-to-target-jsonl name=tap-salesforce producer=True run_id=61273bd8-2c84-4f0b-833c-b3bf6b75472a stdio=stderr string_id=tap-salesforce
2025-05-25T20:09:15.109208Z [info     ] INFO Contact.LastModifiedById - True cmd_type=elb consumer=False job_name=dev:tap-salesforce-to-target-jsonl name=tap-salesforce producer=True run_id=61273bd8-2c84-4f0b-833c-b3bf6b75472a stdio=stderr string_id=tap-salesforce
2025-05-25T20:09:15.109292Z [info     ] INFO Contact.SystemModstamp - True cmd_type=elb consumer=False job_name=dev:tap-salesforce-to-target-jsonl name=tap-salesforce producer=True run_id=61273bd8-2c84-4f0b-833c-b3bf6b75472a stdio=stderr string_id=tap-salesforce
2025-05-25T20:09:15.109376Z [info     ] INFO Contact.LastActivityDate - True cmd_type=elb consumer=False job_name=dev:tap-salesforce-to-target-jsonl name=tap-salesforce producer=True run_id=61273bd8-2c84-4f0b-833c-b3bf6b75472a stdio=stderr string_id=tap-salesforce
2025-05-25T20:09:15.109460Z [info     ] INFO Contact.LastCURequestDate - True cmd_type=elb consumer=False job_name=dev:tap-salesforce-to-target-jsonl name=tap-salesforce producer=True run_id=61273bd8-2c84-4f0b-833c-b3bf6b75472a stdio=stderr string_id=tap-salesforce
2025-05-25T20:09:15.109543Z [info     ] INFO Contact.LastCUUpdateDate - True cmd_type=elb consumer=False job_name=dev:tap-salesforce-to-target-jsonl name=tap-salesforce producer=True run_id=61273bd8-2c84-4f0b-833c-b3bf6b75472a stdio=stderr string_id=tap-salesforce
2025-05-25T20:09:15.109633Z [info     ] INFO Contact.LastViewedDate - True cmd_type=elb consumer=False job_name=dev:tap-salesforce-to-target-jsonl name=tap-salesforce producer=True run_id=61273bd8-2c84-4f0b-833c-b3bf6b75472a stdio=stderr string_id=tap-salesforce
2025-05-25T20:09:15.109717Z [info     ] INFO Contact.LastReferencedDate - True cmd_type=elb consumer=False job_name=dev:tap-salesforce-to-target-jsonl name=tap-salesforce producer=True run_id=61273bd8-2c84-4f0b-833c-b3bf6b75472a stdio=stderr string_id=tap-salesforce
2025-05-25T20:09:15.109800Z [info     ] INFO Contact.EmailBouncedReason - True cmd_type=elb consumer=False job_name=dev:tap-salesforce-to-target-jsonl name=tap-salesforce producer=True run_id=61273bd8-2c84-4f0b-833c-b3bf6b75472a stdio=stderr string_id=tap-salesforce
2025-05-25T20:09:15.109880Z [info     ] INFO Contact.EmailBouncedDate - True cmd_type=elb consumer=False job_name=dev:tap-salesforce-to-target-jsonl name=tap-salesforce producer=True run_id=61273bd8-2c84-4f0b-833c-b3bf6b75472a stdio=stderr string_id=tap-salesforce
2025-05-25T20:09:15.109960Z [info     ] INFO Contact.IsEmailBounced - True cmd_type=elb consumer=False job_name=dev:tap-salesforce-to-target-jsonl name=tap-salesforce producer=True run_id=61273bd8-2c84-4f0b-833c-b3bf6b75472a stdio=stderr string_id=tap-salesforce
2025-05-25T20:09:15.110038Z [info     ] INFO Contact.PhotoUrl - True   cmd_type=elb consumer=False job_name=dev:tap-salesforce-to-target-jsonl name=tap-salesforce producer=True run_id=61273bd8-2c84-4f0b-833c-b3bf6b75472a stdio=stderr string_id=tap-salesforce
2025-05-25T20:09:15.110115Z [info     ] INFO Contact.Jigsaw - True     cmd_type=elb consumer=False job_name=dev:tap-salesforce-to-target-jsonl name=tap-salesforce producer=True run_id=61273bd8-2c84-4f0b-833c-b3bf6b75472a stdio=stderr string_id=tap-salesforce
2025-05-25T20:09:15.110193Z [info     ] INFO Contact.JigsawContactId - True cmd_type=elb consumer=False job_name=dev:tap-salesforce-to-target-jsonl name=tap-salesforce producer=True run_id=61273bd8-2c84-4f0b-833c-b3bf6b75472a stdio=stderr string_id=tap-salesforce
2025-05-25T20:09:15.110270Z [info     ] INFO Contact.CleanStatus - True cmd_type=elb consumer=False job_name=dev:tap-salesforce-to-target-jsonl name=tap-salesforce producer=True run_id=61273bd8-2c84-4f0b-833c-b3bf6b75472a stdio=stderr string_id=tap-salesforce
2025-05-25T20:09:15.110347Z [info     ] INFO Contact.IndividualId - True cmd_type=elb consumer=False job_name=dev:tap-salesforce-to-target-jsonl name=tap-salesforce producer=True run_id=61273bd8-2c84-4f0b-833c-b3bf6b75472a stdio=stderr string_id=tap-salesforce
2025-05-25T20:09:15.110424Z [info     ] INFO Contact.IsPriorityRecord - True cmd_type=elb consumer=False job_name=dev:tap-salesforce-to-target-jsonl name=tap-salesforce producer=True run_id=61273bd8-2c84-4f0b-833c-b3bf6b75472a stdio=stderr string_id=tap-salesforce
2025-05-25T20:09:15.110500Z [info     ] INFO Contact.Level__c - True   cmd_type=elb consumer=False job_name=dev:tap-salesforce-to-target-jsonl name=tap-salesforce producer=True run_id=61273bd8-2c84-4f0b-833c-b3bf6b75472a stdio=stderr string_id=tap-salesforce
2025-05-25T20:09:15.110577Z [info     ] INFO Contact.Languages__c - True cmd_type=elb consumer=False job_name=dev:tap-salesforce-to-target-jsonl name=tap-salesforce producer=True run_id=61273bd8-2c84-4f0b-833c-b3bf6b75472a stdio=stderr string_id=tap-salesforce
2025-05-25T20:09:15.110723Z [info     ] INFO Account: Starting         cmd_type=elb consumer=False job_name=dev:tap-salesforce-to-target-jsonl name=tap-salesforce producer=True run_id=61273bd8-2c84-4f0b-833c-b3bf6b75472a stdio=stderr string_id=tap-salesforce
2025-05-25T20:09:15.110811Z [info     ] INFO Account.Id - True         cmd_type=elb consumer=False job_name=dev:tap-salesforce-to-target-jsonl name=tap-salesforce producer=True run_id=61273bd8-2c84-4f0b-833c-b3bf6b75472a stdio=stderr string_id=tap-salesforce
2025-05-25T20:09:15.110890Z [info     ] INFO Account.IsDeleted - True  cmd_type=elb consumer=False job_name=dev:tap-salesforce-to-target-jsonl name=tap-salesforce producer=True run_id=61273bd8-2c84-4f0b-833c-b3bf6b75472a stdio=stderr string_id=tap-salesforce
2025-05-25T20:09:15.110978Z [info     ] INFO Account.MasterRecordId - True cmd_type=elb consumer=False job_name=dev:tap-salesforce-to-target-jsonl name=tap-salesforce producer=True run_id=61273bd8-2c84-4f0b-833c-b3bf6b75472a stdio=stderr string_id=tap-salesforce
2025-05-25T20:09:15.111061Z [info     ] INFO Account.Name - True       cmd_type=elb consumer=False job_name=dev:tap-salesforce-to-target-jsonl name=tap-salesforce producer=True run_id=61273bd8-2c84-4f0b-833c-b3bf6b75472a stdio=stderr string_id=tap-salesforce
2025-05-25T20:09:15.111141Z [info     ] INFO Account.Type - True       cmd_type=elb consumer=False job_name=dev:tap-salesforce-to-target-jsonl name=tap-salesforce producer=True run_id=61273bd8-2c84-4f0b-833c-b3bf6b75472a stdio=stderr string_id=tap-salesforce
2025-05-25T20:09:15.111221Z [info     ] INFO Account.ParentId - True   cmd_type=elb consumer=False job_name=dev:tap-salesforce-to-target-jsonl name=tap-salesforce producer=True run_id=61273bd8-2c84-4f0b-833c-b3bf6b75472a stdio=stderr string_id=tap-salesforce
2025-05-25T20:09:15.111300Z [info     ] INFO Account.BillingStreet - True cmd_type=elb consumer=False job_name=dev:tap-salesforce-to-target-jsonl name=tap-salesforce producer=True run_id=61273bd8-2c84-4f0b-833c-b3bf6b75472a stdio=stderr string_id=tap-salesforce
2025-05-25T20:09:15.111376Z [info     ] INFO Account.BillingCity - True cmd_type=elb consumer=False job_name=dev:tap-salesforce-to-target-jsonl name=tap-salesforce producer=True run_id=61273bd8-2c84-4f0b-833c-b3bf6b75472a stdio=stderr string_id=tap-salesforce
2025-05-25T20:09:15.111452Z [info     ] INFO Account.BillingState - True cmd_type=elb consumer=False job_name=dev:tap-salesforce-to-target-jsonl name=tap-salesforce producer=True run_id=61273bd8-2c84-4f0b-833c-b3bf6b75472a stdio=stderr string_id=tap-salesforce
2025-05-25T20:09:15.111529Z [info     ] INFO Account.BillingPostalCode - True cmd_type=elb consumer=False job_name=dev:tap-salesforce-to-target-jsonl name=tap-salesforce producer=True run_id=61273bd8-2c84-4f0b-833c-b3bf6b75472a stdio=stderr string_id=tap-salesforce
2025-05-25T20:09:15.111605Z [info     ] INFO Account.BillingCountry - True cmd_type=elb consumer=False job_name=dev:tap-salesforce-to-target-jsonl name=tap-salesforce producer=True run_id=61273bd8-2c84-4f0b-833c-b3bf6b75472a stdio=stderr string_id=tap-salesforce
2025-05-25T20:09:15.111681Z [info     ] INFO Account.BillingStateCode - True cmd_type=elb consumer=False job_name=dev:tap-salesforce-to-target-jsonl name=tap-salesforce producer=True run_id=61273bd8-2c84-4f0b-833c-b3bf6b75472a stdio=stderr string_id=tap-salesforce
2025-05-25T20:09:15.111758Z [info     ] INFO Account.BillingCountryCode - True cmd_type=elb consumer=False job_name=dev:tap-salesforce-to-target-jsonl name=tap-salesforce producer=True run_id=61273bd8-2c84-4f0b-833c-b3bf6b75472a stdio=stderr string_id=tap-salesforce
2025-05-25T20:09:15.111834Z [info     ] INFO Account.BillingLatitude - True cmd_type=elb consumer=False job_name=dev:tap-salesforce-to-target-jsonl name=tap-salesforce producer=True run_id=61273bd8-2c84-4f0b-833c-b3bf6b75472a stdio=stderr string_id=tap-salesforce
2025-05-25T20:09:15.111924Z [info     ] INFO Account.BillingLongitude - True cmd_type=elb consumer=False job_name=dev:tap-salesforce-to-target-jsonl name=tap-salesforce producer=True run_id=61273bd8-2c84-4f0b-833c-b3bf6b75472a stdio=stderr string_id=tap-salesforce
2025-05-25T20:09:15.112001Z [info     ] INFO Account.BillingGeocodeAccuracy - True cmd_type=elb consumer=False job_name=dev:tap-salesforce-to-target-jsonl name=tap-salesforce producer=True run_id=61273bd8-2c84-4f0b-833c-b3bf6b75472a stdio=stderr string_id=tap-salesforce
2025-05-25T20:09:15.112078Z [info     ] INFO Account.BillingAddress - True cmd_type=elb consumer=False job_name=dev:tap-salesforce-to-target-jsonl name=tap-salesforce producer=True run_id=61273bd8-2c84-4f0b-833c-b3bf6b75472a stdio=stderr string_id=tap-salesforce
2025-05-25T20:09:15.112158Z [info     ] INFO Account.street - True     cmd_type=elb consumer=False job_name=dev:tap-salesforce-to-target-jsonl name=tap-salesforce producer=True run_id=61273bd8-2c84-4f0b-833c-b3bf6b75472a stdio=stderr string_id=tap-salesforce
2025-05-25T20:09:15.112236Z [info     ] INFO Account.state - True      cmd_type=elb consumer=False job_name=dev:tap-salesforce-to-target-jsonl name=tap-salesforce producer=True run_id=61273bd8-2c84-4f0b-833c-b3bf6b75472a stdio=stderr string_id=tap-salesforce
2025-05-25T20:09:15.112312Z [info     ] INFO Account.postalCode - True cmd_type=elb consumer=False job_name=dev:tap-salesforce-to-target-jsonl name=tap-salesforce producer=True run_id=61273bd8-2c84-4f0b-833c-b3bf6b75472a stdio=stderr string_id=tap-salesforce
2025-05-25T20:09:15.112388Z [info     ] INFO Account.city - True       cmd_type=elb consumer=False job_name=dev:tap-salesforce-to-target-jsonl name=tap-salesforce producer=True run_id=61273bd8-2c84-4f0b-833c-b3bf6b75472a stdio=stderr string_id=tap-salesforce
2025-05-25T20:09:15.112467Z [info     ] INFO Account.country - True    cmd_type=elb consumer=False job_name=dev:tap-salesforce-to-target-jsonl name=tap-salesforce producer=True run_id=61273bd8-2c84-4f0b-833c-b3bf6b75472a stdio=stderr string_id=tap-salesforce
2025-05-25T20:09:15.112545Z [info     ] INFO Account.longitude - True  cmd_type=elb consumer=False job_name=dev:tap-salesforce-to-target-jsonl name=tap-salesforce producer=True run_id=61273bd8-2c84-4f0b-833c-b3bf6b75472a stdio=stderr string_id=tap-salesforce
2025-05-25T20:09:15.112620Z [info     ] INFO Account.latitude - True   cmd_type=elb consumer=False job_name=dev:tap-salesforce-to-target-jsonl name=tap-salesforce producer=True run_id=61273bd8-2c84-4f0b-833c-b3bf6b75472a stdio=stderr string_id=tap-salesforce
2025-05-25T20:09:15.112696Z [info     ] INFO Account.geocodeAccuracy - True cmd_type=elb consumer=False job_name=dev:tap-salesforce-to-target-jsonl name=tap-salesforce producer=True run_id=61273bd8-2c84-4f0b-833c-b3bf6b75472a stdio=stderr string_id=tap-salesforce
2025-05-25T20:09:15.112772Z [info     ] INFO Account.ShippingStreet - True cmd_type=elb consumer=False job_name=dev:tap-salesforce-to-target-jsonl name=tap-salesforce producer=True run_id=61273bd8-2c84-4f0b-833c-b3bf6b75472a stdio=stderr string_id=tap-salesforce
2025-05-25T20:09:15.112848Z [info     ] INFO Account.ShippingCity - True cmd_type=elb consumer=False job_name=dev:tap-salesforce-to-target-jsonl name=tap-salesforce producer=True run_id=61273bd8-2c84-4f0b-833c-b3bf6b75472a stdio=stderr string_id=tap-salesforce
2025-05-25T20:09:15.112924Z [info     ] INFO Account.ShippingState - True cmd_type=elb consumer=False job_name=dev:tap-salesforce-to-target-jsonl name=tap-salesforce producer=True run_id=61273bd8-2c84-4f0b-833c-b3bf6b75472a stdio=stderr string_id=tap-salesforce
2025-05-25T20:09:15.113000Z [info     ] INFO Account.ShippingPostalCode - True cmd_type=elb consumer=False job_name=dev:tap-salesforce-to-target-jsonl name=tap-salesforce producer=True run_id=61273bd8-2c84-4f0b-833c-b3bf6b75472a stdio=stderr string_id=tap-salesforce
2025-05-25T20:09:15.113075Z [info     ] INFO Account.ShippingCountry - True cmd_type=elb consumer=False job_name=dev:tap-salesforce-to-target-jsonl name=tap-salesforce producer=True run_id=61273bd8-2c84-4f0b-833c-b3bf6b75472a stdio=stderr string_id=tap-salesforce
2025-05-25T20:09:15.113151Z [info     ] INFO Account.ShippingStateCode - True cmd_type=elb consumer=False job_name=dev:tap-salesforce-to-target-jsonl name=tap-salesforce producer=True run_id=61273bd8-2c84-4f0b-833c-b3bf6b75472a stdio=stderr string_id=tap-salesforce
2025-05-25T20:09:15.113228Z [info     ] INFO Account.ShippingCountryCode - True cmd_type=elb consumer=False job_name=dev:tap-salesforce-to-target-jsonl name=tap-salesforce producer=True run_id=61273bd8-2c84-4f0b-833c-b3bf6b75472a stdio=stderr string_id=tap-salesforce
2025-05-25T20:09:15.113303Z [info     ] INFO Account.ShippingLatitude - True cmd_type=elb consumer=False job_name=dev:tap-salesforce-to-target-jsonl name=tap-salesforce producer=True run_id=61273bd8-2c84-4f0b-833c-b3bf6b75472a stdio=stderr string_id=tap-salesforce
2025-05-25T20:09:15.113387Z [info     ] INFO Account.ShippingLongitude - True cmd_type=elb consumer=False job_name=dev:tap-salesforce-to-target-jsonl name=tap-salesforce producer=True run_id=61273bd8-2c84-4f0b-833c-b3bf6b75472a stdio=stderr string_id=tap-salesforce
2025-05-25T20:09:15.113463Z [info     ] INFO Account.ShippingGeocodeAccuracy - True cmd_type=elb consumer=False job_name=dev:tap-salesforce-to-target-jsonl name=tap-salesforce producer=True run_id=61273bd8-2c84-4f0b-833c-b3bf6b75472a stdio=stderr string_id=tap-salesforce
2025-05-25T20:09:15.113539Z [info     ] INFO Account.ShippingAddress - True cmd_type=elb consumer=False job_name=dev:tap-salesforce-to-target-jsonl name=tap-salesforce producer=True run_id=61273bd8-2c84-4f0b-833c-b3bf6b75472a stdio=stderr string_id=tap-salesforce
2025-05-25T20:09:15.113615Z [info     ] INFO Account.street - True     cmd_type=elb consumer=False job_name=dev:tap-salesforce-to-target-jsonl name=tap-salesforce producer=True run_id=61273bd8-2c84-4f0b-833c-b3bf6b75472a stdio=stderr string_id=tap-salesforce
2025-05-25T20:09:15.113691Z [info     ] INFO Account.state - True      cmd_type=elb consumer=False job_name=dev:tap-salesforce-to-target-jsonl name=tap-salesforce producer=True run_id=61273bd8-2c84-4f0b-833c-b3bf6b75472a stdio=stderr string_id=tap-salesforce
2025-05-25T20:09:15.113767Z [info     ] INFO Account.postalCode - True cmd_type=elb consumer=False job_name=dev:tap-salesforce-to-target-jsonl name=tap-salesforce producer=True run_id=61273bd8-2c84-4f0b-833c-b3bf6b75472a stdio=stderr string_id=tap-salesforce
2025-05-25T20:09:15.113843Z [info     ] INFO Account.city - True       cmd_type=elb consumer=False job_name=dev:tap-salesforce-to-target-jsonl name=tap-salesforce producer=True run_id=61273bd8-2c84-4f0b-833c-b3bf6b75472a stdio=stderr string_id=tap-salesforce
2025-05-25T20:09:15.113919Z [info     ] INFO Account.country - True    cmd_type=elb consumer=False job_name=dev:tap-salesforce-to-target-jsonl name=tap-salesforce producer=True run_id=61273bd8-2c84-4f0b-833c-b3bf6b75472a stdio=stderr string_id=tap-salesforce
2025-05-25T20:09:15.113996Z [info     ] INFO Account.longitude - True  cmd_type=elb consumer=False job_name=dev:tap-salesforce-to-target-jsonl name=tap-salesforce producer=True run_id=61273bd8-2c84-4f0b-833c-b3bf6b75472a stdio=stderr string_id=tap-salesforce
2025-05-25T20:09:15.114071Z [info     ] INFO Account.latitude - True   cmd_type=elb consumer=False job_name=dev:tap-salesforce-to-target-jsonl name=tap-salesforce producer=True run_id=61273bd8-2c84-4f0b-833c-b3bf6b75472a stdio=stderr string_id=tap-salesforce
2025-05-25T20:09:15.114147Z [info     ] INFO Account.geocodeAccuracy - True cmd_type=elb consumer=False job_name=dev:tap-salesforce-to-target-jsonl name=tap-salesforce producer=True run_id=61273bd8-2c84-4f0b-833c-b3bf6b75472a stdio=stderr string_id=tap-salesforce
2025-05-25T20:09:15.114223Z [info     ] INFO Account.Phone - True      cmd_type=elb consumer=False job_name=dev:tap-salesforce-to-target-jsonl name=tap-salesforce producer=True run_id=61273bd8-2c84-4f0b-833c-b3bf6b75472a stdio=stderr string_id=tap-salesforce
2025-05-25T20:09:15.114299Z [info     ] INFO Account.Fax - True        cmd_type=elb consumer=False job_name=dev:tap-salesforce-to-target-jsonl name=tap-salesforce producer=True run_id=61273bd8-2c84-4f0b-833c-b3bf6b75472a stdio=stderr string_id=tap-salesforce
2025-05-25T20:09:15.114375Z [info     ] INFO Account.AccountNumber - True cmd_type=elb consumer=False job_name=dev:tap-salesforce-to-target-jsonl name=tap-salesforce producer=True run_id=61273bd8-2c84-4f0b-833c-b3bf6b75472a stdio=stderr string_id=tap-salesforce
2025-05-25T20:09:15.114451Z [info     ] INFO Account.Website - True    cmd_type=elb consumer=False job_name=dev:tap-salesforce-to-target-jsonl name=tap-salesforce producer=True run_id=61273bd8-2c84-4f0b-833c-b3bf6b75472a stdio=stderr string_id=tap-salesforce
2025-05-25T20:09:15.114527Z [info     ] INFO Account.PhotoUrl - True   cmd_type=elb consumer=False job_name=dev:tap-salesforce-to-target-jsonl name=tap-salesforce producer=True run_id=61273bd8-2c84-4f0b-833c-b3bf6b75472a stdio=stderr string_id=tap-salesforce
2025-05-25T20:09:15.114607Z [info     ] INFO Account.Sic - True        cmd_type=elb consumer=False job_name=dev:tap-salesforce-to-target-jsonl name=tap-salesforce producer=True run_id=61273bd8-2c84-4f0b-833c-b3bf6b75472a stdio=stderr string_id=tap-salesforce
2025-05-25T20:09:15.114683Z [info     ] INFO Account.Industry - True   cmd_type=elb consumer=False job_name=dev:tap-salesforce-to-target-jsonl name=tap-salesforce producer=True run_id=61273bd8-2c84-4f0b-833c-b3bf6b75472a stdio=stderr string_id=tap-salesforce
2025-05-25T20:09:15.114759Z [info     ] INFO Account.AnnualRevenue - True cmd_type=elb consumer=False job_name=dev:tap-salesforce-to-target-jsonl name=tap-salesforce producer=True run_id=61273bd8-2c84-4f0b-833c-b3bf6b75472a stdio=stderr string_id=tap-salesforce
2025-05-25T20:09:15.114834Z [info     ] INFO Account.NumberOfEmployees - True cmd_type=elb consumer=False job_name=dev:tap-salesforce-to-target-jsonl name=tap-salesforce producer=True run_id=61273bd8-2c84-4f0b-833c-b3bf6b75472a stdio=stderr string_id=tap-salesforce
2025-05-25T20:09:15.114909Z [info     ] INFO Account.Ownership - True  cmd_type=elb consumer=False job_name=dev:tap-salesforce-to-target-jsonl name=tap-salesforce producer=True run_id=61273bd8-2c84-4f0b-833c-b3bf6b75472a stdio=stderr string_id=tap-salesforce
2025-05-25T20:09:15.114985Z [info     ] INFO Account.TickerSymbol - True cmd_type=elb consumer=False job_name=dev:tap-salesforce-to-target-jsonl name=tap-salesforce producer=True run_id=61273bd8-2c84-4f0b-833c-b3bf6b75472a stdio=stderr string_id=tap-salesforce
2025-05-25T20:09:15.115061Z [info     ] INFO Account.Description - True cmd_type=elb consumer=False job_name=dev:tap-salesforce-to-target-jsonl name=tap-salesforce producer=True run_id=61273bd8-2c84-4f0b-833c-b3bf6b75472a stdio=stderr string_id=tap-salesforce
2025-05-25T20:09:15.115137Z [info     ] INFO Account.Rating - True     cmd_type=elb consumer=False job_name=dev:tap-salesforce-to-target-jsonl name=tap-salesforce producer=True run_id=61273bd8-2c84-4f0b-833c-b3bf6b75472a stdio=stderr string_id=tap-salesforce
2025-05-25T20:09:15.115213Z [info     ] INFO Account.Site - True       cmd_type=elb consumer=False job_name=dev:tap-salesforce-to-target-jsonl name=tap-salesforce producer=True run_id=61273bd8-2c84-4f0b-833c-b3bf6b75472a stdio=stderr string_id=tap-salesforce
2025-05-25T20:09:15.115288Z [info     ] INFO Account.OwnerId - True    cmd_type=elb consumer=False job_name=dev:tap-salesforce-to-target-jsonl name=tap-salesforce producer=True run_id=61273bd8-2c84-4f0b-833c-b3bf6b75472a stdio=stderr string_id=tap-salesforce
2025-05-25T20:09:15.115365Z [info     ] INFO Account.CreatedDate - True cmd_type=elb consumer=False job_name=dev:tap-salesforce-to-target-jsonl name=tap-salesforce producer=True run_id=61273bd8-2c84-4f0b-833c-b3bf6b75472a stdio=stderr string_id=tap-salesforce
2025-05-25T20:09:15.115443Z [info     ] INFO Account.CreatedById - True cmd_type=elb consumer=False job_name=dev:tap-salesforce-to-target-jsonl name=tap-salesforce producer=True run_id=61273bd8-2c84-4f0b-833c-b3bf6b75472a stdio=stderr string_id=tap-salesforce
2025-05-25T20:09:15.115520Z [info     ] INFO Account.LastModifiedDate - True cmd_type=elb consumer=False job_name=dev:tap-salesforce-to-target-jsonl name=tap-salesforce producer=True run_id=61273bd8-2c84-4f0b-833c-b3bf6b75472a stdio=stderr string_id=tap-salesforce
2025-05-25T20:09:15.115596Z [info     ] INFO Account.LastModifiedById - True cmd_type=elb consumer=False job_name=dev:tap-salesforce-to-target-jsonl name=tap-salesforce producer=True run_id=61273bd8-2c84-4f0b-833c-b3bf6b75472a stdio=stderr string_id=tap-salesforce
2025-05-25T20:09:15.115673Z [info     ] INFO Account.SystemModstamp - True cmd_type=elb consumer=False job_name=dev:tap-salesforce-to-target-jsonl name=tap-salesforce producer=True run_id=61273bd8-2c84-4f0b-833c-b3bf6b75472a stdio=stderr string_id=tap-salesforce
2025-05-25T20:09:15.115754Z [info     ] INFO Account.LastActivityDate - True cmd_type=elb consumer=False job_name=dev:tap-salesforce-to-target-jsonl name=tap-salesforce producer=True run_id=61273bd8-2c84-4f0b-833c-b3bf6b75472a stdio=stderr string_id=tap-salesforce
2025-05-25T20:09:15.115830Z [info     ] INFO Account.LastViewedDate - True cmd_type=elb consumer=False job_name=dev:tap-salesforce-to-target-jsonl name=tap-salesforce producer=True run_id=61273bd8-2c84-4f0b-833c-b3bf6b75472a stdio=stderr string_id=tap-salesforce
2025-05-25T20:09:15.115909Z [info     ] INFO Account.LastReferencedDate - True cmd_type=elb consumer=False job_name=dev:tap-salesforce-to-target-jsonl name=tap-salesforce producer=True run_id=61273bd8-2c84-4f0b-833c-b3bf6b75472a stdio=stderr string_id=tap-salesforce
2025-05-25T20:09:15.115989Z [info     ] INFO Account.Jigsaw - True     cmd_type=elb consumer=False job_name=dev:tap-salesforce-to-target-jsonl name=tap-salesforce producer=True run_id=61273bd8-2c84-4f0b-833c-b3bf6b75472a stdio=stderr string_id=tap-salesforce
2025-05-25T20:09:15.116065Z [info     ] INFO Account.JigsawCompanyId - True cmd_type=elb consumer=False job_name=dev:tap-salesforce-to-target-jsonl name=tap-salesforce producer=True run_id=61273bd8-2c84-4f0b-833c-b3bf6b75472a stdio=stderr string_id=tap-salesforce
2025-05-25T20:09:15.116140Z [info     ] INFO Account.CleanStatus - True cmd_type=elb consumer=False job_name=dev:tap-salesforce-to-target-jsonl name=tap-salesforce producer=True run_id=61273bd8-2c84-4f0b-833c-b3bf6b75472a stdio=stderr string_id=tap-salesforce
2025-05-25T20:09:15.116216Z [info     ] INFO Account.AccountSource - True cmd_type=elb consumer=False job_name=dev:tap-salesforce-to-target-jsonl name=tap-salesforce producer=True run_id=61273bd8-2c84-4f0b-833c-b3bf6b75472a stdio=stderr string_id=tap-salesforce
2025-05-25T20:09:15.116292Z [info     ] INFO Account.DunsNumber - True cmd_type=elb consumer=False job_name=dev:tap-salesforce-to-target-jsonl name=tap-salesforce producer=True run_id=61273bd8-2c84-4f0b-833c-b3bf6b75472a stdio=stderr string_id=tap-salesforce
2025-05-25T20:09:15.116368Z [info     ] INFO Account.Tradestyle - True cmd_type=elb consumer=False job_name=dev:tap-salesforce-to-target-jsonl name=tap-salesforce producer=True run_id=61273bd8-2c84-4f0b-833c-b3bf6b75472a stdio=stderr string_id=tap-salesforce
2025-05-25T20:09:15.116444Z [info     ] INFO Account.NaicsCode - True  cmd_type=elb consumer=False job_name=dev:tap-salesforce-to-target-jsonl name=tap-salesforce producer=True run_id=61273bd8-2c84-4f0b-833c-b3bf6b75472a stdio=stderr string_id=tap-salesforce
2025-05-25T20:09:15.116520Z [info     ] INFO Syncing Salesforce data for stream Contact cmd_type=elb consumer=False job_name=dev:tap-salesforce-to-target-jsonl name=tap-salesforce producer=True run_id=61273bd8-2c84-4f0b-833c-b3bf6b75472a stdio=stderr string_id=tap-salesforce
2025-05-25T20:09:15.116597Z [info     ] INFO Making GET request to https://orgfarm-b529f752a8-dev-ed.develop.my.salesforce.com/services/data/v60.0/queryAll with params: {'q': 'SELECT Id,IsDeleted,MasterRecordId,AccountId,LastName,FirstName,Salutation,Name,OtherStreet,OtherCity,OtherState,OtherPostalCode,OtherCountry,OtherStateCode,OtherCountryCode,OtherLatitude,OtherLongitude,OtherGeocodeAccuracy,OtherAddress,MailingStreet,MailingCity,MailingState,MailingPostalCode,MailingCountry,MailingStateCode,MailingCountryCode,MailingLatitude,MailingLongitude,MailingGeocodeAccuracy,MailingAddress,Phone,Fax,MobilePhone,HomePhone,OtherPhone,AssistantPhone,ReportsToId,Email,Title,Department,AssistantName,LeadSource,Birthdate,Description,OwnerId,CreatedDate,CreatedById,LastModifiedDate,LastModifiedById,SystemModstamp,LastActivityDate,LastCURequestDate,LastCUUpdateDate,LastViewedDate,LastReferencedDate,EmailBouncedReason,EmailBouncedDate,IsEmailBounced,PhotoUrl,Jigsaw,JigsawContactId,CleanStatus,IndividualId,IsPriorityRecord,Level__c,Languages__c FROM Contact WHERE SystemModstamp >= 2025-05-25T00:00:00+00:00  ORDER BY SystemModstamp ASC'} cmd_type=elb consumer=False job_name=dev:tap-salesforce-to-target-jsonl name=tap-salesforce producer=True run_id=61273bd8-2c84-4f0b-833c-b3bf6b75472a stdio=stderr string_id=tap-salesforce
2025-05-25T20:09:15.116681Z [info     ] INFO Account.NaicsDesc - True  cmd_type=elb consumer=False job_name=dev:tap-salesforce-to-target-jsonl name=tap-salesforce producer=True run_id=61273bd8-2c84-4f0b-833c-b3bf6b75472a stdio=stderr string_id=tap-salesforce
2025-05-25T20:09:15.116758Z [info     ] INFO Account.YearStarted - True cmd_type=elb consumer=False job_name=dev:tap-salesforce-to-target-jsonl name=tap-salesforce producer=True run_id=61273bd8-2c84-4f0b-833c-b3bf6b75472a stdio=stderr string_id=tap-salesforce
2025-05-25T20:09:15.116835Z [info     ] INFO Account.SicDesc - True    cmd_type=elb consumer=False job_name=dev:tap-salesforce-to-target-jsonl name=tap-salesforce producer=True run_id=61273bd8-2c84-4f0b-833c-b3bf6b75472a stdio=stderr string_id=tap-salesforce
2025-05-25T20:09:15.116911Z [info     ] INFO Account.DandbCompanyId - True cmd_type=elb consumer=False job_name=dev:tap-salesforce-to-target-jsonl name=tap-salesforce producer=True run_id=61273bd8-2c84-4f0b-833c-b3bf6b75472a stdio=stderr string_id=tap-salesforce
2025-05-25T20:09:15.116986Z [info     ] INFO Account.OperatingHoursId - True cmd_type=elb consumer=False job_name=dev:tap-salesforce-to-target-jsonl name=tap-salesforce producer=True run_id=61273bd8-2c84-4f0b-833c-b3bf6b75472a stdio=stderr string_id=tap-salesforce
2025-05-25T20:09:15.117061Z [info     ] INFO Account.CustomerPriority__c - True cmd_type=elb consumer=False job_name=dev:tap-salesforce-to-target-jsonl name=tap-salesforce producer=True run_id=61273bd8-2c84-4f0b-833c-b3bf6b75472a stdio=stderr string_id=tap-salesforce
2025-05-25T20:09:15.117136Z [info     ] INFO Account.SLA__c - True     cmd_type=elb consumer=False job_name=dev:tap-salesforce-to-target-jsonl name=tap-salesforce producer=True run_id=61273bd8-2c84-4f0b-833c-b3bf6b75472a stdio=stderr string_id=tap-salesforce
2025-05-25T20:09:15.117212Z [info     ] INFO Account.Active__c - True  cmd_type=elb consumer=False job_name=dev:tap-salesforce-to-target-jsonl name=tap-salesforce producer=True run_id=61273bd8-2c84-4f0b-833c-b3bf6b75472a stdio=stderr string_id=tap-salesforce
2025-05-25T20:09:15.117287Z [info     ] INFO Account.NumberofLocations__c - True cmd_type=elb consumer=False job_name=dev:tap-salesforce-to-target-jsonl name=tap-salesforce producer=True run_id=61273bd8-2c84-4f0b-833c-b3bf6b75472a stdio=stderr string_id=tap-salesforce
2025-05-25T20:09:15.117362Z [info     ] INFO Account.UpsellOpportunity__c - True cmd_type=elb consumer=False job_name=dev:tap-salesforce-to-target-jsonl name=tap-salesforce producer=True run_id=61273bd8-2c84-4f0b-833c-b3bf6b75472a stdio=stderr string_id=tap-salesforce
2025-05-25T20:09:15.117438Z [info     ] INFO Account.SLASerialNumber__c - True cmd_type=elb consumer=False job_name=dev:tap-salesforce-to-target-jsonl name=tap-salesforce producer=True run_id=61273bd8-2c84-4f0b-833c-b3bf6b75472a stdio=stderr string_id=tap-salesforce
2025-05-25T20:09:15.117513Z [info     ] INFO Account.SLAExpirationDate__c - True cmd_type=elb consumer=False job_name=dev:tap-salesforce-to-target-jsonl name=tap-salesforce producer=True run_id=61273bd8-2c84-4f0b-833c-b3bf6b75472a stdio=stderr string_id=tap-salesforce
2025-05-25T20:09:15.117588Z [info     ] INFO Syncing Salesforce data for stream Account cmd_type=elb consumer=False job_name=dev:tap-salesforce-to-target-jsonl name=tap-salesforce producer=True run_id=61273bd8-2c84-4f0b-833c-b3bf6b75472a stdio=stderr string_id=tap-salesforce
2025-05-25T20:09:15.117665Z [info     ] INFO Making GET request to https://orgfarm-b529f752a8-dev-ed.develop.my.salesforce.com/services/data/v60.0/queryAll with params: {'q': 'SELECT Id,IsDeleted,MasterRecordId,Name,Type,ParentId,BillingStreet,BillingCity,BillingState,BillingPostalCode,BillingCountry,BillingStateCode,BillingCountryCode,BillingLatitude,BillingLongitude,BillingGeocodeAccuracy,BillingAddress,ShippingStreet,ShippingCity,ShippingState,ShippingPostalCode,ShippingCountry,ShippingStateCode,ShippingCountryCode,ShippingLatitude,ShippingLongitude,ShippingGeocodeAccuracy,ShippingAddress,Phone,Fax,AccountNumber,Website,PhotoUrl,Sic,Industry,AnnualRevenue,NumberOfEmployees,Ownership,TickerSymbol,Description,Rating,Site,OwnerId,CreatedDate,CreatedById,LastModifiedDate,LastModifiedById,SystemModstamp,LastActivityDate,LastViewedDate,LastReferencedDate,Jigsaw,JigsawCompanyId,CleanStatus,AccountSource,DunsNumber,Tradestyle,NaicsCode,NaicsDesc,YearStarted,SicDesc,DandbCompanyId,OperatingHoursId,CustomerPriority__c,SLA__c,Active__c,NumberofLocations__c,UpsellOpportunity__c,SLASerialNumber__c,SLAExpirationDate__c FROM Account WHERE SystemModstamp >= 2025-05-25T00:00:00+00:00  ORDER BY SystemModstamp ASC'} cmd_type=elb consumer=False job_name=dev:tap-salesforce-to-target-jsonl name=tap-salesforce producer=True run_id=61273bd8-2c84-4f0b-833c-b3bf6b75472a stdio=stderr string_id=tap-salesforce
2025-05-25T20:09:15.117750Z [info     ] INFO Lead: Starting            cmd_type=elb consumer=False job_name=dev:tap-salesforce-to-target-jsonl name=tap-salesforce producer=True run_id=61273bd8-2c84-4f0b-833c-b3bf6b75472a stdio=stderr string_id=tap-salesforce
2025-05-25T20:09:15.117920Z [info     ] INFO Lead.Id - True            cmd_type=elb consumer=False job_name=dev:tap-salesforce-to-target-jsonl name=tap-salesforce producer=True run_id=61273bd8-2c84-4f0b-833c-b3bf6b75472a stdio=stderr string_id=tap-salesforce
2025-05-25T20:09:15.118010Z [info     ] INFO Lead.IsDeleted - True     cmd_type=elb consumer=False job_name=dev:tap-salesforce-to-target-jsonl name=tap-salesforce producer=True run_id=61273bd8-2c84-4f0b-833c-b3bf6b75472a stdio=stderr string_id=tap-salesforce
2025-05-25T20:09:15.118091Z [info     ] INFO Lead.MasterRecordId - True cmd_type=elb consumer=False job_name=dev:tap-salesforce-to-target-jsonl name=tap-salesforce producer=True run_id=61273bd8-2c84-4f0b-833c-b3bf6b75472a stdio=stderr string_id=tap-salesforce
2025-05-25T20:09:15.118169Z [info     ] INFO Lead.LastName - True      cmd_type=elb consumer=False job_name=dev:tap-salesforce-to-target-jsonl name=tap-salesforce producer=True run_id=61273bd8-2c84-4f0b-833c-b3bf6b75472a stdio=stderr string_id=tap-salesforce
2025-05-25T20:09:15.118246Z [info     ] INFO Lead.FirstName - True     cmd_type=elb consumer=False job_name=dev:tap-salesforce-to-target-jsonl name=tap-salesforce producer=True run_id=61273bd8-2c84-4f0b-833c-b3bf6b75472a stdio=stderr string_id=tap-salesforce
2025-05-25T20:09:15.118324Z [info     ] INFO Lead.Salutation - True    cmd_type=elb consumer=False job_name=dev:tap-salesforce-to-target-jsonl name=tap-salesforce producer=True run_id=61273bd8-2c84-4f0b-833c-b3bf6b75472a stdio=stderr string_id=tap-salesforce
2025-05-25T20:09:15.118400Z [info     ] INFO Lead.Name - True          cmd_type=elb consumer=False job_name=dev:tap-salesforce-to-target-jsonl name=tap-salesforce producer=True run_id=61273bd8-2c84-4f0b-833c-b3bf6b75472a stdio=stderr string_id=tap-salesforce
2025-05-25T20:09:15.118477Z [info     ] INFO Lead.Title - True         cmd_type=elb consumer=False job_name=dev:tap-salesforce-to-target-jsonl name=tap-salesforce producer=True run_id=61273bd8-2c84-4f0b-833c-b3bf6b75472a stdio=stderr string_id=tap-salesforce
2025-05-25T20:09:15.118554Z [info     ] INFO Lead.Company - True       cmd_type=elb consumer=False job_name=dev:tap-salesforce-to-target-jsonl name=tap-salesforce producer=True run_id=61273bd8-2c84-4f0b-833c-b3bf6b75472a stdio=stderr string_id=tap-salesforce
2025-05-25T20:09:15.118629Z [info     ] INFO Lead.Street - True        cmd_type=elb consumer=False job_name=dev:tap-salesforce-to-target-jsonl name=tap-salesforce producer=True run_id=61273bd8-2c84-4f0b-833c-b3bf6b75472a stdio=stderr string_id=tap-salesforce
2025-05-25T20:09:15.118706Z [info     ] INFO Lead.City - True          cmd_type=elb consumer=False job_name=dev:tap-salesforce-to-target-jsonl name=tap-salesforce producer=True run_id=61273bd8-2c84-4f0b-833c-b3bf6b75472a stdio=stderr string_id=tap-salesforce
2025-05-25T20:09:15.118786Z [info     ] INFO Lead.State - True         cmd_type=elb consumer=False job_name=dev:tap-salesforce-to-target-jsonl name=tap-salesforce producer=True run_id=61273bd8-2c84-4f0b-833c-b3bf6b75472a stdio=stderr string_id=tap-salesforce
2025-05-25T20:09:15.118867Z [info     ] INFO Lead.PostalCode - True    cmd_type=elb consumer=False job_name=dev:tap-salesforce-to-target-jsonl name=tap-salesforce producer=True run_id=61273bd8-2c84-4f0b-833c-b3bf6b75472a stdio=stderr string_id=tap-salesforce
2025-05-25T20:09:15.118944Z [info     ] INFO Lead.Country - True       cmd_type=elb consumer=False job_name=dev:tap-salesforce-to-target-jsonl name=tap-salesforce producer=True run_id=61273bd8-2c84-4f0b-833c-b3bf6b75472a stdio=stderr string_id=tap-salesforce
2025-05-25T20:09:15.119020Z [info     ] INFO Lead.StateCode - True     cmd_type=elb consumer=False job_name=dev:tap-salesforce-to-target-jsonl name=tap-salesforce producer=True run_id=61273bd8-2c84-4f0b-833c-b3bf6b75472a stdio=stderr string_id=tap-salesforce
2025-05-25T20:09:15.119096Z [info     ] INFO Lead.CountryCode - True   cmd_type=elb consumer=False job_name=dev:tap-salesforce-to-target-jsonl name=tap-salesforce producer=True run_id=61273bd8-2c84-4f0b-833c-b3bf6b75472a stdio=stderr string_id=tap-salesforce
2025-05-25T20:09:15.119172Z [info     ] INFO Lead.Latitude - True      cmd_type=elb consumer=False job_name=dev:tap-salesforce-to-target-jsonl name=tap-salesforce producer=True run_id=61273bd8-2c84-4f0b-833c-b3bf6b75472a stdio=stderr string_id=tap-salesforce
2025-05-25T20:09:15.119248Z [info     ] INFO Lead.Longitude - True     cmd_type=elb consumer=False job_name=dev:tap-salesforce-to-target-jsonl name=tap-salesforce producer=True run_id=61273bd8-2c84-4f0b-833c-b3bf6b75472a stdio=stderr string_id=tap-salesforce
2025-05-25T20:09:15.119324Z [info     ] INFO Lead.GeocodeAccuracy - True cmd_type=elb consumer=False job_name=dev:tap-salesforce-to-target-jsonl name=tap-salesforce producer=True run_id=61273bd8-2c84-4f0b-833c-b3bf6b75472a stdio=stderr string_id=tap-salesforce
2025-05-25T20:09:15.119400Z [info     ] INFO Lead.Address - True       cmd_type=elb consumer=False job_name=dev:tap-salesforce-to-target-jsonl name=tap-salesforce producer=True run_id=61273bd8-2c84-4f0b-833c-b3bf6b75472a stdio=stderr string_id=tap-salesforce
2025-05-25T20:09:15.119476Z [info     ] INFO Lead.street - True        cmd_type=elb consumer=False job_name=dev:tap-salesforce-to-target-jsonl name=tap-salesforce producer=True run_id=61273bd8-2c84-4f0b-833c-b3bf6b75472a stdio=stderr string_id=tap-salesforce
2025-05-25T20:09:15.119552Z [info     ] INFO Lead.state - True         cmd_type=elb consumer=False job_name=dev:tap-salesforce-to-target-jsonl name=tap-salesforce producer=True run_id=61273bd8-2c84-4f0b-833c-b3bf6b75472a stdio=stderr string_id=tap-salesforce
2025-05-25T20:09:15.119628Z [info     ] INFO Lead.postalCode - True    cmd_type=elb consumer=False job_name=dev:tap-salesforce-to-target-jsonl name=tap-salesforce producer=True run_id=61273bd8-2c84-4f0b-833c-b3bf6b75472a stdio=stderr string_id=tap-salesforce
2025-05-25T20:09:15.119705Z [info     ] INFO Lead.city - True          cmd_type=elb consumer=False job_name=dev:tap-salesforce-to-target-jsonl name=tap-salesforce producer=True run_id=61273bd8-2c84-4f0b-833c-b3bf6b75472a stdio=stderr string_id=tap-salesforce
2025-05-25T20:09:15.119780Z [info     ] INFO Lead.country - True       cmd_type=elb consumer=False job_name=dev:tap-salesforce-to-target-jsonl name=tap-salesforce producer=True run_id=61273bd8-2c84-4f0b-833c-b3bf6b75472a stdio=stderr string_id=tap-salesforce
2025-05-25T20:09:15.119856Z [info     ] INFO Lead.longitude - True     cmd_type=elb consumer=False job_name=dev:tap-salesforce-to-target-jsonl name=tap-salesforce producer=True run_id=61273bd8-2c84-4f0b-833c-b3bf6b75472a stdio=stderr string_id=tap-salesforce
2025-05-25T20:09:15.119931Z [info     ] INFO Lead.latitude - True      cmd_type=elb consumer=False job_name=dev:tap-salesforce-to-target-jsonl name=tap-salesforce producer=True run_id=61273bd8-2c84-4f0b-833c-b3bf6b75472a stdio=stderr string_id=tap-salesforce
2025-05-25T20:09:15.120007Z [info     ] INFO Lead.geocodeAccuracy - True cmd_type=elb consumer=False job_name=dev:tap-salesforce-to-target-jsonl name=tap-salesforce producer=True run_id=61273bd8-2c84-4f0b-833c-b3bf6b75472a stdio=stderr string_id=tap-salesforce
2025-05-25T20:09:15.120088Z [info     ] INFO Lead.Phone - True         cmd_type=elb consumer=False job_name=dev:tap-salesforce-to-target-jsonl name=tap-salesforce producer=True run_id=61273bd8-2c84-4f0b-833c-b3bf6b75472a stdio=stderr string_id=tap-salesforce
2025-05-25T20:09:15.120164Z [info     ] INFO Lead.MobilePhone - True   cmd_type=elb consumer=False job_name=dev:tap-salesforce-to-target-jsonl name=tap-salesforce producer=True run_id=61273bd8-2c84-4f0b-833c-b3bf6b75472a stdio=stderr string_id=tap-salesforce
2025-05-25T20:09:15.120240Z [info     ] INFO Lead.Fax - True           cmd_type=elb consumer=False job_name=dev:tap-salesforce-to-target-jsonl name=tap-salesforce producer=True run_id=61273bd8-2c84-4f0b-833c-b3bf6b75472a stdio=stderr string_id=tap-salesforce
2025-05-25T20:09:15.120315Z [info     ] INFO Lead.Email - True         cmd_type=elb consumer=False job_name=dev:tap-salesforce-to-target-jsonl name=tap-salesforce producer=True run_id=61273bd8-2c84-4f0b-833c-b3bf6b75472a stdio=stderr string_id=tap-salesforce
2025-05-25T20:09:15.120391Z [info     ] INFO Lead.Website - True       cmd_type=elb consumer=False job_name=dev:tap-salesforce-to-target-jsonl name=tap-salesforce producer=True run_id=61273bd8-2c84-4f0b-833c-b3bf6b75472a stdio=stderr string_id=tap-salesforce
2025-05-25T20:09:15.120466Z [info     ] INFO Lead.PhotoUrl - True      cmd_type=elb consumer=False job_name=dev:tap-salesforce-to-target-jsonl name=tap-salesforce producer=True run_id=61273bd8-2c84-4f0b-833c-b3bf6b75472a stdio=stderr string_id=tap-salesforce
2025-05-25T20:09:15.120542Z [info     ] INFO Lead.Description - True   cmd_type=elb consumer=False job_name=dev:tap-salesforce-to-target-jsonl name=tap-salesforce producer=True run_id=61273bd8-2c84-4f0b-833c-b3bf6b75472a stdio=stderr string_id=tap-salesforce
2025-05-25T20:09:15.120617Z [info     ] INFO Lead.LeadSource - True    cmd_type=elb consumer=False job_name=dev:tap-salesforce-to-target-jsonl name=tap-salesforce producer=True run_id=61273bd8-2c84-4f0b-833c-b3bf6b75472a stdio=stderr string_id=tap-salesforce
2025-05-25T20:09:15.120696Z [info     ] INFO Lead.Status - True        cmd_type=elb consumer=False job_name=dev:tap-salesforce-to-target-jsonl name=tap-salesforce producer=True run_id=61273bd8-2c84-4f0b-833c-b3bf6b75472a stdio=stderr string_id=tap-salesforce
2025-05-25T20:09:15.120773Z [info     ] INFO Lead.Industry - True      cmd_type=elb consumer=False job_name=dev:tap-salesforce-to-target-jsonl name=tap-salesforce producer=True run_id=61273bd8-2c84-4f0b-833c-b3bf6b75472a stdio=stderr string_id=tap-salesforce
2025-05-25T20:09:15.120849Z [info     ] INFO Lead.Rating - True        cmd_type=elb consumer=False job_name=dev:tap-salesforce-to-target-jsonl name=tap-salesforce producer=True run_id=61273bd8-2c84-4f0b-833c-b3bf6b75472a stdio=stderr string_id=tap-salesforce
2025-05-25T20:09:15.120925Z [info     ] INFO Lead.AnnualRevenue - True cmd_type=elb consumer=False job_name=dev:tap-salesforce-to-target-jsonl name=tap-salesforce producer=True run_id=61273bd8-2c84-4f0b-833c-b3bf6b75472a stdio=stderr string_id=tap-salesforce
2025-05-25T20:09:15.121000Z [info     ] INFO Lead.NumberOfEmployees - True cmd_type=elb consumer=False job_name=dev:tap-salesforce-to-target-jsonl name=tap-salesforce producer=True run_id=61273bd8-2c84-4f0b-833c-b3bf6b75472a stdio=stderr string_id=tap-salesforce
2025-05-25T20:09:15.121076Z [info     ] INFO Lead.OwnerId - True       cmd_type=elb consumer=False job_name=dev:tap-salesforce-to-target-jsonl name=tap-salesforce producer=True run_id=61273bd8-2c84-4f0b-833c-b3bf6b75472a stdio=stderr string_id=tap-salesforce
2025-05-25T20:09:15.121151Z [info     ] INFO Lead.IsConverted - True   cmd_type=elb consumer=False job_name=dev:tap-salesforce-to-target-jsonl name=tap-salesforce producer=True run_id=61273bd8-2c84-4f0b-833c-b3bf6b75472a stdio=stderr string_id=tap-salesforce
2025-05-25T20:09:15.121232Z [info     ] INFO Lead.ConvertedDate - True cmd_type=elb consumer=False job_name=dev:tap-salesforce-to-target-jsonl name=tap-salesforce producer=True run_id=61273bd8-2c84-4f0b-833c-b3bf6b75472a stdio=stderr string_id=tap-salesforce
2025-05-25T20:09:15.121308Z [info     ] INFO Lead.ConvertedAccountId - True cmd_type=elb consumer=False job_name=dev:tap-salesforce-to-target-jsonl name=tap-salesforce producer=True run_id=61273bd8-2c84-4f0b-833c-b3bf6b75472a stdio=stderr string_id=tap-salesforce
2025-05-25T20:09:15.121384Z [info     ] INFO Lead.ConvertedContactId - True cmd_type=elb consumer=False job_name=dev:tap-salesforce-to-target-jsonl name=tap-salesforce producer=True run_id=61273bd8-2c84-4f0b-833c-b3bf6b75472a stdio=stderr string_id=tap-salesforce
2025-05-25T20:09:15.121460Z [info     ] INFO Lead.ConvertedOpportunityId - True cmd_type=elb consumer=False job_name=dev:tap-salesforce-to-target-jsonl name=tap-salesforce producer=True run_id=61273bd8-2c84-4f0b-833c-b3bf6b75472a stdio=stderr string_id=tap-salesforce
2025-05-25T20:09:15.121539Z [info     ] INFO Lead.IsUnreadByOwner - True cmd_type=elb consumer=False job_name=dev:tap-salesforce-to-target-jsonl name=tap-salesforce producer=True run_id=61273bd8-2c84-4f0b-833c-b3bf6b75472a stdio=stderr string_id=tap-salesforce
2025-05-25T20:09:15.121616Z [info     ] INFO Lead.CreatedDate - True   cmd_type=elb consumer=False job_name=dev:tap-salesforce-to-target-jsonl name=tap-salesforce producer=True run_id=61273bd8-2c84-4f0b-833c-b3bf6b75472a stdio=stderr string_id=tap-salesforce
2025-05-25T20:09:15.121692Z [info     ] INFO Lead.CreatedById - True   cmd_type=elb consumer=False job_name=dev:tap-salesforce-to-target-jsonl name=tap-salesforce producer=True run_id=61273bd8-2c84-4f0b-833c-b3bf6b75472a stdio=stderr string_id=tap-salesforce
2025-05-25T20:09:15.121768Z [info     ] INFO Lead.LastModifiedDate - True cmd_type=elb consumer=False job_name=dev:tap-salesforce-to-target-jsonl name=tap-salesforce producer=True run_id=61273bd8-2c84-4f0b-833c-b3bf6b75472a stdio=stderr string_id=tap-salesforce
2025-05-25T20:09:15.121844Z [info     ] INFO Lead.LastModifiedById - True cmd_type=elb consumer=False job_name=dev:tap-salesforce-to-target-jsonl name=tap-salesforce producer=True run_id=61273bd8-2c84-4f0b-833c-b3bf6b75472a stdio=stderr string_id=tap-salesforce
2025-05-25T20:09:15.121919Z [info     ] INFO Lead.SystemModstamp - True cmd_type=elb consumer=False job_name=dev:tap-salesforce-to-target-jsonl name=tap-salesforce producer=True run_id=61273bd8-2c84-4f0b-833c-b3bf6b75472a stdio=stderr string_id=tap-salesforce
2025-05-25T20:09:15.121995Z [info     ] INFO Lead.LastActivityDate - True cmd_type=elb consumer=False job_name=dev:tap-salesforce-to-target-jsonl name=tap-salesforce producer=True run_id=61273bd8-2c84-4f0b-833c-b3bf6b75472a stdio=stderr string_id=tap-salesforce
2025-05-25T20:09:15.122071Z [info     ] INFO Lead.LastViewedDate - True cmd_type=elb consumer=False job_name=dev:tap-salesforce-to-target-jsonl name=tap-salesforce producer=True run_id=61273bd8-2c84-4f0b-833c-b3bf6b75472a stdio=stderr string_id=tap-salesforce
2025-05-25T20:09:15.122147Z [info     ] INFO Lead.LastReferencedDate - True cmd_type=elb consumer=False job_name=dev:tap-salesforce-to-target-jsonl name=tap-salesforce producer=True run_id=61273bd8-2c84-4f0b-833c-b3bf6b75472a stdio=stderr string_id=tap-salesforce
2025-05-25T20:09:15.122222Z [info     ] INFO Lead.Jigsaw - True        cmd_type=elb consumer=False job_name=dev:tap-salesforce-to-target-jsonl name=tap-salesforce producer=True run_id=61273bd8-2c84-4f0b-833c-b3bf6b75472a stdio=stderr string_id=tap-salesforce
2025-05-25T20:09:15.122298Z [info     ] INFO Lead.JigsawContactId - True cmd_type=elb consumer=False job_name=dev:tap-salesforce-to-target-jsonl name=tap-salesforce producer=True run_id=61273bd8-2c84-4f0b-833c-b3bf6b75472a stdio=stderr string_id=tap-salesforce
2025-05-25T20:09:15.122373Z [info     ] INFO Lead.CleanStatus - True   cmd_type=elb consumer=False job_name=dev:tap-salesforce-to-target-jsonl name=tap-salesforce producer=True run_id=61273bd8-2c84-4f0b-833c-b3bf6b75472a stdio=stderr string_id=tap-salesforce
2025-05-25T20:09:15.122458Z [info     ] INFO Lead.CompanyDunsNumber - True cmd_type=elb consumer=False job_name=dev:tap-salesforce-to-target-jsonl name=tap-salesforce producer=True run_id=61273bd8-2c84-4f0b-833c-b3bf6b75472a stdio=stderr string_id=tap-salesforce
2025-05-25T20:09:15.122534Z [info     ] INFO Lead.DandbCompanyId - True cmd_type=elb consumer=False job_name=dev:tap-salesforce-to-target-jsonl name=tap-salesforce producer=True run_id=61273bd8-2c84-4f0b-833c-b3bf6b75472a stdio=stderr string_id=tap-salesforce
2025-05-25T20:09:15.122613Z [info     ] INFO Lead.EmailBouncedReason - True cmd_type=elb consumer=False job_name=dev:tap-salesforce-to-target-jsonl name=tap-salesforce producer=True run_id=61273bd8-2c84-4f0b-833c-b3bf6b75472a stdio=stderr string_id=tap-salesforce
2025-05-25T20:09:15.122688Z [info     ] INFO Lead.EmailBouncedDate - True cmd_type=elb consumer=False job_name=dev:tap-salesforce-to-target-jsonl name=tap-salesforce producer=True run_id=61273bd8-2c84-4f0b-833c-b3bf6b75472a stdio=stderr string_id=tap-salesforce
2025-05-25T20:09:15.122763Z [info     ] INFO Lead.IndividualId - True  cmd_type=elb consumer=False job_name=dev:tap-salesforce-to-target-jsonl name=tap-salesforce producer=True run_id=61273bd8-2c84-4f0b-833c-b3bf6b75472a stdio=stderr string_id=tap-salesforce
2025-05-25T20:09:15.122839Z [info     ] INFO Lead.IsPriorityRecord - True cmd_type=elb consumer=False job_name=dev:tap-salesforce-to-target-jsonl name=tap-salesforce producer=True run_id=61273bd8-2c84-4f0b-833c-b3bf6b75472a stdio=stderr string_id=tap-salesforce
2025-05-25T20:09:15.122915Z [info     ] INFO Lead.SICCode__c - True    cmd_type=elb consumer=False job_name=dev:tap-salesforce-to-target-jsonl name=tap-salesforce producer=True run_id=61273bd8-2c84-4f0b-833c-b3bf6b75472a stdio=stderr string_id=tap-salesforce
2025-05-25T20:09:15.122990Z [info     ] INFO Lead.ProductInterest__c - True cmd_type=elb consumer=False job_name=dev:tap-salesforce-to-target-jsonl name=tap-salesforce producer=True run_id=61273bd8-2c84-4f0b-833c-b3bf6b75472a stdio=stderr string_id=tap-salesforce
2025-05-25T20:09:15.123066Z [info     ] INFO Lead.Primary__c - True    cmd_type=elb consumer=False job_name=dev:tap-salesforce-to-target-jsonl name=tap-salesforce producer=True run_id=61273bd8-2c84-4f0b-833c-b3bf6b75472a stdio=stderr string_id=tap-salesforce
2025-05-25T20:09:15.123142Z [info     ] INFO Lead.CurrentGenerators__c - True cmd_type=elb consumer=False job_name=dev:tap-salesforce-to-target-jsonl name=tap-salesforce producer=True run_id=61273bd8-2c84-4f0b-833c-b3bf6b75472a stdio=stderr string_id=tap-salesforce
2025-05-25T20:09:15.123217Z [info     ] INFO Lead.NumberofLocations__c - True cmd_type=elb consumer=False job_name=dev:tap-salesforce-to-target-jsonl name=tap-salesforce producer=True run_id=61273bd8-2c84-4f0b-833c-b3bf6b75472a stdio=stderr string_id=tap-salesforce
2025-05-25T20:09:15.123292Z [info     ] INFO Syncing Salesforce data for stream Lead cmd_type=elb consumer=False job_name=dev:tap-salesforce-to-target-jsonl name=tap-salesforce producer=True run_id=61273bd8-2c84-4f0b-833c-b3bf6b75472a stdio=stderr string_id=tap-salesforce
2025-05-25T20:09:15.123380Z [info     ] INFO Making GET request to https://orgfarm-b529f752a8-dev-ed.develop.my.salesforce.com/services/data/v60.0/queryAll with params: {'q': 'SELECT Id,IsDeleted,MasterRecordId,LastName,FirstName,Salutation,Name,Title,Company,Street,City,State,PostalCode,Country,StateCode,CountryCode,Latitude,Longitude,GeocodeAccuracy,Address,Phone,MobilePhone,Fax,Email,Website,PhotoUrl,Description,LeadSource,Status,Industry,Rating,AnnualRevenue,NumberOfEmployees,OwnerId,IsConverted,ConvertedDate,ConvertedAccountId,ConvertedContactId,ConvertedOpportunityId,IsUnreadByOwner,CreatedDate,CreatedById,LastModifiedDate,LastModifiedById,SystemModstamp,LastActivityDate,LastViewedDate,LastReferencedDate,Jigsaw,JigsawContactId,CleanStatus,CompanyDunsNumber,DandbCompanyId,EmailBouncedReason,EmailBouncedDate,IndividualId,IsPriorityRecord,SICCode__c,ProductInterest__c,Primary__c,CurrentGenerators__c,NumberofLocations__c FROM Lead WHERE SystemModstamp >= 2025-05-25T00:00:00+00:00  ORDER BY SystemModstamp ASC'} cmd_type=elb consumer=False job_name=dev:tap-salesforce-to-target-jsonl name=tap-salesforce producer=True run_id=61273bd8-2c84-4f0b-833c-b3bf6b75472a stdio=stderr string_id=tap-salesforce
2025-05-25T20:09:15.123471Z [info     ] WARNING Unknown message type ACTIVATE_VERSION in message {'type': 'ACTIVATE_VERSION', 'stream': 'Contact', 'version': 1748202415125} cmd_type=elb consumer=True job_name=dev:tap-salesforce-to-target-jsonl name=target-jsonl producer=False run_id=61273bd8-2c84-4f0b-833c-b3bf6b75472a stdio=stderr string_id=target-jsonl
2025-05-25T20:09:15.123618Z [info     ] WARNING Unknown message type ACTIVATE_VERSION in message {'type': 'ACTIVATE_VERSION', 'stream': 'Account', 'version': 1748202415127} cmd_type=elb consumer=True job_name=dev:tap-salesforce-to-target-jsonl name=target-jsonl producer=False run_id=61273bd8-2c84-4f0b-833c-b3bf6b75472a stdio=stderr string_id=target-jsonl
2025-05-25T20:09:15.123843Z [info     ] WARNING Unknown message type ACTIVATE_VERSION in message {'type': 'ACTIVATE_VERSION', 'stream': 'Lead', 'version': 1748202415132} cmd_type=elb consumer=True job_name=dev:tap-salesforce-to-target-jsonl name=target-jsonl producer=False run_id=61273bd8-2c84-4f0b-833c-b3bf6b75472a stdio=stderr string_id=target-jsonl
2025-05-25T20:09:15.401083Z [info     ] INFO Used 10103 of 15000 daily REST API quota cmd_type=elb consumer=False job_name=dev:tap-salesforce-to-target-jsonl name=tap-salesforce producer=True run_id=61273bd8-2c84-4f0b-833c-b3bf6b75472a stdio=stderr string_id=tap-salesforce
2025-05-25T20:09:15.403736Z [info     ] INFO METRIC: {"type": "counter", "metric": "record_count", "value": 0, "tags": {"endpoint": "Lead"}} cmd_type=elb consumer=False job_name=dev:tap-salesforce-to-target-jsonl name=tap-salesforce producer=True run_id=61273bd8-2c84-4f0b-833c-b3bf6b75472a stdio=stderr string_id=tap-salesforce
2025-05-25T20:09:15.404591Z [info     ] INFO Used 10103 of 15000 daily REST API quota cmd_type=elb consumer=False job_name=dev:tap-salesforce-to-target-jsonl name=tap-salesforce producer=True run_id=61273bd8-2c84-4f0b-833c-b3bf6b75472a stdio=stderr string_id=tap-salesforce
2025-05-25T20:09:15.405387Z [info     ] INFO METRIC: {"type": "counter", "metric": "record_count", "value": 0, "tags": {"endpoint": "Contact"}} cmd_type=elb consumer=False job_name=dev:tap-salesforce-to-target-jsonl name=tap-salesforce producer=True run_id=61273bd8-2c84-4f0b-833c-b3bf6b75472a stdio=stderr string_id=tap-salesforce
2025-05-25T20:09:15.407243Z [info     ] INFO Completed sync for Lead   cmd_type=elb consumer=False job_name=dev:tap-salesforce-to-target-jsonl name=tap-salesforce producer=True run_id=61273bd8-2c84-4f0b-833c-b3bf6b75472a stdio=stderr string_id=tap-salesforce
2025-05-25T20:09:15.408083Z [info     ] INFO Completed sync for Contact cmd_type=elb consumer=False job_name=dev:tap-salesforce-to-target-jsonl name=tap-salesforce producer=True run_id=61273bd8-2c84-4f0b-833c-b3bf6b75472a stdio=stderr string_id=tap-salesforce
2025-05-25T20:09:15.408747Z [info     ] INFO Used 10102 of 15000 daily REST API quota cmd_type=elb consumer=False job_name=dev:tap-salesforce-to-target-jsonl name=tap-salesforce producer=True run_id=61273bd8-2c84-4f0b-833c-b3bf6b75472a stdio=stderr string_id=tap-salesforce
2025-05-25T20:09:15.409133Z [info     ] INFO METRIC: {"type": "counter", "metric": "record_count", "value": 0, "tags": {"endpoint": "Account"}} cmd_type=elb consumer=False job_name=dev:tap-salesforce-to-target-jsonl name=tap-salesforce producer=True run_id=61273bd8-2c84-4f0b-833c-b3bf6b75472a stdio=stderr string_id=tap-salesforce
2025-05-25T20:09:15.410041Z [info     ] INFO Completed sync for Account cmd_type=elb consumer=False job_name=dev:tap-salesforce-to-target-jsonl name=tap-salesforce producer=True run_id=61273bd8-2c84-4f0b-833c-b3bf6b75472a stdio=stderr string_id=tap-salesforce
2025-05-25T20:09:15.411256Z [info     ] INFO Finished sync             cmd_type=elb consumer=False job_name=dev:tap-salesforce-to-target-jsonl name=tap-salesforce producer=True run_id=61273bd8-2c84-4f0b-833c-b3bf6b75472a stdio=stderr string_id=tap-salesforce
2025-05-25T20:09:15.471235Z [info     ] Using systemdb state backend
2025-05-25T20:09:15.475969Z [info     ] Incremental state has been updated at 2025-05-25 20:09:15.475957+00:00.
2025-05-25T20:09:15.481866Z [info     ] Block run completed.           block_type=ExtractLoadBlocks err=None set_number=0 success=True
