2025-05-26T08:21:24.327576Z [warning  ] Force option is enabled, ignoring stale job check.
2025-05-26T08:21:24.442100Z [info     ] Using systemdb state backend
2025-05-26T08:21:26.641769Z [info     ] /Users/tim.prudames/analytics/.meltano/extractors/tap-salesforce/venv/lib/python3.9/site-packages/urllib3/__init__.py:35: NotOpenSSLWarning: urllib3 v2 only supports OpenSSL 1.1.1+, currently the 'ssl' module is compiled with 'LibreSSL 2.8.3'. See: https://github.com/urllib3/urllib3/issues/3020 cmd_type=elb consumer=False job_name=dev:tap-salesforce-to-target-jsonl name=tap-salesforce producer=True run_id=e0df1f83-c622-4eac-80c3-6bf2e27664e8 stdio=stderr string_id=tap-salesforce
2025-05-26T08:21:26.642244Z [info     ]   warnings.warn(               cmd_type=elb consumer=False job_name=dev:tap-salesforce-to-target-jsonl name=tap-salesforce producer=True run_id=e0df1f83-c622-4eac-80c3-6bf2e27664e8 stdio=stderr string_id=tap-salesforce
2025-05-26T08:21:26.767913Z [info     ] INFO Parsed start date '2025-05-25T00:00:00+00:00' from value '2025-05-25' cmd_type=elb consumer=False job_name=dev:tap-salesforce-to-target-jsonl name=tap-salesforce producer=True run_id=e0df1f83-c622-4eac-80c3-6bf2e27664e8 stdio=stderr string_id=tap-salesforce
2025-05-26T08:21:26.768135Z [info     ] INFO Attempting login via OAuth2 cmd_type=elb consumer=False job_name=dev:tap-salesforce-to-target-jsonl name=tap-salesforce producer=True run_id=e0df1f83-c622-4eac-80c3-6bf2e27664e8 stdio=stderr string_id=tap-salesforce
2025-05-26T08:21:27.502660Z [info     ] INFO OAuth2 login successful   cmd_type=elb consumer=False job_name=dev:tap-salesforce-to-target-jsonl name=tap-salesforce producer=True run_id=e0df1f83-c622-4eac-80c3-6bf2e27664e8 stdio=stderr string_id=tap-salesforce
2025-05-26T08:21:27.503160Z [info     ] INFO Starting new login timer  cmd_type=elb consumer=False job_name=dev:tap-salesforce-to-target-jsonl name=tap-salesforce producer=True run_id=e0df1f83-c622-4eac-80c3-6bf2e27664e8 stdio=stderr string_id=tap-salesforce
2025-05-26T08:21:27.515327Z [info     ] INFO Starting sync             cmd_type=elb consumer=False job_name=dev:tap-salesforce-to-target-jsonl name=tap-salesforce producer=True run_id=e0df1f83-c622-4eac-80c3-6bf2e27664e8 stdio=stderr string_id=tap-salesforce
2025-05-26T08:21:27.541319Z [info     ] INFO Lead: Starting            cmd_type=elb consumer=False job_name=dev:tap-salesforce-to-target-jsonl name=tap-salesforce producer=True run_id=e0df1f83-c622-4eac-80c3-6bf2e27664e8 stdio=stderr string_id=tap-salesforce
2025-05-26T08:21:27.541620Z [info     ] INFO Lead.Id - True            cmd_type=elb consumer=False job_name=dev:tap-salesforce-to-target-jsonl name=tap-salesforce producer=True run_id=e0df1f83-c622-4eac-80c3-6bf2e27664e8 stdio=stderr string_id=tap-salesforce
2025-05-26T08:21:27.541735Z [info     ] INFO Lead.IsDeleted - True     cmd_type=elb consumer=False job_name=dev:tap-salesforce-to-target-jsonl name=tap-salesforce producer=True run_id=e0df1f83-c622-4eac-80c3-6bf2e27664e8 stdio=stderr string_id=tap-salesforce
2025-05-26T08:21:27.541830Z [info     ] INFO Lead.MasterRecordId - True cmd_type=elb consumer=False job_name=dev:tap-salesforce-to-target-jsonl name=tap-salesforce producer=True run_id=e0df1f83-c622-4eac-80c3-6bf2e27664e8 stdio=stderr string_id=tap-salesforce
2025-05-26T08:21:27.541936Z [info     ] INFO Lead.LastName - True      cmd_type=elb consumer=False job_name=dev:tap-salesforce-to-target-jsonl name=tap-salesforce producer=True run_id=e0df1f83-c622-4eac-80c3-6bf2e27664e8 stdio=stderr string_id=tap-salesforce
2025-05-26T08:21:27.542025Z [info     ] INFO Lead.FirstName - True     cmd_type=elb consumer=False job_name=dev:tap-salesforce-to-target-jsonl name=tap-salesforce producer=True run_id=e0df1f83-c622-4eac-80c3-6bf2e27664e8 stdio=stderr string_id=tap-salesforce
2025-05-26T08:21:27.542130Z [info     ] INFO Lead.Salutation - True    cmd_type=elb consumer=False job_name=dev:tap-salesforce-to-target-jsonl name=tap-salesforce producer=True run_id=e0df1f83-c622-4eac-80c3-6bf2e27664e8 stdio=stderr string_id=tap-salesforce
2025-05-26T08:21:27.542252Z [info     ] INFO Lead.Name - True          cmd_type=elb consumer=False job_name=dev:tap-salesforce-to-target-jsonl name=tap-salesforce producer=True run_id=e0df1f83-c622-4eac-80c3-6bf2e27664e8 stdio=stderr string_id=tap-salesforce
2025-05-26T08:21:27.542337Z [info     ] INFO Lead.Title - True         cmd_type=elb consumer=False job_name=dev:tap-salesforce-to-target-jsonl name=tap-salesforce producer=True run_id=e0df1f83-c622-4eac-80c3-6bf2e27664e8 stdio=stderr string_id=tap-salesforce
2025-05-26T08:21:27.542419Z [info     ] INFO Lead.Company - True       cmd_type=elb consumer=False job_name=dev:tap-salesforce-to-target-jsonl name=tap-salesforce producer=True run_id=e0df1f83-c622-4eac-80c3-6bf2e27664e8 stdio=stderr string_id=tap-salesforce
2025-05-26T08:21:27.542503Z [info     ] INFO Lead.Street - True        cmd_type=elb consumer=False job_name=dev:tap-salesforce-to-target-jsonl name=tap-salesforce producer=True run_id=e0df1f83-c622-4eac-80c3-6bf2e27664e8 stdio=stderr string_id=tap-salesforce
2025-05-26T08:21:27.542585Z [info     ] INFO Lead.City - True          cmd_type=elb consumer=False job_name=dev:tap-salesforce-to-target-jsonl name=tap-salesforce producer=True run_id=e0df1f83-c622-4eac-80c3-6bf2e27664e8 stdio=stderr string_id=tap-salesforce
2025-05-26T08:21:27.542667Z [info     ] INFO Lead.State - True         cmd_type=elb consumer=False job_name=dev:tap-salesforce-to-target-jsonl name=tap-salesforce producer=True run_id=e0df1f83-c622-4eac-80c3-6bf2e27664e8 stdio=stderr string_id=tap-salesforce
2025-05-26T08:21:27.542748Z [info     ] INFO Lead.PostalCode - True    cmd_type=elb consumer=False job_name=dev:tap-salesforce-to-target-jsonl name=tap-salesforce producer=True run_id=e0df1f83-c622-4eac-80c3-6bf2e27664e8 stdio=stderr string_id=tap-salesforce
2025-05-26T08:21:27.542831Z [info     ] INFO Lead.Country - True       cmd_type=elb consumer=False job_name=dev:tap-salesforce-to-target-jsonl name=tap-salesforce producer=True run_id=e0df1f83-c622-4eac-80c3-6bf2e27664e8 stdio=stderr string_id=tap-salesforce
2025-05-26T08:21:27.542910Z [info     ] INFO Lead.StateCode - True     cmd_type=elb consumer=False job_name=dev:tap-salesforce-to-target-jsonl name=tap-salesforce producer=True run_id=e0df1f83-c622-4eac-80c3-6bf2e27664e8 stdio=stderr string_id=tap-salesforce
2025-05-26T08:21:27.542989Z [info     ] INFO Lead.CountryCode - True   cmd_type=elb consumer=False job_name=dev:tap-salesforce-to-target-jsonl name=tap-salesforce producer=True run_id=e0df1f83-c622-4eac-80c3-6bf2e27664e8 stdio=stderr string_id=tap-salesforce
2025-05-26T08:21:27.543068Z [info     ] INFO Lead.Latitude - True      cmd_type=elb consumer=False job_name=dev:tap-salesforce-to-target-jsonl name=tap-salesforce producer=True run_id=e0df1f83-c622-4eac-80c3-6bf2e27664e8 stdio=stderr string_id=tap-salesforce
2025-05-26T08:21:27.543146Z [info     ] INFO Lead.Longitude - True     cmd_type=elb consumer=False job_name=dev:tap-salesforce-to-target-jsonl name=tap-salesforce producer=True run_id=e0df1f83-c622-4eac-80c3-6bf2e27664e8 stdio=stderr string_id=tap-salesforce
2025-05-26T08:21:27.543226Z [info     ] INFO Lead.GeocodeAccuracy - True cmd_type=elb consumer=False job_name=dev:tap-salesforce-to-target-jsonl name=tap-salesforce producer=True run_id=e0df1f83-c622-4eac-80c3-6bf2e27664e8 stdio=stderr string_id=tap-salesforce
2025-05-26T08:21:27.543305Z [info     ] INFO Lead.Address - True       cmd_type=elb consumer=False job_name=dev:tap-salesforce-to-target-jsonl name=tap-salesforce producer=True run_id=e0df1f83-c622-4eac-80c3-6bf2e27664e8 stdio=stderr string_id=tap-salesforce
2025-05-26T08:21:27.543384Z [info     ] INFO Lead.street - True        cmd_type=elb consumer=False job_name=dev:tap-salesforce-to-target-jsonl name=tap-salesforce producer=True run_id=e0df1f83-c622-4eac-80c3-6bf2e27664e8 stdio=stderr string_id=tap-salesforce
2025-05-26T08:21:27.543464Z [info     ] INFO Lead.state - True         cmd_type=elb consumer=False job_name=dev:tap-salesforce-to-target-jsonl name=tap-salesforce producer=True run_id=e0df1f83-c622-4eac-80c3-6bf2e27664e8 stdio=stderr string_id=tap-salesforce
2025-05-26T08:21:27.543550Z [info     ] INFO Lead.postalCode - True    cmd_type=elb consumer=False job_name=dev:tap-salesforce-to-target-jsonl name=tap-salesforce producer=True run_id=e0df1f83-c622-4eac-80c3-6bf2e27664e8 stdio=stderr string_id=tap-salesforce
2025-05-26T08:21:27.543631Z [info     ] INFO Lead.city - True          cmd_type=elb consumer=False job_name=dev:tap-salesforce-to-target-jsonl name=tap-salesforce producer=True run_id=e0df1f83-c622-4eac-80c3-6bf2e27664e8 stdio=stderr string_id=tap-salesforce
2025-05-26T08:21:27.543710Z [info     ] INFO Lead.country - True       cmd_type=elb consumer=False job_name=dev:tap-salesforce-to-target-jsonl name=tap-salesforce producer=True run_id=e0df1f83-c622-4eac-80c3-6bf2e27664e8 stdio=stderr string_id=tap-salesforce
2025-05-26T08:21:27.543790Z [info     ] INFO Lead.longitude - True     cmd_type=elb consumer=False job_name=dev:tap-salesforce-to-target-jsonl name=tap-salesforce producer=True run_id=e0df1f83-c622-4eac-80c3-6bf2e27664e8 stdio=stderr string_id=tap-salesforce
2025-05-26T08:21:27.543868Z [info     ] INFO Lead.latitude - True      cmd_type=elb consumer=False job_name=dev:tap-salesforce-to-target-jsonl name=tap-salesforce producer=True run_id=e0df1f83-c622-4eac-80c3-6bf2e27664e8 stdio=stderr string_id=tap-salesforce
2025-05-26T08:21:27.543947Z [info     ] INFO Lead.geocodeAccuracy - True cmd_type=elb consumer=False job_name=dev:tap-salesforce-to-target-jsonl name=tap-salesforce producer=True run_id=e0df1f83-c622-4eac-80c3-6bf2e27664e8 stdio=stderr string_id=tap-salesforce
2025-05-26T08:21:27.544027Z [info     ] INFO Lead.Phone - True         cmd_type=elb consumer=False job_name=dev:tap-salesforce-to-target-jsonl name=tap-salesforce producer=True run_id=e0df1f83-c622-4eac-80c3-6bf2e27664e8 stdio=stderr string_id=tap-salesforce
2025-05-26T08:21:27.544106Z [info     ] INFO Lead.MobilePhone - True   cmd_type=elb consumer=False job_name=dev:tap-salesforce-to-target-jsonl name=tap-salesforce producer=True run_id=e0df1f83-c622-4eac-80c3-6bf2e27664e8 stdio=stderr string_id=tap-salesforce
2025-05-26T08:21:27.544188Z [info     ] INFO Lead.Fax - True           cmd_type=elb consumer=False job_name=dev:tap-salesforce-to-target-jsonl name=tap-salesforce producer=True run_id=e0df1f83-c622-4eac-80c3-6bf2e27664e8 stdio=stderr string_id=tap-salesforce
2025-05-26T08:21:27.544265Z [info     ] INFO Lead.Email - True         cmd_type=elb consumer=False job_name=dev:tap-salesforce-to-target-jsonl name=tap-salesforce producer=True run_id=e0df1f83-c622-4eac-80c3-6bf2e27664e8 stdio=stderr string_id=tap-salesforce
2025-05-26T08:21:27.544362Z [info     ] INFO Lead.Website - True       cmd_type=elb consumer=False job_name=dev:tap-salesforce-to-target-jsonl name=tap-salesforce producer=True run_id=e0df1f83-c622-4eac-80c3-6bf2e27664e8 stdio=stderr string_id=tap-salesforce
2025-05-26T08:21:27.544447Z [info     ] INFO Lead.PhotoUrl - True      cmd_type=elb consumer=False job_name=dev:tap-salesforce-to-target-jsonl name=tap-salesforce producer=True run_id=e0df1f83-c622-4eac-80c3-6bf2e27664e8 stdio=stderr string_id=tap-salesforce
2025-05-26T08:21:27.544528Z [info     ] INFO Lead.Description - True   cmd_type=elb consumer=False job_name=dev:tap-salesforce-to-target-jsonl name=tap-salesforce producer=True run_id=e0df1f83-c622-4eac-80c3-6bf2e27664e8 stdio=stderr string_id=tap-salesforce
2025-05-26T08:21:27.544608Z [info     ] INFO Lead.LeadSource - True    cmd_type=elb consumer=False job_name=dev:tap-salesforce-to-target-jsonl name=tap-salesforce producer=True run_id=e0df1f83-c622-4eac-80c3-6bf2e27664e8 stdio=stderr string_id=tap-salesforce
2025-05-26T08:21:27.544691Z [info     ] INFO Lead.Status - True        cmd_type=elb consumer=False job_name=dev:tap-salesforce-to-target-jsonl name=tap-salesforce producer=True run_id=e0df1f83-c622-4eac-80c3-6bf2e27664e8 stdio=stderr string_id=tap-salesforce
2025-05-26T08:21:27.544770Z [info     ] INFO Lead.Industry - True      cmd_type=elb consumer=False job_name=dev:tap-salesforce-to-target-jsonl name=tap-salesforce producer=True run_id=e0df1f83-c622-4eac-80c3-6bf2e27664e8 stdio=stderr string_id=tap-salesforce
2025-05-26T08:21:27.544856Z [info     ] INFO Lead.Rating - True        cmd_type=elb consumer=False job_name=dev:tap-salesforce-to-target-jsonl name=tap-salesforce producer=True run_id=e0df1f83-c622-4eac-80c3-6bf2e27664e8 stdio=stderr string_id=tap-salesforce
2025-05-26T08:21:27.544935Z [info     ] INFO Lead.AnnualRevenue - True cmd_type=elb consumer=False job_name=dev:tap-salesforce-to-target-jsonl name=tap-salesforce producer=True run_id=e0df1f83-c622-4eac-80c3-6bf2e27664e8 stdio=stderr string_id=tap-salesforce
2025-05-26T08:21:27.545014Z [info     ] INFO Lead.NumberOfEmployees - True cmd_type=elb consumer=False job_name=dev:tap-salesforce-to-target-jsonl name=tap-salesforce producer=True run_id=e0df1f83-c622-4eac-80c3-6bf2e27664e8 stdio=stderr string_id=tap-salesforce
2025-05-26T08:21:27.545094Z [info     ] INFO Lead.OwnerId - True       cmd_type=elb consumer=False job_name=dev:tap-salesforce-to-target-jsonl name=tap-salesforce producer=True run_id=e0df1f83-c622-4eac-80c3-6bf2e27664e8 stdio=stderr string_id=tap-salesforce
2025-05-26T08:21:27.545172Z [info     ] INFO Lead.IsConverted - True   cmd_type=elb consumer=False job_name=dev:tap-salesforce-to-target-jsonl name=tap-salesforce producer=True run_id=e0df1f83-c622-4eac-80c3-6bf2e27664e8 stdio=stderr string_id=tap-salesforce
2025-05-26T08:21:27.545252Z [info     ] INFO Lead.ConvertedDate - True cmd_type=elb consumer=False job_name=dev:tap-salesforce-to-target-jsonl name=tap-salesforce producer=True run_id=e0df1f83-c622-4eac-80c3-6bf2e27664e8 stdio=stderr string_id=tap-salesforce
2025-05-26T08:21:27.545331Z [info     ] INFO Lead.ConvertedAccountId - True cmd_type=elb consumer=False job_name=dev:tap-salesforce-to-target-jsonl name=tap-salesforce producer=True run_id=e0df1f83-c622-4eac-80c3-6bf2e27664e8 stdio=stderr string_id=tap-salesforce
2025-05-26T08:21:27.545410Z [info     ] INFO Lead.ConvertedContactId - True cmd_type=elb consumer=False job_name=dev:tap-salesforce-to-target-jsonl name=tap-salesforce producer=True run_id=e0df1f83-c622-4eac-80c3-6bf2e27664e8 stdio=stderr string_id=tap-salesforce
2025-05-26T08:21:27.545488Z [info     ] INFO Lead.ConvertedOpportunityId - True cmd_type=elb consumer=False job_name=dev:tap-salesforce-to-target-jsonl name=tap-salesforce producer=True run_id=e0df1f83-c622-4eac-80c3-6bf2e27664e8 stdio=stderr string_id=tap-salesforce
2025-05-26T08:21:27.545566Z [info     ] INFO Lead.IsUnreadByOwner - True cmd_type=elb consumer=False job_name=dev:tap-salesforce-to-target-jsonl name=tap-salesforce producer=True run_id=e0df1f83-c622-4eac-80c3-6bf2e27664e8 stdio=stderr string_id=tap-salesforce
2025-05-26T08:21:27.545644Z [info     ] INFO Lead.CreatedDate - True   cmd_type=elb consumer=False job_name=dev:tap-salesforce-to-target-jsonl name=tap-salesforce producer=True run_id=e0df1f83-c622-4eac-80c3-6bf2e27664e8 stdio=stderr string_id=tap-salesforce
2025-05-26T08:21:27.545722Z [info     ] INFO Lead.CreatedById - True   cmd_type=elb consumer=False job_name=dev:tap-salesforce-to-target-jsonl name=tap-salesforce producer=True run_id=e0df1f83-c622-4eac-80c3-6bf2e27664e8 stdio=stderr string_id=tap-salesforce
2025-05-26T08:21:27.545828Z [info     ] INFO Lead.LastModifiedDate - True cmd_type=elb consumer=False job_name=dev:tap-salesforce-to-target-jsonl name=tap-salesforce producer=True run_id=e0df1f83-c622-4eac-80c3-6bf2e27664e8 stdio=stderr string_id=tap-salesforce
2025-05-26T08:21:27.545914Z [info     ] INFO Lead.LastModifiedById - True cmd_type=elb consumer=False job_name=dev:tap-salesforce-to-target-jsonl name=tap-salesforce producer=True run_id=e0df1f83-c622-4eac-80c3-6bf2e27664e8 stdio=stderr string_id=tap-salesforce
2025-05-26T08:21:27.545994Z [info     ] INFO Lead.SystemModstamp - True cmd_type=elb consumer=False job_name=dev:tap-salesforce-to-target-jsonl name=tap-salesforce producer=True run_id=e0df1f83-c622-4eac-80c3-6bf2e27664e8 stdio=stderr string_id=tap-salesforce
2025-05-26T08:21:27.546072Z [info     ] INFO Lead.LastActivityDate - True cmd_type=elb consumer=False job_name=dev:tap-salesforce-to-target-jsonl name=tap-salesforce producer=True run_id=e0df1f83-c622-4eac-80c3-6bf2e27664e8 stdio=stderr string_id=tap-salesforce
2025-05-26T08:21:27.546161Z [info     ] INFO Lead.LastViewedDate - True cmd_type=elb consumer=False job_name=dev:tap-salesforce-to-target-jsonl name=tap-salesforce producer=True run_id=e0df1f83-c622-4eac-80c3-6bf2e27664e8 stdio=stderr string_id=tap-salesforce
2025-05-26T08:21:27.546240Z [info     ] INFO Lead.LastReferencedDate - True cmd_type=elb consumer=False job_name=dev:tap-salesforce-to-target-jsonl name=tap-salesforce producer=True run_id=e0df1f83-c622-4eac-80c3-6bf2e27664e8 stdio=stderr string_id=tap-salesforce
2025-05-26T08:21:27.546321Z [info     ] INFO Lead.Jigsaw - True        cmd_type=elb consumer=False job_name=dev:tap-salesforce-to-target-jsonl name=tap-salesforce producer=True run_id=e0df1f83-c622-4eac-80c3-6bf2e27664e8 stdio=stderr string_id=tap-salesforce
2025-05-26T08:21:27.546400Z [info     ] INFO Lead.JigsawContactId - True cmd_type=elb consumer=False job_name=dev:tap-salesforce-to-target-jsonl name=tap-salesforce producer=True run_id=e0df1f83-c622-4eac-80c3-6bf2e27664e8 stdio=stderr string_id=tap-salesforce
2025-05-26T08:21:27.546478Z [info     ] INFO Lead.CleanStatus - True   cmd_type=elb consumer=False job_name=dev:tap-salesforce-to-target-jsonl name=tap-salesforce producer=True run_id=e0df1f83-c622-4eac-80c3-6bf2e27664e8 stdio=stderr string_id=tap-salesforce
2025-05-26T08:21:27.546555Z [info     ] INFO Lead.CompanyDunsNumber - True cmd_type=elb consumer=False job_name=dev:tap-salesforce-to-target-jsonl name=tap-salesforce producer=True run_id=e0df1f83-c622-4eac-80c3-6bf2e27664e8 stdio=stderr string_id=tap-salesforce
2025-05-26T08:21:27.546633Z [info     ] INFO Lead.DandbCompanyId - True cmd_type=elb consumer=False job_name=dev:tap-salesforce-to-target-jsonl name=tap-salesforce producer=True run_id=e0df1f83-c622-4eac-80c3-6bf2e27664e8 stdio=stderr string_id=tap-salesforce
2025-05-26T08:21:27.546710Z [info     ] INFO Lead.EmailBouncedReason - True cmd_type=elb consumer=False job_name=dev:tap-salesforce-to-target-jsonl name=tap-salesforce producer=True run_id=e0df1f83-c622-4eac-80c3-6bf2e27664e8 stdio=stderr string_id=tap-salesforce
2025-05-26T08:21:27.546787Z [info     ] INFO Lead.EmailBouncedDate - True cmd_type=elb consumer=False job_name=dev:tap-salesforce-to-target-jsonl name=tap-salesforce producer=True run_id=e0df1f83-c622-4eac-80c3-6bf2e27664e8 stdio=stderr string_id=tap-salesforce
2025-05-26T08:21:27.546865Z [info     ] INFO Lead.IndividualId - True  cmd_type=elb consumer=False job_name=dev:tap-salesforce-to-target-jsonl name=tap-salesforce producer=True run_id=e0df1f83-c622-4eac-80c3-6bf2e27664e8 stdio=stderr string_id=tap-salesforce
2025-05-26T08:21:27.546942Z [info     ] INFO Lead.IsPriorityRecord - True cmd_type=elb consumer=False job_name=dev:tap-salesforce-to-target-jsonl name=tap-salesforce producer=True run_id=e0df1f83-c622-4eac-80c3-6bf2e27664e8 stdio=stderr string_id=tap-salesforce
2025-05-26T08:21:27.547021Z [info     ] INFO Lead.SICCode__c - True    cmd_type=elb consumer=False job_name=dev:tap-salesforce-to-target-jsonl name=tap-salesforce producer=True run_id=e0df1f83-c622-4eac-80c3-6bf2e27664e8 stdio=stderr string_id=tap-salesforce
2025-05-26T08:21:27.547099Z [info     ] INFO Lead.ProductInterest__c - True cmd_type=elb consumer=False job_name=dev:tap-salesforce-to-target-jsonl name=tap-salesforce producer=True run_id=e0df1f83-c622-4eac-80c3-6bf2e27664e8 stdio=stderr string_id=tap-salesforce
2025-05-26T08:21:27.547175Z [info     ] INFO Lead.Primary__c - True    cmd_type=elb consumer=False job_name=dev:tap-salesforce-to-target-jsonl name=tap-salesforce producer=True run_id=e0df1f83-c622-4eac-80c3-6bf2e27664e8 stdio=stderr string_id=tap-salesforce
2025-05-26T08:21:27.547253Z [info     ] INFO Lead.CurrentGenerators__c - True cmd_type=elb consumer=False job_name=dev:tap-salesforce-to-target-jsonl name=tap-salesforce producer=True run_id=e0df1f83-c622-4eac-80c3-6bf2e27664e8 stdio=stderr string_id=tap-salesforce
2025-05-26T08:21:27.547336Z [info     ] INFO Lead.NumberofLocations__c - True cmd_type=elb consumer=False job_name=dev:tap-salesforce-to-target-jsonl name=tap-salesforce producer=True run_id=e0df1f83-c622-4eac-80c3-6bf2e27664e8 stdio=stderr string_id=tap-salesforce
2025-05-26T08:21:27.548081Z [info     ] WARNING Unknown message type ACTIVATE_VERSION in message {'type': 'ACTIVATE_VERSION', 'stream': 'Lead', 'version': 1748202415132} cmd_type=elb consumer=True job_name=dev:tap-salesforce-to-target-jsonl name=target-jsonl producer=False run_id=e0df1f83-c622-4eac-80c3-6bf2e27664e8 stdio=stderr string_id=target-jsonl
2025-05-26T08:21:27.549215Z [info     ] INFO Contact: Starting         cmd_type=elb consumer=False job_name=dev:tap-salesforce-to-target-jsonl name=tap-salesforce producer=True run_id=e0df1f83-c622-4eac-80c3-6bf2e27664e8 stdio=stderr string_id=tap-salesforce
2025-05-26T08:21:27.549562Z [info     ] INFO Contact.Id - True         cmd_type=elb consumer=False job_name=dev:tap-salesforce-to-target-jsonl name=tap-salesforce producer=True run_id=e0df1f83-c622-4eac-80c3-6bf2e27664e8 stdio=stderr string_id=tap-salesforce
2025-05-26T08:21:27.549697Z [info     ] INFO Contact.IsDeleted - True  cmd_type=elb consumer=False job_name=dev:tap-salesforce-to-target-jsonl name=tap-salesforce producer=True run_id=e0df1f83-c622-4eac-80c3-6bf2e27664e8 stdio=stderr string_id=tap-salesforce
2025-05-26T08:21:27.549817Z [info     ] INFO Contact.MasterRecordId - True cmd_type=elb consumer=False job_name=dev:tap-salesforce-to-target-jsonl name=tap-salesforce producer=True run_id=e0df1f83-c622-4eac-80c3-6bf2e27664e8 stdio=stderr string_id=tap-salesforce
2025-05-26T08:21:27.549908Z [info     ] INFO Contact.AccountId - True  cmd_type=elb consumer=False job_name=dev:tap-salesforce-to-target-jsonl name=tap-salesforce producer=True run_id=e0df1f83-c622-4eac-80c3-6bf2e27664e8 stdio=stderr string_id=tap-salesforce
2025-05-26T08:21:27.549993Z [info     ] INFO Contact.LastName - True   cmd_type=elb consumer=False job_name=dev:tap-salesforce-to-target-jsonl name=tap-salesforce producer=True run_id=e0df1f83-c622-4eac-80c3-6bf2e27664e8 stdio=stderr string_id=tap-salesforce
2025-05-26T08:21:27.550078Z [info     ] INFO Contact.FirstName - True  cmd_type=elb consumer=False job_name=dev:tap-salesforce-to-target-jsonl name=tap-salesforce producer=True run_id=e0df1f83-c622-4eac-80c3-6bf2e27664e8 stdio=stderr string_id=tap-salesforce
2025-05-26T08:21:27.550160Z [info     ] INFO Contact.Salutation - True cmd_type=elb consumer=False job_name=dev:tap-salesforce-to-target-jsonl name=tap-salesforce producer=True run_id=e0df1f83-c622-4eac-80c3-6bf2e27664e8 stdio=stderr string_id=tap-salesforce
2025-05-26T08:21:27.550246Z [info     ] INFO Contact.Name - True       cmd_type=elb consumer=False job_name=dev:tap-salesforce-to-target-jsonl name=tap-salesforce producer=True run_id=e0df1f83-c622-4eac-80c3-6bf2e27664e8 stdio=stderr string_id=tap-salesforce
2025-05-26T08:21:27.550327Z [info     ] INFO Contact.OtherStreet - True cmd_type=elb consumer=False job_name=dev:tap-salesforce-to-target-jsonl name=tap-salesforce producer=True run_id=e0df1f83-c622-4eac-80c3-6bf2e27664e8 stdio=stderr string_id=tap-salesforce
2025-05-26T08:21:27.550408Z [info     ] INFO Contact.OtherCity - True  cmd_type=elb consumer=False job_name=dev:tap-salesforce-to-target-jsonl name=tap-salesforce producer=True run_id=e0df1f83-c622-4eac-80c3-6bf2e27664e8 stdio=stderr string_id=tap-salesforce
2025-05-26T08:21:27.550487Z [info     ] INFO Contact.OtherState - True cmd_type=elb consumer=False job_name=dev:tap-salesforce-to-target-jsonl name=tap-salesforce producer=True run_id=e0df1f83-c622-4eac-80c3-6bf2e27664e8 stdio=stderr string_id=tap-salesforce
2025-05-26T08:21:27.550566Z [info     ] INFO Contact.OtherPostalCode - True cmd_type=elb consumer=False job_name=dev:tap-salesforce-to-target-jsonl name=tap-salesforce producer=True run_id=e0df1f83-c622-4eac-80c3-6bf2e27664e8 stdio=stderr string_id=tap-salesforce
2025-05-26T08:21:27.550645Z [info     ] INFO Contact.OtherCountry - True cmd_type=elb consumer=False job_name=dev:tap-salesforce-to-target-jsonl name=tap-salesforce producer=True run_id=e0df1f83-c622-4eac-80c3-6bf2e27664e8 stdio=stderr string_id=tap-salesforce
2025-05-26T08:21:27.550764Z [info     ] INFO Contact.OtherStateCode - True cmd_type=elb consumer=False job_name=dev:tap-salesforce-to-target-jsonl name=tap-salesforce producer=True run_id=e0df1f83-c622-4eac-80c3-6bf2e27664e8 stdio=stderr string_id=tap-salesforce
2025-05-26T08:21:27.550853Z [info     ] INFO Contact.OtherCountryCode - True cmd_type=elb consumer=False job_name=dev:tap-salesforce-to-target-jsonl name=tap-salesforce producer=True run_id=e0df1f83-c622-4eac-80c3-6bf2e27664e8 stdio=stderr string_id=tap-salesforce
2025-05-26T08:21:27.550933Z [info     ] INFO Contact.OtherLatitude - True cmd_type=elb consumer=False job_name=dev:tap-salesforce-to-target-jsonl name=tap-salesforce producer=True run_id=e0df1f83-c622-4eac-80c3-6bf2e27664e8 stdio=stderr string_id=tap-salesforce
2025-05-26T08:21:27.551012Z [info     ] INFO Contact.OtherLongitude - True cmd_type=elb consumer=False job_name=dev:tap-salesforce-to-target-jsonl name=tap-salesforce producer=True run_id=e0df1f83-c622-4eac-80c3-6bf2e27664e8 stdio=stderr string_id=tap-salesforce
2025-05-26T08:21:27.551095Z [info     ] INFO Contact.OtherGeocodeAccuracy - True cmd_type=elb consumer=False job_name=dev:tap-salesforce-to-target-jsonl name=tap-salesforce producer=True run_id=e0df1f83-c622-4eac-80c3-6bf2e27664e8 stdio=stderr string_id=tap-salesforce
2025-05-26T08:21:27.551174Z [info     ] INFO Contact.OtherAddress - True cmd_type=elb consumer=False job_name=dev:tap-salesforce-to-target-jsonl name=tap-salesforce producer=True run_id=e0df1f83-c622-4eac-80c3-6bf2e27664e8 stdio=stderr string_id=tap-salesforce
2025-05-26T08:21:27.551252Z [info     ] INFO Contact.street - True     cmd_type=elb consumer=False job_name=dev:tap-salesforce-to-target-jsonl name=tap-salesforce producer=True run_id=e0df1f83-c622-4eac-80c3-6bf2e27664e8 stdio=stderr string_id=tap-salesforce
2025-05-26T08:21:27.551332Z [info     ] INFO Contact.state - True      cmd_type=elb consumer=False job_name=dev:tap-salesforce-to-target-jsonl name=tap-salesforce producer=True run_id=e0df1f83-c622-4eac-80c3-6bf2e27664e8 stdio=stderr string_id=tap-salesforce
2025-05-26T08:21:27.551410Z [info     ] INFO Contact.postalCode - True cmd_type=elb consumer=False job_name=dev:tap-salesforce-to-target-jsonl name=tap-salesforce producer=True run_id=e0df1f83-c622-4eac-80c3-6bf2e27664e8 stdio=stderr string_id=tap-salesforce
2025-05-26T08:21:27.551503Z [info     ] INFO Contact.city - True       cmd_type=elb consumer=False job_name=dev:tap-salesforce-to-target-jsonl name=tap-salesforce producer=True run_id=e0df1f83-c622-4eac-80c3-6bf2e27664e8 stdio=stderr string_id=tap-salesforce
2025-05-26T08:21:27.551584Z [info     ] INFO Contact.country - True    cmd_type=elb consumer=False job_name=dev:tap-salesforce-to-target-jsonl name=tap-salesforce producer=True run_id=e0df1f83-c622-4eac-80c3-6bf2e27664e8 stdio=stderr string_id=tap-salesforce
2025-05-26T08:21:27.551662Z [info     ] INFO Contact.longitude - True  cmd_type=elb consumer=False job_name=dev:tap-salesforce-to-target-jsonl name=tap-salesforce producer=True run_id=e0df1f83-c622-4eac-80c3-6bf2e27664e8 stdio=stderr string_id=tap-salesforce
2025-05-26T08:21:27.551741Z [info     ] INFO Contact.latitude - True   cmd_type=elb consumer=False job_name=dev:tap-salesforce-to-target-jsonl name=tap-salesforce producer=True run_id=e0df1f83-c622-4eac-80c3-6bf2e27664e8 stdio=stderr string_id=tap-salesforce
2025-05-26T08:21:27.551818Z [info     ] INFO Contact.geocodeAccuracy - True cmd_type=elb consumer=False job_name=dev:tap-salesforce-to-target-jsonl name=tap-salesforce producer=True run_id=e0df1f83-c622-4eac-80c3-6bf2e27664e8 stdio=stderr string_id=tap-salesforce
2025-05-26T08:21:27.551897Z [info     ] INFO Contact.MailingStreet - True cmd_type=elb consumer=False job_name=dev:tap-salesforce-to-target-jsonl name=tap-salesforce producer=True run_id=e0df1f83-c622-4eac-80c3-6bf2e27664e8 stdio=stderr string_id=tap-salesforce
2025-05-26T08:21:27.551975Z [info     ] INFO Contact.MailingCity - True cmd_type=elb consumer=False job_name=dev:tap-salesforce-to-target-jsonl name=tap-salesforce producer=True run_id=e0df1f83-c622-4eac-80c3-6bf2e27664e8 stdio=stderr string_id=tap-salesforce
2025-05-26T08:21:27.552059Z [info     ] INFO Contact.MailingState - True cmd_type=elb consumer=False job_name=dev:tap-salesforce-to-target-jsonl name=tap-salesforce producer=True run_id=e0df1f83-c622-4eac-80c3-6bf2e27664e8 stdio=stderr string_id=tap-salesforce
2025-05-26T08:21:27.552138Z [info     ] INFO Contact.MailingPostalCode - True cmd_type=elb consumer=False job_name=dev:tap-salesforce-to-target-jsonl name=tap-salesforce producer=True run_id=e0df1f83-c622-4eac-80c3-6bf2e27664e8 stdio=stderr string_id=tap-salesforce
2025-05-26T08:21:27.552215Z [info     ] INFO Contact.MailingCountry - True cmd_type=elb consumer=False job_name=dev:tap-salesforce-to-target-jsonl name=tap-salesforce producer=True run_id=e0df1f83-c622-4eac-80c3-6bf2e27664e8 stdio=stderr string_id=tap-salesforce
2025-05-26T08:21:27.552294Z [info     ] INFO Contact.MailingStateCode - True cmd_type=elb consumer=False job_name=dev:tap-salesforce-to-target-jsonl name=tap-salesforce producer=True run_id=e0df1f83-c622-4eac-80c3-6bf2e27664e8 stdio=stderr string_id=tap-salesforce
2025-05-26T08:21:27.552387Z [info     ] INFO Contact.MailingCountryCode - True cmd_type=elb consumer=False job_name=dev:tap-salesforce-to-target-jsonl name=tap-salesforce producer=True run_id=e0df1f83-c622-4eac-80c3-6bf2e27664e8 stdio=stderr string_id=tap-salesforce
2025-05-26T08:21:27.552465Z [info     ] INFO Contact.MailingLatitude - True cmd_type=elb consumer=False job_name=dev:tap-salesforce-to-target-jsonl name=tap-salesforce producer=True run_id=e0df1f83-c622-4eac-80c3-6bf2e27664e8 stdio=stderr string_id=tap-salesforce
2025-05-26T08:21:27.552542Z [info     ] INFO Contact.MailingLongitude - True cmd_type=elb consumer=False job_name=dev:tap-salesforce-to-target-jsonl name=tap-salesforce producer=True run_id=e0df1f83-c622-4eac-80c3-6bf2e27664e8 stdio=stderr string_id=tap-salesforce
2025-05-26T08:21:27.552619Z [info     ] INFO Contact.MailingGeocodeAccuracy - True cmd_type=elb consumer=False job_name=dev:tap-salesforce-to-target-jsonl name=tap-salesforce producer=True run_id=e0df1f83-c622-4eac-80c3-6bf2e27664e8 stdio=stderr string_id=tap-salesforce
2025-05-26T08:21:27.552697Z [info     ] INFO Contact.MailingAddress - True cmd_type=elb consumer=False job_name=dev:tap-salesforce-to-target-jsonl name=tap-salesforce producer=True run_id=e0df1f83-c622-4eac-80c3-6bf2e27664e8 stdio=stderr string_id=tap-salesforce
2025-05-26T08:21:27.552775Z [info     ] INFO Contact.street - True     cmd_type=elb consumer=False job_name=dev:tap-salesforce-to-target-jsonl name=tap-salesforce producer=True run_id=e0df1f83-c622-4eac-80c3-6bf2e27664e8 stdio=stderr string_id=tap-salesforce
2025-05-26T08:21:27.552854Z [info     ] INFO Contact.state - True      cmd_type=elb consumer=False job_name=dev:tap-salesforce-to-target-jsonl name=tap-salesforce producer=True run_id=e0df1f83-c622-4eac-80c3-6bf2e27664e8 stdio=stderr string_id=tap-salesforce
2025-05-26T08:21:27.552933Z [info     ] INFO Contact.postalCode - True cmd_type=elb consumer=False job_name=dev:tap-salesforce-to-target-jsonl name=tap-salesforce producer=True run_id=e0df1f83-c622-4eac-80c3-6bf2e27664e8 stdio=stderr string_id=tap-salesforce
2025-05-26T08:21:27.553010Z [info     ] INFO Contact.city - True       cmd_type=elb consumer=False job_name=dev:tap-salesforce-to-target-jsonl name=tap-salesforce producer=True run_id=e0df1f83-c622-4eac-80c3-6bf2e27664e8 stdio=stderr string_id=tap-salesforce
2025-05-26T08:21:27.553088Z [info     ] INFO Contact.country - True    cmd_type=elb consumer=False job_name=dev:tap-salesforce-to-target-jsonl name=tap-salesforce producer=True run_id=e0df1f83-c622-4eac-80c3-6bf2e27664e8 stdio=stderr string_id=tap-salesforce
2025-05-26T08:21:27.553165Z [info     ] INFO Contact.longitude - True  cmd_type=elb consumer=False job_name=dev:tap-salesforce-to-target-jsonl name=tap-salesforce producer=True run_id=e0df1f83-c622-4eac-80c3-6bf2e27664e8 stdio=stderr string_id=tap-salesforce
2025-05-26T08:21:27.553252Z [info     ] INFO Contact.latitude - True   cmd_type=elb consumer=False job_name=dev:tap-salesforce-to-target-jsonl name=tap-salesforce producer=True run_id=e0df1f83-c622-4eac-80c3-6bf2e27664e8 stdio=stderr string_id=tap-salesforce
2025-05-26T08:21:27.553329Z [info     ] INFO Contact.geocodeAccuracy - True cmd_type=elb consumer=False job_name=dev:tap-salesforce-to-target-jsonl name=tap-salesforce producer=True run_id=e0df1f83-c622-4eac-80c3-6bf2e27664e8 stdio=stderr string_id=tap-salesforce
2025-05-26T08:21:27.553405Z [info     ] INFO Contact.Phone - True      cmd_type=elb consumer=False job_name=dev:tap-salesforce-to-target-jsonl name=tap-salesforce producer=True run_id=e0df1f83-c622-4eac-80c3-6bf2e27664e8 stdio=stderr string_id=tap-salesforce
2025-05-26T08:21:27.553482Z [info     ] INFO Contact.Fax - True        cmd_type=elb consumer=False job_name=dev:tap-salesforce-to-target-jsonl name=tap-salesforce producer=True run_id=e0df1f83-c622-4eac-80c3-6bf2e27664e8 stdio=stderr string_id=tap-salesforce
2025-05-26T08:21:27.553558Z [info     ] INFO Contact.MobilePhone - True cmd_type=elb consumer=False job_name=dev:tap-salesforce-to-target-jsonl name=tap-salesforce producer=True run_id=e0df1f83-c622-4eac-80c3-6bf2e27664e8 stdio=stderr string_id=tap-salesforce
2025-05-26T08:21:27.553635Z [info     ] INFO Contact.HomePhone - True  cmd_type=elb consumer=False job_name=dev:tap-salesforce-to-target-jsonl name=tap-salesforce producer=True run_id=e0df1f83-c622-4eac-80c3-6bf2e27664e8 stdio=stderr string_id=tap-salesforce
2025-05-26T08:21:27.553712Z [info     ] INFO Contact.OtherPhone - True cmd_type=elb consumer=False job_name=dev:tap-salesforce-to-target-jsonl name=tap-salesforce producer=True run_id=e0df1f83-c622-4eac-80c3-6bf2e27664e8 stdio=stderr string_id=tap-salesforce
2025-05-26T08:21:27.553788Z [info     ] INFO Contact.AssistantPhone - True cmd_type=elb consumer=False job_name=dev:tap-salesforce-to-target-jsonl name=tap-salesforce producer=True run_id=e0df1f83-c622-4eac-80c3-6bf2e27664e8 stdio=stderr string_id=tap-salesforce
2025-05-26T08:21:27.553865Z [info     ] INFO Contact.ReportsToId - True cmd_type=elb consumer=False job_name=dev:tap-salesforce-to-target-jsonl name=tap-salesforce producer=True run_id=e0df1f83-c622-4eac-80c3-6bf2e27664e8 stdio=stderr string_id=tap-salesforce
2025-05-26T08:21:27.553942Z [info     ] INFO Contact.Email - True      cmd_type=elb consumer=False job_name=dev:tap-salesforce-to-target-jsonl name=tap-salesforce producer=True run_id=e0df1f83-c622-4eac-80c3-6bf2e27664e8 stdio=stderr string_id=tap-salesforce
2025-05-26T08:21:27.554022Z [info     ] INFO Contact.Title - True      cmd_type=elb consumer=False job_name=dev:tap-salesforce-to-target-jsonl name=tap-salesforce producer=True run_id=e0df1f83-c622-4eac-80c3-6bf2e27664e8 stdio=stderr string_id=tap-salesforce
2025-05-26T08:21:27.554099Z [info     ] INFO Contact.Department - True cmd_type=elb consumer=False job_name=dev:tap-salesforce-to-target-jsonl name=tap-salesforce producer=True run_id=e0df1f83-c622-4eac-80c3-6bf2e27664e8 stdio=stderr string_id=tap-salesforce
2025-05-26T08:21:27.554175Z [info     ] INFO Contact.AssistantName - True cmd_type=elb consumer=False job_name=dev:tap-salesforce-to-target-jsonl name=tap-salesforce producer=True run_id=e0df1f83-c622-4eac-80c3-6bf2e27664e8 stdio=stderr string_id=tap-salesforce
2025-05-26T08:21:27.554252Z [info     ] INFO Contact.LeadSource - True cmd_type=elb consumer=False job_name=dev:tap-salesforce-to-target-jsonl name=tap-salesforce producer=True run_id=e0df1f83-c622-4eac-80c3-6bf2e27664e8 stdio=stderr string_id=tap-salesforce
2025-05-26T08:21:27.554328Z [info     ] INFO Contact.Birthdate - True  cmd_type=elb consumer=False job_name=dev:tap-salesforce-to-target-jsonl name=tap-salesforce producer=True run_id=e0df1f83-c622-4eac-80c3-6bf2e27664e8 stdio=stderr string_id=tap-salesforce
2025-05-26T08:21:27.554404Z [info     ] INFO Contact.Description - True cmd_type=elb consumer=False job_name=dev:tap-salesforce-to-target-jsonl name=tap-salesforce producer=True run_id=e0df1f83-c622-4eac-80c3-6bf2e27664e8 stdio=stderr string_id=tap-salesforce
2025-05-26T08:21:27.554532Z [info     ] INFO Syncing Salesforce data for stream Lead cmd_type=elb consumer=False job_name=dev:tap-salesforce-to-target-jsonl name=tap-salesforce producer=True run_id=e0df1f83-c622-4eac-80c3-6bf2e27664e8 stdio=stderr string_id=tap-salesforce
2025-05-26T08:21:27.554627Z [info     ] INFO Making GET request to https://orgfarm-b529f752a8-dev-ed.develop.my.salesforce.com/services/data/v60.0/queryAll with params: {'q': 'SELECT Id,IsDeleted,MasterRecordId,LastName,FirstName,Salutation,Name,Title,Company,Street,City,State,PostalCode,Country,StateCode,CountryCode,Latitude,Longitude,GeocodeAccuracy,Address,Phone,MobilePhone,Fax,Email,Website,PhotoUrl,Description,LeadSource,Status,Industry,Rating,AnnualRevenue,NumberOfEmployees,OwnerId,IsConverted,ConvertedDate,ConvertedAccountId,ConvertedContactId,ConvertedOpportunityId,IsUnreadByOwner,CreatedDate,CreatedById,LastModifiedDate,LastModifiedById,SystemModstamp,LastActivityDate,LastViewedDate,LastReferencedDate,Jigsaw,JigsawContactId,CleanStatus,CompanyDunsNumber,DandbCompanyId,EmailBouncedReason,EmailBouncedDate,IndividualId,IsPriorityRecord,SICCode__c,ProductInterest__c,Primary__c,CurrentGenerators__c,NumberofLocations__c FROM Lead WHERE SystemModstamp >= 2025-05-25T00:00:00+00:00  ORDER BY SystemModstamp ASC'} cmd_type=elb consumer=False job_name=dev:tap-salesforce-to-target-jsonl name=tap-salesforce producer=True run_id=e0df1f83-c622-4eac-80c3-6bf2e27664e8 stdio=stderr string_id=tap-salesforce
2025-05-26T08:21:27.554712Z [info     ] INFO Contact.OwnerId - True    cmd_type=elb consumer=False job_name=dev:tap-salesforce-to-target-jsonl name=tap-salesforce producer=True run_id=e0df1f83-c622-4eac-80c3-6bf2e27664e8 stdio=stderr string_id=tap-salesforce
2025-05-26T08:21:27.554791Z [info     ] INFO Contact.CreatedDate - True cmd_type=elb consumer=False job_name=dev:tap-salesforce-to-target-jsonl name=tap-salesforce producer=True run_id=e0df1f83-c622-4eac-80c3-6bf2e27664e8 stdio=stderr string_id=tap-salesforce
2025-05-26T08:21:27.554872Z [info     ] INFO Contact.CreatedById - True cmd_type=elb consumer=False job_name=dev:tap-salesforce-to-target-jsonl name=tap-salesforce producer=True run_id=e0df1f83-c622-4eac-80c3-6bf2e27664e8 stdio=stderr string_id=tap-salesforce
2025-05-26T08:21:27.554950Z [info     ] INFO Contact.LastModifiedDate - True cmd_type=elb consumer=False job_name=dev:tap-salesforce-to-target-jsonl name=tap-salesforce producer=True run_id=e0df1f83-c622-4eac-80c3-6bf2e27664e8 stdio=stderr string_id=tap-salesforce
2025-05-26T08:21:27.555027Z [info     ] INFO Contact.LastModifiedById - True cmd_type=elb consumer=False job_name=dev:tap-salesforce-to-target-jsonl name=tap-salesforce producer=True run_id=e0df1f83-c622-4eac-80c3-6bf2e27664e8 stdio=stderr string_id=tap-salesforce
2025-05-26T08:21:27.555106Z [info     ] INFO Contact.SystemModstamp - True cmd_type=elb consumer=False job_name=dev:tap-salesforce-to-target-jsonl name=tap-salesforce producer=True run_id=e0df1f83-c622-4eac-80c3-6bf2e27664e8 stdio=stderr string_id=tap-salesforce
2025-05-26T08:21:27.555183Z [info     ] INFO Contact.LastActivityDate - True cmd_type=elb consumer=False job_name=dev:tap-salesforce-to-target-jsonl name=tap-salesforce producer=True run_id=e0df1f83-c622-4eac-80c3-6bf2e27664e8 stdio=stderr string_id=tap-salesforce
2025-05-26T08:21:27.555259Z [info     ] INFO Contact.LastCURequestDate - True cmd_type=elb consumer=False job_name=dev:tap-salesforce-to-target-jsonl name=tap-salesforce producer=True run_id=e0df1f83-c622-4eac-80c3-6bf2e27664e8 stdio=stderr string_id=tap-salesforce
2025-05-26T08:21:27.555337Z [info     ] INFO Contact.LastCUUpdateDate - True cmd_type=elb consumer=False job_name=dev:tap-salesforce-to-target-jsonl name=tap-salesforce producer=True run_id=e0df1f83-c622-4eac-80c3-6bf2e27664e8 stdio=stderr string_id=tap-salesforce
2025-05-26T08:21:27.555415Z [info     ] INFO Contact.LastViewedDate - True cmd_type=elb consumer=False job_name=dev:tap-salesforce-to-target-jsonl name=tap-salesforce producer=True run_id=e0df1f83-c622-4eac-80c3-6bf2e27664e8 stdio=stderr string_id=tap-salesforce
2025-05-26T08:21:27.555497Z [info     ] INFO Contact.LastReferencedDate - True cmd_type=elb consumer=False job_name=dev:tap-salesforce-to-target-jsonl name=tap-salesforce producer=True run_id=e0df1f83-c622-4eac-80c3-6bf2e27664e8 stdio=stderr string_id=tap-salesforce
2025-05-26T08:21:27.555577Z [info     ] INFO Contact.EmailBouncedReason - True cmd_type=elb consumer=False job_name=dev:tap-salesforce-to-target-jsonl name=tap-salesforce producer=True run_id=e0df1f83-c622-4eac-80c3-6bf2e27664e8 stdio=stderr string_id=tap-salesforce
2025-05-26T08:21:27.555654Z [info     ] INFO Contact.EmailBouncedDate - True cmd_type=elb consumer=False job_name=dev:tap-salesforce-to-target-jsonl name=tap-salesforce producer=True run_id=e0df1f83-c622-4eac-80c3-6bf2e27664e8 stdio=stderr string_id=tap-salesforce
2025-05-26T08:21:27.555732Z [info     ] INFO Contact.IsEmailBounced - True cmd_type=elb consumer=False job_name=dev:tap-salesforce-to-target-jsonl name=tap-salesforce producer=True run_id=e0df1f83-c622-4eac-80c3-6bf2e27664e8 stdio=stderr string_id=tap-salesforce
2025-05-26T08:21:27.555809Z [info     ] INFO Contact.PhotoUrl - True   cmd_type=elb consumer=False job_name=dev:tap-salesforce-to-target-jsonl name=tap-salesforce producer=True run_id=e0df1f83-c622-4eac-80c3-6bf2e27664e8 stdio=stderr string_id=tap-salesforce
2025-05-26T08:21:27.555887Z [info     ] INFO Contact.Jigsaw - True     cmd_type=elb consumer=False job_name=dev:tap-salesforce-to-target-jsonl name=tap-salesforce producer=True run_id=e0df1f83-c622-4eac-80c3-6bf2e27664e8 stdio=stderr string_id=tap-salesforce
2025-05-26T08:21:27.555965Z [info     ] INFO Contact.JigsawContactId - True cmd_type=elb consumer=False job_name=dev:tap-salesforce-to-target-jsonl name=tap-salesforce producer=True run_id=e0df1f83-c622-4eac-80c3-6bf2e27664e8 stdio=stderr string_id=tap-salesforce
2025-05-26T08:21:27.556042Z [info     ] INFO Contact.CleanStatus - True cmd_type=elb consumer=False job_name=dev:tap-salesforce-to-target-jsonl name=tap-salesforce producer=True run_id=e0df1f83-c622-4eac-80c3-6bf2e27664e8 stdio=stderr string_id=tap-salesforce
2025-05-26T08:21:27.556119Z [info     ] INFO Contact.IndividualId - True cmd_type=elb consumer=False job_name=dev:tap-salesforce-to-target-jsonl name=tap-salesforce producer=True run_id=e0df1f83-c622-4eac-80c3-6bf2e27664e8 stdio=stderr string_id=tap-salesforce
2025-05-26T08:21:27.556196Z [info     ] INFO Contact.IsPriorityRecord - True cmd_type=elb consumer=False job_name=dev:tap-salesforce-to-target-jsonl name=tap-salesforce producer=True run_id=e0df1f83-c622-4eac-80c3-6bf2e27664e8 stdio=stderr string_id=tap-salesforce
2025-05-26T08:21:27.556273Z [info     ] INFO Contact.Level__c - True   cmd_type=elb consumer=False job_name=dev:tap-salesforce-to-target-jsonl name=tap-salesforce producer=True run_id=e0df1f83-c622-4eac-80c3-6bf2e27664e8 stdio=stderr string_id=tap-salesforce
2025-05-26T08:21:27.556351Z [info     ] INFO Contact.Languages__c - True cmd_type=elb consumer=False job_name=dev:tap-salesforce-to-target-jsonl name=tap-salesforce producer=True run_id=e0df1f83-c622-4eac-80c3-6bf2e27664e8 stdio=stderr string_id=tap-salesforce
2025-05-26T08:21:27.556428Z [info     ] INFO Account: Starting         cmd_type=elb consumer=False job_name=dev:tap-salesforce-to-target-jsonl name=tap-salesforce producer=True run_id=e0df1f83-c622-4eac-80c3-6bf2e27664e8 stdio=stderr string_id=tap-salesforce
2025-05-26T08:21:27.556592Z [info     ] INFO Account.Id - True         cmd_type=elb consumer=False job_name=dev:tap-salesforce-to-target-jsonl name=tap-salesforce producer=True run_id=e0df1f83-c622-4eac-80c3-6bf2e27664e8 stdio=stderr string_id=tap-salesforce
2025-05-26T08:21:27.556788Z [info     ] INFO Account.IsDeleted - True  cmd_type=elb consumer=False job_name=dev:tap-salesforce-to-target-jsonl name=tap-salesforce producer=True run_id=e0df1f83-c622-4eac-80c3-6bf2e27664e8 stdio=stderr string_id=tap-salesforce
2025-05-26T08:21:27.556914Z [info     ] INFO Account.MasterRecordId - True cmd_type=elb consumer=False job_name=dev:tap-salesforce-to-target-jsonl name=tap-salesforce producer=True run_id=e0df1f83-c622-4eac-80c3-6bf2e27664e8 stdio=stderr string_id=tap-salesforce
2025-05-26T08:21:27.557015Z [info     ] INFO Account.Name - True       cmd_type=elb consumer=False job_name=dev:tap-salesforce-to-target-jsonl name=tap-salesforce producer=True run_id=e0df1f83-c622-4eac-80c3-6bf2e27664e8 stdio=stderr string_id=tap-salesforce
2025-05-26T08:21:27.557106Z [info     ] INFO Account.Type - True       cmd_type=elb consumer=False job_name=dev:tap-salesforce-to-target-jsonl name=tap-salesforce producer=True run_id=e0df1f83-c622-4eac-80c3-6bf2e27664e8 stdio=stderr string_id=tap-salesforce
2025-05-26T08:21:27.557191Z [info     ] INFO Account.ParentId - True   cmd_type=elb consumer=False job_name=dev:tap-salesforce-to-target-jsonl name=tap-salesforce producer=True run_id=e0df1f83-c622-4eac-80c3-6bf2e27664e8 stdio=stderr string_id=tap-salesforce
2025-05-26T08:21:27.557274Z [info     ] INFO Account.BillingStreet - True cmd_type=elb consumer=False job_name=dev:tap-salesforce-to-target-jsonl name=tap-salesforce producer=True run_id=e0df1f83-c622-4eac-80c3-6bf2e27664e8 stdio=stderr string_id=tap-salesforce
2025-05-26T08:21:27.557357Z [info     ] INFO Account.BillingCity - True cmd_type=elb consumer=False job_name=dev:tap-salesforce-to-target-jsonl name=tap-salesforce producer=True run_id=e0df1f83-c622-4eac-80c3-6bf2e27664e8 stdio=stderr string_id=tap-salesforce
2025-05-26T08:21:27.557438Z [info     ] INFO Account.BillingState - True cmd_type=elb consumer=False job_name=dev:tap-salesforce-to-target-jsonl name=tap-salesforce producer=True run_id=e0df1f83-c622-4eac-80c3-6bf2e27664e8 stdio=stderr string_id=tap-salesforce
2025-05-26T08:21:27.557519Z [info     ] INFO Account.BillingPostalCode - True cmd_type=elb consumer=False job_name=dev:tap-salesforce-to-target-jsonl name=tap-salesforce producer=True run_id=e0df1f83-c622-4eac-80c3-6bf2e27664e8 stdio=stderr string_id=tap-salesforce
2025-05-26T08:21:27.557603Z [info     ] INFO Account.BillingCountry - True cmd_type=elb consumer=False job_name=dev:tap-salesforce-to-target-jsonl name=tap-salesforce producer=True run_id=e0df1f83-c622-4eac-80c3-6bf2e27664e8 stdio=stderr string_id=tap-salesforce
2025-05-26T08:21:27.557682Z [info     ] INFO Account.BillingStateCode - True cmd_type=elb consumer=False job_name=dev:tap-salesforce-to-target-jsonl name=tap-salesforce producer=True run_id=e0df1f83-c622-4eac-80c3-6bf2e27664e8 stdio=stderr string_id=tap-salesforce
2025-05-26T08:21:27.557761Z [info     ] INFO Account.BillingCountryCode - True cmd_type=elb consumer=False job_name=dev:tap-salesforce-to-target-jsonl name=tap-salesforce producer=True run_id=e0df1f83-c622-4eac-80c3-6bf2e27664e8 stdio=stderr string_id=tap-salesforce
2025-05-26T08:21:27.557844Z [info     ] INFO Account.BillingLatitude - True cmd_type=elb consumer=False job_name=dev:tap-salesforce-to-target-jsonl name=tap-salesforce producer=True run_id=e0df1f83-c622-4eac-80c3-6bf2e27664e8 stdio=stderr string_id=tap-salesforce
2025-05-26T08:21:27.557922Z [info     ] INFO Account.BillingLongitude - True cmd_type=elb consumer=False job_name=dev:tap-salesforce-to-target-jsonl name=tap-salesforce producer=True run_id=e0df1f83-c622-4eac-80c3-6bf2e27664e8 stdio=stderr string_id=tap-salesforce
2025-05-26T08:21:27.558004Z [info     ] INFO Account.BillingGeocodeAccuracy - True cmd_type=elb consumer=False job_name=dev:tap-salesforce-to-target-jsonl name=tap-salesforce producer=True run_id=e0df1f83-c622-4eac-80c3-6bf2e27664e8 stdio=stderr string_id=tap-salesforce
2025-05-26T08:21:27.558082Z [info     ] INFO Account.BillingAddress - True cmd_type=elb consumer=False job_name=dev:tap-salesforce-to-target-jsonl name=tap-salesforce producer=True run_id=e0df1f83-c622-4eac-80c3-6bf2e27664e8 stdio=stderr string_id=tap-salesforce
2025-05-26T08:21:27.558160Z [info     ] INFO Account.street - True     cmd_type=elb consumer=False job_name=dev:tap-salesforce-to-target-jsonl name=tap-salesforce producer=True run_id=e0df1f83-c622-4eac-80c3-6bf2e27664e8 stdio=stderr string_id=tap-salesforce
2025-05-26T08:21:27.558250Z [info     ] INFO Account.state - True      cmd_type=elb consumer=False job_name=dev:tap-salesforce-to-target-jsonl name=tap-salesforce producer=True run_id=e0df1f83-c622-4eac-80c3-6bf2e27664e8 stdio=stderr string_id=tap-salesforce
2025-05-26T08:21:27.558330Z [info     ] INFO Account.postalCode - True cmd_type=elb consumer=False job_name=dev:tap-salesforce-to-target-jsonl name=tap-salesforce producer=True run_id=e0df1f83-c622-4eac-80c3-6bf2e27664e8 stdio=stderr string_id=tap-salesforce
2025-05-26T08:21:27.558408Z [info     ] INFO Account.city - True       cmd_type=elb consumer=False job_name=dev:tap-salesforce-to-target-jsonl name=tap-salesforce producer=True run_id=e0df1f83-c622-4eac-80c3-6bf2e27664e8 stdio=stderr string_id=tap-salesforce
2025-05-26T08:21:27.558488Z [info     ] INFO Account.country - True    cmd_type=elb consumer=False job_name=dev:tap-salesforce-to-target-jsonl name=tap-salesforce producer=True run_id=e0df1f83-c622-4eac-80c3-6bf2e27664e8 stdio=stderr string_id=tap-salesforce
2025-05-26T08:21:27.558565Z [info     ] INFO Account.longitude - True  cmd_type=elb consumer=False job_name=dev:tap-salesforce-to-target-jsonl name=tap-salesforce producer=True run_id=e0df1f83-c622-4eac-80c3-6bf2e27664e8 stdio=stderr string_id=tap-salesforce
2025-05-26T08:21:27.558643Z [info     ] INFO Account.latitude - True   cmd_type=elb consumer=False job_name=dev:tap-salesforce-to-target-jsonl name=tap-salesforce producer=True run_id=e0df1f83-c622-4eac-80c3-6bf2e27664e8 stdio=stderr string_id=tap-salesforce
2025-05-26T08:21:27.558721Z [info     ] INFO Account.geocodeAccuracy - True cmd_type=elb consumer=False job_name=dev:tap-salesforce-to-target-jsonl name=tap-salesforce producer=True run_id=e0df1f83-c622-4eac-80c3-6bf2e27664e8 stdio=stderr string_id=tap-salesforce
2025-05-26T08:21:27.558802Z [info     ] INFO Account.ShippingStreet - True cmd_type=elb consumer=False job_name=dev:tap-salesforce-to-target-jsonl name=tap-salesforce producer=True run_id=e0df1f83-c622-4eac-80c3-6bf2e27664e8 stdio=stderr string_id=tap-salesforce
2025-05-26T08:21:27.558881Z [info     ] INFO Account.ShippingCity - True cmd_type=elb consumer=False job_name=dev:tap-salesforce-to-target-jsonl name=tap-salesforce producer=True run_id=e0df1f83-c622-4eac-80c3-6bf2e27664e8 stdio=stderr string_id=tap-salesforce
2025-05-26T08:21:27.558959Z [info     ] INFO Account.ShippingState - True cmd_type=elb consumer=False job_name=dev:tap-salesforce-to-target-jsonl name=tap-salesforce producer=True run_id=e0df1f83-c622-4eac-80c3-6bf2e27664e8 stdio=stderr string_id=tap-salesforce
2025-05-26T08:21:27.559036Z [info     ] INFO Account.ShippingPostalCode - True cmd_type=elb consumer=False job_name=dev:tap-salesforce-to-target-jsonl name=tap-salesforce producer=True run_id=e0df1f83-c622-4eac-80c3-6bf2e27664e8 stdio=stderr string_id=tap-salesforce
2025-05-26T08:21:27.559113Z [info     ] INFO Account.ShippingCountry - True cmd_type=elb consumer=False job_name=dev:tap-salesforce-to-target-jsonl name=tap-salesforce producer=True run_id=e0df1f83-c622-4eac-80c3-6bf2e27664e8 stdio=stderr string_id=tap-salesforce
2025-05-26T08:21:27.559194Z [info     ] INFO Account.ShippingStateCode - True cmd_type=elb consumer=False job_name=dev:tap-salesforce-to-target-jsonl name=tap-salesforce producer=True run_id=e0df1f83-c622-4eac-80c3-6bf2e27664e8 stdio=stderr string_id=tap-salesforce
2025-05-26T08:21:27.559271Z [info     ] INFO Account.ShippingCountryCode - True cmd_type=elb consumer=False job_name=dev:tap-salesforce-to-target-jsonl name=tap-salesforce producer=True run_id=e0df1f83-c622-4eac-80c3-6bf2e27664e8 stdio=stderr string_id=tap-salesforce
2025-05-26T08:21:27.559348Z [info     ] INFO Account.ShippingLatitude - True cmd_type=elb consumer=False job_name=dev:tap-salesforce-to-target-jsonl name=tap-salesforce producer=True run_id=e0df1f83-c622-4eac-80c3-6bf2e27664e8 stdio=stderr string_id=tap-salesforce
2025-05-26T08:21:27.559426Z [info     ] INFO Account.ShippingLongitude - True cmd_type=elb consumer=False job_name=dev:tap-salesforce-to-target-jsonl name=tap-salesforce producer=True run_id=e0df1f83-c622-4eac-80c3-6bf2e27664e8 stdio=stderr string_id=tap-salesforce
2025-05-26T08:21:27.559508Z [info     ] INFO Account.ShippingGeocodeAccuracy - True cmd_type=elb consumer=False job_name=dev:tap-salesforce-to-target-jsonl name=tap-salesforce producer=True run_id=e0df1f83-c622-4eac-80c3-6bf2e27664e8 stdio=stderr string_id=tap-salesforce
2025-05-26T08:21:27.559586Z [info     ] INFO Account.ShippingAddress - True cmd_type=elb consumer=False job_name=dev:tap-salesforce-to-target-jsonl name=tap-salesforce producer=True run_id=e0df1f83-c622-4eac-80c3-6bf2e27664e8 stdio=stderr string_id=tap-salesforce
2025-05-26T08:21:27.559664Z [info     ] INFO Account.street - True     cmd_type=elb consumer=False job_name=dev:tap-salesforce-to-target-jsonl name=tap-salesforce producer=True run_id=e0df1f83-c622-4eac-80c3-6bf2e27664e8 stdio=stderr string_id=tap-salesforce
2025-05-26T08:21:27.559742Z [info     ] INFO Account.state - True      cmd_type=elb consumer=False job_name=dev:tap-salesforce-to-target-jsonl name=tap-salesforce producer=True run_id=e0df1f83-c622-4eac-80c3-6bf2e27664e8 stdio=stderr string_id=tap-salesforce
2025-05-26T08:21:27.559821Z [info     ] INFO Account.postalCode - True cmd_type=elb consumer=False job_name=dev:tap-salesforce-to-target-jsonl name=tap-salesforce producer=True run_id=e0df1f83-c622-4eac-80c3-6bf2e27664e8 stdio=stderr string_id=tap-salesforce
2025-05-26T08:21:27.559899Z [info     ] INFO Account.city - True       cmd_type=elb consumer=False job_name=dev:tap-salesforce-to-target-jsonl name=tap-salesforce producer=True run_id=e0df1f83-c622-4eac-80c3-6bf2e27664e8 stdio=stderr string_id=tap-salesforce
2025-05-26T08:21:27.559976Z [info     ] INFO Account.country - True    cmd_type=elb consumer=False job_name=dev:tap-salesforce-to-target-jsonl name=tap-salesforce producer=True run_id=e0df1f83-c622-4eac-80c3-6bf2e27664e8 stdio=stderr string_id=tap-salesforce
2025-05-26T08:21:27.560053Z [info     ] INFO Account.longitude - True  cmd_type=elb consumer=False job_name=dev:tap-salesforce-to-target-jsonl name=tap-salesforce producer=True run_id=e0df1f83-c622-4eac-80c3-6bf2e27664e8 stdio=stderr string_id=tap-salesforce
2025-05-26T08:21:27.560130Z [info     ] INFO Account.latitude - True   cmd_type=elb consumer=False job_name=dev:tap-salesforce-to-target-jsonl name=tap-salesforce producer=True run_id=e0df1f83-c622-4eac-80c3-6bf2e27664e8 stdio=stderr string_id=tap-salesforce
2025-05-26T08:21:27.560207Z [info     ] INFO Account.geocodeAccuracy - True cmd_type=elb consumer=False job_name=dev:tap-salesforce-to-target-jsonl name=tap-salesforce producer=True run_id=e0df1f83-c622-4eac-80c3-6bf2e27664e8 stdio=stderr string_id=tap-salesforce
2025-05-26T08:21:27.560285Z [info     ] INFO Account.Phone - True      cmd_type=elb consumer=False job_name=dev:tap-salesforce-to-target-jsonl name=tap-salesforce producer=True run_id=e0df1f83-c622-4eac-80c3-6bf2e27664e8 stdio=stderr string_id=tap-salesforce
2025-05-26T08:21:27.560362Z [info     ] INFO Account.Fax - True        cmd_type=elb consumer=False job_name=dev:tap-salesforce-to-target-jsonl name=tap-salesforce producer=True run_id=e0df1f83-c622-4eac-80c3-6bf2e27664e8 stdio=stderr string_id=tap-salesforce
2025-05-26T08:21:27.560439Z [info     ] INFO Account.AccountNumber - True cmd_type=elb consumer=False job_name=dev:tap-salesforce-to-target-jsonl name=tap-salesforce producer=True run_id=e0df1f83-c622-4eac-80c3-6bf2e27664e8 stdio=stderr string_id=tap-salesforce
2025-05-26T08:21:27.560516Z [info     ] INFO Account.Website - True    cmd_type=elb consumer=False job_name=dev:tap-salesforce-to-target-jsonl name=tap-salesforce producer=True run_id=e0df1f83-c622-4eac-80c3-6bf2e27664e8 stdio=stderr string_id=tap-salesforce
2025-05-26T08:21:27.560595Z [info     ] INFO Account.PhotoUrl - True   cmd_type=elb consumer=False job_name=dev:tap-salesforce-to-target-jsonl name=tap-salesforce producer=True run_id=e0df1f83-c622-4eac-80c3-6bf2e27664e8 stdio=stderr string_id=tap-salesforce
2025-05-26T08:21:27.560678Z [info     ] INFO Account.Sic - True        cmd_type=elb consumer=False job_name=dev:tap-salesforce-to-target-jsonl name=tap-salesforce producer=True run_id=e0df1f83-c622-4eac-80c3-6bf2e27664e8 stdio=stderr string_id=tap-salesforce
2025-05-26T08:21:27.560757Z [info     ] INFO Account.Industry - True   cmd_type=elb consumer=False job_name=dev:tap-salesforce-to-target-jsonl name=tap-salesforce producer=True run_id=e0df1f83-c622-4eac-80c3-6bf2e27664e8 stdio=stderr string_id=tap-salesforce
2025-05-26T08:21:27.560834Z [info     ] INFO Account.AnnualRevenue - True cmd_type=elb consumer=False job_name=dev:tap-salesforce-to-target-jsonl name=tap-salesforce producer=True run_id=e0df1f83-c622-4eac-80c3-6bf2e27664e8 stdio=stderr string_id=tap-salesforce
2025-05-26T08:21:27.560913Z [info     ] INFO Account.NumberOfEmployees - True cmd_type=elb consumer=False job_name=dev:tap-salesforce-to-target-jsonl name=tap-salesforce producer=True run_id=e0df1f83-c622-4eac-80c3-6bf2e27664e8 stdio=stderr string_id=tap-salesforce
2025-05-26T08:21:27.560991Z [info     ] INFO Account.Ownership - True  cmd_type=elb consumer=False job_name=dev:tap-salesforce-to-target-jsonl name=tap-salesforce producer=True run_id=e0df1f83-c622-4eac-80c3-6bf2e27664e8 stdio=stderr string_id=tap-salesforce
2025-05-26T08:21:27.561071Z [info     ] INFO Account.TickerSymbol - True cmd_type=elb consumer=False job_name=dev:tap-salesforce-to-target-jsonl name=tap-salesforce producer=True run_id=e0df1f83-c622-4eac-80c3-6bf2e27664e8 stdio=stderr string_id=tap-salesforce
2025-05-26T08:21:27.561150Z [info     ] INFO Account.Description - True cmd_type=elb consumer=False job_name=dev:tap-salesforce-to-target-jsonl name=tap-salesforce producer=True run_id=e0df1f83-c622-4eac-80c3-6bf2e27664e8 stdio=stderr string_id=tap-salesforce
2025-05-26T08:21:27.561228Z [info     ] INFO Account.Rating - True     cmd_type=elb consumer=False job_name=dev:tap-salesforce-to-target-jsonl name=tap-salesforce producer=True run_id=e0df1f83-c622-4eac-80c3-6bf2e27664e8 stdio=stderr string_id=tap-salesforce
2025-05-26T08:21:27.561307Z [info     ] INFO Account.Site - True       cmd_type=elb consumer=False job_name=dev:tap-salesforce-to-target-jsonl name=tap-salesforce producer=True run_id=e0df1f83-c622-4eac-80c3-6bf2e27664e8 stdio=stderr string_id=tap-salesforce
2025-05-26T08:21:27.561384Z [info     ] INFO Account.OwnerId - True    cmd_type=elb consumer=False job_name=dev:tap-salesforce-to-target-jsonl name=tap-salesforce producer=True run_id=e0df1f83-c622-4eac-80c3-6bf2e27664e8 stdio=stderr string_id=tap-salesforce
2025-05-26T08:21:27.561464Z [info     ] INFO Account.CreatedDate - True cmd_type=elb consumer=False job_name=dev:tap-salesforce-to-target-jsonl name=tap-salesforce producer=True run_id=e0df1f83-c622-4eac-80c3-6bf2e27664e8 stdio=stderr string_id=tap-salesforce
2025-05-26T08:21:27.561541Z [info     ] INFO Account.CreatedById - True cmd_type=elb consumer=False job_name=dev:tap-salesforce-to-target-jsonl name=tap-salesforce producer=True run_id=e0df1f83-c622-4eac-80c3-6bf2e27664e8 stdio=stderr string_id=tap-salesforce
2025-05-26T08:21:27.561619Z [info     ] INFO Account.LastModifiedDate - True cmd_type=elb consumer=False job_name=dev:tap-salesforce-to-target-jsonl name=tap-salesforce producer=True run_id=e0df1f83-c622-4eac-80c3-6bf2e27664e8 stdio=stderr string_id=tap-salesforce
2025-05-26T08:21:27.561704Z [info     ] INFO Account.LastModifiedById - True cmd_type=elb consumer=False job_name=dev:tap-salesforce-to-target-jsonl name=tap-salesforce producer=True run_id=e0df1f83-c622-4eac-80c3-6bf2e27664e8 stdio=stderr string_id=tap-salesforce
2025-05-26T08:21:27.561781Z [info     ] INFO Account.SystemModstamp - True cmd_type=elb consumer=False job_name=dev:tap-salesforce-to-target-jsonl name=tap-salesforce producer=True run_id=e0df1f83-c622-4eac-80c3-6bf2e27664e8 stdio=stderr string_id=tap-salesforce
2025-05-26T08:21:27.561863Z [info     ] INFO Account.LastActivityDate - True cmd_type=elb consumer=False job_name=dev:tap-salesforce-to-target-jsonl name=tap-salesforce producer=True run_id=e0df1f83-c622-4eac-80c3-6bf2e27664e8 stdio=stderr string_id=tap-salesforce
2025-05-26T08:21:27.561948Z [info     ] INFO Account.LastViewedDate - True cmd_type=elb consumer=False job_name=dev:tap-salesforce-to-target-jsonl name=tap-salesforce producer=True run_id=e0df1f83-c622-4eac-80c3-6bf2e27664e8 stdio=stderr string_id=tap-salesforce
2025-05-26T08:21:27.562026Z [info     ] INFO Account.LastReferencedDate - True cmd_type=elb consumer=False job_name=dev:tap-salesforce-to-target-jsonl name=tap-salesforce producer=True run_id=e0df1f83-c622-4eac-80c3-6bf2e27664e8 stdio=stderr string_id=tap-salesforce
2025-05-26T08:21:27.562103Z [info     ] INFO Account.Jigsaw - True     cmd_type=elb consumer=False job_name=dev:tap-salesforce-to-target-jsonl name=tap-salesforce producer=True run_id=e0df1f83-c622-4eac-80c3-6bf2e27664e8 stdio=stderr string_id=tap-salesforce
2025-05-26T08:21:27.562181Z [info     ] INFO Account.JigsawCompanyId - True cmd_type=elb consumer=False job_name=dev:tap-salesforce-to-target-jsonl name=tap-salesforce producer=True run_id=e0df1f83-c622-4eac-80c3-6bf2e27664e8 stdio=stderr string_id=tap-salesforce
2025-05-26T08:21:27.562259Z [info     ] INFO Account.CleanStatus - True cmd_type=elb consumer=False job_name=dev:tap-salesforce-to-target-jsonl name=tap-salesforce producer=True run_id=e0df1f83-c622-4eac-80c3-6bf2e27664e8 stdio=stderr string_id=tap-salesforce
2025-05-26T08:21:27.562336Z [info     ] INFO Account.AccountSource - True cmd_type=elb consumer=False job_name=dev:tap-salesforce-to-target-jsonl name=tap-salesforce producer=True run_id=e0df1f83-c622-4eac-80c3-6bf2e27664e8 stdio=stderr string_id=tap-salesforce
2025-05-26T08:21:27.562415Z [info     ] INFO Account.DunsNumber - True cmd_type=elb consumer=False job_name=dev:tap-salesforce-to-target-jsonl name=tap-salesforce producer=True run_id=e0df1f83-c622-4eac-80c3-6bf2e27664e8 stdio=stderr string_id=tap-salesforce
2025-05-26T08:21:27.562493Z [info     ] INFO Account.Tradestyle - True cmd_type=elb consumer=False job_name=dev:tap-salesforce-to-target-jsonl name=tap-salesforce producer=True run_id=e0df1f83-c622-4eac-80c3-6bf2e27664e8 stdio=stderr string_id=tap-salesforce
2025-05-26T08:21:27.562570Z [info     ] INFO Account.NaicsCode - True  cmd_type=elb consumer=False job_name=dev:tap-salesforce-to-target-jsonl name=tap-salesforce producer=True run_id=e0df1f83-c622-4eac-80c3-6bf2e27664e8 stdio=stderr string_id=tap-salesforce
2025-05-26T08:21:27.562647Z [info     ] INFO Account.NaicsDesc - True  cmd_type=elb consumer=False job_name=dev:tap-salesforce-to-target-jsonl name=tap-salesforce producer=True run_id=e0df1f83-c622-4eac-80c3-6bf2e27664e8 stdio=stderr string_id=tap-salesforce
2025-05-26T08:21:27.562725Z [info     ] INFO Account.YearStarted - True cmd_type=elb consumer=False job_name=dev:tap-salesforce-to-target-jsonl name=tap-salesforce producer=True run_id=e0df1f83-c622-4eac-80c3-6bf2e27664e8 stdio=stderr string_id=tap-salesforce
2025-05-26T08:21:27.562806Z [info     ] INFO Account.SicDesc - True    cmd_type=elb consumer=False job_name=dev:tap-salesforce-to-target-jsonl name=tap-salesforce producer=True run_id=e0df1f83-c622-4eac-80c3-6bf2e27664e8 stdio=stderr string_id=tap-salesforce
2025-05-26T08:21:27.562883Z [info     ] INFO Account.DandbCompanyId - True cmd_type=elb consumer=False job_name=dev:tap-salesforce-to-target-jsonl name=tap-salesforce producer=True run_id=e0df1f83-c622-4eac-80c3-6bf2e27664e8 stdio=stderr string_id=tap-salesforce
2025-05-26T08:21:27.562960Z [info     ] INFO Account.OperatingHoursId - True cmd_type=elb consumer=False job_name=dev:tap-salesforce-to-target-jsonl name=tap-salesforce producer=True run_id=e0df1f83-c622-4eac-80c3-6bf2e27664e8 stdio=stderr string_id=tap-salesforce
2025-05-26T08:21:27.563037Z [info     ] INFO Account.CustomerPriority__c - True cmd_type=elb consumer=False job_name=dev:tap-salesforce-to-target-jsonl name=tap-salesforce producer=True run_id=e0df1f83-c622-4eac-80c3-6bf2e27664e8 stdio=stderr string_id=tap-salesforce
2025-05-26T08:21:27.563114Z [info     ] INFO Account.SLA__c - True     cmd_type=elb consumer=False job_name=dev:tap-salesforce-to-target-jsonl name=tap-salesforce producer=True run_id=e0df1f83-c622-4eac-80c3-6bf2e27664e8 stdio=stderr string_id=tap-salesforce
2025-05-26T08:21:27.563201Z [info     ] INFO Account.Active__c - True  cmd_type=elb consumer=False job_name=dev:tap-salesforce-to-target-jsonl name=tap-salesforce producer=True run_id=e0df1f83-c622-4eac-80c3-6bf2e27664e8 stdio=stderr string_id=tap-salesforce
2025-05-26T08:21:27.563279Z [info     ] INFO Account.NumberofLocations__c - True cmd_type=elb consumer=False job_name=dev:tap-salesforce-to-target-jsonl name=tap-salesforce producer=True run_id=e0df1f83-c622-4eac-80c3-6bf2e27664e8 stdio=stderr string_id=tap-salesforce
2025-05-26T08:21:27.563356Z [info     ] INFO Account.UpsellOpportunity__c - True cmd_type=elb consumer=False job_name=dev:tap-salesforce-to-target-jsonl name=tap-salesforce producer=True run_id=e0df1f83-c622-4eac-80c3-6bf2e27664e8 stdio=stderr string_id=tap-salesforce
2025-05-26T08:21:27.563436Z [info     ] INFO Account.SLASerialNumber__c - True cmd_type=elb consumer=False job_name=dev:tap-salesforce-to-target-jsonl name=tap-salesforce producer=True run_id=e0df1f83-c622-4eac-80c3-6bf2e27664e8 stdio=stderr string_id=tap-salesforce
2025-05-26T08:21:27.563516Z [info     ] INFO Account.SLAExpirationDate__c - True cmd_type=elb consumer=False job_name=dev:tap-salesforce-to-target-jsonl name=tap-salesforce producer=True run_id=e0df1f83-c622-4eac-80c3-6bf2e27664e8 stdio=stderr string_id=tap-salesforce
2025-05-26T08:21:27.563594Z [info     ] INFO Syncing Salesforce data for stream Contact cmd_type=elb consumer=False job_name=dev:tap-salesforce-to-target-jsonl name=tap-salesforce producer=True run_id=e0df1f83-c622-4eac-80c3-6bf2e27664e8 stdio=stderr string_id=tap-salesforce
2025-05-26T08:21:27.563677Z [info     ] INFO Making GET request to https://orgfarm-b529f752a8-dev-ed.develop.my.salesforce.com/services/data/v60.0/queryAll with params: {'q': 'SELECT Id,IsDeleted,MasterRecordId,AccountId,LastName,FirstName,Salutation,Name,OtherStreet,OtherCity,OtherState,OtherPostalCode,OtherCountry,OtherStateCode,OtherCountryCode,OtherLatitude,OtherLongitude,OtherGeocodeAccuracy,OtherAddress,MailingStreet,MailingCity,MailingState,MailingPostalCode,MailingCountry,MailingStateCode,MailingCountryCode,MailingLatitude,MailingLongitude,MailingGeocodeAccuracy,MailingAddress,Phone,Fax,MobilePhone,HomePhone,OtherPhone,AssistantPhone,ReportsToId,Email,Title,Department,AssistantName,LeadSource,Birthdate,Description,OwnerId,CreatedDate,CreatedById,LastModifiedDate,LastModifiedById,SystemModstamp,LastActivityDate,LastCURequestDate,LastCUUpdateDate,LastViewedDate,LastReferencedDate,EmailBouncedReason,EmailBouncedDate,IsEmailBounced,PhotoUrl,Jigsaw,JigsawContactId,CleanStatus,IndividualId,IsPriorityRecord,Level__c,Languages__c FROM Contact WHERE SystemModstamp >= 2025-05-25T00:00:00+00:00  ORDER BY SystemModstamp ASC'} cmd_type=elb consumer=False job_name=dev:tap-salesforce-to-target-jsonl name=tap-salesforce producer=True run_id=e0df1f83-c622-4eac-80c3-6bf2e27664e8 stdio=stderr string_id=tap-salesforce
2025-05-26T08:21:27.563887Z [info     ] WARNING Unknown message type ACTIVATE_VERSION in message {'type': 'ACTIVATE_VERSION', 'stream': 'Contact', 'version': 1748202415125} cmd_type=elb consumer=True job_name=dev:tap-salesforce-to-target-jsonl name=target-jsonl producer=False run_id=e0df1f83-c622-4eac-80c3-6bf2e27664e8 stdio=stderr string_id=target-jsonl
2025-05-26T08:21:27.563993Z [info     ] INFO Syncing Salesforce data for stream Account cmd_type=elb consumer=False job_name=dev:tap-salesforce-to-target-jsonl name=tap-salesforce producer=True run_id=e0df1f83-c622-4eac-80c3-6bf2e27664e8 stdio=stderr string_id=tap-salesforce
2025-05-26T08:21:27.564078Z [info     ] INFO Making GET request to https://orgfarm-b529f752a8-dev-ed.develop.my.salesforce.com/services/data/v60.0/queryAll with params: {'q': 'SELECT Id,IsDeleted,MasterRecordId,Name,Type,ParentId,BillingStreet,BillingCity,BillingState,BillingPostalCode,BillingCountry,BillingStateCode,BillingCountryCode,BillingLatitude,BillingLongitude,BillingGeocodeAccuracy,BillingAddress,ShippingStreet,ShippingCity,ShippingState,ShippingPostalCode,ShippingCountry,ShippingStateCode,ShippingCountryCode,ShippingLatitude,ShippingLongitude,ShippingGeocodeAccuracy,ShippingAddress,Phone,Fax,AccountNumber,Website,PhotoUrl,Sic,Industry,AnnualRevenue,NumberOfEmployees,Ownership,TickerSymbol,Description,Rating,Site,OwnerId,CreatedDate,CreatedById,LastModifiedDate,LastModifiedById,SystemModstamp,LastActivityDate,LastViewedDate,LastReferencedDate,Jigsaw,JigsawCompanyId,CleanStatus,AccountSource,DunsNumber,Tradestyle,NaicsCode,NaicsDesc,YearStarted,SicDesc,DandbCompanyId,OperatingHoursId,CustomerPriority__c,SLA__c,Active__c,NumberofLocations__c,UpsellOpportunity__c,SLASerialNumber__c,SLAExpirationDate__c FROM Account WHERE SystemModstamp >= 2025-05-25T00:00:00+00:00  ORDER BY SystemModstamp ASC'} cmd_type=elb consumer=False job_name=dev:tap-salesforce-to-target-jsonl name=tap-salesforce producer=True run_id=e0df1f83-c622-4eac-80c3-6bf2e27664e8 stdio=stderr string_id=tap-salesforce
2025-05-26T08:21:27.564218Z [info     ] WARNING Unknown message type ACTIVATE_VERSION in message {'type': 'ACTIVATE_VERSION', 'stream': 'Account', 'version': 1748202415127} cmd_type=elb consumer=True job_name=dev:tap-salesforce-to-target-jsonl name=target-jsonl producer=False run_id=e0df1f83-c622-4eac-80c3-6bf2e27664e8 stdio=stderr string_id=target-jsonl
2025-05-26T08:21:27.833419Z [info     ] INFO Used 8464 of 15000 daily REST API quota cmd_type=elb consumer=False job_name=dev:tap-salesforce-to-target-jsonl name=tap-salesforce producer=True run_id=e0df1f83-c622-4eac-80c3-6bf2e27664e8 stdio=stderr string_id=tap-salesforce
2025-05-26T08:21:27.833971Z [info     ] INFO METRIC: {"type": "counter", "metric": "record_count", "value": 0, "tags": {"endpoint": "Account"}} cmd_type=elb consumer=False job_name=dev:tap-salesforce-to-target-jsonl name=tap-salesforce producer=True run_id=e0df1f83-c622-4eac-80c3-6bf2e27664e8 stdio=stderr string_id=tap-salesforce
2025-05-26T08:21:27.834175Z [info     ] INFO Completed sync for Account cmd_type=elb consumer=False job_name=dev:tap-salesforce-to-target-jsonl name=tap-salesforce producer=True run_id=e0df1f83-c622-4eac-80c3-6bf2e27664e8 stdio=stderr string_id=tap-salesforce
2025-05-26T08:21:27.926469Z [info     ] INFO Used 8085 of 15000 daily REST API quota cmd_type=elb consumer=False job_name=dev:tap-salesforce-to-target-jsonl name=tap-salesforce producer=True run_id=e0df1f83-c622-4eac-80c3-6bf2e27664e8 stdio=stderr string_id=tap-salesforce
2025-05-26T08:21:27.927047Z [info     ] INFO METRIC: {"type": "counter", "metric": "record_count", "value": 0, "tags": {"endpoint": "Lead"}} cmd_type=elb consumer=False job_name=dev:tap-salesforce-to-target-jsonl name=tap-salesforce producer=True run_id=e0df1f83-c622-4eac-80c3-6bf2e27664e8 stdio=stderr string_id=tap-salesforce
2025-05-26T08:21:27.927248Z [info     ] INFO Completed sync for Lead   cmd_type=elb consumer=False job_name=dev:tap-salesforce-to-target-jsonl name=tap-salesforce producer=True run_id=e0df1f83-c622-4eac-80c3-6bf2e27664e8 stdio=stderr string_id=tap-salesforce
2025-05-26T08:21:27.928091Z [info     ] INFO Used 8342 of 15000 daily REST API quota cmd_type=elb consumer=False job_name=dev:tap-salesforce-to-target-jsonl name=tap-salesforce producer=True run_id=e0df1f83-c622-4eac-80c3-6bf2e27664e8 stdio=stderr string_id=tap-salesforce
2025-05-26T08:21:27.928360Z [info     ] INFO METRIC: {"type": "counter", "metric": "record_count", "value": 0, "tags": {"endpoint": "Contact"}} cmd_type=elb consumer=False job_name=dev:tap-salesforce-to-target-jsonl name=tap-salesforce producer=True run_id=e0df1f83-c622-4eac-80c3-6bf2e27664e8 stdio=stderr string_id=tap-salesforce
2025-05-26T08:21:27.928573Z [info     ] INFO Completed sync for Contact cmd_type=elb consumer=False job_name=dev:tap-salesforce-to-target-jsonl name=tap-salesforce producer=True run_id=e0df1f83-c622-4eac-80c3-6bf2e27664e8 stdio=stderr string_id=tap-salesforce
2025-05-26T08:21:27.929083Z [info     ] INFO Finished sync             cmd_type=elb consumer=False job_name=dev:tap-salesforce-to-target-jsonl name=tap-salesforce producer=True run_id=e0df1f83-c622-4eac-80c3-6bf2e27664e8 stdio=stderr string_id=tap-salesforce
2025-05-26T08:21:27.976475Z [info     ] Using systemdb state backend
2025-05-26T08:21:27.980471Z [info     ] Incremental state has been updated at 2025-05-26 08:21:27.980457+00:00.
2025-05-26T08:21:27.987040Z [info     ] Block run completed.           block_type=ExtractLoadBlocks err=None set_number=0 success=True
