2025-05-25T20:33:21.036857Z [warning  ] Force option is enabled, ignoring stale job check.
2025-05-25T20:33:21.137068Z [info     ] Using systemdb state backend
2025-05-25T20:33:23.305809Z [info     ] /Users/tim.prudames/analytics/.meltano/extractors/tap-salesforce/venv/lib/python3.9/site-packages/urllib3/__init__.py:35: NotOpenSSLWarning: urllib3 v2 only supports OpenSSL 1.1.1+, currently the 'ssl' module is compiled with 'LibreSSL 2.8.3'. See: https://github.com/urllib3/urllib3/issues/3020 cmd_type=elb consumer=False job_name=dev:tap-salesforce-to-target-jsonl name=tap-salesforce producer=True run_id=bf8ea2ab-6244-4a2c-9951-c2b153d44634 stdio=stderr string_id=tap-salesforce
2025-05-25T20:33:23.306199Z [info     ]   warnings.warn(               cmd_type=elb consumer=False job_name=dev:tap-salesforce-to-target-jsonl name=tap-salesforce producer=True run_id=bf8ea2ab-6244-4a2c-9951-c2b153d44634 stdio=stderr string_id=tap-salesforce
2025-05-25T20:33:23.420672Z [info     ] INFO Parsed start date '2025-05-25T00:00:00+00:00' from value '2025-05-25' cmd_type=elb consumer=False job_name=dev:tap-salesforce-to-target-jsonl name=tap-salesforce producer=True run_id=bf8ea2ab-6244-4a2c-9951-c2b153d44634 stdio=stderr string_id=tap-salesforce
2025-05-25T20:33:23.420893Z [info     ] INFO Attempting login via OAuth2 cmd_type=elb consumer=False job_name=dev:tap-salesforce-to-target-jsonl name=tap-salesforce producer=True run_id=bf8ea2ab-6244-4a2c-9951-c2b153d44634 stdio=stderr string_id=tap-salesforce
2025-05-25T20:33:24.090664Z [info     ] INFO OAuth2 login successful   cmd_type=elb consumer=False job_name=dev:tap-salesforce-to-target-jsonl name=tap-salesforce producer=True run_id=bf8ea2ab-6244-4a2c-9951-c2b153d44634 stdio=stderr string_id=tap-salesforce
2025-05-25T20:33:24.090909Z [info     ] INFO Starting new login timer  cmd_type=elb consumer=False job_name=dev:tap-salesforce-to-target-jsonl name=tap-salesforce producer=True run_id=bf8ea2ab-6244-4a2c-9951-c2b153d44634 stdio=stderr string_id=tap-salesforce
2025-05-25T20:33:24.097892Z [info     ] INFO Starting sync             cmd_type=elb consumer=False job_name=dev:tap-salesforce-to-target-jsonl name=tap-salesforce producer=True run_id=bf8ea2ab-6244-4a2c-9951-c2b153d44634 stdio=stderr string_id=tap-salesforce
2025-05-25T20:33:24.129803Z [info     ] INFO Contact: Starting         cmd_type=elb consumer=False job_name=dev:tap-salesforce-to-target-jsonl name=tap-salesforce producer=True run_id=bf8ea2ab-6244-4a2c-9951-c2b153d44634 stdio=stderr string_id=tap-salesforce
2025-05-25T20:33:24.130153Z [info     ] INFO Contact.Id - True         cmd_type=elb consumer=False job_name=dev:tap-salesforce-to-target-jsonl name=tap-salesforce producer=True run_id=bf8ea2ab-6244-4a2c-9951-c2b153d44634 stdio=stderr string_id=tap-salesforce
2025-05-25T20:33:24.130280Z [info     ] INFO Contact.IsDeleted - True  cmd_type=elb consumer=False job_name=dev:tap-salesforce-to-target-jsonl name=tap-salesforce producer=True run_id=bf8ea2ab-6244-4a2c-9951-c2b153d44634 stdio=stderr string_id=tap-salesforce
2025-05-25T20:33:24.130386Z [info     ] INFO Contact.MasterRecordId - True cmd_type=elb consumer=False job_name=dev:tap-salesforce-to-target-jsonl name=tap-salesforce producer=True run_id=bf8ea2ab-6244-4a2c-9951-c2b153d44634 stdio=stderr string_id=tap-salesforce
2025-05-25T20:33:24.130503Z [info     ] INFO Contact.AccountId - True  cmd_type=elb consumer=False job_name=dev:tap-salesforce-to-target-jsonl name=tap-salesforce producer=True run_id=bf8ea2ab-6244-4a2c-9951-c2b153d44634 stdio=stderr string_id=tap-salesforce
2025-05-25T20:33:24.130631Z [info     ] INFO Contact.LastName - True   cmd_type=elb consumer=False job_name=dev:tap-salesforce-to-target-jsonl name=tap-salesforce producer=True run_id=bf8ea2ab-6244-4a2c-9951-c2b153d44634 stdio=stderr string_id=tap-salesforce
2025-05-25T20:33:24.130732Z [info     ] INFO Contact.FirstName - True  cmd_type=elb consumer=False job_name=dev:tap-salesforce-to-target-jsonl name=tap-salesforce producer=True run_id=bf8ea2ab-6244-4a2c-9951-c2b153d44634 stdio=stderr string_id=tap-salesforce
2025-05-25T20:33:24.130837Z [info     ] INFO Contact.Salutation - True cmd_type=elb consumer=False job_name=dev:tap-salesforce-to-target-jsonl name=tap-salesforce producer=True run_id=bf8ea2ab-6244-4a2c-9951-c2b153d44634 stdio=stderr string_id=tap-salesforce
2025-05-25T20:33:24.130934Z [info     ] INFO Contact.Name - True       cmd_type=elb consumer=False job_name=dev:tap-salesforce-to-target-jsonl name=tap-salesforce producer=True run_id=bf8ea2ab-6244-4a2c-9951-c2b153d44634 stdio=stderr string_id=tap-salesforce
2025-05-25T20:33:24.131024Z [info     ] INFO Contact.OtherStreet - True cmd_type=elb consumer=False job_name=dev:tap-salesforce-to-target-jsonl name=tap-salesforce producer=True run_id=bf8ea2ab-6244-4a2c-9951-c2b153d44634 stdio=stderr string_id=tap-salesforce
2025-05-25T20:33:24.131113Z [info     ] INFO Contact.OtherCity - True  cmd_type=elb consumer=False job_name=dev:tap-salesforce-to-target-jsonl name=tap-salesforce producer=True run_id=bf8ea2ab-6244-4a2c-9951-c2b153d44634 stdio=stderr string_id=tap-salesforce
2025-05-25T20:33:24.131202Z [info     ] INFO Contact.OtherState - True cmd_type=elb consumer=False job_name=dev:tap-salesforce-to-target-jsonl name=tap-salesforce producer=True run_id=bf8ea2ab-6244-4a2c-9951-c2b153d44634 stdio=stderr string_id=tap-salesforce
2025-05-25T20:33:24.131291Z [info     ] INFO Contact.OtherPostalCode - True cmd_type=elb consumer=False job_name=dev:tap-salesforce-to-target-jsonl name=tap-salesforce producer=True run_id=bf8ea2ab-6244-4a2c-9951-c2b153d44634 stdio=stderr string_id=tap-salesforce
2025-05-25T20:33:24.131379Z [info     ] INFO Contact.OtherCountry - True cmd_type=elb consumer=False job_name=dev:tap-salesforce-to-target-jsonl name=tap-salesforce producer=True run_id=bf8ea2ab-6244-4a2c-9951-c2b153d44634 stdio=stderr string_id=tap-salesforce
2025-05-25T20:33:24.131469Z [info     ] INFO Contact.OtherStateCode - True cmd_type=elb consumer=False job_name=dev:tap-salesforce-to-target-jsonl name=tap-salesforce producer=True run_id=bf8ea2ab-6244-4a2c-9951-c2b153d44634 stdio=stderr string_id=tap-salesforce
2025-05-25T20:33:24.131558Z [info     ] INFO Contact.OtherCountryCode - True cmd_type=elb consumer=False job_name=dev:tap-salesforce-to-target-jsonl name=tap-salesforce producer=True run_id=bf8ea2ab-6244-4a2c-9951-c2b153d44634 stdio=stderr string_id=tap-salesforce
2025-05-25T20:33:24.131645Z [info     ] INFO Contact.OtherLatitude - True cmd_type=elb consumer=False job_name=dev:tap-salesforce-to-target-jsonl name=tap-salesforce producer=True run_id=bf8ea2ab-6244-4a2c-9951-c2b153d44634 stdio=stderr string_id=tap-salesforce
2025-05-25T20:33:24.131733Z [info     ] INFO Contact.OtherLongitude - True cmd_type=elb consumer=False job_name=dev:tap-salesforce-to-target-jsonl name=tap-salesforce producer=True run_id=bf8ea2ab-6244-4a2c-9951-c2b153d44634 stdio=stderr string_id=tap-salesforce
2025-05-25T20:33:24.131820Z [info     ] INFO Contact.OtherGeocodeAccuracy - True cmd_type=elb consumer=False job_name=dev:tap-salesforce-to-target-jsonl name=tap-salesforce producer=True run_id=bf8ea2ab-6244-4a2c-9951-c2b153d44634 stdio=stderr string_id=tap-salesforce
2025-05-25T20:33:24.131907Z [info     ] INFO Contact.OtherAddress - True cmd_type=elb consumer=False job_name=dev:tap-salesforce-to-target-jsonl name=tap-salesforce producer=True run_id=bf8ea2ab-6244-4a2c-9951-c2b153d44634 stdio=stderr string_id=tap-salesforce
2025-05-25T20:33:24.131994Z [info     ] INFO Contact.street - True     cmd_type=elb consumer=False job_name=dev:tap-salesforce-to-target-jsonl name=tap-salesforce producer=True run_id=bf8ea2ab-6244-4a2c-9951-c2b153d44634 stdio=stderr string_id=tap-salesforce
2025-05-25T20:33:24.132080Z [info     ] INFO Contact.state - True      cmd_type=elb consumer=False job_name=dev:tap-salesforce-to-target-jsonl name=tap-salesforce producer=True run_id=bf8ea2ab-6244-4a2c-9951-c2b153d44634 stdio=stderr string_id=tap-salesforce
2025-05-25T20:33:24.132167Z [info     ] INFO Contact.postalCode - True cmd_type=elb consumer=False job_name=dev:tap-salesforce-to-target-jsonl name=tap-salesforce producer=True run_id=bf8ea2ab-6244-4a2c-9951-c2b153d44634 stdio=stderr string_id=tap-salesforce
2025-05-25T20:33:24.132261Z [info     ] INFO Contact.city - True       cmd_type=elb consumer=False job_name=dev:tap-salesforce-to-target-jsonl name=tap-salesforce producer=True run_id=bf8ea2ab-6244-4a2c-9951-c2b153d44634 stdio=stderr string_id=tap-salesforce
2025-05-25T20:33:24.132348Z [info     ] INFO Contact.country - True    cmd_type=elb consumer=False job_name=dev:tap-salesforce-to-target-jsonl name=tap-salesforce producer=True run_id=bf8ea2ab-6244-4a2c-9951-c2b153d44634 stdio=stderr string_id=tap-salesforce
2025-05-25T20:33:24.132435Z [info     ] INFO Contact.longitude - True  cmd_type=elb consumer=False job_name=dev:tap-salesforce-to-target-jsonl name=tap-salesforce producer=True run_id=bf8ea2ab-6244-4a2c-9951-c2b153d44634 stdio=stderr string_id=tap-salesforce
2025-05-25T20:33:24.132522Z [info     ] INFO Contact.latitude - True   cmd_type=elb consumer=False job_name=dev:tap-salesforce-to-target-jsonl name=tap-salesforce producer=True run_id=bf8ea2ab-6244-4a2c-9951-c2b153d44634 stdio=stderr string_id=tap-salesforce
2025-05-25T20:33:24.132609Z [info     ] INFO Contact.geocodeAccuracy - True cmd_type=elb consumer=False job_name=dev:tap-salesforce-to-target-jsonl name=tap-salesforce producer=True run_id=bf8ea2ab-6244-4a2c-9951-c2b153d44634 stdio=stderr string_id=tap-salesforce
2025-05-25T20:33:24.132696Z [info     ] INFO Contact.MailingStreet - True cmd_type=elb consumer=False job_name=dev:tap-salesforce-to-target-jsonl name=tap-salesforce producer=True run_id=bf8ea2ab-6244-4a2c-9951-c2b153d44634 stdio=stderr string_id=tap-salesforce
2025-05-25T20:33:24.132783Z [info     ] INFO Contact.MailingCity - True cmd_type=elb consumer=False job_name=dev:tap-salesforce-to-target-jsonl name=tap-salesforce producer=True run_id=bf8ea2ab-6244-4a2c-9951-c2b153d44634 stdio=stderr string_id=tap-salesforce
2025-05-25T20:33:24.132873Z [info     ] INFO Contact.MailingState - True cmd_type=elb consumer=False job_name=dev:tap-salesforce-to-target-jsonl name=tap-salesforce producer=True run_id=bf8ea2ab-6244-4a2c-9951-c2b153d44634 stdio=stderr string_id=tap-salesforce
2025-05-25T20:33:24.132959Z [info     ] INFO Contact.MailingPostalCode - True cmd_type=elb consumer=False job_name=dev:tap-salesforce-to-target-jsonl name=tap-salesforce producer=True run_id=bf8ea2ab-6244-4a2c-9951-c2b153d44634 stdio=stderr string_id=tap-salesforce
2025-05-25T20:33:24.133067Z [info     ] INFO Contact.MailingCountry - True cmd_type=elb consumer=False job_name=dev:tap-salesforce-to-target-jsonl name=tap-salesforce producer=True run_id=bf8ea2ab-6244-4a2c-9951-c2b153d44634 stdio=stderr string_id=tap-salesforce
2025-05-25T20:33:24.133163Z [info     ] INFO Contact.MailingStateCode - True cmd_type=elb consumer=False job_name=dev:tap-salesforce-to-target-jsonl name=tap-salesforce producer=True run_id=bf8ea2ab-6244-4a2c-9951-c2b153d44634 stdio=stderr string_id=tap-salesforce
2025-05-25T20:33:24.133253Z [info     ] INFO Contact.MailingCountryCode - True cmd_type=elb consumer=False job_name=dev:tap-salesforce-to-target-jsonl name=tap-salesforce producer=True run_id=bf8ea2ab-6244-4a2c-9951-c2b153d44634 stdio=stderr string_id=tap-salesforce
2025-05-25T20:33:24.133340Z [info     ] INFO Contact.MailingLatitude - True cmd_type=elb consumer=False job_name=dev:tap-salesforce-to-target-jsonl name=tap-salesforce producer=True run_id=bf8ea2ab-6244-4a2c-9951-c2b153d44634 stdio=stderr string_id=tap-salesforce
2025-05-25T20:33:24.133428Z [info     ] INFO Contact.MailingLongitude - True cmd_type=elb consumer=False job_name=dev:tap-salesforce-to-target-jsonl name=tap-salesforce producer=True run_id=bf8ea2ab-6244-4a2c-9951-c2b153d44634 stdio=stderr string_id=tap-salesforce
2025-05-25T20:33:24.133516Z [info     ] INFO Contact.MailingGeocodeAccuracy - True cmd_type=elb consumer=False job_name=dev:tap-salesforce-to-target-jsonl name=tap-salesforce producer=True run_id=bf8ea2ab-6244-4a2c-9951-c2b153d44634 stdio=stderr string_id=tap-salesforce
2025-05-25T20:33:24.133602Z [info     ] INFO Contact.MailingAddress - True cmd_type=elb consumer=False job_name=dev:tap-salesforce-to-target-jsonl name=tap-salesforce producer=True run_id=bf8ea2ab-6244-4a2c-9951-c2b153d44634 stdio=stderr string_id=tap-salesforce
2025-05-25T20:33:24.133696Z [info     ] INFO Contact.street - True     cmd_type=elb consumer=False job_name=dev:tap-salesforce-to-target-jsonl name=tap-salesforce producer=True run_id=bf8ea2ab-6244-4a2c-9951-c2b153d44634 stdio=stderr string_id=tap-salesforce
2025-05-25T20:33:24.133784Z [info     ] INFO Contact.state - True      cmd_type=elb consumer=False job_name=dev:tap-salesforce-to-target-jsonl name=tap-salesforce producer=True run_id=bf8ea2ab-6244-4a2c-9951-c2b153d44634 stdio=stderr string_id=tap-salesforce
2025-05-25T20:33:24.133871Z [info     ] INFO Contact.postalCode - True cmd_type=elb consumer=False job_name=dev:tap-salesforce-to-target-jsonl name=tap-salesforce producer=True run_id=bf8ea2ab-6244-4a2c-9951-c2b153d44634 stdio=stderr string_id=tap-salesforce
2025-05-25T20:33:24.133990Z [info     ] INFO Contact.city - True       cmd_type=elb consumer=False job_name=dev:tap-salesforce-to-target-jsonl name=tap-salesforce producer=True run_id=bf8ea2ab-6244-4a2c-9951-c2b153d44634 stdio=stderr string_id=tap-salesforce
2025-05-25T20:33:24.134083Z [info     ] INFO Contact.country - True    cmd_type=elb consumer=False job_name=dev:tap-salesforce-to-target-jsonl name=tap-salesforce producer=True run_id=bf8ea2ab-6244-4a2c-9951-c2b153d44634 stdio=stderr string_id=tap-salesforce
2025-05-25T20:33:24.134173Z [info     ] INFO Contact.longitude - True  cmd_type=elb consumer=False job_name=dev:tap-salesforce-to-target-jsonl name=tap-salesforce producer=True run_id=bf8ea2ab-6244-4a2c-9951-c2b153d44634 stdio=stderr string_id=tap-salesforce
2025-05-25T20:33:24.134260Z [info     ] INFO Contact.latitude - True   cmd_type=elb consumer=False job_name=dev:tap-salesforce-to-target-jsonl name=tap-salesforce producer=True run_id=bf8ea2ab-6244-4a2c-9951-c2b153d44634 stdio=stderr string_id=tap-salesforce
2025-05-25T20:33:24.134347Z [info     ] INFO Contact.geocodeAccuracy - True cmd_type=elb consumer=False job_name=dev:tap-salesforce-to-target-jsonl name=tap-salesforce producer=True run_id=bf8ea2ab-6244-4a2c-9951-c2b153d44634 stdio=stderr string_id=tap-salesforce
2025-05-25T20:33:24.134435Z [info     ] INFO Contact.Phone - True      cmd_type=elb consumer=False job_name=dev:tap-salesforce-to-target-jsonl name=tap-salesforce producer=True run_id=bf8ea2ab-6244-4a2c-9951-c2b153d44634 stdio=stderr string_id=tap-salesforce
2025-05-25T20:33:24.134521Z [info     ] INFO Contact.Fax - True        cmd_type=elb consumer=False job_name=dev:tap-salesforce-to-target-jsonl name=tap-salesforce producer=True run_id=bf8ea2ab-6244-4a2c-9951-c2b153d44634 stdio=stderr string_id=tap-salesforce
2025-05-25T20:33:24.134606Z [info     ] INFO Contact.MobilePhone - True cmd_type=elb consumer=False job_name=dev:tap-salesforce-to-target-jsonl name=tap-salesforce producer=True run_id=bf8ea2ab-6244-4a2c-9951-c2b153d44634 stdio=stderr string_id=tap-salesforce
2025-05-25T20:33:24.134692Z [info     ] INFO Contact.HomePhone - True  cmd_type=elb consumer=False job_name=dev:tap-salesforce-to-target-jsonl name=tap-salesforce producer=True run_id=bf8ea2ab-6244-4a2c-9951-c2b153d44634 stdio=stderr string_id=tap-salesforce
2025-05-25T20:33:24.134777Z [info     ] INFO Contact.OtherPhone - True cmd_type=elb consumer=False job_name=dev:tap-salesforce-to-target-jsonl name=tap-salesforce producer=True run_id=bf8ea2ab-6244-4a2c-9951-c2b153d44634 stdio=stderr string_id=tap-salesforce
2025-05-25T20:33:24.134862Z [info     ] INFO Contact.AssistantPhone - True cmd_type=elb consumer=False job_name=dev:tap-salesforce-to-target-jsonl name=tap-salesforce producer=True run_id=bf8ea2ab-6244-4a2c-9951-c2b153d44634 stdio=stderr string_id=tap-salesforce
2025-05-25T20:33:24.134947Z [info     ] INFO Contact.ReportsToId - True cmd_type=elb consumer=False job_name=dev:tap-salesforce-to-target-jsonl name=tap-salesforce producer=True run_id=bf8ea2ab-6244-4a2c-9951-c2b153d44634 stdio=stderr string_id=tap-salesforce
2025-05-25T20:33:24.135044Z [info     ] INFO Contact.Email - True      cmd_type=elb consumer=False job_name=dev:tap-salesforce-to-target-jsonl name=tap-salesforce producer=True run_id=bf8ea2ab-6244-4a2c-9951-c2b153d44634 stdio=stderr string_id=tap-salesforce
2025-05-25T20:33:24.135130Z [info     ] INFO Contact.Title - True      cmd_type=elb consumer=False job_name=dev:tap-salesforce-to-target-jsonl name=tap-salesforce producer=True run_id=bf8ea2ab-6244-4a2c-9951-c2b153d44634 stdio=stderr string_id=tap-salesforce
2025-05-25T20:33:24.135214Z [info     ] INFO Contact.Department - True cmd_type=elb consumer=False job_name=dev:tap-salesforce-to-target-jsonl name=tap-salesforce producer=True run_id=bf8ea2ab-6244-4a2c-9951-c2b153d44634 stdio=stderr string_id=tap-salesforce
2025-05-25T20:33:24.135300Z [info     ] INFO Contact.AssistantName - True cmd_type=elb consumer=False job_name=dev:tap-salesforce-to-target-jsonl name=tap-salesforce producer=True run_id=bf8ea2ab-6244-4a2c-9951-c2b153d44634 stdio=stderr string_id=tap-salesforce
2025-05-25T20:33:24.135390Z [info     ] INFO Contact.LeadSource - True cmd_type=elb consumer=False job_name=dev:tap-salesforce-to-target-jsonl name=tap-salesforce producer=True run_id=bf8ea2ab-6244-4a2c-9951-c2b153d44634 stdio=stderr string_id=tap-salesforce
2025-05-25T20:33:24.135474Z [info     ] INFO Contact.Birthdate - True  cmd_type=elb consumer=False job_name=dev:tap-salesforce-to-target-jsonl name=tap-salesforce producer=True run_id=bf8ea2ab-6244-4a2c-9951-c2b153d44634 stdio=stderr string_id=tap-salesforce
2025-05-25T20:33:24.135557Z [info     ] INFO Contact.Description - True cmd_type=elb consumer=False job_name=dev:tap-salesforce-to-target-jsonl name=tap-salesforce producer=True run_id=bf8ea2ab-6244-4a2c-9951-c2b153d44634 stdio=stderr string_id=tap-salesforce
2025-05-25T20:33:24.135642Z [info     ] INFO Contact.OwnerId - True    cmd_type=elb consumer=False job_name=dev:tap-salesforce-to-target-jsonl name=tap-salesforce producer=True run_id=bf8ea2ab-6244-4a2c-9951-c2b153d44634 stdio=stderr string_id=tap-salesforce
2025-05-25T20:33:24.135730Z [info     ] INFO Contact.CreatedDate - True cmd_type=elb consumer=False job_name=dev:tap-salesforce-to-target-jsonl name=tap-salesforce producer=True run_id=bf8ea2ab-6244-4a2c-9951-c2b153d44634 stdio=stderr string_id=tap-salesforce
2025-05-25T20:33:24.135815Z [info     ] INFO Contact.CreatedById - True cmd_type=elb consumer=False job_name=dev:tap-salesforce-to-target-jsonl name=tap-salesforce producer=True run_id=bf8ea2ab-6244-4a2c-9951-c2b153d44634 stdio=stderr string_id=tap-salesforce
2025-05-25T20:33:24.135899Z [info     ] INFO Contact.LastModifiedDate - True cmd_type=elb consumer=False job_name=dev:tap-salesforce-to-target-jsonl name=tap-salesforce producer=True run_id=bf8ea2ab-6244-4a2c-9951-c2b153d44634 stdio=stderr string_id=tap-salesforce
2025-05-25T20:33:24.135985Z [info     ] INFO Contact.LastModifiedById - True cmd_type=elb consumer=False job_name=dev:tap-salesforce-to-target-jsonl name=tap-salesforce producer=True run_id=bf8ea2ab-6244-4a2c-9951-c2b153d44634 stdio=stderr string_id=tap-salesforce
2025-05-25T20:33:24.136071Z [info     ] INFO Contact.SystemModstamp - True cmd_type=elb consumer=False job_name=dev:tap-salesforce-to-target-jsonl name=tap-salesforce producer=True run_id=bf8ea2ab-6244-4a2c-9951-c2b153d44634 stdio=stderr string_id=tap-salesforce
2025-05-25T20:33:24.136156Z [info     ] INFO Contact.LastActivityDate - True cmd_type=elb consumer=False job_name=dev:tap-salesforce-to-target-jsonl name=tap-salesforce producer=True run_id=bf8ea2ab-6244-4a2c-9951-c2b153d44634 stdio=stderr string_id=tap-salesforce
2025-05-25T20:33:24.136240Z [info     ] INFO Contact.LastCURequestDate - True cmd_type=elb consumer=False job_name=dev:tap-salesforce-to-target-jsonl name=tap-salesforce producer=True run_id=bf8ea2ab-6244-4a2c-9951-c2b153d44634 stdio=stderr string_id=tap-salesforce
2025-05-25T20:33:24.136325Z [info     ] INFO Contact.LastCUUpdateDate - True cmd_type=elb consumer=False job_name=dev:tap-salesforce-to-target-jsonl name=tap-salesforce producer=True run_id=bf8ea2ab-6244-4a2c-9951-c2b153d44634 stdio=stderr string_id=tap-salesforce
2025-05-25T20:33:24.136414Z [info     ] INFO Contact.LastViewedDate - True cmd_type=elb consumer=False job_name=dev:tap-salesforce-to-target-jsonl name=tap-salesforce producer=True run_id=bf8ea2ab-6244-4a2c-9951-c2b153d44634 stdio=stderr string_id=tap-salesforce
2025-05-25T20:33:24.136498Z [info     ] INFO Contact.LastReferencedDate - True cmd_type=elb consumer=False job_name=dev:tap-salesforce-to-target-jsonl name=tap-salesforce producer=True run_id=bf8ea2ab-6244-4a2c-9951-c2b153d44634 stdio=stderr string_id=tap-salesforce
2025-05-25T20:33:24.136583Z [info     ] INFO Contact.EmailBouncedReason - True cmd_type=elb consumer=False job_name=dev:tap-salesforce-to-target-jsonl name=tap-salesforce producer=True run_id=bf8ea2ab-6244-4a2c-9951-c2b153d44634 stdio=stderr string_id=tap-salesforce
2025-05-25T20:33:24.136667Z [info     ] INFO Contact.EmailBouncedDate - True cmd_type=elb consumer=False job_name=dev:tap-salesforce-to-target-jsonl name=tap-salesforce producer=True run_id=bf8ea2ab-6244-4a2c-9951-c2b153d44634 stdio=stderr string_id=tap-salesforce
2025-05-25T20:33:24.136751Z [info     ] INFO Contact.IsEmailBounced - True cmd_type=elb consumer=False job_name=dev:tap-salesforce-to-target-jsonl name=tap-salesforce producer=True run_id=bf8ea2ab-6244-4a2c-9951-c2b153d44634 stdio=stderr string_id=tap-salesforce
2025-05-25T20:33:24.136836Z [info     ] INFO Contact.PhotoUrl - True   cmd_type=elb consumer=False job_name=dev:tap-salesforce-to-target-jsonl name=tap-salesforce producer=True run_id=bf8ea2ab-6244-4a2c-9951-c2b153d44634 stdio=stderr string_id=tap-salesforce
2025-05-25T20:33:24.136920Z [info     ] INFO Contact.Jigsaw - True     cmd_type=elb consumer=False job_name=dev:tap-salesforce-to-target-jsonl name=tap-salesforce producer=True run_id=bf8ea2ab-6244-4a2c-9951-c2b153d44634 stdio=stderr string_id=tap-salesforce
2025-05-25T20:33:24.137004Z [info     ] INFO Contact.JigsawContactId - True cmd_type=elb consumer=False job_name=dev:tap-salesforce-to-target-jsonl name=tap-salesforce producer=True run_id=bf8ea2ab-6244-4a2c-9951-c2b153d44634 stdio=stderr string_id=tap-salesforce
2025-05-25T20:33:24.137087Z [info     ] INFO Contact.CleanStatus - True cmd_type=elb consumer=False job_name=dev:tap-salesforce-to-target-jsonl name=tap-salesforce producer=True run_id=bf8ea2ab-6244-4a2c-9951-c2b153d44634 stdio=stderr string_id=tap-salesforce
2025-05-25T20:33:24.137172Z [info     ] INFO Contact.IndividualId - True cmd_type=elb consumer=False job_name=dev:tap-salesforce-to-target-jsonl name=tap-salesforce producer=True run_id=bf8ea2ab-6244-4a2c-9951-c2b153d44634 stdio=stderr string_id=tap-salesforce
2025-05-25T20:33:24.137256Z [info     ] INFO Contact.IsPriorityRecord - True cmd_type=elb consumer=False job_name=dev:tap-salesforce-to-target-jsonl name=tap-salesforce producer=True run_id=bf8ea2ab-6244-4a2c-9951-c2b153d44634 stdio=stderr string_id=tap-salesforce
2025-05-25T20:33:24.137341Z [info     ] INFO Contact.Level__c - True   cmd_type=elb consumer=False job_name=dev:tap-salesforce-to-target-jsonl name=tap-salesforce producer=True run_id=bf8ea2ab-6244-4a2c-9951-c2b153d44634 stdio=stderr string_id=tap-salesforce
2025-05-25T20:33:24.137425Z [info     ] INFO Contact.Languages__c - True cmd_type=elb consumer=False job_name=dev:tap-salesforce-to-target-jsonl name=tap-salesforce producer=True run_id=bf8ea2ab-6244-4a2c-9951-c2b153d44634 stdio=stderr string_id=tap-salesforce
2025-05-25T20:33:24.137509Z [info     ] INFO Account: Starting         cmd_type=elb consumer=False job_name=dev:tap-salesforce-to-target-jsonl name=tap-salesforce producer=True run_id=bf8ea2ab-6244-4a2c-9951-c2b153d44634 stdio=stderr string_id=tap-salesforce
2025-05-25T20:33:24.137596Z [info     ] INFO Account.Id - True         cmd_type=elb consumer=False job_name=dev:tap-salesforce-to-target-jsonl name=tap-salesforce producer=True run_id=bf8ea2ab-6244-4a2c-9951-c2b153d44634 stdio=stderr string_id=tap-salesforce
2025-05-25T20:33:24.137681Z [info     ] INFO Account.IsDeleted - True  cmd_type=elb consumer=False job_name=dev:tap-salesforce-to-target-jsonl name=tap-salesforce producer=True run_id=bf8ea2ab-6244-4a2c-9951-c2b153d44634 stdio=stderr string_id=tap-salesforce
2025-05-25T20:33:24.137772Z [info     ] INFO Account.MasterRecordId - True cmd_type=elb consumer=False job_name=dev:tap-salesforce-to-target-jsonl name=tap-salesforce producer=True run_id=bf8ea2ab-6244-4a2c-9951-c2b153d44634 stdio=stderr string_id=tap-salesforce
2025-05-25T20:33:24.137859Z [info     ] INFO Account.Name - True       cmd_type=elb consumer=False job_name=dev:tap-salesforce-to-target-jsonl name=tap-salesforce producer=True run_id=bf8ea2ab-6244-4a2c-9951-c2b153d44634 stdio=stderr string_id=tap-salesforce
2025-05-25T20:33:24.137943Z [info     ] INFO Account.Type - True       cmd_type=elb consumer=False job_name=dev:tap-salesforce-to-target-jsonl name=tap-salesforce producer=True run_id=bf8ea2ab-6244-4a2c-9951-c2b153d44634 stdio=stderr string_id=tap-salesforce
2025-05-25T20:33:24.138028Z [info     ] INFO Account.ParentId - True   cmd_type=elb consumer=False job_name=dev:tap-salesforce-to-target-jsonl name=tap-salesforce producer=True run_id=bf8ea2ab-6244-4a2c-9951-c2b153d44634 stdio=stderr string_id=tap-salesforce
2025-05-25T20:33:24.138113Z [info     ] INFO Account.BillingStreet - True cmd_type=elb consumer=False job_name=dev:tap-salesforce-to-target-jsonl name=tap-salesforce producer=True run_id=bf8ea2ab-6244-4a2c-9951-c2b153d44634 stdio=stderr string_id=tap-salesforce
2025-05-25T20:33:24.138196Z [info     ] INFO Account.BillingCity - True cmd_type=elb consumer=False job_name=dev:tap-salesforce-to-target-jsonl name=tap-salesforce producer=True run_id=bf8ea2ab-6244-4a2c-9951-c2b153d44634 stdio=stderr string_id=tap-salesforce
2025-05-25T20:33:24.138284Z [info     ] INFO Account.BillingState - True cmd_type=elb consumer=False job_name=dev:tap-salesforce-to-target-jsonl name=tap-salesforce producer=True run_id=bf8ea2ab-6244-4a2c-9951-c2b153d44634 stdio=stderr string_id=tap-salesforce
2025-05-25T20:33:24.138368Z [info     ] INFO Account.BillingPostalCode - True cmd_type=elb consumer=False job_name=dev:tap-salesforce-to-target-jsonl name=tap-salesforce producer=True run_id=bf8ea2ab-6244-4a2c-9951-c2b153d44634 stdio=stderr string_id=tap-salesforce
2025-05-25T20:33:24.138452Z [info     ] INFO Account.BillingCountry - True cmd_type=elb consumer=False job_name=dev:tap-salesforce-to-target-jsonl name=tap-salesforce producer=True run_id=bf8ea2ab-6244-4a2c-9951-c2b153d44634 stdio=stderr string_id=tap-salesforce
2025-05-25T20:33:24.138536Z [info     ] INFO Account.BillingStateCode - True cmd_type=elb consumer=False job_name=dev:tap-salesforce-to-target-jsonl name=tap-salesforce producer=True run_id=bf8ea2ab-6244-4a2c-9951-c2b153d44634 stdio=stderr string_id=tap-salesforce
2025-05-25T20:33:24.138619Z [info     ] INFO Account.BillingCountryCode - True cmd_type=elb consumer=False job_name=dev:tap-salesforce-to-target-jsonl name=tap-salesforce producer=True run_id=bf8ea2ab-6244-4a2c-9951-c2b153d44634 stdio=stderr string_id=tap-salesforce
2025-05-25T20:33:24.138702Z [info     ] INFO Account.BillingLatitude - True cmd_type=elb consumer=False job_name=dev:tap-salesforce-to-target-jsonl name=tap-salesforce producer=True run_id=bf8ea2ab-6244-4a2c-9951-c2b153d44634 stdio=stderr string_id=tap-salesforce
2025-05-25T20:33:24.138786Z [info     ] INFO Account.BillingLongitude - True cmd_type=elb consumer=False job_name=dev:tap-salesforce-to-target-jsonl name=tap-salesforce producer=True run_id=bf8ea2ab-6244-4a2c-9951-c2b153d44634 stdio=stderr string_id=tap-salesforce
2025-05-25T20:33:24.138870Z [info     ] INFO Account.BillingGeocodeAccuracy - True cmd_type=elb consumer=False job_name=dev:tap-salesforce-to-target-jsonl name=tap-salesforce producer=True run_id=bf8ea2ab-6244-4a2c-9951-c2b153d44634 stdio=stderr string_id=tap-salesforce
2025-05-25T20:33:24.138954Z [info     ] INFO Account.BillingAddress - True cmd_type=elb consumer=False job_name=dev:tap-salesforce-to-target-jsonl name=tap-salesforce producer=True run_id=bf8ea2ab-6244-4a2c-9951-c2b153d44634 stdio=stderr string_id=tap-salesforce
2025-05-25T20:33:24.139044Z [info     ] INFO Account.street - True     cmd_type=elb consumer=False job_name=dev:tap-salesforce-to-target-jsonl name=tap-salesforce producer=True run_id=bf8ea2ab-6244-4a2c-9951-c2b153d44634 stdio=stderr string_id=tap-salesforce
2025-05-25T20:33:24.139157Z [info     ] INFO Account.state - True      cmd_type=elb consumer=False job_name=dev:tap-salesforce-to-target-jsonl name=tap-salesforce producer=True run_id=bf8ea2ab-6244-4a2c-9951-c2b153d44634 stdio=stderr string_id=tap-salesforce
2025-05-25T20:33:24.139250Z [info     ] INFO Account.postalCode - True cmd_type=elb consumer=False job_name=dev:tap-salesforce-to-target-jsonl name=tap-salesforce producer=True run_id=bf8ea2ab-6244-4a2c-9951-c2b153d44634 stdio=stderr string_id=tap-salesforce
2025-05-25T20:33:24.139332Z [info     ] INFO Account.city - True       cmd_type=elb consumer=False job_name=dev:tap-salesforce-to-target-jsonl name=tap-salesforce producer=True run_id=bf8ea2ab-6244-4a2c-9951-c2b153d44634 stdio=stderr string_id=tap-salesforce
2025-05-25T20:33:24.139410Z [info     ] INFO Account.country - True    cmd_type=elb consumer=False job_name=dev:tap-salesforce-to-target-jsonl name=tap-salesforce producer=True run_id=bf8ea2ab-6244-4a2c-9951-c2b153d44634 stdio=stderr string_id=tap-salesforce
2025-05-25T20:33:24.139488Z [info     ] INFO Account.longitude - True  cmd_type=elb consumer=False job_name=dev:tap-salesforce-to-target-jsonl name=tap-salesforce producer=True run_id=bf8ea2ab-6244-4a2c-9951-c2b153d44634 stdio=stderr string_id=tap-salesforce
2025-05-25T20:33:24.139569Z [info     ] INFO Account.latitude - True   cmd_type=elb consumer=False job_name=dev:tap-salesforce-to-target-jsonl name=tap-salesforce producer=True run_id=bf8ea2ab-6244-4a2c-9951-c2b153d44634 stdio=stderr string_id=tap-salesforce
2025-05-25T20:33:24.139648Z [info     ] INFO Account.geocodeAccuracy - True cmd_type=elb consumer=False job_name=dev:tap-salesforce-to-target-jsonl name=tap-salesforce producer=True run_id=bf8ea2ab-6244-4a2c-9951-c2b153d44634 stdio=stderr string_id=tap-salesforce
2025-05-25T20:33:24.139726Z [info     ] INFO Account.ShippingStreet - True cmd_type=elb consumer=False job_name=dev:tap-salesforce-to-target-jsonl name=tap-salesforce producer=True run_id=bf8ea2ab-6244-4a2c-9951-c2b153d44634 stdio=stderr string_id=tap-salesforce
2025-05-25T20:33:24.139802Z [info     ] INFO Account.ShippingCity - True cmd_type=elb consumer=False job_name=dev:tap-salesforce-to-target-jsonl name=tap-salesforce producer=True run_id=bf8ea2ab-6244-4a2c-9951-c2b153d44634 stdio=stderr string_id=tap-salesforce
2025-05-25T20:33:24.139879Z [info     ] INFO Account.ShippingState - True cmd_type=elb consumer=False job_name=dev:tap-salesforce-to-target-jsonl name=tap-salesforce producer=True run_id=bf8ea2ab-6244-4a2c-9951-c2b153d44634 stdio=stderr string_id=tap-salesforce
2025-05-25T20:33:24.139956Z [info     ] INFO Account.ShippingPostalCode - True cmd_type=elb consumer=False job_name=dev:tap-salesforce-to-target-jsonl name=tap-salesforce producer=True run_id=bf8ea2ab-6244-4a2c-9951-c2b153d44634 stdio=stderr string_id=tap-salesforce
2025-05-25T20:33:24.140033Z [info     ] INFO Account.ShippingCountry - True cmd_type=elb consumer=False job_name=dev:tap-salesforce-to-target-jsonl name=tap-salesforce producer=True run_id=bf8ea2ab-6244-4a2c-9951-c2b153d44634 stdio=stderr string_id=tap-salesforce
2025-05-25T20:33:24.140110Z [info     ] INFO Account.ShippingStateCode - True cmd_type=elb consumer=False job_name=dev:tap-salesforce-to-target-jsonl name=tap-salesforce producer=True run_id=bf8ea2ab-6244-4a2c-9951-c2b153d44634 stdio=stderr string_id=tap-salesforce
2025-05-25T20:33:24.140189Z [info     ] INFO Account.ShippingCountryCode - True cmd_type=elb consumer=False job_name=dev:tap-salesforce-to-target-jsonl name=tap-salesforce producer=True run_id=bf8ea2ab-6244-4a2c-9951-c2b153d44634 stdio=stderr string_id=tap-salesforce
2025-05-25T20:33:24.140268Z [info     ] INFO Account.ShippingLatitude - True cmd_type=elb consumer=False job_name=dev:tap-salesforce-to-target-jsonl name=tap-salesforce producer=True run_id=bf8ea2ab-6244-4a2c-9951-c2b153d44634 stdio=stderr string_id=tap-salesforce
2025-05-25T20:33:24.140356Z [info     ] INFO Account.ShippingLongitude - True cmd_type=elb consumer=False job_name=dev:tap-salesforce-to-target-jsonl name=tap-salesforce producer=True run_id=bf8ea2ab-6244-4a2c-9951-c2b153d44634 stdio=stderr string_id=tap-salesforce
2025-05-25T20:33:24.140436Z [info     ] INFO Account.ShippingGeocodeAccuracy - True cmd_type=elb consumer=False job_name=dev:tap-salesforce-to-target-jsonl name=tap-salesforce producer=True run_id=bf8ea2ab-6244-4a2c-9951-c2b153d44634 stdio=stderr string_id=tap-salesforce
2025-05-25T20:33:24.140520Z [info     ] INFO Account.ShippingAddress - True cmd_type=elb consumer=False job_name=dev:tap-salesforce-to-target-jsonl name=tap-salesforce producer=True run_id=bf8ea2ab-6244-4a2c-9951-c2b153d44634 stdio=stderr string_id=tap-salesforce
2025-05-25T20:33:24.140597Z [info     ] INFO Account.street - True     cmd_type=elb consumer=False job_name=dev:tap-salesforce-to-target-jsonl name=tap-salesforce producer=True run_id=bf8ea2ab-6244-4a2c-9951-c2b153d44634 stdio=stderr string_id=tap-salesforce
2025-05-25T20:33:24.140675Z [info     ] INFO Account.state - True      cmd_type=elb consumer=False job_name=dev:tap-salesforce-to-target-jsonl name=tap-salesforce producer=True run_id=bf8ea2ab-6244-4a2c-9951-c2b153d44634 stdio=stderr string_id=tap-salesforce
2025-05-25T20:33:24.140818Z [info     ] INFO Account.postalCode - True cmd_type=elb consumer=False job_name=dev:tap-salesforce-to-target-jsonl name=tap-salesforce producer=True run_id=bf8ea2ab-6244-4a2c-9951-c2b153d44634 stdio=stderr string_id=tap-salesforce
2025-05-25T20:33:24.140940Z [info     ] INFO Account.city - True       cmd_type=elb consumer=False job_name=dev:tap-salesforce-to-target-jsonl name=tap-salesforce producer=True run_id=bf8ea2ab-6244-4a2c-9951-c2b153d44634 stdio=stderr string_id=tap-salesforce
2025-05-25T20:33:24.141033Z [info     ] INFO Account.country - True    cmd_type=elb consumer=False job_name=dev:tap-salesforce-to-target-jsonl name=tap-salesforce producer=True run_id=bf8ea2ab-6244-4a2c-9951-c2b153d44634 stdio=stderr string_id=tap-salesforce
2025-05-25T20:33:24.141121Z [info     ] INFO Account.longitude - True  cmd_type=elb consumer=False job_name=dev:tap-salesforce-to-target-jsonl name=tap-salesforce producer=True run_id=bf8ea2ab-6244-4a2c-9951-c2b153d44634 stdio=stderr string_id=tap-salesforce
2025-05-25T20:33:24.141207Z [info     ] INFO Account.latitude - True   cmd_type=elb consumer=False job_name=dev:tap-salesforce-to-target-jsonl name=tap-salesforce producer=True run_id=bf8ea2ab-6244-4a2c-9951-c2b153d44634 stdio=stderr string_id=tap-salesforce
2025-05-25T20:33:24.141289Z [info     ] INFO Account.geocodeAccuracy - True cmd_type=elb consumer=False job_name=dev:tap-salesforce-to-target-jsonl name=tap-salesforce producer=True run_id=bf8ea2ab-6244-4a2c-9951-c2b153d44634 stdio=stderr string_id=tap-salesforce
2025-05-25T20:33:24.141372Z [info     ] INFO Account.Phone - True      cmd_type=elb consumer=False job_name=dev:tap-salesforce-to-target-jsonl name=tap-salesforce producer=True run_id=bf8ea2ab-6244-4a2c-9951-c2b153d44634 stdio=stderr string_id=tap-salesforce
2025-05-25T20:33:24.141451Z [info     ] INFO Account.Fax - True        cmd_type=elb consumer=False job_name=dev:tap-salesforce-to-target-jsonl name=tap-salesforce producer=True run_id=bf8ea2ab-6244-4a2c-9951-c2b153d44634 stdio=stderr string_id=tap-salesforce
2025-05-25T20:33:24.141530Z [info     ] INFO Account.AccountNumber - True cmd_type=elb consumer=False job_name=dev:tap-salesforce-to-target-jsonl name=tap-salesforce producer=True run_id=bf8ea2ab-6244-4a2c-9951-c2b153d44634 stdio=stderr string_id=tap-salesforce
2025-05-25T20:33:24.141613Z [info     ] INFO Account.Website - True    cmd_type=elb consumer=False job_name=dev:tap-salesforce-to-target-jsonl name=tap-salesforce producer=True run_id=bf8ea2ab-6244-4a2c-9951-c2b153d44634 stdio=stderr string_id=tap-salesforce
2025-05-25T20:33:24.141702Z [info     ] INFO Account.PhotoUrl - True   cmd_type=elb consumer=False job_name=dev:tap-salesforce-to-target-jsonl name=tap-salesforce producer=True run_id=bf8ea2ab-6244-4a2c-9951-c2b153d44634 stdio=stderr string_id=tap-salesforce
2025-05-25T20:33:24.141793Z [info     ] INFO Account.Sic - True        cmd_type=elb consumer=False job_name=dev:tap-salesforce-to-target-jsonl name=tap-salesforce producer=True run_id=bf8ea2ab-6244-4a2c-9951-c2b153d44634 stdio=stderr string_id=tap-salesforce
2025-05-25T20:33:24.141874Z [info     ] INFO Account.Industry - True   cmd_type=elb consumer=False job_name=dev:tap-salesforce-to-target-jsonl name=tap-salesforce producer=True run_id=bf8ea2ab-6244-4a2c-9951-c2b153d44634 stdio=stderr string_id=tap-salesforce
2025-05-25T20:33:24.141953Z [info     ] INFO Account.AnnualRevenue - True cmd_type=elb consumer=False job_name=dev:tap-salesforce-to-target-jsonl name=tap-salesforce producer=True run_id=bf8ea2ab-6244-4a2c-9951-c2b153d44634 stdio=stderr string_id=tap-salesforce
2025-05-25T20:33:24.142033Z [info     ] INFO Account.NumberOfEmployees - True cmd_type=elb consumer=False job_name=dev:tap-salesforce-to-target-jsonl name=tap-salesforce producer=True run_id=bf8ea2ab-6244-4a2c-9951-c2b153d44634 stdio=stderr string_id=tap-salesforce
2025-05-25T20:33:24.142112Z [info     ] INFO Account.Ownership - True  cmd_type=elb consumer=False job_name=dev:tap-salesforce-to-target-jsonl name=tap-salesforce producer=True run_id=bf8ea2ab-6244-4a2c-9951-c2b153d44634 stdio=stderr string_id=tap-salesforce
2025-05-25T20:33:24.142190Z [info     ] INFO Account.TickerSymbol - True cmd_type=elb consumer=False job_name=dev:tap-salesforce-to-target-jsonl name=tap-salesforce producer=True run_id=bf8ea2ab-6244-4a2c-9951-c2b153d44634 stdio=stderr string_id=tap-salesforce
2025-05-25T20:33:24.142269Z [info     ] INFO Account.Description - True cmd_type=elb consumer=False job_name=dev:tap-salesforce-to-target-jsonl name=tap-salesforce producer=True run_id=bf8ea2ab-6244-4a2c-9951-c2b153d44634 stdio=stderr string_id=tap-salesforce
2025-05-25T20:33:24.142346Z [info     ] INFO Account.Rating - True     cmd_type=elb consumer=False job_name=dev:tap-salesforce-to-target-jsonl name=tap-salesforce producer=True run_id=bf8ea2ab-6244-4a2c-9951-c2b153d44634 stdio=stderr string_id=tap-salesforce
2025-05-25T20:33:24.142423Z [info     ] INFO Account.Site - True       cmd_type=elb consumer=False job_name=dev:tap-salesforce-to-target-jsonl name=tap-salesforce producer=True run_id=bf8ea2ab-6244-4a2c-9951-c2b153d44634 stdio=stderr string_id=tap-salesforce
2025-05-25T20:33:24.142501Z [info     ] INFO Account.OwnerId - True    cmd_type=elb consumer=False job_name=dev:tap-salesforce-to-target-jsonl name=tap-salesforce producer=True run_id=bf8ea2ab-6244-4a2c-9951-c2b153d44634 stdio=stderr string_id=tap-salesforce
2025-05-25T20:33:24.142578Z [info     ] INFO Account.CreatedDate - True cmd_type=elb consumer=False job_name=dev:tap-salesforce-to-target-jsonl name=tap-salesforce producer=True run_id=bf8ea2ab-6244-4a2c-9951-c2b153d44634 stdio=stderr string_id=tap-salesforce
2025-05-25T20:33:24.142656Z [info     ] INFO Account.CreatedById - True cmd_type=elb consumer=False job_name=dev:tap-salesforce-to-target-jsonl name=tap-salesforce producer=True run_id=bf8ea2ab-6244-4a2c-9951-c2b153d44634 stdio=stderr string_id=tap-salesforce
2025-05-25T20:33:24.142734Z [info     ] INFO Account.LastModifiedDate - True cmd_type=elb consumer=False job_name=dev:tap-salesforce-to-target-jsonl name=tap-salesforce producer=True run_id=bf8ea2ab-6244-4a2c-9951-c2b153d44634 stdio=stderr string_id=tap-salesforce
2025-05-25T20:33:24.142813Z [info     ] INFO Account.LastModifiedById - True cmd_type=elb consumer=False job_name=dev:tap-salesforce-to-target-jsonl name=tap-salesforce producer=True run_id=bf8ea2ab-6244-4a2c-9951-c2b153d44634 stdio=stderr string_id=tap-salesforce
2025-05-25T20:33:24.142890Z [info     ] INFO Account.SystemModstamp - True cmd_type=elb consumer=False job_name=dev:tap-salesforce-to-target-jsonl name=tap-salesforce producer=True run_id=bf8ea2ab-6244-4a2c-9951-c2b153d44634 stdio=stderr string_id=tap-salesforce
2025-05-25T20:33:24.142975Z [info     ] INFO Account.LastActivityDate - True cmd_type=elb consumer=False job_name=dev:tap-salesforce-to-target-jsonl name=tap-salesforce producer=True run_id=bf8ea2ab-6244-4a2c-9951-c2b153d44634 stdio=stderr string_id=tap-salesforce
2025-05-25T20:33:24.143055Z [info     ] INFO Account.LastViewedDate - True cmd_type=elb consumer=False job_name=dev:tap-salesforce-to-target-jsonl name=tap-salesforce producer=True run_id=bf8ea2ab-6244-4a2c-9951-c2b153d44634 stdio=stderr string_id=tap-salesforce
2025-05-25T20:33:24.143132Z [info     ] INFO Account.LastReferencedDate - True cmd_type=elb consumer=False job_name=dev:tap-salesforce-to-target-jsonl name=tap-salesforce producer=True run_id=bf8ea2ab-6244-4a2c-9951-c2b153d44634 stdio=stderr string_id=tap-salesforce
2025-05-25T20:33:24.143214Z [info     ] INFO Account.Jigsaw - True     cmd_type=elb consumer=False job_name=dev:tap-salesforce-to-target-jsonl name=tap-salesforce producer=True run_id=bf8ea2ab-6244-4a2c-9951-c2b153d44634 stdio=stderr string_id=tap-salesforce
2025-05-25T20:33:24.143291Z [info     ] INFO Account.JigsawCompanyId - True cmd_type=elb consumer=False job_name=dev:tap-salesforce-to-target-jsonl name=tap-salesforce producer=True run_id=bf8ea2ab-6244-4a2c-9951-c2b153d44634 stdio=stderr string_id=tap-salesforce
2025-05-25T20:33:24.143370Z [info     ] INFO Account.CleanStatus - True cmd_type=elb consumer=False job_name=dev:tap-salesforce-to-target-jsonl name=tap-salesforce producer=True run_id=bf8ea2ab-6244-4a2c-9951-c2b153d44634 stdio=stderr string_id=tap-salesforce
2025-05-25T20:33:24.143450Z [info     ] INFO Account.AccountSource - True cmd_type=elb consumer=False job_name=dev:tap-salesforce-to-target-jsonl name=tap-salesforce producer=True run_id=bf8ea2ab-6244-4a2c-9951-c2b153d44634 stdio=stderr string_id=tap-salesforce
2025-05-25T20:33:24.143528Z [info     ] INFO Account.DunsNumber - True cmd_type=elb consumer=False job_name=dev:tap-salesforce-to-target-jsonl name=tap-salesforce producer=True run_id=bf8ea2ab-6244-4a2c-9951-c2b153d44634 stdio=stderr string_id=tap-salesforce
2025-05-25T20:33:24.143606Z [info     ] INFO Account.Tradestyle - True cmd_type=elb consumer=False job_name=dev:tap-salesforce-to-target-jsonl name=tap-salesforce producer=True run_id=bf8ea2ab-6244-4a2c-9951-c2b153d44634 stdio=stderr string_id=tap-salesforce
2025-05-25T20:33:24.143684Z [info     ] INFO Account.NaicsCode - True  cmd_type=elb consumer=False job_name=dev:tap-salesforce-to-target-jsonl name=tap-salesforce producer=True run_id=bf8ea2ab-6244-4a2c-9951-c2b153d44634 stdio=stderr string_id=tap-salesforce
2025-05-25T20:33:24.143762Z [info     ] INFO Account.NaicsDesc - True  cmd_type=elb consumer=False job_name=dev:tap-salesforce-to-target-jsonl name=tap-salesforce producer=True run_id=bf8ea2ab-6244-4a2c-9951-c2b153d44634 stdio=stderr string_id=tap-salesforce
2025-05-25T20:33:24.143840Z [info     ] INFO Account.YearStarted - True cmd_type=elb consumer=False job_name=dev:tap-salesforce-to-target-jsonl name=tap-salesforce producer=True run_id=bf8ea2ab-6244-4a2c-9951-c2b153d44634 stdio=stderr string_id=tap-salesforce
2025-05-25T20:33:24.143918Z [info     ] INFO Account.SicDesc - True    cmd_type=elb consumer=False job_name=dev:tap-salesforce-to-target-jsonl name=tap-salesforce producer=True run_id=bf8ea2ab-6244-4a2c-9951-c2b153d44634 stdio=stderr string_id=tap-salesforce
2025-05-25T20:33:24.144114Z [info     ] INFO Syncing Salesforce data for stream Contact cmd_type=elb consumer=False job_name=dev:tap-salesforce-to-target-jsonl name=tap-salesforce producer=True run_id=bf8ea2ab-6244-4a2c-9951-c2b153d44634 stdio=stderr string_id=tap-salesforce
2025-05-25T20:33:24.144212Z [info     ] INFO Making GET request to https://orgfarm-b529f752a8-dev-ed.develop.my.salesforce.com/services/data/v60.0/queryAll with params: {'q': 'SELECT Id,IsDeleted,MasterRecordId,AccountId,LastName,FirstName,Salutation,Name,OtherStreet,OtherCity,OtherState,OtherPostalCode,OtherCountry,OtherStateCode,OtherCountryCode,OtherLatitude,OtherLongitude,OtherGeocodeAccuracy,OtherAddress,MailingStreet,MailingCity,MailingState,MailingPostalCode,MailingCountry,MailingStateCode,MailingCountryCode,MailingLatitude,MailingLongitude,MailingGeocodeAccuracy,MailingAddress,Phone,Fax,MobilePhone,HomePhone,OtherPhone,AssistantPhone,ReportsToId,Email,Title,Department,AssistantName,LeadSource,Birthdate,Description,OwnerId,CreatedDate,CreatedById,LastModifiedDate,LastModifiedById,SystemModstamp,LastActivityDate,LastCURequestDate,LastCUUpdateDate,LastViewedDate,LastReferencedDate,EmailBouncedReason,EmailBouncedDate,IsEmailBounced,PhotoUrl,Jigsaw,JigsawContactId,CleanStatus,IndividualId,IsPriorityRecord,Level__c,Languages__c FROM Contact WHERE SystemModstamp >= 2025-05-25T00:00:00+00:00  ORDER BY SystemModstamp ASC'} cmd_type=elb consumer=False job_name=dev:tap-salesforce-to-target-jsonl name=tap-salesforce producer=True run_id=bf8ea2ab-6244-4a2c-9951-c2b153d44634 stdio=stderr string_id=tap-salesforce
2025-05-25T20:33:24.144304Z [info     ] INFO Account.DandbCompanyId - True cmd_type=elb consumer=False job_name=dev:tap-salesforce-to-target-jsonl name=tap-salesforce producer=True run_id=bf8ea2ab-6244-4a2c-9951-c2b153d44634 stdio=stderr string_id=tap-salesforce
2025-05-25T20:33:24.144385Z [info     ] INFO Account.OperatingHoursId - True cmd_type=elb consumer=False job_name=dev:tap-salesforce-to-target-jsonl name=tap-salesforce producer=True run_id=bf8ea2ab-6244-4a2c-9951-c2b153d44634 stdio=stderr string_id=tap-salesforce
2025-05-25T20:33:24.144467Z [info     ] INFO Account.CustomerPriority__c - True cmd_type=elb consumer=False job_name=dev:tap-salesforce-to-target-jsonl name=tap-salesforce producer=True run_id=bf8ea2ab-6244-4a2c-9951-c2b153d44634 stdio=stderr string_id=tap-salesforce
2025-05-25T20:33:24.144546Z [info     ] INFO Account.SLA__c - True     cmd_type=elb consumer=False job_name=dev:tap-salesforce-to-target-jsonl name=tap-salesforce producer=True run_id=bf8ea2ab-6244-4a2c-9951-c2b153d44634 stdio=stderr string_id=tap-salesforce
2025-05-25T20:33:24.144626Z [info     ] INFO Account.Active__c - True  cmd_type=elb consumer=False job_name=dev:tap-salesforce-to-target-jsonl name=tap-salesforce producer=True run_id=bf8ea2ab-6244-4a2c-9951-c2b153d44634 stdio=stderr string_id=tap-salesforce
2025-05-25T20:33:24.144710Z [info     ] INFO Account.NumberofLocations__c - True cmd_type=elb consumer=False job_name=dev:tap-salesforce-to-target-jsonl name=tap-salesforce producer=True run_id=bf8ea2ab-6244-4a2c-9951-c2b153d44634 stdio=stderr string_id=tap-salesforce
2025-05-25T20:33:24.144787Z [info     ] INFO Account.UpsellOpportunity__c - True cmd_type=elb consumer=False job_name=dev:tap-salesforce-to-target-jsonl name=tap-salesforce producer=True run_id=bf8ea2ab-6244-4a2c-9951-c2b153d44634 stdio=stderr string_id=tap-salesforce
2025-05-25T20:33:24.144864Z [info     ] INFO Account.SLASerialNumber__c - True cmd_type=elb consumer=False job_name=dev:tap-salesforce-to-target-jsonl name=tap-salesforce producer=True run_id=bf8ea2ab-6244-4a2c-9951-c2b153d44634 stdio=stderr string_id=tap-salesforce
2025-05-25T20:33:24.144941Z [info     ] INFO Account.SLAExpirationDate__c - True cmd_type=elb consumer=False job_name=dev:tap-salesforce-to-target-jsonl name=tap-salesforce producer=True run_id=bf8ea2ab-6244-4a2c-9951-c2b153d44634 stdio=stderr string_id=tap-salesforce
2025-05-25T20:33:24.145018Z [info     ] INFO Lead: Starting            cmd_type=elb consumer=False job_name=dev:tap-salesforce-to-target-jsonl name=tap-salesforce producer=True run_id=bf8ea2ab-6244-4a2c-9951-c2b153d44634 stdio=stderr string_id=tap-salesforce
2025-05-25T20:33:24.145096Z [info     ] INFO Lead.Id - True            cmd_type=elb consumer=False job_name=dev:tap-salesforce-to-target-jsonl name=tap-salesforce producer=True run_id=bf8ea2ab-6244-4a2c-9951-c2b153d44634 stdio=stderr string_id=tap-salesforce
2025-05-25T20:33:24.145174Z [info     ] INFO Lead.IsDeleted - True     cmd_type=elb consumer=False job_name=dev:tap-salesforce-to-target-jsonl name=tap-salesforce producer=True run_id=bf8ea2ab-6244-4a2c-9951-c2b153d44634 stdio=stderr string_id=tap-salesforce
2025-05-25T20:33:24.145263Z [info     ] INFO Lead.MasterRecordId - True cmd_type=elb consumer=False job_name=dev:tap-salesforce-to-target-jsonl name=tap-salesforce producer=True run_id=bf8ea2ab-6244-4a2c-9951-c2b153d44634 stdio=stderr string_id=tap-salesforce
2025-05-25T20:33:24.145344Z [info     ] INFO Lead.LastName - True      cmd_type=elb consumer=False job_name=dev:tap-salesforce-to-target-jsonl name=tap-salesforce producer=True run_id=bf8ea2ab-6244-4a2c-9951-c2b153d44634 stdio=stderr string_id=tap-salesforce
2025-05-25T20:33:24.145422Z [info     ] INFO Lead.FirstName - True     cmd_type=elb consumer=False job_name=dev:tap-salesforce-to-target-jsonl name=tap-salesforce producer=True run_id=bf8ea2ab-6244-4a2c-9951-c2b153d44634 stdio=stderr string_id=tap-salesforce
2025-05-25T20:33:24.145499Z [info     ] INFO Lead.Salutation - True    cmd_type=elb consumer=False job_name=dev:tap-salesforce-to-target-jsonl name=tap-salesforce producer=True run_id=bf8ea2ab-6244-4a2c-9951-c2b153d44634 stdio=stderr string_id=tap-salesforce
2025-05-25T20:33:24.145576Z [info     ] INFO Lead.Name - True          cmd_type=elb consumer=False job_name=dev:tap-salesforce-to-target-jsonl name=tap-salesforce producer=True run_id=bf8ea2ab-6244-4a2c-9951-c2b153d44634 stdio=stderr string_id=tap-salesforce
2025-05-25T20:33:24.145653Z [info     ] INFO Lead.Title - True         cmd_type=elb consumer=False job_name=dev:tap-salesforce-to-target-jsonl name=tap-salesforce producer=True run_id=bf8ea2ab-6244-4a2c-9951-c2b153d44634 stdio=stderr string_id=tap-salesforce
2025-05-25T20:33:24.145732Z [info     ] INFO Lead.Company - True       cmd_type=elb consumer=False job_name=dev:tap-salesforce-to-target-jsonl name=tap-salesforce producer=True run_id=bf8ea2ab-6244-4a2c-9951-c2b153d44634 stdio=stderr string_id=tap-salesforce
2025-05-25T20:33:24.145811Z [info     ] INFO Lead.Street - True        cmd_type=elb consumer=False job_name=dev:tap-salesforce-to-target-jsonl name=tap-salesforce producer=True run_id=bf8ea2ab-6244-4a2c-9951-c2b153d44634 stdio=stderr string_id=tap-salesforce
2025-05-25T20:33:24.145887Z [info     ] INFO Lead.City - True          cmd_type=elb consumer=False job_name=dev:tap-salesforce-to-target-jsonl name=tap-salesforce producer=True run_id=bf8ea2ab-6244-4a2c-9951-c2b153d44634 stdio=stderr string_id=tap-salesforce
2025-05-25T20:33:24.145964Z [info     ] INFO Lead.State - True         cmd_type=elb consumer=False job_name=dev:tap-salesforce-to-target-jsonl name=tap-salesforce producer=True run_id=bf8ea2ab-6244-4a2c-9951-c2b153d44634 stdio=stderr string_id=tap-salesforce
2025-05-25T20:33:24.146041Z [info     ] INFO Lead.PostalCode - True    cmd_type=elb consumer=False job_name=dev:tap-salesforce-to-target-jsonl name=tap-salesforce producer=True run_id=bf8ea2ab-6244-4a2c-9951-c2b153d44634 stdio=stderr string_id=tap-salesforce
2025-05-25T20:33:24.146118Z [info     ] INFO Lead.Country - True       cmd_type=elb consumer=False job_name=dev:tap-salesforce-to-target-jsonl name=tap-salesforce producer=True run_id=bf8ea2ab-6244-4a2c-9951-c2b153d44634 stdio=stderr string_id=tap-salesforce
2025-05-25T20:33:24.146195Z [info     ] INFO Lead.StateCode - True     cmd_type=elb consumer=False job_name=dev:tap-salesforce-to-target-jsonl name=tap-salesforce producer=True run_id=bf8ea2ab-6244-4a2c-9951-c2b153d44634 stdio=stderr string_id=tap-salesforce
2025-05-25T20:33:24.146272Z [info     ] INFO Lead.CountryCode - True   cmd_type=elb consumer=False job_name=dev:tap-salesforce-to-target-jsonl name=tap-salesforce producer=True run_id=bf8ea2ab-6244-4a2c-9951-c2b153d44634 stdio=stderr string_id=tap-salesforce
2025-05-25T20:33:24.146348Z [info     ] INFO Lead.Latitude - True      cmd_type=elb consumer=False job_name=dev:tap-salesforce-to-target-jsonl name=tap-salesforce producer=True run_id=bf8ea2ab-6244-4a2c-9951-c2b153d44634 stdio=stderr string_id=tap-salesforce
2025-05-25T20:33:24.146425Z [info     ] INFO Lead.Longitude - True     cmd_type=elb consumer=False job_name=dev:tap-salesforce-to-target-jsonl name=tap-salesforce producer=True run_id=bf8ea2ab-6244-4a2c-9951-c2b153d44634 stdio=stderr string_id=tap-salesforce
2025-05-25T20:33:24.146508Z [info     ] INFO Lead.GeocodeAccuracy - True cmd_type=elb consumer=False job_name=dev:tap-salesforce-to-target-jsonl name=tap-salesforce producer=True run_id=bf8ea2ab-6244-4a2c-9951-c2b153d44634 stdio=stderr string_id=tap-salesforce
2025-05-25T20:33:24.146589Z [info     ] INFO Lead.Address - True       cmd_type=elb consumer=False job_name=dev:tap-salesforce-to-target-jsonl name=tap-salesforce producer=True run_id=bf8ea2ab-6244-4a2c-9951-c2b153d44634 stdio=stderr string_id=tap-salesforce
2025-05-25T20:33:24.146665Z [info     ] INFO Lead.street - True        cmd_type=elb consumer=False job_name=dev:tap-salesforce-to-target-jsonl name=tap-salesforce producer=True run_id=bf8ea2ab-6244-4a2c-9951-c2b153d44634 stdio=stderr string_id=tap-salesforce
2025-05-25T20:33:24.146742Z [info     ] INFO Lead.state - True         cmd_type=elb consumer=False job_name=dev:tap-salesforce-to-target-jsonl name=tap-salesforce producer=True run_id=bf8ea2ab-6244-4a2c-9951-c2b153d44634 stdio=stderr string_id=tap-salesforce
2025-05-25T20:33:24.146819Z [info     ] INFO Lead.postalCode - True    cmd_type=elb consumer=False job_name=dev:tap-salesforce-to-target-jsonl name=tap-salesforce producer=True run_id=bf8ea2ab-6244-4a2c-9951-c2b153d44634 stdio=stderr string_id=tap-salesforce
2025-05-25T20:33:24.146897Z [info     ] INFO Syncing Salesforce data for stream Account cmd_type=elb consumer=False job_name=dev:tap-salesforce-to-target-jsonl name=tap-salesforce producer=True run_id=bf8ea2ab-6244-4a2c-9951-c2b153d44634 stdio=stderr string_id=tap-salesforce
2025-05-25T20:33:24.146976Z [info     ] INFO Making GET request to https://orgfarm-b529f752a8-dev-ed.develop.my.salesforce.com/services/data/v60.0/queryAll with params: {'q': 'SELECT Id,IsDeleted,MasterRecordId,Name,Type,ParentId,BillingStreet,BillingCity,BillingState,BillingPostalCode,BillingCountry,BillingStateCode,BillingCountryCode,BillingLatitude,BillingLongitude,BillingGeocodeAccuracy,BillingAddress,ShippingStreet,ShippingCity,ShippingState,ShippingPostalCode,ShippingCountry,ShippingStateCode,ShippingCountryCode,ShippingLatitude,ShippingLongitude,ShippingGeocodeAccuracy,ShippingAddress,Phone,Fax,AccountNumber,Website,PhotoUrl,Sic,Industry,AnnualRevenue,NumberOfEmployees,Ownership,TickerSymbol,Description,Rating,Site,OwnerId,CreatedDate,CreatedById,LastModifiedDate,LastModifiedById,SystemModstamp,LastActivityDate,LastViewedDate,LastReferencedDate,Jigsaw,JigsawCompanyId,CleanStatus,AccountSource,DunsNumber,Tradestyle,NaicsCode,NaicsDesc,YearStarted,SicDesc,DandbCompanyId,OperatingHoursId,CustomerPriority__c,SLA__c,Active__c,NumberofLocations__c,UpsellOpportunity__c,SLASerialNumber__c,SLAExpirationDate__c FROM Account WHERE SystemModstamp >= 2025-05-25T00:00:00+00:00  ORDER BY SystemModstamp ASC'} cmd_type=elb consumer=False job_name=dev:tap-salesforce-to-target-jsonl name=tap-salesforce producer=True run_id=bf8ea2ab-6244-4a2c-9951-c2b153d44634 stdio=stderr string_id=tap-salesforce
2025-05-25T20:33:24.147055Z [info     ] INFO Lead.city - True          cmd_type=elb consumer=False job_name=dev:tap-salesforce-to-target-jsonl name=tap-salesforce producer=True run_id=bf8ea2ab-6244-4a2c-9951-c2b153d44634 stdio=stderr string_id=tap-salesforce
2025-05-25T20:33:24.147132Z [info     ] INFO Lead.country - True       cmd_type=elb consumer=False job_name=dev:tap-salesforce-to-target-jsonl name=tap-salesforce producer=True run_id=bf8ea2ab-6244-4a2c-9951-c2b153d44634 stdio=stderr string_id=tap-salesforce
2025-05-25T20:33:24.147209Z [info     ] INFO Lead.longitude - True     cmd_type=elb consumer=False job_name=dev:tap-salesforce-to-target-jsonl name=tap-salesforce producer=True run_id=bf8ea2ab-6244-4a2c-9951-c2b153d44634 stdio=stderr string_id=tap-salesforce
2025-05-25T20:33:24.147287Z [info     ] INFO Lead.latitude - True      cmd_type=elb consumer=False job_name=dev:tap-salesforce-to-target-jsonl name=tap-salesforce producer=True run_id=bf8ea2ab-6244-4a2c-9951-c2b153d44634 stdio=stderr string_id=tap-salesforce
2025-05-25T20:33:24.147364Z [info     ] INFO Lead.geocodeAccuracy - True cmd_type=elb consumer=False job_name=dev:tap-salesforce-to-target-jsonl name=tap-salesforce producer=True run_id=bf8ea2ab-6244-4a2c-9951-c2b153d44634 stdio=stderr string_id=tap-salesforce
2025-05-25T20:33:24.147446Z [info     ] INFO Lead.Phone - True         cmd_type=elb consumer=False job_name=dev:tap-salesforce-to-target-jsonl name=tap-salesforce producer=True run_id=bf8ea2ab-6244-4a2c-9951-c2b153d44634 stdio=stderr string_id=tap-salesforce
2025-05-25T20:33:24.147527Z [info     ] INFO Lead.MobilePhone - True   cmd_type=elb consumer=False job_name=dev:tap-salesforce-to-target-jsonl name=tap-salesforce producer=True run_id=bf8ea2ab-6244-4a2c-9951-c2b153d44634 stdio=stderr string_id=tap-salesforce
2025-05-25T20:33:24.147603Z [info     ] INFO Lead.Fax - True           cmd_type=elb consumer=False job_name=dev:tap-salesforce-to-target-jsonl name=tap-salesforce producer=True run_id=bf8ea2ab-6244-4a2c-9951-c2b153d44634 stdio=stderr string_id=tap-salesforce
2025-05-25T20:33:24.147680Z [info     ] INFO Lead.Email - True         cmd_type=elb consumer=False job_name=dev:tap-salesforce-to-target-jsonl name=tap-salesforce producer=True run_id=bf8ea2ab-6244-4a2c-9951-c2b153d44634 stdio=stderr string_id=tap-salesforce
2025-05-25T20:33:24.147756Z [info     ] INFO Lead.Website - True       cmd_type=elb consumer=False job_name=dev:tap-salesforce-to-target-jsonl name=tap-salesforce producer=True run_id=bf8ea2ab-6244-4a2c-9951-c2b153d44634 stdio=stderr string_id=tap-salesforce
2025-05-25T20:33:24.147834Z [info     ] INFO Lead.PhotoUrl - True      cmd_type=elb consumer=False job_name=dev:tap-salesforce-to-target-jsonl name=tap-salesforce producer=True run_id=bf8ea2ab-6244-4a2c-9951-c2b153d44634 stdio=stderr string_id=tap-salesforce
2025-05-25T20:33:24.147910Z [info     ] INFO Lead.Description - True   cmd_type=elb consumer=False job_name=dev:tap-salesforce-to-target-jsonl name=tap-salesforce producer=True run_id=bf8ea2ab-6244-4a2c-9951-c2b153d44634 stdio=stderr string_id=tap-salesforce
2025-05-25T20:33:24.147987Z [info     ] INFO Lead.LeadSource - True    cmd_type=elb consumer=False job_name=dev:tap-salesforce-to-target-jsonl name=tap-salesforce producer=True run_id=bf8ea2ab-6244-4a2c-9951-c2b153d44634 stdio=stderr string_id=tap-salesforce
2025-05-25T20:33:24.148064Z [info     ] INFO Lead.Status - True        cmd_type=elb consumer=False job_name=dev:tap-salesforce-to-target-jsonl name=tap-salesforce producer=True run_id=bf8ea2ab-6244-4a2c-9951-c2b153d44634 stdio=stderr string_id=tap-salesforce
2025-05-25T20:33:24.148140Z [info     ] INFO Lead.Industry - True      cmd_type=elb consumer=False job_name=dev:tap-salesforce-to-target-jsonl name=tap-salesforce producer=True run_id=bf8ea2ab-6244-4a2c-9951-c2b153d44634 stdio=stderr string_id=tap-salesforce
2025-05-25T20:33:24.148217Z [info     ] INFO Lead.Rating - True        cmd_type=elb consumer=False job_name=dev:tap-salesforce-to-target-jsonl name=tap-salesforce producer=True run_id=bf8ea2ab-6244-4a2c-9951-c2b153d44634 stdio=stderr string_id=tap-salesforce
2025-05-25T20:33:24.148294Z [info     ] INFO Lead.AnnualRevenue - True cmd_type=elb consumer=False job_name=dev:tap-salesforce-to-target-jsonl name=tap-salesforce producer=True run_id=bf8ea2ab-6244-4a2c-9951-c2b153d44634 stdio=stderr string_id=tap-salesforce
2025-05-25T20:33:24.148371Z [info     ] INFO Lead.NumberOfEmployees - True cmd_type=elb consumer=False job_name=dev:tap-salesforce-to-target-jsonl name=tap-salesforce producer=True run_id=bf8ea2ab-6244-4a2c-9951-c2b153d44634 stdio=stderr string_id=tap-salesforce
2025-05-25T20:33:24.148450Z [info     ] INFO Lead.OwnerId - True       cmd_type=elb consumer=False job_name=dev:tap-salesforce-to-target-jsonl name=tap-salesforce producer=True run_id=bf8ea2ab-6244-4a2c-9951-c2b153d44634 stdio=stderr string_id=tap-salesforce
2025-05-25T20:33:24.148527Z [info     ] INFO Lead.IsConverted - True   cmd_type=elb consumer=False job_name=dev:tap-salesforce-to-target-jsonl name=tap-salesforce producer=True run_id=bf8ea2ab-6244-4a2c-9951-c2b153d44634 stdio=stderr string_id=tap-salesforce
2025-05-25T20:33:24.148609Z [info     ] INFO Lead.ConvertedDate - True cmd_type=elb consumer=False job_name=dev:tap-salesforce-to-target-jsonl name=tap-salesforce producer=True run_id=bf8ea2ab-6244-4a2c-9951-c2b153d44634 stdio=stderr string_id=tap-salesforce
2025-05-25T20:33:24.148686Z [info     ] INFO Lead.ConvertedAccountId - True cmd_type=elb consumer=False job_name=dev:tap-salesforce-to-target-jsonl name=tap-salesforce producer=True run_id=bf8ea2ab-6244-4a2c-9951-c2b153d44634 stdio=stderr string_id=tap-salesforce
2025-05-25T20:33:24.148763Z [info     ] INFO Lead.ConvertedContactId - True cmd_type=elb consumer=False job_name=dev:tap-salesforce-to-target-jsonl name=tap-salesforce producer=True run_id=bf8ea2ab-6244-4a2c-9951-c2b153d44634 stdio=stderr string_id=tap-salesforce
2025-05-25T20:33:24.148840Z [info     ] INFO Lead.ConvertedOpportunityId - True cmd_type=elb consumer=False job_name=dev:tap-salesforce-to-target-jsonl name=tap-salesforce producer=True run_id=bf8ea2ab-6244-4a2c-9951-c2b153d44634 stdio=stderr string_id=tap-salesforce
2025-05-25T20:33:24.148917Z [info     ] INFO Lead.IsUnreadByOwner - True cmd_type=elb consumer=False job_name=dev:tap-salesforce-to-target-jsonl name=tap-salesforce producer=True run_id=bf8ea2ab-6244-4a2c-9951-c2b153d44634 stdio=stderr string_id=tap-salesforce
2025-05-25T20:33:24.148995Z [info     ] INFO Lead.CreatedDate - True   cmd_type=elb consumer=False job_name=dev:tap-salesforce-to-target-jsonl name=tap-salesforce producer=True run_id=bf8ea2ab-6244-4a2c-9951-c2b153d44634 stdio=stderr string_id=tap-salesforce
2025-05-25T20:33:24.149071Z [info     ] INFO Lead.CreatedById - True   cmd_type=elb consumer=False job_name=dev:tap-salesforce-to-target-jsonl name=tap-salesforce producer=True run_id=bf8ea2ab-6244-4a2c-9951-c2b153d44634 stdio=stderr string_id=tap-salesforce
2025-05-25T20:33:24.149175Z [info     ] INFO Lead.LastModifiedDate - True cmd_type=elb consumer=False job_name=dev:tap-salesforce-to-target-jsonl name=tap-salesforce producer=True run_id=bf8ea2ab-6244-4a2c-9951-c2b153d44634 stdio=stderr string_id=tap-salesforce
2025-05-25T20:33:24.149252Z [info     ] INFO Lead.LastModifiedById - True cmd_type=elb consumer=False job_name=dev:tap-salesforce-to-target-jsonl name=tap-salesforce producer=True run_id=bf8ea2ab-6244-4a2c-9951-c2b153d44634 stdio=stderr string_id=tap-salesforce
2025-05-25T20:33:24.149328Z [info     ] INFO Lead.SystemModstamp - True cmd_type=elb consumer=False job_name=dev:tap-salesforce-to-target-jsonl name=tap-salesforce producer=True run_id=bf8ea2ab-6244-4a2c-9951-c2b153d44634 stdio=stderr string_id=tap-salesforce
2025-05-25T20:33:24.149418Z [info     ] INFO Lead.LastActivityDate - True cmd_type=elb consumer=False job_name=dev:tap-salesforce-to-target-jsonl name=tap-salesforce producer=True run_id=bf8ea2ab-6244-4a2c-9951-c2b153d44634 stdio=stderr string_id=tap-salesforce
2025-05-25T20:33:24.149510Z [info     ] INFO Lead.LastViewedDate - True cmd_type=elb consumer=False job_name=dev:tap-salesforce-to-target-jsonl name=tap-salesforce producer=True run_id=bf8ea2ab-6244-4a2c-9951-c2b153d44634 stdio=stderr string_id=tap-salesforce
2025-05-25T20:33:24.149586Z [info     ] INFO Lead.LastReferencedDate - True cmd_type=elb consumer=False job_name=dev:tap-salesforce-to-target-jsonl name=tap-salesforce producer=True run_id=bf8ea2ab-6244-4a2c-9951-c2b153d44634 stdio=stderr string_id=tap-salesforce
2025-05-25T20:33:24.149662Z [info     ] INFO Lead.Jigsaw - True        cmd_type=elb consumer=False job_name=dev:tap-salesforce-to-target-jsonl name=tap-salesforce producer=True run_id=bf8ea2ab-6244-4a2c-9951-c2b153d44634 stdio=stderr string_id=tap-salesforce
2025-05-25T20:33:24.149739Z [info     ] INFO Lead.JigsawContactId - True cmd_type=elb consumer=False job_name=dev:tap-salesforce-to-target-jsonl name=tap-salesforce producer=True run_id=bf8ea2ab-6244-4a2c-9951-c2b153d44634 stdio=stderr string_id=tap-salesforce
2025-05-25T20:33:24.149825Z [info     ] INFO Lead.CleanStatus - True   cmd_type=elb consumer=False job_name=dev:tap-salesforce-to-target-jsonl name=tap-salesforce producer=True run_id=bf8ea2ab-6244-4a2c-9951-c2b153d44634 stdio=stderr string_id=tap-salesforce
2025-05-25T20:33:24.149911Z [info     ] INFO Lead.CompanyDunsNumber - True cmd_type=elb consumer=False job_name=dev:tap-salesforce-to-target-jsonl name=tap-salesforce producer=True run_id=bf8ea2ab-6244-4a2c-9951-c2b153d44634 stdio=stderr string_id=tap-salesforce
2025-05-25T20:33:24.149987Z [info     ] INFO Lead.DandbCompanyId - True cmd_type=elb consumer=False job_name=dev:tap-salesforce-to-target-jsonl name=tap-salesforce producer=True run_id=bf8ea2ab-6244-4a2c-9951-c2b153d44634 stdio=stderr string_id=tap-salesforce
2025-05-25T20:33:24.150064Z [info     ] INFO Lead.EmailBouncedReason - True cmd_type=elb consumer=False job_name=dev:tap-salesforce-to-target-jsonl name=tap-salesforce producer=True run_id=bf8ea2ab-6244-4a2c-9951-c2b153d44634 stdio=stderr string_id=tap-salesforce
2025-05-25T20:33:24.150144Z [info     ] INFO Lead.EmailBouncedDate - True cmd_type=elb consumer=False job_name=dev:tap-salesforce-to-target-jsonl name=tap-salesforce producer=True run_id=bf8ea2ab-6244-4a2c-9951-c2b153d44634 stdio=stderr string_id=tap-salesforce
2025-05-25T20:33:24.150220Z [info     ] INFO Lead.IndividualId - True  cmd_type=elb consumer=False job_name=dev:tap-salesforce-to-target-jsonl name=tap-salesforce producer=True run_id=bf8ea2ab-6244-4a2c-9951-c2b153d44634 stdio=stderr string_id=tap-salesforce
2025-05-25T20:33:24.150296Z [info     ] INFO Lead.IsPriorityRecord - True cmd_type=elb consumer=False job_name=dev:tap-salesforce-to-target-jsonl name=tap-salesforce producer=True run_id=bf8ea2ab-6244-4a2c-9951-c2b153d44634 stdio=stderr string_id=tap-salesforce
2025-05-25T20:33:24.150376Z [info     ] INFO Lead.SICCode__c - True    cmd_type=elb consumer=False job_name=dev:tap-salesforce-to-target-jsonl name=tap-salesforce producer=True run_id=bf8ea2ab-6244-4a2c-9951-c2b153d44634 stdio=stderr string_id=tap-salesforce
2025-05-25T20:33:24.150454Z [info     ] INFO Lead.ProductInterest__c - True cmd_type=elb consumer=False job_name=dev:tap-salesforce-to-target-jsonl name=tap-salesforce producer=True run_id=bf8ea2ab-6244-4a2c-9951-c2b153d44634 stdio=stderr string_id=tap-salesforce
2025-05-25T20:33:24.150530Z [info     ] INFO Lead.Primary__c - True    cmd_type=elb consumer=False job_name=dev:tap-salesforce-to-target-jsonl name=tap-salesforce producer=True run_id=bf8ea2ab-6244-4a2c-9951-c2b153d44634 stdio=stderr string_id=tap-salesforce
2025-05-25T20:33:24.150607Z [info     ] INFO Lead.CurrentGenerators__c - True cmd_type=elb consumer=False job_name=dev:tap-salesforce-to-target-jsonl name=tap-salesforce producer=True run_id=bf8ea2ab-6244-4a2c-9951-c2b153d44634 stdio=stderr string_id=tap-salesforce
2025-05-25T20:33:24.150683Z [info     ] INFO Lead.NumberofLocations__c - True cmd_type=elb consumer=False job_name=dev:tap-salesforce-to-target-jsonl name=tap-salesforce producer=True run_id=bf8ea2ab-6244-4a2c-9951-c2b153d44634 stdio=stderr string_id=tap-salesforce
2025-05-25T20:33:24.150759Z [info     ] INFO Syncing Salesforce data for stream Lead cmd_type=elb consumer=False job_name=dev:tap-salesforce-to-target-jsonl name=tap-salesforce producer=True run_id=bf8ea2ab-6244-4a2c-9951-c2b153d44634 stdio=stderr string_id=tap-salesforce
2025-05-25T20:33:24.150838Z [info     ] INFO Making GET request to https://orgfarm-b529f752a8-dev-ed.develop.my.salesforce.com/services/data/v60.0/queryAll with params: {'q': 'SELECT Id,IsDeleted,MasterRecordId,LastName,FirstName,Salutation,Name,Title,Company,Street,City,State,PostalCode,Country,StateCode,CountryCode,Latitude,Longitude,GeocodeAccuracy,Address,Phone,MobilePhone,Fax,Email,Website,PhotoUrl,Description,LeadSource,Status,Industry,Rating,AnnualRevenue,NumberOfEmployees,OwnerId,IsConverted,ConvertedDate,ConvertedAccountId,ConvertedContactId,ConvertedOpportunityId,IsUnreadByOwner,CreatedDate,CreatedById,LastModifiedDate,LastModifiedById,SystemModstamp,LastActivityDate,LastViewedDate,LastReferencedDate,Jigsaw,JigsawContactId,CleanStatus,CompanyDunsNumber,DandbCompanyId,EmailBouncedReason,EmailBouncedDate,IndividualId,IsPriorityRecord,SICCode__c,ProductInterest__c,Primary__c,CurrentGenerators__c,NumberofLocations__c FROM Lead WHERE SystemModstamp >= 2025-05-25T00:00:00+00:00  ORDER BY SystemModstamp ASC'} cmd_type=elb consumer=False job_name=dev:tap-salesforce-to-target-jsonl name=tap-salesforce producer=True run_id=bf8ea2ab-6244-4a2c-9951-c2b153d44634 stdio=stderr string_id=tap-salesforce
2025-05-25T20:33:24.151017Z [info     ] WARNING Unknown message type ACTIVATE_VERSION in message {'type': 'ACTIVATE_VERSION', 'stream': 'Contact', 'version': 1748202415125} cmd_type=elb consumer=True job_name=dev:tap-salesforce-to-target-jsonl name=target-jsonl producer=False run_id=bf8ea2ab-6244-4a2c-9951-c2b153d44634 stdio=stderr string_id=target-jsonl
2025-05-25T20:33:24.151331Z [info     ] WARNING Unknown message type ACTIVATE_VERSION in message {'type': 'ACTIVATE_VERSION', 'stream': 'Account', 'version': 1748202415127} cmd_type=elb consumer=True job_name=dev:tap-salesforce-to-target-jsonl name=target-jsonl producer=False run_id=bf8ea2ab-6244-4a2c-9951-c2b153d44634 stdio=stderr string_id=target-jsonl
2025-05-25T20:33:24.151533Z [info     ] WARNING Unknown message type ACTIVATE_VERSION in message {'type': 'ACTIVATE_VERSION', 'stream': 'Lead', 'version': 1748202415132} cmd_type=elb consumer=True job_name=dev:tap-salesforce-to-target-jsonl name=target-jsonl producer=False run_id=bf8ea2ab-6244-4a2c-9951-c2b153d44634 stdio=stderr string_id=target-jsonl
2025-05-25T20:33:24.347267Z [info     ] INFO Used 11602 of 15000 daily REST API quota cmd_type=elb consumer=False job_name=dev:tap-salesforce-to-target-jsonl name=tap-salesforce producer=True run_id=bf8ea2ab-6244-4a2c-9951-c2b153d44634 stdio=stderr string_id=tap-salesforce
2025-05-25T20:33:24.347904Z [info     ] INFO METRIC: {"type": "counter", "metric": "record_count", "value": 0, "tags": {"endpoint": "Contact"}} cmd_type=elb consumer=False job_name=dev:tap-salesforce-to-target-jsonl name=tap-salesforce producer=True run_id=bf8ea2ab-6244-4a2c-9951-c2b153d44634 stdio=stderr string_id=tap-salesforce
2025-05-25T20:33:24.348187Z [info     ] INFO Completed sync for Contact cmd_type=elb consumer=False job_name=dev:tap-salesforce-to-target-jsonl name=tap-salesforce producer=True run_id=bf8ea2ab-6244-4a2c-9951-c2b153d44634 stdio=stderr string_id=tap-salesforce
2025-05-25T20:33:24.362616Z [info     ] INFO Used 11608 of 15000 daily REST API quota cmd_type=elb consumer=False job_name=dev:tap-salesforce-to-target-jsonl name=tap-salesforce producer=True run_id=bf8ea2ab-6244-4a2c-9951-c2b153d44634 stdio=stderr string_id=tap-salesforce
2025-05-25T20:33:24.362923Z [info     ] INFO METRIC: {"type": "counter", "metric": "record_count", "value": 0, "tags": {"endpoint": "Lead"}} cmd_type=elb consumer=False job_name=dev:tap-salesforce-to-target-jsonl name=tap-salesforce producer=True run_id=bf8ea2ab-6244-4a2c-9951-c2b153d44634 stdio=stderr string_id=tap-salesforce
2025-05-25T20:33:24.363152Z [info     ] INFO Completed sync for Lead   cmd_type=elb consumer=False job_name=dev:tap-salesforce-to-target-jsonl name=tap-salesforce producer=True run_id=bf8ea2ab-6244-4a2c-9951-c2b153d44634 stdio=stderr string_id=tap-salesforce
2025-05-25T20:33:24.369487Z [info     ] INFO Used 11690 of 15000 daily REST API quota cmd_type=elb consumer=False job_name=dev:tap-salesforce-to-target-jsonl name=tap-salesforce producer=True run_id=bf8ea2ab-6244-4a2c-9951-c2b153d44634 stdio=stderr string_id=tap-salesforce
2025-05-25T20:33:24.369772Z [info     ] INFO METRIC: {"type": "counter", "metric": "record_count", "value": 0, "tags": {"endpoint": "Account"}} cmd_type=elb consumer=False job_name=dev:tap-salesforce-to-target-jsonl name=tap-salesforce producer=True run_id=bf8ea2ab-6244-4a2c-9951-c2b153d44634 stdio=stderr string_id=tap-salesforce
2025-05-25T20:33:24.369961Z [info     ] INFO Completed sync for Account cmd_type=elb consumer=False job_name=dev:tap-salesforce-to-target-jsonl name=tap-salesforce producer=True run_id=bf8ea2ab-6244-4a2c-9951-c2b153d44634 stdio=stderr string_id=tap-salesforce
2025-05-25T20:33:24.370564Z [info     ] INFO Finished sync             cmd_type=elb consumer=False job_name=dev:tap-salesforce-to-target-jsonl name=tap-salesforce producer=True run_id=bf8ea2ab-6244-4a2c-9951-c2b153d44634 stdio=stderr string_id=tap-salesforce
2025-05-25T20:33:24.419441Z [info     ] Using systemdb state backend
2025-05-25T20:33:24.421471Z [info     ] Incremental state has been updated at 2025-05-25 20:33:24.421459+00:00.
2025-05-25T20:33:24.426533Z [info     ] Block run completed.           block_type=ExtractLoadBlocks err=None set_number=0 success=True
