2025-05-26T08:16:25.108384Z [warning  ] Force option is enabled, ignoring stale job check.
2025-05-26T08:16:25.210744Z [info     ] Using systemdb state backend
2025-05-26T08:18:31.732563Z [info     ] /Users/tim.prudames/analytics/.meltano/extractors/tap-salesforce/venv/lib/python3.9/site-packages/urllib3/__init__.py:35: NotOpenSSLWarning: urllib3 v2 only supports OpenSSL 1.1.1+, currently the 'ssl' module is compiled with 'LibreSSL 2.8.3'. See: https://github.com/urllib3/urllib3/issues/3020 cmd_type=elb consumer=False job_name=dev:tap-salesforce-to-target-jsonl name=tap-salesforce producer=True run_id=6bd7e77a-fc8b-422d-a157-7fb3fb129579 stdio=stderr string_id=tap-salesforce
2025-05-26T08:18:31.733148Z [info     ]   warnings.warn(               cmd_type=elb consumer=False job_name=dev:tap-salesforce-to-target-jsonl name=tap-salesforce producer=True run_id=6bd7e77a-fc8b-422d-a157-7fb3fb129579 stdio=stderr string_id=tap-salesforce
2025-05-26T08:18:31.884048Z [info     ] INFO Parsed start date '2025-05-25T00:00:00+00:00' from value '2025-05-25' cmd_type=elb consumer=False job_name=dev:tap-salesforce-to-target-jsonl name=tap-salesforce producer=True run_id=6bd7e77a-fc8b-422d-a157-7fb3fb129579 stdio=stderr string_id=tap-salesforce
2025-05-26T08:18:31.884401Z [info     ] INFO Attempting login via OAuth2 cmd_type=elb consumer=False job_name=dev:tap-salesforce-to-target-jsonl name=tap-salesforce producer=True run_id=6bd7e77a-fc8b-422d-a157-7fb3fb129579 stdio=stderr string_id=tap-salesforce
2025-05-26T08:18:32.604866Z [info     ] INFO OAuth2 login successful   cmd_type=elb consumer=False job_name=dev:tap-salesforce-to-target-jsonl name=tap-salesforce producer=True run_id=6bd7e77a-fc8b-422d-a157-7fb3fb129579 stdio=stderr string_id=tap-salesforce
2025-05-26T08:18:32.605826Z [info     ] INFO Starting new login timer  cmd_type=elb consumer=False job_name=dev:tap-salesforce-to-target-jsonl name=tap-salesforce producer=True run_id=6bd7e77a-fc8b-422d-a157-7fb3fb129579 stdio=stderr string_id=tap-salesforce
2025-05-26T08:18:32.623766Z [info     ] INFO Starting sync             cmd_type=elb consumer=False job_name=dev:tap-salesforce-to-target-jsonl name=tap-salesforce producer=True run_id=6bd7e77a-fc8b-422d-a157-7fb3fb129579 stdio=stderr string_id=tap-salesforce
2025-05-26T08:18:32.652206Z [info     ] INFO Lead: Starting            cmd_type=elb consumer=False job_name=dev:tap-salesforce-to-target-jsonl name=tap-salesforce producer=True run_id=6bd7e77a-fc8b-422d-a157-7fb3fb129579 stdio=stderr string_id=tap-salesforce
2025-05-26T08:18:32.652582Z [info     ] INFO Lead.Id - True            cmd_type=elb consumer=False job_name=dev:tap-salesforce-to-target-jsonl name=tap-salesforce producer=True run_id=6bd7e77a-fc8b-422d-a157-7fb3fb129579 stdio=stderr string_id=tap-salesforce
2025-05-26T08:18:32.652739Z [info     ] INFO Lead.IsDeleted - True     cmd_type=elb consumer=False job_name=dev:tap-salesforce-to-target-jsonl name=tap-salesforce producer=True run_id=6bd7e77a-fc8b-422d-a157-7fb3fb129579 stdio=stderr string_id=tap-salesforce
2025-05-26T08:18:32.652846Z [info     ] INFO Lead.MasterRecordId - True cmd_type=elb consumer=False job_name=dev:tap-salesforce-to-target-jsonl name=tap-salesforce producer=True run_id=6bd7e77a-fc8b-422d-a157-7fb3fb129579 stdio=stderr string_id=tap-salesforce
2025-05-26T08:18:32.652945Z [info     ] INFO Lead.LastName - True      cmd_type=elb consumer=False job_name=dev:tap-salesforce-to-target-jsonl name=tap-salesforce producer=True run_id=6bd7e77a-fc8b-422d-a157-7fb3fb129579 stdio=stderr string_id=tap-salesforce
2025-05-26T08:18:32.653038Z [info     ] INFO Lead.FirstName - True     cmd_type=elb consumer=False job_name=dev:tap-salesforce-to-target-jsonl name=tap-salesforce producer=True run_id=6bd7e77a-fc8b-422d-a157-7fb3fb129579 stdio=stderr string_id=tap-salesforce
2025-05-26T08:18:32.653127Z [info     ] INFO Lead.Salutation - True    cmd_type=elb consumer=False job_name=dev:tap-salesforce-to-target-jsonl name=tap-salesforce producer=True run_id=6bd7e77a-fc8b-422d-a157-7fb3fb129579 stdio=stderr string_id=tap-salesforce
2025-05-26T08:18:32.653239Z [info     ] INFO Lead.Name - True          cmd_type=elb consumer=False job_name=dev:tap-salesforce-to-target-jsonl name=tap-salesforce producer=True run_id=6bd7e77a-fc8b-422d-a157-7fb3fb129579 stdio=stderr string_id=tap-salesforce
2025-05-26T08:18:32.653487Z [info     ] INFO Lead.Title - True         cmd_type=elb consumer=False job_name=dev:tap-salesforce-to-target-jsonl name=tap-salesforce producer=True run_id=6bd7e77a-fc8b-422d-a157-7fb3fb129579 stdio=stderr string_id=tap-salesforce
2025-05-26T08:18:32.653698Z [info     ] INFO Lead.Company - True       cmd_type=elb consumer=False job_name=dev:tap-salesforce-to-target-jsonl name=tap-salesforce producer=True run_id=6bd7e77a-fc8b-422d-a157-7fb3fb129579 stdio=stderr string_id=tap-salesforce
2025-05-26T08:18:32.653797Z [info     ] INFO Lead.Street - True        cmd_type=elb consumer=False job_name=dev:tap-salesforce-to-target-jsonl name=tap-salesforce producer=True run_id=6bd7e77a-fc8b-422d-a157-7fb3fb129579 stdio=stderr string_id=tap-salesforce
2025-05-26T08:18:32.653887Z [info     ] INFO Lead.City - True          cmd_type=elb consumer=False job_name=dev:tap-salesforce-to-target-jsonl name=tap-salesforce producer=True run_id=6bd7e77a-fc8b-422d-a157-7fb3fb129579 stdio=stderr string_id=tap-salesforce
2025-05-26T08:18:32.653979Z [info     ] INFO Lead.State - True         cmd_type=elb consumer=False job_name=dev:tap-salesforce-to-target-jsonl name=tap-salesforce producer=True run_id=6bd7e77a-fc8b-422d-a157-7fb3fb129579 stdio=stderr string_id=tap-salesforce
2025-05-26T08:18:32.654071Z [info     ] INFO Lead.PostalCode - True    cmd_type=elb consumer=False job_name=dev:tap-salesforce-to-target-jsonl name=tap-salesforce producer=True run_id=6bd7e77a-fc8b-422d-a157-7fb3fb129579 stdio=stderr string_id=tap-salesforce
2025-05-26T08:18:32.654160Z [info     ] INFO Lead.Country - True       cmd_type=elb consumer=False job_name=dev:tap-salesforce-to-target-jsonl name=tap-salesforce producer=True run_id=6bd7e77a-fc8b-422d-a157-7fb3fb129579 stdio=stderr string_id=tap-salesforce
2025-05-26T08:18:32.654248Z [info     ] INFO Lead.StateCode - True     cmd_type=elb consumer=False job_name=dev:tap-salesforce-to-target-jsonl name=tap-salesforce producer=True run_id=6bd7e77a-fc8b-422d-a157-7fb3fb129579 stdio=stderr string_id=tap-salesforce
2025-05-26T08:18:32.654334Z [info     ] INFO Lead.CountryCode - True   cmd_type=elb consumer=False job_name=dev:tap-salesforce-to-target-jsonl name=tap-salesforce producer=True run_id=6bd7e77a-fc8b-422d-a157-7fb3fb129579 stdio=stderr string_id=tap-salesforce
2025-05-26T08:18:32.654418Z [info     ] INFO Lead.Latitude - True      cmd_type=elb consumer=False job_name=dev:tap-salesforce-to-target-jsonl name=tap-salesforce producer=True run_id=6bd7e77a-fc8b-422d-a157-7fb3fb129579 stdio=stderr string_id=tap-salesforce
2025-05-26T08:18:32.654502Z [info     ] INFO Lead.Longitude - True     cmd_type=elb consumer=False job_name=dev:tap-salesforce-to-target-jsonl name=tap-salesforce producer=True run_id=6bd7e77a-fc8b-422d-a157-7fb3fb129579 stdio=stderr string_id=tap-salesforce
2025-05-26T08:18:32.654650Z [info     ] INFO Lead.GeocodeAccuracy - True cmd_type=elb consumer=False job_name=dev:tap-salesforce-to-target-jsonl name=tap-salesforce producer=True run_id=6bd7e77a-fc8b-422d-a157-7fb3fb129579 stdio=stderr string_id=tap-salesforce
2025-05-26T08:18:32.654751Z [info     ] INFO Lead.Address - True       cmd_type=elb consumer=False job_name=dev:tap-salesforce-to-target-jsonl name=tap-salesforce producer=True run_id=6bd7e77a-fc8b-422d-a157-7fb3fb129579 stdio=stderr string_id=tap-salesforce
2025-05-26T08:18:32.654835Z [info     ] INFO Lead.street - True        cmd_type=elb consumer=False job_name=dev:tap-salesforce-to-target-jsonl name=tap-salesforce producer=True run_id=6bd7e77a-fc8b-422d-a157-7fb3fb129579 stdio=stderr string_id=tap-salesforce
2025-05-26T08:18:32.654921Z [info     ] INFO Lead.state - True         cmd_type=elb consumer=False job_name=dev:tap-salesforce-to-target-jsonl name=tap-salesforce producer=True run_id=6bd7e77a-fc8b-422d-a157-7fb3fb129579 stdio=stderr string_id=tap-salesforce
2025-05-26T08:18:32.655096Z [info     ] INFO Lead.postalCode - True    cmd_type=elb consumer=False job_name=dev:tap-salesforce-to-target-jsonl name=tap-salesforce producer=True run_id=6bd7e77a-fc8b-422d-a157-7fb3fb129579 stdio=stderr string_id=tap-salesforce
2025-05-26T08:18:32.655298Z [info     ] INFO Lead.city - True          cmd_type=elb consumer=False job_name=dev:tap-salesforce-to-target-jsonl name=tap-salesforce producer=True run_id=6bd7e77a-fc8b-422d-a157-7fb3fb129579 stdio=stderr string_id=tap-salesforce
2025-05-26T08:18:32.655402Z [info     ] INFO Lead.country - True       cmd_type=elb consumer=False job_name=dev:tap-salesforce-to-target-jsonl name=tap-salesforce producer=True run_id=6bd7e77a-fc8b-422d-a157-7fb3fb129579 stdio=stderr string_id=tap-salesforce
2025-05-26T08:18:32.655487Z [info     ] INFO Lead.longitude - True     cmd_type=elb consumer=False job_name=dev:tap-salesforce-to-target-jsonl name=tap-salesforce producer=True run_id=6bd7e77a-fc8b-422d-a157-7fb3fb129579 stdio=stderr string_id=tap-salesforce
2025-05-26T08:18:32.655569Z [info     ] INFO Lead.latitude - True      cmd_type=elb consumer=False job_name=dev:tap-salesforce-to-target-jsonl name=tap-salesforce producer=True run_id=6bd7e77a-fc8b-422d-a157-7fb3fb129579 stdio=stderr string_id=tap-salesforce
2025-05-26T08:18:32.655652Z [info     ] INFO Lead.geocodeAccuracy - True cmd_type=elb consumer=False job_name=dev:tap-salesforce-to-target-jsonl name=tap-salesforce producer=True run_id=6bd7e77a-fc8b-422d-a157-7fb3fb129579 stdio=stderr string_id=tap-salesforce
2025-05-26T08:18:32.655735Z [info     ] INFO Lead.Phone - True         cmd_type=elb consumer=False job_name=dev:tap-salesforce-to-target-jsonl name=tap-salesforce producer=True run_id=6bd7e77a-fc8b-422d-a157-7fb3fb129579 stdio=stderr string_id=tap-salesforce
2025-05-26T08:18:32.655820Z [info     ] INFO Lead.MobilePhone - True   cmd_type=elb consumer=False job_name=dev:tap-salesforce-to-target-jsonl name=tap-salesforce producer=True run_id=6bd7e77a-fc8b-422d-a157-7fb3fb129579 stdio=stderr string_id=tap-salesforce
2025-05-26T08:18:32.655904Z [info     ] INFO Lead.Fax - True           cmd_type=elb consumer=False job_name=dev:tap-salesforce-to-target-jsonl name=tap-salesforce producer=True run_id=6bd7e77a-fc8b-422d-a157-7fb3fb129579 stdio=stderr string_id=tap-salesforce
2025-05-26T08:18:32.655985Z [info     ] INFO Lead.Email - True         cmd_type=elb consumer=False job_name=dev:tap-salesforce-to-target-jsonl name=tap-salesforce producer=True run_id=6bd7e77a-fc8b-422d-a157-7fb3fb129579 stdio=stderr string_id=tap-salesforce
2025-05-26T08:18:32.656065Z [info     ] INFO Lead.Website - True       cmd_type=elb consumer=False job_name=dev:tap-salesforce-to-target-jsonl name=tap-salesforce producer=True run_id=6bd7e77a-fc8b-422d-a157-7fb3fb129579 stdio=stderr string_id=tap-salesforce
2025-05-26T08:18:32.656148Z [info     ] INFO Lead.PhotoUrl - True      cmd_type=elb consumer=False job_name=dev:tap-salesforce-to-target-jsonl name=tap-salesforce producer=True run_id=6bd7e77a-fc8b-422d-a157-7fb3fb129579 stdio=stderr string_id=tap-salesforce
2025-05-26T08:18:32.656232Z [info     ] INFO Lead.Description - True   cmd_type=elb consumer=False job_name=dev:tap-salesforce-to-target-jsonl name=tap-salesforce producer=True run_id=6bd7e77a-fc8b-422d-a157-7fb3fb129579 stdio=stderr string_id=tap-salesforce
2025-05-26T08:18:32.656313Z [info     ] INFO Lead.LeadSource - True    cmd_type=elb consumer=False job_name=dev:tap-salesforce-to-target-jsonl name=tap-salesforce producer=True run_id=6bd7e77a-fc8b-422d-a157-7fb3fb129579 stdio=stderr string_id=tap-salesforce
2025-05-26T08:18:32.656394Z [info     ] INFO Lead.Status - True        cmd_type=elb consumer=False job_name=dev:tap-salesforce-to-target-jsonl name=tap-salesforce producer=True run_id=6bd7e77a-fc8b-422d-a157-7fb3fb129579 stdio=stderr string_id=tap-salesforce
2025-05-26T08:18:32.656476Z [info     ] INFO Lead.Industry - True      cmd_type=elb consumer=False job_name=dev:tap-salesforce-to-target-jsonl name=tap-salesforce producer=True run_id=6bd7e77a-fc8b-422d-a157-7fb3fb129579 stdio=stderr string_id=tap-salesforce
2025-05-26T08:18:32.656566Z [info     ] INFO Lead.Rating - True        cmd_type=elb consumer=False job_name=dev:tap-salesforce-to-target-jsonl name=tap-salesforce producer=True run_id=6bd7e77a-fc8b-422d-a157-7fb3fb129579 stdio=stderr string_id=tap-salesforce
2025-05-26T08:18:32.656650Z [info     ] INFO Lead.AnnualRevenue - True cmd_type=elb consumer=False job_name=dev:tap-salesforce-to-target-jsonl name=tap-salesforce producer=True run_id=6bd7e77a-fc8b-422d-a157-7fb3fb129579 stdio=stderr string_id=tap-salesforce
2025-05-26T08:18:32.656730Z [info     ] INFO Lead.NumberOfEmployees - True cmd_type=elb consumer=False job_name=dev:tap-salesforce-to-target-jsonl name=tap-salesforce producer=True run_id=6bd7e77a-fc8b-422d-a157-7fb3fb129579 stdio=stderr string_id=tap-salesforce
2025-05-26T08:18:32.656812Z [info     ] INFO Lead.OwnerId - True       cmd_type=elb consumer=False job_name=dev:tap-salesforce-to-target-jsonl name=tap-salesforce producer=True run_id=6bd7e77a-fc8b-422d-a157-7fb3fb129579 stdio=stderr string_id=tap-salesforce
2025-05-26T08:18:32.656894Z [info     ] INFO Lead.IsConverted - True   cmd_type=elb consumer=False job_name=dev:tap-salesforce-to-target-jsonl name=tap-salesforce producer=True run_id=6bd7e77a-fc8b-422d-a157-7fb3fb129579 stdio=stderr string_id=tap-salesforce
2025-05-26T08:18:32.656974Z [info     ] INFO Lead.ConvertedDate - True cmd_type=elb consumer=False job_name=dev:tap-salesforce-to-target-jsonl name=tap-salesforce producer=True run_id=6bd7e77a-fc8b-422d-a157-7fb3fb129579 stdio=stderr string_id=tap-salesforce
2025-05-26T08:18:32.657055Z [info     ] INFO Lead.ConvertedAccountId - True cmd_type=elb consumer=False job_name=dev:tap-salesforce-to-target-jsonl name=tap-salesforce producer=True run_id=6bd7e77a-fc8b-422d-a157-7fb3fb129579 stdio=stderr string_id=tap-salesforce
2025-05-26T08:18:32.657136Z [info     ] INFO Lead.ConvertedContactId - True cmd_type=elb consumer=False job_name=dev:tap-salesforce-to-target-jsonl name=tap-salesforce producer=True run_id=6bd7e77a-fc8b-422d-a157-7fb3fb129579 stdio=stderr string_id=tap-salesforce
2025-05-26T08:18:32.657216Z [info     ] INFO Lead.ConvertedOpportunityId - True cmd_type=elb consumer=False job_name=dev:tap-salesforce-to-target-jsonl name=tap-salesforce producer=True run_id=6bd7e77a-fc8b-422d-a157-7fb3fb129579 stdio=stderr string_id=tap-salesforce
2025-05-26T08:18:32.657297Z [info     ] INFO Lead.IsUnreadByOwner - True cmd_type=elb consumer=False job_name=dev:tap-salesforce-to-target-jsonl name=tap-salesforce producer=True run_id=6bd7e77a-fc8b-422d-a157-7fb3fb129579 stdio=stderr string_id=tap-salesforce
2025-05-26T08:18:32.657382Z [info     ] INFO Lead.CreatedDate - True   cmd_type=elb consumer=False job_name=dev:tap-salesforce-to-target-jsonl name=tap-salesforce producer=True run_id=6bd7e77a-fc8b-422d-a157-7fb3fb129579 stdio=stderr string_id=tap-salesforce
2025-05-26T08:18:32.657469Z [info     ] INFO Lead.CreatedById - True   cmd_type=elb consumer=False job_name=dev:tap-salesforce-to-target-jsonl name=tap-salesforce producer=True run_id=6bd7e77a-fc8b-422d-a157-7fb3fb129579 stdio=stderr string_id=tap-salesforce
2025-05-26T08:18:32.657550Z [info     ] INFO Lead.LastModifiedDate - True cmd_type=elb consumer=False job_name=dev:tap-salesforce-to-target-jsonl name=tap-salesforce producer=True run_id=6bd7e77a-fc8b-422d-a157-7fb3fb129579 stdio=stderr string_id=tap-salesforce
2025-05-26T08:18:32.657633Z [info     ] INFO Lead.LastModifiedById - True cmd_type=elb consumer=False job_name=dev:tap-salesforce-to-target-jsonl name=tap-salesforce producer=True run_id=6bd7e77a-fc8b-422d-a157-7fb3fb129579 stdio=stderr string_id=tap-salesforce
2025-05-26T08:18:32.657712Z [info     ] INFO Lead.SystemModstamp - True cmd_type=elb consumer=False job_name=dev:tap-salesforce-to-target-jsonl name=tap-salesforce producer=True run_id=6bd7e77a-fc8b-422d-a157-7fb3fb129579 stdio=stderr string_id=tap-salesforce
2025-05-26T08:18:32.657794Z [info     ] INFO Lead.LastActivityDate - True cmd_type=elb consumer=False job_name=dev:tap-salesforce-to-target-jsonl name=tap-salesforce producer=True run_id=6bd7e77a-fc8b-422d-a157-7fb3fb129579 stdio=stderr string_id=tap-salesforce
2025-05-26T08:18:32.657882Z [info     ] INFO Lead.LastViewedDate - True cmd_type=elb consumer=False job_name=dev:tap-salesforce-to-target-jsonl name=tap-salesforce producer=True run_id=6bd7e77a-fc8b-422d-a157-7fb3fb129579 stdio=stderr string_id=tap-salesforce
2025-05-26T08:18:32.657964Z [info     ] INFO Lead.LastReferencedDate - True cmd_type=elb consumer=False job_name=dev:tap-salesforce-to-target-jsonl name=tap-salesforce producer=True run_id=6bd7e77a-fc8b-422d-a157-7fb3fb129579 stdio=stderr string_id=tap-salesforce
2025-05-26T08:18:32.658046Z [info     ] INFO Lead.Jigsaw - True        cmd_type=elb consumer=False job_name=dev:tap-salesforce-to-target-jsonl name=tap-salesforce producer=True run_id=6bd7e77a-fc8b-422d-a157-7fb3fb129579 stdio=stderr string_id=tap-salesforce
2025-05-26T08:18:32.658128Z [info     ] INFO Lead.JigsawContactId - True cmd_type=elb consumer=False job_name=dev:tap-salesforce-to-target-jsonl name=tap-salesforce producer=True run_id=6bd7e77a-fc8b-422d-a157-7fb3fb129579 stdio=stderr string_id=tap-salesforce
2025-05-26T08:18:32.658209Z [info     ] INFO Lead.CleanStatus - True   cmd_type=elb consumer=False job_name=dev:tap-salesforce-to-target-jsonl name=tap-salesforce producer=True run_id=6bd7e77a-fc8b-422d-a157-7fb3fb129579 stdio=stderr string_id=tap-salesforce
2025-05-26T08:18:32.658290Z [info     ] INFO Lead.CompanyDunsNumber - True cmd_type=elb consumer=False job_name=dev:tap-salesforce-to-target-jsonl name=tap-salesforce producer=True run_id=6bd7e77a-fc8b-422d-a157-7fb3fb129579 stdio=stderr string_id=tap-salesforce
2025-05-26T08:18:32.658370Z [info     ] INFO Lead.DandbCompanyId - True cmd_type=elb consumer=False job_name=dev:tap-salesforce-to-target-jsonl name=tap-salesforce producer=True run_id=6bd7e77a-fc8b-422d-a157-7fb3fb129579 stdio=stderr string_id=tap-salesforce
2025-05-26T08:18:32.658447Z [info     ] INFO Lead.EmailBouncedReason - True cmd_type=elb consumer=False job_name=dev:tap-salesforce-to-target-jsonl name=tap-salesforce producer=True run_id=6bd7e77a-fc8b-422d-a157-7fb3fb129579 stdio=stderr string_id=tap-salesforce
2025-05-26T08:18:32.658525Z [info     ] INFO Lead.EmailBouncedDate - True cmd_type=elb consumer=False job_name=dev:tap-salesforce-to-target-jsonl name=tap-salesforce producer=True run_id=6bd7e77a-fc8b-422d-a157-7fb3fb129579 stdio=stderr string_id=tap-salesforce
2025-05-26T08:18:32.658607Z [info     ] INFO Lead.IndividualId - True  cmd_type=elb consumer=False job_name=dev:tap-salesforce-to-target-jsonl name=tap-salesforce producer=True run_id=6bd7e77a-fc8b-422d-a157-7fb3fb129579 stdio=stderr string_id=tap-salesforce
2025-05-26T08:18:32.658687Z [info     ] INFO Lead.IsPriorityRecord - True cmd_type=elb consumer=False job_name=dev:tap-salesforce-to-target-jsonl name=tap-salesforce producer=True run_id=6bd7e77a-fc8b-422d-a157-7fb3fb129579 stdio=stderr string_id=tap-salesforce
2025-05-26T08:18:32.658769Z [info     ] INFO Lead.SICCode__c - True    cmd_type=elb consumer=False job_name=dev:tap-salesforce-to-target-jsonl name=tap-salesforce producer=True run_id=6bd7e77a-fc8b-422d-a157-7fb3fb129579 stdio=stderr string_id=tap-salesforce
2025-05-26T08:18:32.658849Z [info     ] INFO Lead.ProductInterest__c - True cmd_type=elb consumer=False job_name=dev:tap-salesforce-to-target-jsonl name=tap-salesforce producer=True run_id=6bd7e77a-fc8b-422d-a157-7fb3fb129579 stdio=stderr string_id=tap-salesforce
2025-05-26T08:18:32.658930Z [info     ] INFO Lead.Primary__c - True    cmd_type=elb consumer=False job_name=dev:tap-salesforce-to-target-jsonl name=tap-salesforce producer=True run_id=6bd7e77a-fc8b-422d-a157-7fb3fb129579 stdio=stderr string_id=tap-salesforce
2025-05-26T08:18:32.659010Z [info     ] INFO Lead.CurrentGenerators__c - True cmd_type=elb consumer=False job_name=dev:tap-salesforce-to-target-jsonl name=tap-salesforce producer=True run_id=6bd7e77a-fc8b-422d-a157-7fb3fb129579 stdio=stderr string_id=tap-salesforce
2025-05-26T08:18:32.659097Z [info     ] INFO Lead.NumberofLocations__c - True cmd_type=elb consumer=False job_name=dev:tap-salesforce-to-target-jsonl name=tap-salesforce producer=True run_id=6bd7e77a-fc8b-422d-a157-7fb3fb129579 stdio=stderr string_id=tap-salesforce
2025-05-26T08:18:32.659791Z [info     ] INFO Contact: Starting         cmd_type=elb consumer=False job_name=dev:tap-salesforce-to-target-jsonl name=tap-salesforce producer=True run_id=6bd7e77a-fc8b-422d-a157-7fb3fb129579 stdio=stderr string_id=tap-salesforce
2025-05-26T08:18:32.660109Z [info     ] WARNING Unknown message type ACTIVATE_VERSION in message {'type': 'ACTIVATE_VERSION', 'stream': 'Lead', 'version': 1748202415132} cmd_type=elb consumer=True job_name=dev:tap-salesforce-to-target-jsonl name=target-jsonl producer=False run_id=6bd7e77a-fc8b-422d-a157-7fb3fb129579 stdio=stderr string_id=target-jsonl
2025-05-26T08:18:32.660287Z [info     ] INFO Contact.Id - True         cmd_type=elb consumer=False job_name=dev:tap-salesforce-to-target-jsonl name=tap-salesforce producer=True run_id=6bd7e77a-fc8b-422d-a157-7fb3fb129579 stdio=stderr string_id=tap-salesforce
2025-05-26T08:18:32.660423Z [info     ] INFO Contact.IsDeleted - True  cmd_type=elb consumer=False job_name=dev:tap-salesforce-to-target-jsonl name=tap-salesforce producer=True run_id=6bd7e77a-fc8b-422d-a157-7fb3fb129579 stdio=stderr string_id=tap-salesforce
2025-05-26T08:18:32.660548Z [info     ] INFO Contact.MasterRecordId - True cmd_type=elb consumer=False job_name=dev:tap-salesforce-to-target-jsonl name=tap-salesforce producer=True run_id=6bd7e77a-fc8b-422d-a157-7fb3fb129579 stdio=stderr string_id=tap-salesforce
2025-05-26T08:18:32.660644Z [info     ] INFO Contact.AccountId - True  cmd_type=elb consumer=False job_name=dev:tap-salesforce-to-target-jsonl name=tap-salesforce producer=True run_id=6bd7e77a-fc8b-422d-a157-7fb3fb129579 stdio=stderr string_id=tap-salesforce
2025-05-26T08:18:32.660733Z [info     ] INFO Contact.LastName - True   cmd_type=elb consumer=False job_name=dev:tap-salesforce-to-target-jsonl name=tap-salesforce producer=True run_id=6bd7e77a-fc8b-422d-a157-7fb3fb129579 stdio=stderr string_id=tap-salesforce
2025-05-26T08:18:32.660945Z [info     ] INFO Contact.FirstName - True  cmd_type=elb consumer=False job_name=dev:tap-salesforce-to-target-jsonl name=tap-salesforce producer=True run_id=6bd7e77a-fc8b-422d-a157-7fb3fb129579 stdio=stderr string_id=tap-salesforce
2025-05-26T08:18:32.661063Z [info     ] INFO Contact.Salutation - True cmd_type=elb consumer=False job_name=dev:tap-salesforce-to-target-jsonl name=tap-salesforce producer=True run_id=6bd7e77a-fc8b-422d-a157-7fb3fb129579 stdio=stderr string_id=tap-salesforce
2025-05-26T08:18:32.661160Z [info     ] INFO Contact.Name - True       cmd_type=elb consumer=False job_name=dev:tap-salesforce-to-target-jsonl name=tap-salesforce producer=True run_id=6bd7e77a-fc8b-422d-a157-7fb3fb129579 stdio=stderr string_id=tap-salesforce
2025-05-26T08:18:32.661251Z [info     ] INFO Contact.OtherStreet - True cmd_type=elb consumer=False job_name=dev:tap-salesforce-to-target-jsonl name=tap-salesforce producer=True run_id=6bd7e77a-fc8b-422d-a157-7fb3fb129579 stdio=stderr string_id=tap-salesforce
2025-05-26T08:18:32.661339Z [info     ] INFO Contact.OtherCity - True  cmd_type=elb consumer=False job_name=dev:tap-salesforce-to-target-jsonl name=tap-salesforce producer=True run_id=6bd7e77a-fc8b-422d-a157-7fb3fb129579 stdio=stderr string_id=tap-salesforce
2025-05-26T08:18:32.661424Z [info     ] INFO Contact.OtherState - True cmd_type=elb consumer=False job_name=dev:tap-salesforce-to-target-jsonl name=tap-salesforce producer=True run_id=6bd7e77a-fc8b-422d-a157-7fb3fb129579 stdio=stderr string_id=tap-salesforce
2025-05-26T08:18:32.661511Z [info     ] INFO Contact.OtherPostalCode - True cmd_type=elb consumer=False job_name=dev:tap-salesforce-to-target-jsonl name=tap-salesforce producer=True run_id=6bd7e77a-fc8b-422d-a157-7fb3fb129579 stdio=stderr string_id=tap-salesforce
2025-05-26T08:18:32.661594Z [info     ] INFO Contact.OtherCountry - True cmd_type=elb consumer=False job_name=dev:tap-salesforce-to-target-jsonl name=tap-salesforce producer=True run_id=6bd7e77a-fc8b-422d-a157-7fb3fb129579 stdio=stderr string_id=tap-salesforce
2025-05-26T08:18:32.661751Z [info     ] INFO Contact.OtherStateCode - True cmd_type=elb consumer=False job_name=dev:tap-salesforce-to-target-jsonl name=tap-salesforce producer=True run_id=6bd7e77a-fc8b-422d-a157-7fb3fb129579 stdio=stderr string_id=tap-salesforce
2025-05-26T08:18:32.661844Z [info     ] INFO Contact.OtherCountryCode - True cmd_type=elb consumer=False job_name=dev:tap-salesforce-to-target-jsonl name=tap-salesforce producer=True run_id=6bd7e77a-fc8b-422d-a157-7fb3fb129579 stdio=stderr string_id=tap-salesforce
2025-05-26T08:18:32.661927Z [info     ] INFO Contact.OtherLatitude - True cmd_type=elb consumer=False job_name=dev:tap-salesforce-to-target-jsonl name=tap-salesforce producer=True run_id=6bd7e77a-fc8b-422d-a157-7fb3fb129579 stdio=stderr string_id=tap-salesforce
2025-05-26T08:18:32.662015Z [info     ] INFO Contact.OtherLongitude - True cmd_type=elb consumer=False job_name=dev:tap-salesforce-to-target-jsonl name=tap-salesforce producer=True run_id=6bd7e77a-fc8b-422d-a157-7fb3fb129579 stdio=stderr string_id=tap-salesforce
2025-05-26T08:18:32.662098Z [info     ] INFO Contact.OtherGeocodeAccuracy - True cmd_type=elb consumer=False job_name=dev:tap-salesforce-to-target-jsonl name=tap-salesforce producer=True run_id=6bd7e77a-fc8b-422d-a157-7fb3fb129579 stdio=stderr string_id=tap-salesforce
2025-05-26T08:18:32.662179Z [info     ] INFO Contact.OtherAddress - True cmd_type=elb consumer=False job_name=dev:tap-salesforce-to-target-jsonl name=tap-salesforce producer=True run_id=6bd7e77a-fc8b-422d-a157-7fb3fb129579 stdio=stderr string_id=tap-salesforce
2025-05-26T08:18:32.662261Z [info     ] INFO Contact.street - True     cmd_type=elb consumer=False job_name=dev:tap-salesforce-to-target-jsonl name=tap-salesforce producer=True run_id=6bd7e77a-fc8b-422d-a157-7fb3fb129579 stdio=stderr string_id=tap-salesforce
2025-05-26T08:18:32.662342Z [info     ] INFO Contact.state - True      cmd_type=elb consumer=False job_name=dev:tap-salesforce-to-target-jsonl name=tap-salesforce producer=True run_id=6bd7e77a-fc8b-422d-a157-7fb3fb129579 stdio=stderr string_id=tap-salesforce
2025-05-26T08:18:32.662422Z [info     ] INFO Contact.postalCode - True cmd_type=elb consumer=False job_name=dev:tap-salesforce-to-target-jsonl name=tap-salesforce producer=True run_id=6bd7e77a-fc8b-422d-a157-7fb3fb129579 stdio=stderr string_id=tap-salesforce
2025-05-26T08:18:32.662501Z [info     ] INFO Contact.city - True       cmd_type=elb consumer=False job_name=dev:tap-salesforce-to-target-jsonl name=tap-salesforce producer=True run_id=6bd7e77a-fc8b-422d-a157-7fb3fb129579 stdio=stderr string_id=tap-salesforce
2025-05-26T08:18:32.662580Z [info     ] INFO Contact.country - True    cmd_type=elb consumer=False job_name=dev:tap-salesforce-to-target-jsonl name=tap-salesforce producer=True run_id=6bd7e77a-fc8b-422d-a157-7fb3fb129579 stdio=stderr string_id=tap-salesforce
2025-05-26T08:18:32.662660Z [info     ] INFO Contact.longitude - True  cmd_type=elb consumer=False job_name=dev:tap-salesforce-to-target-jsonl name=tap-salesforce producer=True run_id=6bd7e77a-fc8b-422d-a157-7fb3fb129579 stdio=stderr string_id=tap-salesforce
2025-05-26T08:18:32.662737Z [info     ] INFO Contact.latitude - True   cmd_type=elb consumer=False job_name=dev:tap-salesforce-to-target-jsonl name=tap-salesforce producer=True run_id=6bd7e77a-fc8b-422d-a157-7fb3fb129579 stdio=stderr string_id=tap-salesforce
2025-05-26T08:18:32.662816Z [info     ] INFO Contact.geocodeAccuracy - True cmd_type=elb consumer=False job_name=dev:tap-salesforce-to-target-jsonl name=tap-salesforce producer=True run_id=6bd7e77a-fc8b-422d-a157-7fb3fb129579 stdio=stderr string_id=tap-salesforce
2025-05-26T08:18:32.662897Z [info     ] INFO Contact.MailingStreet - True cmd_type=elb consumer=False job_name=dev:tap-salesforce-to-target-jsonl name=tap-salesforce producer=True run_id=6bd7e77a-fc8b-422d-a157-7fb3fb129579 stdio=stderr string_id=tap-salesforce
2025-05-26T08:18:32.662979Z [info     ] INFO Contact.MailingCity - True cmd_type=elb consumer=False job_name=dev:tap-salesforce-to-target-jsonl name=tap-salesforce producer=True run_id=6bd7e77a-fc8b-422d-a157-7fb3fb129579 stdio=stderr string_id=tap-salesforce
2025-05-26T08:18:32.663068Z [info     ] INFO Contact.MailingState - True cmd_type=elb consumer=False job_name=dev:tap-salesforce-to-target-jsonl name=tap-salesforce producer=True run_id=6bd7e77a-fc8b-422d-a157-7fb3fb129579 stdio=stderr string_id=tap-salesforce
2025-05-26T08:18:32.663150Z [info     ] INFO Contact.MailingPostalCode - True cmd_type=elb consumer=False job_name=dev:tap-salesforce-to-target-jsonl name=tap-salesforce producer=True run_id=6bd7e77a-fc8b-422d-a157-7fb3fb129579 stdio=stderr string_id=tap-salesforce
2025-05-26T08:18:32.663258Z [info     ] INFO Contact.MailingCountry - True cmd_type=elb consumer=False job_name=dev:tap-salesforce-to-target-jsonl name=tap-salesforce producer=True run_id=6bd7e77a-fc8b-422d-a157-7fb3fb129579 stdio=stderr string_id=tap-salesforce
2025-05-26T08:18:32.663349Z [info     ] INFO Contact.MailingStateCode - True cmd_type=elb consumer=False job_name=dev:tap-salesforce-to-target-jsonl name=tap-salesforce producer=True run_id=6bd7e77a-fc8b-422d-a157-7fb3fb129579 stdio=stderr string_id=tap-salesforce
2025-05-26T08:18:32.663432Z [info     ] INFO Contact.MailingCountryCode - True cmd_type=elb consumer=False job_name=dev:tap-salesforce-to-target-jsonl name=tap-salesforce producer=True run_id=6bd7e77a-fc8b-422d-a157-7fb3fb129579 stdio=stderr string_id=tap-salesforce
2025-05-26T08:18:32.663514Z [info     ] INFO Contact.MailingLatitude - True cmd_type=elb consumer=False job_name=dev:tap-salesforce-to-target-jsonl name=tap-salesforce producer=True run_id=6bd7e77a-fc8b-422d-a157-7fb3fb129579 stdio=stderr string_id=tap-salesforce
2025-05-26T08:18:32.663597Z [info     ] INFO Contact.MailingLongitude - True cmd_type=elb consumer=False job_name=dev:tap-salesforce-to-target-jsonl name=tap-salesforce producer=True run_id=6bd7e77a-fc8b-422d-a157-7fb3fb129579 stdio=stderr string_id=tap-salesforce
2025-05-26T08:18:32.663678Z [info     ] INFO Contact.MailingGeocodeAccuracy - True cmd_type=elb consumer=False job_name=dev:tap-salesforce-to-target-jsonl name=tap-salesforce producer=True run_id=6bd7e77a-fc8b-422d-a157-7fb3fb129579 stdio=stderr string_id=tap-salesforce
2025-05-26T08:18:32.663758Z [info     ] INFO Contact.MailingAddress - True cmd_type=elb consumer=False job_name=dev:tap-salesforce-to-target-jsonl name=tap-salesforce producer=True run_id=6bd7e77a-fc8b-422d-a157-7fb3fb129579 stdio=stderr string_id=tap-salesforce
2025-05-26T08:18:32.663839Z [info     ] INFO Contact.street - True     cmd_type=elb consumer=False job_name=dev:tap-salesforce-to-target-jsonl name=tap-salesforce producer=True run_id=6bd7e77a-fc8b-422d-a157-7fb3fb129579 stdio=stderr string_id=tap-salesforce
2025-05-26T08:18:32.663921Z [info     ] INFO Contact.state - True      cmd_type=elb consumer=False job_name=dev:tap-salesforce-to-target-jsonl name=tap-salesforce producer=True run_id=6bd7e77a-fc8b-422d-a157-7fb3fb129579 stdio=stderr string_id=tap-salesforce
2025-05-26T08:18:32.664002Z [info     ] INFO Contact.postalCode - True cmd_type=elb consumer=False job_name=dev:tap-salesforce-to-target-jsonl name=tap-salesforce producer=True run_id=6bd7e77a-fc8b-422d-a157-7fb3fb129579 stdio=stderr string_id=tap-salesforce
2025-05-26T08:18:32.664083Z [info     ] INFO Contact.city - True       cmd_type=elb consumer=False job_name=dev:tap-salesforce-to-target-jsonl name=tap-salesforce producer=True run_id=6bd7e77a-fc8b-422d-a157-7fb3fb129579 stdio=stderr string_id=tap-salesforce
2025-05-26T08:18:32.664164Z [info     ] INFO Contact.country - True    cmd_type=elb consumer=False job_name=dev:tap-salesforce-to-target-jsonl name=tap-salesforce producer=True run_id=6bd7e77a-fc8b-422d-a157-7fb3fb129579 stdio=stderr string_id=tap-salesforce
2025-05-26T08:18:32.664245Z [info     ] INFO Contact.longitude - True  cmd_type=elb consumer=False job_name=dev:tap-salesforce-to-target-jsonl name=tap-salesforce producer=True run_id=6bd7e77a-fc8b-422d-a157-7fb3fb129579 stdio=stderr string_id=tap-salesforce
2025-05-26T08:18:32.664337Z [info     ] INFO Contact.latitude - True   cmd_type=elb consumer=False job_name=dev:tap-salesforce-to-target-jsonl name=tap-salesforce producer=True run_id=6bd7e77a-fc8b-422d-a157-7fb3fb129579 stdio=stderr string_id=tap-salesforce
2025-05-26T08:18:32.664417Z [info     ] INFO Contact.geocodeAccuracy - True cmd_type=elb consumer=False job_name=dev:tap-salesforce-to-target-jsonl name=tap-salesforce producer=True run_id=6bd7e77a-fc8b-422d-a157-7fb3fb129579 stdio=stderr string_id=tap-salesforce
2025-05-26T08:18:32.664498Z [info     ] INFO Contact.Phone - True      cmd_type=elb consumer=False job_name=dev:tap-salesforce-to-target-jsonl name=tap-salesforce producer=True run_id=6bd7e77a-fc8b-422d-a157-7fb3fb129579 stdio=stderr string_id=tap-salesforce
2025-05-26T08:18:32.664578Z [info     ] INFO Contact.Fax - True        cmd_type=elb consumer=False job_name=dev:tap-salesforce-to-target-jsonl name=tap-salesforce producer=True run_id=6bd7e77a-fc8b-422d-a157-7fb3fb129579 stdio=stderr string_id=tap-salesforce
2025-05-26T08:18:32.664657Z [info     ] INFO Contact.MobilePhone - True cmd_type=elb consumer=False job_name=dev:tap-salesforce-to-target-jsonl name=tap-salesforce producer=True run_id=6bd7e77a-fc8b-422d-a157-7fb3fb129579 stdio=stderr string_id=tap-salesforce
2025-05-26T08:18:32.664737Z [info     ] INFO Contact.HomePhone - True  cmd_type=elb consumer=False job_name=dev:tap-salesforce-to-target-jsonl name=tap-salesforce producer=True run_id=6bd7e77a-fc8b-422d-a157-7fb3fb129579 stdio=stderr string_id=tap-salesforce
2025-05-26T08:18:32.664817Z [info     ] INFO Contact.OtherPhone - True cmd_type=elb consumer=False job_name=dev:tap-salesforce-to-target-jsonl name=tap-salesforce producer=True run_id=6bd7e77a-fc8b-422d-a157-7fb3fb129579 stdio=stderr string_id=tap-salesforce
2025-05-26T08:18:32.664897Z [info     ] INFO Contact.AssistantPhone - True cmd_type=elb consumer=False job_name=dev:tap-salesforce-to-target-jsonl name=tap-salesforce producer=True run_id=6bd7e77a-fc8b-422d-a157-7fb3fb129579 stdio=stderr string_id=tap-salesforce
2025-05-26T08:18:32.664977Z [info     ] INFO Contact.ReportsToId - True cmd_type=elb consumer=False job_name=dev:tap-salesforce-to-target-jsonl name=tap-salesforce producer=True run_id=6bd7e77a-fc8b-422d-a157-7fb3fb129579 stdio=stderr string_id=tap-salesforce
2025-05-26T08:18:32.665057Z [info     ] INFO Contact.Email - True      cmd_type=elb consumer=False job_name=dev:tap-salesforce-to-target-jsonl name=tap-salesforce producer=True run_id=6bd7e77a-fc8b-422d-a157-7fb3fb129579 stdio=stderr string_id=tap-salesforce
2025-05-26T08:18:32.665139Z [info     ] INFO Contact.Title - True      cmd_type=elb consumer=False job_name=dev:tap-salesforce-to-target-jsonl name=tap-salesforce producer=True run_id=6bd7e77a-fc8b-422d-a157-7fb3fb129579 stdio=stderr string_id=tap-salesforce
2025-05-26T08:18:32.665220Z [info     ] INFO Contact.Department - True cmd_type=elb consumer=False job_name=dev:tap-salesforce-to-target-jsonl name=tap-salesforce producer=True run_id=6bd7e77a-fc8b-422d-a157-7fb3fb129579 stdio=stderr string_id=tap-salesforce
2025-05-26T08:18:32.665300Z [info     ] INFO Contact.AssistantName - True cmd_type=elb consumer=False job_name=dev:tap-salesforce-to-target-jsonl name=tap-salesforce producer=True run_id=6bd7e77a-fc8b-422d-a157-7fb3fb129579 stdio=stderr string_id=tap-salesforce
2025-05-26T08:18:32.665381Z [info     ] INFO Contact.LeadSource - True cmd_type=elb consumer=False job_name=dev:tap-salesforce-to-target-jsonl name=tap-salesforce producer=True run_id=6bd7e77a-fc8b-422d-a157-7fb3fb129579 stdio=stderr string_id=tap-salesforce
2025-05-26T08:18:32.665463Z [info     ] INFO Contact.Birthdate - True  cmd_type=elb consumer=False job_name=dev:tap-salesforce-to-target-jsonl name=tap-salesforce producer=True run_id=6bd7e77a-fc8b-422d-a157-7fb3fb129579 stdio=stderr string_id=tap-salesforce
2025-05-26T08:18:32.665542Z [info     ] INFO Contact.Description - True cmd_type=elb consumer=False job_name=dev:tap-salesforce-to-target-jsonl name=tap-salesforce producer=True run_id=6bd7e77a-fc8b-422d-a157-7fb3fb129579 stdio=stderr string_id=tap-salesforce
2025-05-26T08:18:32.665630Z [info     ] INFO Contact.OwnerId - True    cmd_type=elb consumer=False job_name=dev:tap-salesforce-to-target-jsonl name=tap-salesforce producer=True run_id=6bd7e77a-fc8b-422d-a157-7fb3fb129579 stdio=stderr string_id=tap-salesforce
2025-05-26T08:18:32.665712Z [info     ] INFO Contact.CreatedDate - True cmd_type=elb consumer=False job_name=dev:tap-salesforce-to-target-jsonl name=tap-salesforce producer=True run_id=6bd7e77a-fc8b-422d-a157-7fb3fb129579 stdio=stderr string_id=tap-salesforce
2025-05-26T08:18:32.665794Z [info     ] INFO Contact.CreatedById - True cmd_type=elb consumer=False job_name=dev:tap-salesforce-to-target-jsonl name=tap-salesforce producer=True run_id=6bd7e77a-fc8b-422d-a157-7fb3fb129579 stdio=stderr string_id=tap-salesforce
2025-05-26T08:18:32.665875Z [info     ] INFO Contact.LastModifiedDate - True cmd_type=elb consumer=False job_name=dev:tap-salesforce-to-target-jsonl name=tap-salesforce producer=True run_id=6bd7e77a-fc8b-422d-a157-7fb3fb129579 stdio=stderr string_id=tap-salesforce
2025-05-26T08:18:32.665956Z [info     ] INFO Contact.LastModifiedById - True cmd_type=elb consumer=False job_name=dev:tap-salesforce-to-target-jsonl name=tap-salesforce producer=True run_id=6bd7e77a-fc8b-422d-a157-7fb3fb129579 stdio=stderr string_id=tap-salesforce
2025-05-26T08:18:32.666036Z [info     ] INFO Contact.SystemModstamp - True cmd_type=elb consumer=False job_name=dev:tap-salesforce-to-target-jsonl name=tap-salesforce producer=True run_id=6bd7e77a-fc8b-422d-a157-7fb3fb129579 stdio=stderr string_id=tap-salesforce
2025-05-26T08:18:32.666117Z [info     ] INFO Contact.LastActivityDate - True cmd_type=elb consumer=False job_name=dev:tap-salesforce-to-target-jsonl name=tap-salesforce producer=True run_id=6bd7e77a-fc8b-422d-a157-7fb3fb129579 stdio=stderr string_id=tap-salesforce
2025-05-26T08:18:32.666198Z [info     ] INFO Contact.LastCURequestDate - True cmd_type=elb consumer=False job_name=dev:tap-salesforce-to-target-jsonl name=tap-salesforce producer=True run_id=6bd7e77a-fc8b-422d-a157-7fb3fb129579 stdio=stderr string_id=tap-salesforce
2025-05-26T08:18:32.666278Z [info     ] INFO Contact.LastCUUpdateDate - True cmd_type=elb consumer=False job_name=dev:tap-salesforce-to-target-jsonl name=tap-salesforce producer=True run_id=6bd7e77a-fc8b-422d-a157-7fb3fb129579 stdio=stderr string_id=tap-salesforce
2025-05-26T08:18:32.666360Z [info     ] INFO Contact.LastViewedDate - True cmd_type=elb consumer=False job_name=dev:tap-salesforce-to-target-jsonl name=tap-salesforce producer=True run_id=6bd7e77a-fc8b-422d-a157-7fb3fb129579 stdio=stderr string_id=tap-salesforce
2025-05-26T08:18:32.666441Z [info     ] INFO Contact.LastReferencedDate - True cmd_type=elb consumer=False job_name=dev:tap-salesforce-to-target-jsonl name=tap-salesforce producer=True run_id=6bd7e77a-fc8b-422d-a157-7fb3fb129579 stdio=stderr string_id=tap-salesforce
2025-05-26T08:18:32.666522Z [info     ] INFO Contact.EmailBouncedReason - True cmd_type=elb consumer=False job_name=dev:tap-salesforce-to-target-jsonl name=tap-salesforce producer=True run_id=6bd7e77a-fc8b-422d-a157-7fb3fb129579 stdio=stderr string_id=tap-salesforce
2025-05-26T08:18:32.666603Z [info     ] INFO Contact.EmailBouncedDate - True cmd_type=elb consumer=False job_name=dev:tap-salesforce-to-target-jsonl name=tap-salesforce producer=True run_id=6bd7e77a-fc8b-422d-a157-7fb3fb129579 stdio=stderr string_id=tap-salesforce
2025-05-26T08:18:32.666683Z [info     ] INFO Contact.IsEmailBounced - True cmd_type=elb consumer=False job_name=dev:tap-salesforce-to-target-jsonl name=tap-salesforce producer=True run_id=6bd7e77a-fc8b-422d-a157-7fb3fb129579 stdio=stderr string_id=tap-salesforce
2025-05-26T08:18:32.666764Z [info     ] INFO Contact.PhotoUrl - True   cmd_type=elb consumer=False job_name=dev:tap-salesforce-to-target-jsonl name=tap-salesforce producer=True run_id=6bd7e77a-fc8b-422d-a157-7fb3fb129579 stdio=stderr string_id=tap-salesforce
2025-05-26T08:18:32.666853Z [info     ] INFO Contact.Jigsaw - True     cmd_type=elb consumer=False job_name=dev:tap-salesforce-to-target-jsonl name=tap-salesforce producer=True run_id=6bd7e77a-fc8b-422d-a157-7fb3fb129579 stdio=stderr string_id=tap-salesforce
2025-05-26T08:18:32.666934Z [info     ] INFO Contact.JigsawContactId - True cmd_type=elb consumer=False job_name=dev:tap-salesforce-to-target-jsonl name=tap-salesforce producer=True run_id=6bd7e77a-fc8b-422d-a157-7fb3fb129579 stdio=stderr string_id=tap-salesforce
2025-05-26T08:18:32.667013Z [info     ] INFO Contact.CleanStatus - True cmd_type=elb consumer=False job_name=dev:tap-salesforce-to-target-jsonl name=tap-salesforce producer=True run_id=6bd7e77a-fc8b-422d-a157-7fb3fb129579 stdio=stderr string_id=tap-salesforce
2025-05-26T08:18:32.667092Z [info     ] INFO Contact.IndividualId - True cmd_type=elb consumer=False job_name=dev:tap-salesforce-to-target-jsonl name=tap-salesforce producer=True run_id=6bd7e77a-fc8b-422d-a157-7fb3fb129579 stdio=stderr string_id=tap-salesforce
2025-05-26T08:18:32.667173Z [info     ] INFO Contact.IsPriorityRecord - True cmd_type=elb consumer=False job_name=dev:tap-salesforce-to-target-jsonl name=tap-salesforce producer=True run_id=6bd7e77a-fc8b-422d-a157-7fb3fb129579 stdio=stderr string_id=tap-salesforce
2025-05-26T08:18:32.667252Z [info     ] INFO Contact.Level__c - True   cmd_type=elb consumer=False job_name=dev:tap-salesforce-to-target-jsonl name=tap-salesforce producer=True run_id=6bd7e77a-fc8b-422d-a157-7fb3fb129579 stdio=stderr string_id=tap-salesforce
2025-05-26T08:18:32.667334Z [info     ] INFO Contact.Languages__c - True cmd_type=elb consumer=False job_name=dev:tap-salesforce-to-target-jsonl name=tap-salesforce producer=True run_id=6bd7e77a-fc8b-422d-a157-7fb3fb129579 stdio=stderr string_id=tap-salesforce
2025-05-26T08:18:32.667543Z [info     ] INFO Syncing Salesforce data for stream Lead cmd_type=elb consumer=False job_name=dev:tap-salesforce-to-target-jsonl name=tap-salesforce producer=True run_id=6bd7e77a-fc8b-422d-a157-7fb3fb129579 stdio=stderr string_id=tap-salesforce
2025-05-26T08:18:32.667749Z [info     ] INFO Making GET request to https://orgfarm-b529f752a8-dev-ed.develop.my.salesforce.com/services/data/v60.0/queryAll with params: {'q': 'SELECT Id,IsDeleted,MasterRecordId,LastName,FirstName,Salutation,Name,Title,Company,Street,City,State,PostalCode,Country,StateCode,CountryCode,Latitude,Longitude,GeocodeAccuracy,Address,Phone,MobilePhone,Fax,Email,Website,PhotoUrl,Description,LeadSource,Status,Industry,Rating,AnnualRevenue,NumberOfEmployees,OwnerId,IsConverted,ConvertedDate,ConvertedAccountId,ConvertedContactId,ConvertedOpportunityId,IsUnreadByOwner,CreatedDate,CreatedById,LastModifiedDate,LastModifiedById,SystemModstamp,LastActivityDate,LastViewedDate,LastReferencedDate,Jigsaw,JigsawContactId,CleanStatus,CompanyDunsNumber,DandbCompanyId,EmailBouncedReason,EmailBouncedDate,IndividualId,IsPriorityRecord,SICCode__c,ProductInterest__c,Primary__c,CurrentGenerators__c,NumberofLocations__c FROM Lead WHERE SystemModstamp >= 2025-05-25T00:00:00+00:00  ORDER BY SystemModstamp ASC'} cmd_type=elb consumer=False job_name=dev:tap-salesforce-to-target-jsonl name=tap-salesforce producer=True run_id=6bd7e77a-fc8b-422d-a157-7fb3fb129579 stdio=stderr string_id=tap-salesforce
2025-05-26T08:18:32.667859Z [info     ] INFO Account: Starting         cmd_type=elb consumer=False job_name=dev:tap-salesforce-to-target-jsonl name=tap-salesforce producer=True run_id=6bd7e77a-fc8b-422d-a157-7fb3fb129579 stdio=stderr string_id=tap-salesforce
2025-05-26T08:18:32.667952Z [info     ] INFO Account.Id - True         cmd_type=elb consumer=False job_name=dev:tap-salesforce-to-target-jsonl name=tap-salesforce producer=True run_id=6bd7e77a-fc8b-422d-a157-7fb3fb129579 stdio=stderr string_id=tap-salesforce
2025-05-26T08:18:32.668042Z [info     ] INFO Account.IsDeleted - True  cmd_type=elb consumer=False job_name=dev:tap-salesforce-to-target-jsonl name=tap-salesforce producer=True run_id=6bd7e77a-fc8b-422d-a157-7fb3fb129579 stdio=stderr string_id=tap-salesforce
2025-05-26T08:18:32.668137Z [info     ] INFO Account.MasterRecordId - True cmd_type=elb consumer=False job_name=dev:tap-salesforce-to-target-jsonl name=tap-salesforce producer=True run_id=6bd7e77a-fc8b-422d-a157-7fb3fb129579 stdio=stderr string_id=tap-salesforce
2025-05-26T08:18:32.668222Z [info     ] INFO Account.Name - True       cmd_type=elb consumer=False job_name=dev:tap-salesforce-to-target-jsonl name=tap-salesforce producer=True run_id=6bd7e77a-fc8b-422d-a157-7fb3fb129579 stdio=stderr string_id=tap-salesforce
2025-05-26T08:18:32.668304Z [info     ] INFO Account.Type - True       cmd_type=elb consumer=False job_name=dev:tap-salesforce-to-target-jsonl name=tap-salesforce producer=True run_id=6bd7e77a-fc8b-422d-a157-7fb3fb129579 stdio=stderr string_id=tap-salesforce
2025-05-26T08:18:32.668385Z [info     ] INFO Account.ParentId - True   cmd_type=elb consumer=False job_name=dev:tap-salesforce-to-target-jsonl name=tap-salesforce producer=True run_id=6bd7e77a-fc8b-422d-a157-7fb3fb129579 stdio=stderr string_id=tap-salesforce
2025-05-26T08:18:32.668466Z [info     ] INFO Account.BillingStreet - True cmd_type=elb consumer=False job_name=dev:tap-salesforce-to-target-jsonl name=tap-salesforce producer=True run_id=6bd7e77a-fc8b-422d-a157-7fb3fb129579 stdio=stderr string_id=tap-salesforce
2025-05-26T08:18:32.668549Z [info     ] INFO Account.BillingCity - True cmd_type=elb consumer=False job_name=dev:tap-salesforce-to-target-jsonl name=tap-salesforce producer=True run_id=6bd7e77a-fc8b-422d-a157-7fb3fb129579 stdio=stderr string_id=tap-salesforce
2025-05-26T08:18:32.668629Z [info     ] INFO Account.BillingState - True cmd_type=elb consumer=False job_name=dev:tap-salesforce-to-target-jsonl name=tap-salesforce producer=True run_id=6bd7e77a-fc8b-422d-a157-7fb3fb129579 stdio=stderr string_id=tap-salesforce
2025-05-26T08:18:32.668717Z [info     ] INFO Account.BillingPostalCode - True cmd_type=elb consumer=False job_name=dev:tap-salesforce-to-target-jsonl name=tap-salesforce producer=True run_id=6bd7e77a-fc8b-422d-a157-7fb3fb129579 stdio=stderr string_id=tap-salesforce
2025-05-26T08:18:32.668801Z [info     ] INFO Account.BillingCountry - True cmd_type=elb consumer=False job_name=dev:tap-salesforce-to-target-jsonl name=tap-salesforce producer=True run_id=6bd7e77a-fc8b-422d-a157-7fb3fb129579 stdio=stderr string_id=tap-salesforce
2025-05-26T08:18:32.668884Z [info     ] INFO Account.BillingStateCode - True cmd_type=elb consumer=False job_name=dev:tap-salesforce-to-target-jsonl name=tap-salesforce producer=True run_id=6bd7e77a-fc8b-422d-a157-7fb3fb129579 stdio=stderr string_id=tap-salesforce
2025-05-26T08:18:32.668989Z [info     ] INFO Account.BillingCountryCode - True cmd_type=elb consumer=False job_name=dev:tap-salesforce-to-target-jsonl name=tap-salesforce producer=True run_id=6bd7e77a-fc8b-422d-a157-7fb3fb129579 stdio=stderr string_id=tap-salesforce
2025-05-26T08:18:32.669181Z [info     ] INFO Account.BillingLatitude - True cmd_type=elb consumer=False job_name=dev:tap-salesforce-to-target-jsonl name=tap-salesforce producer=True run_id=6bd7e77a-fc8b-422d-a157-7fb3fb129579 stdio=stderr string_id=tap-salesforce
2025-05-26T08:18:32.669297Z [info     ] INFO Account.BillingLongitude - True cmd_type=elb consumer=False job_name=dev:tap-salesforce-to-target-jsonl name=tap-salesforce producer=True run_id=6bd7e77a-fc8b-422d-a157-7fb3fb129579 stdio=stderr string_id=tap-salesforce
2025-05-26T08:18:32.669541Z [info     ] INFO Account.BillingGeocodeAccuracy - True cmd_type=elb consumer=False job_name=dev:tap-salesforce-to-target-jsonl name=tap-salesforce producer=True run_id=6bd7e77a-fc8b-422d-a157-7fb3fb129579 stdio=stderr string_id=tap-salesforce
2025-05-26T08:18:32.669653Z [info     ] INFO Account.BillingAddress - True cmd_type=elb consumer=False job_name=dev:tap-salesforce-to-target-jsonl name=tap-salesforce producer=True run_id=6bd7e77a-fc8b-422d-a157-7fb3fb129579 stdio=stderr string_id=tap-salesforce
2025-05-26T08:18:32.669744Z [info     ] INFO Account.street - True     cmd_type=elb consumer=False job_name=dev:tap-salesforce-to-target-jsonl name=tap-salesforce producer=True run_id=6bd7e77a-fc8b-422d-a157-7fb3fb129579 stdio=stderr string_id=tap-salesforce
2025-05-26T08:18:32.669932Z [info     ] INFO Account.state - True      cmd_type=elb consumer=False job_name=dev:tap-salesforce-to-target-jsonl name=tap-salesforce producer=True run_id=6bd7e77a-fc8b-422d-a157-7fb3fb129579 stdio=stderr string_id=tap-salesforce
2025-05-26T08:18:32.670019Z [info     ] INFO Account.postalCode - True cmd_type=elb consumer=False job_name=dev:tap-salesforce-to-target-jsonl name=tap-salesforce producer=True run_id=6bd7e77a-fc8b-422d-a157-7fb3fb129579 stdio=stderr string_id=tap-salesforce
2025-05-26T08:18:32.670103Z [info     ] INFO Account.city - True       cmd_type=elb consumer=False job_name=dev:tap-salesforce-to-target-jsonl name=tap-salesforce producer=True run_id=6bd7e77a-fc8b-422d-a157-7fb3fb129579 stdio=stderr string_id=tap-salesforce
2025-05-26T08:18:32.670191Z [info     ] INFO Account.country - True    cmd_type=elb consumer=False job_name=dev:tap-salesforce-to-target-jsonl name=tap-salesforce producer=True run_id=6bd7e77a-fc8b-422d-a157-7fb3fb129579 stdio=stderr string_id=tap-salesforce
2025-05-26T08:18:32.670273Z [info     ] INFO Account.longitude - True  cmd_type=elb consumer=False job_name=dev:tap-salesforce-to-target-jsonl name=tap-salesforce producer=True run_id=6bd7e77a-fc8b-422d-a157-7fb3fb129579 stdio=stderr string_id=tap-salesforce
2025-05-26T08:18:32.670352Z [info     ] INFO Account.latitude - True   cmd_type=elb consumer=False job_name=dev:tap-salesforce-to-target-jsonl name=tap-salesforce producer=True run_id=6bd7e77a-fc8b-422d-a157-7fb3fb129579 stdio=stderr string_id=tap-salesforce
2025-05-26T08:18:32.670464Z [info     ] INFO Account.geocodeAccuracy - True cmd_type=elb consumer=False job_name=dev:tap-salesforce-to-target-jsonl name=tap-salesforce producer=True run_id=6bd7e77a-fc8b-422d-a157-7fb3fb129579 stdio=stderr string_id=tap-salesforce
2025-05-26T08:18:32.670555Z [info     ] INFO Account.ShippingStreet - True cmd_type=elb consumer=False job_name=dev:tap-salesforce-to-target-jsonl name=tap-salesforce producer=True run_id=6bd7e77a-fc8b-422d-a157-7fb3fb129579 stdio=stderr string_id=tap-salesforce
2025-05-26T08:18:32.670641Z [info     ] INFO Account.ShippingCity - True cmd_type=elb consumer=False job_name=dev:tap-salesforce-to-target-jsonl name=tap-salesforce producer=True run_id=6bd7e77a-fc8b-422d-a157-7fb3fb129579 stdio=stderr string_id=tap-salesforce
2025-05-26T08:18:32.670727Z [info     ] INFO Account.ShippingState - True cmd_type=elb consumer=False job_name=dev:tap-salesforce-to-target-jsonl name=tap-salesforce producer=True run_id=6bd7e77a-fc8b-422d-a157-7fb3fb129579 stdio=stderr string_id=tap-salesforce
2025-05-26T08:18:32.670810Z [info     ] INFO Account.ShippingPostalCode - True cmd_type=elb consumer=False job_name=dev:tap-salesforce-to-target-jsonl name=tap-salesforce producer=True run_id=6bd7e77a-fc8b-422d-a157-7fb3fb129579 stdio=stderr string_id=tap-salesforce
2025-05-26T08:18:32.670892Z [info     ] INFO Account.ShippingCountry - True cmd_type=elb consumer=False job_name=dev:tap-salesforce-to-target-jsonl name=tap-salesforce producer=True run_id=6bd7e77a-fc8b-422d-a157-7fb3fb129579 stdio=stderr string_id=tap-salesforce
2025-05-26T08:18:32.670974Z [info     ] INFO Account.ShippingStateCode - True cmd_type=elb consumer=False job_name=dev:tap-salesforce-to-target-jsonl name=tap-salesforce producer=True run_id=6bd7e77a-fc8b-422d-a157-7fb3fb129579 stdio=stderr string_id=tap-salesforce
2025-05-26T08:18:32.671056Z [info     ] INFO Account.ShippingCountryCode - True cmd_type=elb consumer=False job_name=dev:tap-salesforce-to-target-jsonl name=tap-salesforce producer=True run_id=6bd7e77a-fc8b-422d-a157-7fb3fb129579 stdio=stderr string_id=tap-salesforce
2025-05-26T08:18:32.671137Z [info     ] INFO Account.ShippingLatitude - True cmd_type=elb consumer=False job_name=dev:tap-salesforce-to-target-jsonl name=tap-salesforce producer=True run_id=6bd7e77a-fc8b-422d-a157-7fb3fb129579 stdio=stderr string_id=tap-salesforce
2025-05-26T08:18:32.671216Z [info     ] INFO Account.ShippingLongitude - True cmd_type=elb consumer=False job_name=dev:tap-salesforce-to-target-jsonl name=tap-salesforce producer=True run_id=6bd7e77a-fc8b-422d-a157-7fb3fb129579 stdio=stderr string_id=tap-salesforce
2025-05-26T08:18:32.671305Z [info     ] INFO Account.ShippingGeocodeAccuracy - True cmd_type=elb consumer=False job_name=dev:tap-salesforce-to-target-jsonl name=tap-salesforce producer=True run_id=6bd7e77a-fc8b-422d-a157-7fb3fb129579 stdio=stderr string_id=tap-salesforce
2025-05-26T08:18:32.671387Z [info     ] INFO Account.ShippingAddress - True cmd_type=elb consumer=False job_name=dev:tap-salesforce-to-target-jsonl name=tap-salesforce producer=True run_id=6bd7e77a-fc8b-422d-a157-7fb3fb129579 stdio=stderr string_id=tap-salesforce
2025-05-26T08:18:32.671467Z [info     ] INFO Account.street - True     cmd_type=elb consumer=False job_name=dev:tap-salesforce-to-target-jsonl name=tap-salesforce producer=True run_id=6bd7e77a-fc8b-422d-a157-7fb3fb129579 stdio=stderr string_id=tap-salesforce
2025-05-26T08:18:32.671548Z [info     ] INFO Account.state - True      cmd_type=elb consumer=False job_name=dev:tap-salesforce-to-target-jsonl name=tap-salesforce producer=True run_id=6bd7e77a-fc8b-422d-a157-7fb3fb129579 stdio=stderr string_id=tap-salesforce
2025-05-26T08:18:32.671628Z [info     ] INFO Account.postalCode - True cmd_type=elb consumer=False job_name=dev:tap-salesforce-to-target-jsonl name=tap-salesforce producer=True run_id=6bd7e77a-fc8b-422d-a157-7fb3fb129579 stdio=stderr string_id=tap-salesforce
2025-05-26T08:18:32.671709Z [info     ] INFO Account.city - True       cmd_type=elb consumer=False job_name=dev:tap-salesforce-to-target-jsonl name=tap-salesforce producer=True run_id=6bd7e77a-fc8b-422d-a157-7fb3fb129579 stdio=stderr string_id=tap-salesforce
2025-05-26T08:18:32.671789Z [info     ] INFO Account.country - True    cmd_type=elb consumer=False job_name=dev:tap-salesforce-to-target-jsonl name=tap-salesforce producer=True run_id=6bd7e77a-fc8b-422d-a157-7fb3fb129579 stdio=stderr string_id=tap-salesforce
2025-05-26T08:18:32.671870Z [info     ] INFO Account.longitude - True  cmd_type=elb consumer=False job_name=dev:tap-salesforce-to-target-jsonl name=tap-salesforce producer=True run_id=6bd7e77a-fc8b-422d-a157-7fb3fb129579 stdio=stderr string_id=tap-salesforce
2025-05-26T08:18:32.671950Z [info     ] INFO Account.latitude - True   cmd_type=elb consumer=False job_name=dev:tap-salesforce-to-target-jsonl name=tap-salesforce producer=True run_id=6bd7e77a-fc8b-422d-a157-7fb3fb129579 stdio=stderr string_id=tap-salesforce
2025-05-26T08:18:32.672030Z [info     ] INFO Account.geocodeAccuracy - True cmd_type=elb consumer=False job_name=dev:tap-salesforce-to-target-jsonl name=tap-salesforce producer=True run_id=6bd7e77a-fc8b-422d-a157-7fb3fb129579 stdio=stderr string_id=tap-salesforce
2025-05-26T08:18:32.672111Z [info     ] INFO Account.Phone - True      cmd_type=elb consumer=False job_name=dev:tap-salesforce-to-target-jsonl name=tap-salesforce producer=True run_id=6bd7e77a-fc8b-422d-a157-7fb3fb129579 stdio=stderr string_id=tap-salesforce
2025-05-26T08:18:32.672191Z [info     ] INFO Account.Fax - True        cmd_type=elb consumer=False job_name=dev:tap-salesforce-to-target-jsonl name=tap-salesforce producer=True run_id=6bd7e77a-fc8b-422d-a157-7fb3fb129579 stdio=stderr string_id=tap-salesforce
2025-05-26T08:18:32.672271Z [info     ] INFO Account.AccountNumber - True cmd_type=elb consumer=False job_name=dev:tap-salesforce-to-target-jsonl name=tap-salesforce producer=True run_id=6bd7e77a-fc8b-422d-a157-7fb3fb129579 stdio=stderr string_id=tap-salesforce
2025-05-26T08:18:32.672352Z [info     ] INFO Account.Website - True    cmd_type=elb consumer=False job_name=dev:tap-salesforce-to-target-jsonl name=tap-salesforce producer=True run_id=6bd7e77a-fc8b-422d-a157-7fb3fb129579 stdio=stderr string_id=tap-salesforce
2025-05-26T08:18:32.672433Z [info     ] INFO Account.PhotoUrl - True   cmd_type=elb consumer=False job_name=dev:tap-salesforce-to-target-jsonl name=tap-salesforce producer=True run_id=6bd7e77a-fc8b-422d-a157-7fb3fb129579 stdio=stderr string_id=tap-salesforce
2025-05-26T08:18:32.672517Z [info     ] INFO Account.Sic - True        cmd_type=elb consumer=False job_name=dev:tap-salesforce-to-target-jsonl name=tap-salesforce producer=True run_id=6bd7e77a-fc8b-422d-a157-7fb3fb129579 stdio=stderr string_id=tap-salesforce
2025-05-26T08:18:32.672597Z [info     ] INFO Account.Industry - True   cmd_type=elb consumer=False job_name=dev:tap-salesforce-to-target-jsonl name=tap-salesforce producer=True run_id=6bd7e77a-fc8b-422d-a157-7fb3fb129579 stdio=stderr string_id=tap-salesforce
2025-05-26T08:18:32.672677Z [info     ] INFO Account.AnnualRevenue - True cmd_type=elb consumer=False job_name=dev:tap-salesforce-to-target-jsonl name=tap-salesforce producer=True run_id=6bd7e77a-fc8b-422d-a157-7fb3fb129579 stdio=stderr string_id=tap-salesforce
2025-05-26T08:18:32.672756Z [info     ] INFO Account.NumberOfEmployees - True cmd_type=elb consumer=False job_name=dev:tap-salesforce-to-target-jsonl name=tap-salesforce producer=True run_id=6bd7e77a-fc8b-422d-a157-7fb3fb129579 stdio=stderr string_id=tap-salesforce
2025-05-26T08:18:32.672837Z [info     ] INFO Account.Ownership - True  cmd_type=elb consumer=False job_name=dev:tap-salesforce-to-target-jsonl name=tap-salesforce producer=True run_id=6bd7e77a-fc8b-422d-a157-7fb3fb129579 stdio=stderr string_id=tap-salesforce
2025-05-26T08:18:32.672920Z [info     ] INFO Account.TickerSymbol - True cmd_type=elb consumer=False job_name=dev:tap-salesforce-to-target-jsonl name=tap-salesforce producer=True run_id=6bd7e77a-fc8b-422d-a157-7fb3fb129579 stdio=stderr string_id=tap-salesforce
2025-05-26T08:18:32.672999Z [info     ] INFO Account.Description - True cmd_type=elb consumer=False job_name=dev:tap-salesforce-to-target-jsonl name=tap-salesforce producer=True run_id=6bd7e77a-fc8b-422d-a157-7fb3fb129579 stdio=stderr string_id=tap-salesforce
2025-05-26T08:18:32.673078Z [info     ] INFO Account.Rating - True     cmd_type=elb consumer=False job_name=dev:tap-salesforce-to-target-jsonl name=tap-salesforce producer=True run_id=6bd7e77a-fc8b-422d-a157-7fb3fb129579 stdio=stderr string_id=tap-salesforce
2025-05-26T08:18:32.673158Z [info     ] INFO Account.Site - True       cmd_type=elb consumer=False job_name=dev:tap-salesforce-to-target-jsonl name=tap-salesforce producer=True run_id=6bd7e77a-fc8b-422d-a157-7fb3fb129579 stdio=stderr string_id=tap-salesforce
2025-05-26T08:18:32.673239Z [info     ] INFO Account.OwnerId - True    cmd_type=elb consumer=False job_name=dev:tap-salesforce-to-target-jsonl name=tap-salesforce producer=True run_id=6bd7e77a-fc8b-422d-a157-7fb3fb129579 stdio=stderr string_id=tap-salesforce
2025-05-26T08:18:32.673321Z [info     ] INFO Account.CreatedDate - True cmd_type=elb consumer=False job_name=dev:tap-salesforce-to-target-jsonl name=tap-salesforce producer=True run_id=6bd7e77a-fc8b-422d-a157-7fb3fb129579 stdio=stderr string_id=tap-salesforce
2025-05-26T08:18:32.673401Z [info     ] INFO Account.CreatedById - True cmd_type=elb consumer=False job_name=dev:tap-salesforce-to-target-jsonl name=tap-salesforce producer=True run_id=6bd7e77a-fc8b-422d-a157-7fb3fb129579 stdio=stderr string_id=tap-salesforce
2025-05-26T08:18:32.673482Z [info     ] INFO Account.LastModifiedDate - True cmd_type=elb consumer=False job_name=dev:tap-salesforce-to-target-jsonl name=tap-salesforce producer=True run_id=6bd7e77a-fc8b-422d-a157-7fb3fb129579 stdio=stderr string_id=tap-salesforce
2025-05-26T08:18:32.673562Z [info     ] INFO Account.LastModifiedById - True cmd_type=elb consumer=False job_name=dev:tap-salesforce-to-target-jsonl name=tap-salesforce producer=True run_id=6bd7e77a-fc8b-422d-a157-7fb3fb129579 stdio=stderr string_id=tap-salesforce
2025-05-26T08:18:32.673642Z [info     ] INFO Account.SystemModstamp - True cmd_type=elb consumer=False job_name=dev:tap-salesforce-to-target-jsonl name=tap-salesforce producer=True run_id=6bd7e77a-fc8b-422d-a157-7fb3fb129579 stdio=stderr string_id=tap-salesforce
2025-05-26T08:18:32.673722Z [info     ] INFO Account.LastActivityDate - True cmd_type=elb consumer=False job_name=dev:tap-salesforce-to-target-jsonl name=tap-salesforce producer=True run_id=6bd7e77a-fc8b-422d-a157-7fb3fb129579 stdio=stderr string_id=tap-salesforce
2025-05-26T08:18:32.673807Z [info     ] INFO Account.LastViewedDate - True cmd_type=elb consumer=False job_name=dev:tap-salesforce-to-target-jsonl name=tap-salesforce producer=True run_id=6bd7e77a-fc8b-422d-a157-7fb3fb129579 stdio=stderr string_id=tap-salesforce
2025-05-26T08:18:32.673890Z [info     ] INFO Account.LastReferencedDate - True cmd_type=elb consumer=False job_name=dev:tap-salesforce-to-target-jsonl name=tap-salesforce producer=True run_id=6bd7e77a-fc8b-422d-a157-7fb3fb129579 stdio=stderr string_id=tap-salesforce
2025-05-26T08:18:32.673971Z [info     ] INFO Account.Jigsaw - True     cmd_type=elb consumer=False job_name=dev:tap-salesforce-to-target-jsonl name=tap-salesforce producer=True run_id=6bd7e77a-fc8b-422d-a157-7fb3fb129579 stdio=stderr string_id=tap-salesforce
2025-05-26T08:18:32.674051Z [info     ] INFO Account.JigsawCompanyId - True cmd_type=elb consumer=False job_name=dev:tap-salesforce-to-target-jsonl name=tap-salesforce producer=True run_id=6bd7e77a-fc8b-422d-a157-7fb3fb129579 stdio=stderr string_id=tap-salesforce
2025-05-26T08:18:32.674131Z [info     ] INFO Account.CleanStatus - True cmd_type=elb consumer=False job_name=dev:tap-salesforce-to-target-jsonl name=tap-salesforce producer=True run_id=6bd7e77a-fc8b-422d-a157-7fb3fb129579 stdio=stderr string_id=tap-salesforce
2025-05-26T08:18:32.674210Z [info     ] INFO Account.AccountSource - True cmd_type=elb consumer=False job_name=dev:tap-salesforce-to-target-jsonl name=tap-salesforce producer=True run_id=6bd7e77a-fc8b-422d-a157-7fb3fb129579 stdio=stderr string_id=tap-salesforce
2025-05-26T08:18:32.674290Z [info     ] INFO Account.DunsNumber - True cmd_type=elb consumer=False job_name=dev:tap-salesforce-to-target-jsonl name=tap-salesforce producer=True run_id=6bd7e77a-fc8b-422d-a157-7fb3fb129579 stdio=stderr string_id=tap-salesforce
2025-05-26T08:18:32.674371Z [info     ] INFO Account.Tradestyle - True cmd_type=elb consumer=False job_name=dev:tap-salesforce-to-target-jsonl name=tap-salesforce producer=True run_id=6bd7e77a-fc8b-422d-a157-7fb3fb129579 stdio=stderr string_id=tap-salesforce
2025-05-26T08:18:32.674451Z [info     ] INFO Account.NaicsCode - True  cmd_type=elb consumer=False job_name=dev:tap-salesforce-to-target-jsonl name=tap-salesforce producer=True run_id=6bd7e77a-fc8b-422d-a157-7fb3fb129579 stdio=stderr string_id=tap-salesforce
2025-05-26T08:18:32.674532Z [info     ] INFO Account.NaicsDesc - True  cmd_type=elb consumer=False job_name=dev:tap-salesforce-to-target-jsonl name=tap-salesforce producer=True run_id=6bd7e77a-fc8b-422d-a157-7fb3fb129579 stdio=stderr string_id=tap-salesforce
2025-05-26T08:18:32.674612Z [info     ] INFO Account.YearStarted - True cmd_type=elb consumer=False job_name=dev:tap-salesforce-to-target-jsonl name=tap-salesforce producer=True run_id=6bd7e77a-fc8b-422d-a157-7fb3fb129579 stdio=stderr string_id=tap-salesforce
2025-05-26T08:18:32.674694Z [info     ] INFO Account.SicDesc - True    cmd_type=elb consumer=False job_name=dev:tap-salesforce-to-target-jsonl name=tap-salesforce producer=True run_id=6bd7e77a-fc8b-422d-a157-7fb3fb129579 stdio=stderr string_id=tap-salesforce
2025-05-26T08:18:32.674774Z [info     ] INFO Account.DandbCompanyId - True cmd_type=elb consumer=False job_name=dev:tap-salesforce-to-target-jsonl name=tap-salesforce producer=True run_id=6bd7e77a-fc8b-422d-a157-7fb3fb129579 stdio=stderr string_id=tap-salesforce
2025-05-26T08:18:32.674853Z [info     ] INFO Account.OperatingHoursId - True cmd_type=elb consumer=False job_name=dev:tap-salesforce-to-target-jsonl name=tap-salesforce producer=True run_id=6bd7e77a-fc8b-422d-a157-7fb3fb129579 stdio=stderr string_id=tap-salesforce
2025-05-26T08:18:32.674933Z [info     ] INFO Account.CustomerPriority__c - True cmd_type=elb consumer=False job_name=dev:tap-salesforce-to-target-jsonl name=tap-salesforce producer=True run_id=6bd7e77a-fc8b-422d-a157-7fb3fb129579 stdio=stderr string_id=tap-salesforce
2025-05-26T08:18:32.675014Z [info     ] INFO Account.SLA__c - True     cmd_type=elb consumer=False job_name=dev:tap-salesforce-to-target-jsonl name=tap-salesforce producer=True run_id=6bd7e77a-fc8b-422d-a157-7fb3fb129579 stdio=stderr string_id=tap-salesforce
2025-05-26T08:18:32.675103Z [info     ] INFO Account.Active__c - True  cmd_type=elb consumer=False job_name=dev:tap-salesforce-to-target-jsonl name=tap-salesforce producer=True run_id=6bd7e77a-fc8b-422d-a157-7fb3fb129579 stdio=stderr string_id=tap-salesforce
2025-05-26T08:18:32.675184Z [info     ] INFO Account.NumberofLocations__c - True cmd_type=elb consumer=False job_name=dev:tap-salesforce-to-target-jsonl name=tap-salesforce producer=True run_id=6bd7e77a-fc8b-422d-a157-7fb3fb129579 stdio=stderr string_id=tap-salesforce
2025-05-26T08:18:32.675263Z [info     ] INFO Account.UpsellOpportunity__c - True cmd_type=elb consumer=False job_name=dev:tap-salesforce-to-target-jsonl name=tap-salesforce producer=True run_id=6bd7e77a-fc8b-422d-a157-7fb3fb129579 stdio=stderr string_id=tap-salesforce
2025-05-26T08:18:32.675343Z [info     ] INFO Account.SLASerialNumber__c - True cmd_type=elb consumer=False job_name=dev:tap-salesforce-to-target-jsonl name=tap-salesforce producer=True run_id=6bd7e77a-fc8b-422d-a157-7fb3fb129579 stdio=stderr string_id=tap-salesforce
2025-05-26T08:18:32.675422Z [info     ] INFO Account.SLAExpirationDate__c - True cmd_type=elb consumer=False job_name=dev:tap-salesforce-to-target-jsonl name=tap-salesforce producer=True run_id=6bd7e77a-fc8b-422d-a157-7fb3fb129579 stdio=stderr string_id=tap-salesforce
2025-05-26T08:18:32.675689Z [info     ] INFO Syncing Salesforce data for stream Contact cmd_type=elb consumer=False job_name=dev:tap-salesforce-to-target-jsonl name=tap-salesforce producer=True run_id=6bd7e77a-fc8b-422d-a157-7fb3fb129579 stdio=stderr string_id=tap-salesforce
2025-05-26T08:18:32.675867Z [info     ] INFO Making GET request to https://orgfarm-b529f752a8-dev-ed.develop.my.salesforce.com/services/data/v60.0/queryAll with params: {'q': 'SELECT Id,IsDeleted,MasterRecordId,AccountId,LastName,FirstName,Salutation,Name,OtherStreet,OtherCity,OtherState,OtherPostalCode,OtherCountry,OtherStateCode,OtherCountryCode,OtherLatitude,OtherLongitude,OtherGeocodeAccuracy,OtherAddress,MailingStreet,MailingCity,MailingState,MailingPostalCode,MailingCountry,MailingStateCode,MailingCountryCode,MailingLatitude,MailingLongitude,MailingGeocodeAccuracy,MailingAddress,Phone,Fax,MobilePhone,HomePhone,OtherPhone,AssistantPhone,ReportsToId,Email,Title,Department,AssistantName,LeadSource,Birthdate,Description,OwnerId,CreatedDate,CreatedById,LastModifiedDate,LastModifiedById,SystemModstamp,LastActivityDate,LastCURequestDate,LastCUUpdateDate,LastViewedDate,LastReferencedDate,EmailBouncedReason,EmailBouncedDate,IsEmailBounced,PhotoUrl,Jigsaw,JigsawContactId,CleanStatus,IndividualId,IsPriorityRecord,Level__c,Languages__c FROM Contact WHERE SystemModstamp >= 2025-05-25T00:00:00+00:00  ORDER BY SystemModstamp ASC'} cmd_type=elb consumer=False job_name=dev:tap-salesforce-to-target-jsonl name=tap-salesforce producer=True run_id=6bd7e77a-fc8b-422d-a157-7fb3fb129579 stdio=stderr string_id=tap-salesforce
2025-05-26T08:18:32.675982Z [info     ] INFO Syncing Salesforce data for stream Account cmd_type=elb consumer=False job_name=dev:tap-salesforce-to-target-jsonl name=tap-salesforce producer=True run_id=6bd7e77a-fc8b-422d-a157-7fb3fb129579 stdio=stderr string_id=tap-salesforce
2025-05-26T08:18:32.676073Z [info     ] INFO Making GET request to https://orgfarm-b529f752a8-dev-ed.develop.my.salesforce.com/services/data/v60.0/queryAll with params: {'q': 'SELECT Id,IsDeleted,MasterRecordId,Name,Type,ParentId,BillingStreet,BillingCity,BillingState,BillingPostalCode,BillingCountry,BillingStateCode,BillingCountryCode,BillingLatitude,BillingLongitude,BillingGeocodeAccuracy,BillingAddress,ShippingStreet,ShippingCity,ShippingState,ShippingPostalCode,ShippingCountry,ShippingStateCode,ShippingCountryCode,ShippingLatitude,ShippingLongitude,ShippingGeocodeAccuracy,ShippingAddress,Phone,Fax,AccountNumber,Website,PhotoUrl,Sic,Industry,AnnualRevenue,NumberOfEmployees,Ownership,TickerSymbol,Description,Rating,Site,OwnerId,CreatedDate,CreatedById,LastModifiedDate,LastModifiedById,SystemModstamp,LastActivityDate,LastViewedDate,LastReferencedDate,Jigsaw,JigsawCompanyId,CleanStatus,AccountSource,DunsNumber,Tradestyle,NaicsCode,NaicsDesc,YearStarted,SicDesc,DandbCompanyId,OperatingHoursId,CustomerPriority__c,SLA__c,Active__c,NumberofLocations__c,UpsellOpportunity__c,SLASerialNumber__c,SLAExpirationDate__c FROM Account WHERE SystemModstamp >= 2025-05-25T00:00:00+00:00  ORDER BY SystemModstamp ASC'} cmd_type=elb consumer=False job_name=dev:tap-salesforce-to-target-jsonl name=tap-salesforce producer=True run_id=6bd7e77a-fc8b-422d-a157-7fb3fb129579 stdio=stderr string_id=tap-salesforce
2025-05-26T08:18:32.676184Z [info     ] WARNING Unknown message type ACTIVATE_VERSION in message {'type': 'ACTIVATE_VERSION', 'stream': 'Contact', 'version': 1748202415125} cmd_type=elb consumer=True job_name=dev:tap-salesforce-to-target-jsonl name=target-jsonl producer=False run_id=6bd7e77a-fc8b-422d-a157-7fb3fb129579 stdio=stderr string_id=target-jsonl
2025-05-26T08:18:32.676340Z [info     ] WARNING Unknown message type ACTIVATE_VERSION in message {'type': 'ACTIVATE_VERSION', 'stream': 'Account', 'version': 1748202415127} cmd_type=elb consumer=True job_name=dev:tap-salesforce-to-target-jsonl name=target-jsonl producer=False run_id=6bd7e77a-fc8b-422d-a157-7fb3fb129579 stdio=stderr string_id=target-jsonl
2025-05-26T08:18:32.933444Z [info     ] INFO Used 5139 of 15000 daily REST API quota cmd_type=elb consumer=False job_name=dev:tap-salesforce-to-target-jsonl name=tap-salesforce producer=True run_id=6bd7e77a-fc8b-422d-a157-7fb3fb129579 stdio=stderr string_id=tap-salesforce
2025-05-26T08:18:32.936967Z [info     ] INFO Used 5139 of 15000 daily REST API quota cmd_type=elb consumer=False job_name=dev:tap-salesforce-to-target-jsonl name=tap-salesforce producer=True run_id=6bd7e77a-fc8b-422d-a157-7fb3fb129579 stdio=stderr string_id=tap-salesforce
2025-05-26T08:18:32.937835Z [info     ] INFO METRIC: {"type": "counter", "metric": "record_count", "value": 0, "tags": {"endpoint": "Account"}} cmd_type=elb consumer=False job_name=dev:tap-salesforce-to-target-jsonl name=tap-salesforce producer=True run_id=6bd7e77a-fc8b-422d-a157-7fb3fb129579 stdio=stderr string_id=tap-salesforce
2025-05-26T08:18:32.938228Z [info     ] INFO METRIC: {"type": "counter", "metric": "record_count", "value": 0, "tags": {"endpoint": "Lead"}} cmd_type=elb consumer=False job_name=dev:tap-salesforce-to-target-jsonl name=tap-salesforce producer=True run_id=6bd7e77a-fc8b-422d-a157-7fb3fb129579 stdio=stderr string_id=tap-salesforce
2025-05-26T08:18:32.938483Z [info     ] INFO Completed sync for Account cmd_type=elb consumer=False job_name=dev:tap-salesforce-to-target-jsonl name=tap-salesforce producer=True run_id=6bd7e77a-fc8b-422d-a157-7fb3fb129579 stdio=stderr string_id=tap-salesforce
2025-05-26T08:18:32.938723Z [info     ] INFO Completed sync for Lead   cmd_type=elb consumer=False job_name=dev:tap-salesforce-to-target-jsonl name=tap-salesforce producer=True run_id=6bd7e77a-fc8b-422d-a157-7fb3fb129579 stdio=stderr string_id=tap-salesforce
2025-05-26T08:18:32.956617Z [info     ] INFO Used 5246 of 15000 daily REST API quota cmd_type=elb consumer=False job_name=dev:tap-salesforce-to-target-jsonl name=tap-salesforce producer=True run_id=6bd7e77a-fc8b-422d-a157-7fb3fb129579 stdio=stderr string_id=tap-salesforce
2025-05-26T08:18:32.957420Z [info     ] INFO METRIC: {"type": "counter", "metric": "record_count", "value": 0, "tags": {"endpoint": "Contact"}} cmd_type=elb consumer=False job_name=dev:tap-salesforce-to-target-jsonl name=tap-salesforce producer=True run_id=6bd7e77a-fc8b-422d-a157-7fb3fb129579 stdio=stderr string_id=tap-salesforce
2025-05-26T08:18:32.957730Z [info     ] INFO Completed sync for Contact cmd_type=elb consumer=False job_name=dev:tap-salesforce-to-target-jsonl name=tap-salesforce producer=True run_id=6bd7e77a-fc8b-422d-a157-7fb3fb129579 stdio=stderr string_id=tap-salesforce
2025-05-26T08:18:32.958179Z [info     ] INFO Finished sync             cmd_type=elb consumer=False job_name=dev:tap-salesforce-to-target-jsonl name=tap-salesforce producer=True run_id=6bd7e77a-fc8b-422d-a157-7fb3fb129579 stdio=stderr string_id=tap-salesforce
2025-05-26T08:18:33.006628Z [info     ] Using systemdb state backend
2025-05-26T08:18:33.012665Z [info     ] Incremental state has been updated at 2025-05-26 08:18:33.012639+00:00.
2025-05-26T08:18:33.020871Z [info     ] Block run completed.           block_type=ExtractLoadBlocks err=None set_number=0 success=True
