2025-05-26T08:26:20.581820Z [warning  ] Force option is enabled, ignoring stale job check.
2025-05-26T08:26:20.695674Z [info     ] Using systemdb state backend
2025-05-26T08:26:22.916228Z [info     ] /Users/tim.prudames/analytics/.meltano/extractors/tap-salesforce/venv/lib/python3.9/site-packages/urllib3/__init__.py:35: NotOpenSSLWarning: urllib3 v2 only supports OpenSSL 1.1.1+, currently the 'ssl' module is compiled with 'LibreSSL 2.8.3'. See: https://github.com/urllib3/urllib3/issues/3020 cmd_type=elb consumer=False job_name=dev:tap-salesforce-to-target-jsonl name=tap-salesforce producer=True run_id=fa00c07a-e945-44b4-9f23-35ef17aad220 stdio=stderr string_id=tap-salesforce
2025-05-26T08:26:22.916659Z [info     ]   warnings.warn(               cmd_type=elb consumer=False job_name=dev:tap-salesforce-to-target-jsonl name=tap-salesforce producer=True run_id=fa00c07a-e945-44b4-9f23-35ef17aad220 stdio=stderr string_id=tap-salesforce
2025-05-26T08:26:23.046444Z [info     ] INFO Parsed start date '2025-05-25T00:00:00+00:00' from value '2025-05-25' cmd_type=elb consumer=False job_name=dev:tap-salesforce-to-target-jsonl name=tap-salesforce producer=True run_id=fa00c07a-e945-44b4-9f23-35ef17aad220 stdio=stderr string_id=tap-salesforce
2025-05-26T08:26:23.046713Z [info     ] INFO Attempting login via OAuth2 cmd_type=elb consumer=False job_name=dev:tap-salesforce-to-target-jsonl name=tap-salesforce producer=True run_id=fa00c07a-e945-44b4-9f23-35ef17aad220 stdio=stderr string_id=tap-salesforce
2025-05-26T08:26:23.719304Z [info     ] INFO OAuth2 login successful   cmd_type=elb consumer=False job_name=dev:tap-salesforce-to-target-jsonl name=tap-salesforce producer=True run_id=fa00c07a-e945-44b4-9f23-35ef17aad220 stdio=stderr string_id=tap-salesforce
2025-05-26T08:26:23.719589Z [info     ] INFO Starting new login timer  cmd_type=elb consumer=False job_name=dev:tap-salesforce-to-target-jsonl name=tap-salesforce producer=True run_id=fa00c07a-e945-44b4-9f23-35ef17aad220 stdio=stderr string_id=tap-salesforce
2025-05-26T08:26:23.740957Z [info     ] INFO Starting sync             cmd_type=elb consumer=False job_name=dev:tap-salesforce-to-target-jsonl name=tap-salesforce producer=True run_id=fa00c07a-e945-44b4-9f23-35ef17aad220 stdio=stderr string_id=tap-salesforce
2025-05-26T08:26:23.778363Z [info     ] INFO Lead: Starting            cmd_type=elb consumer=False job_name=dev:tap-salesforce-to-target-jsonl name=tap-salesforce producer=True run_id=fa00c07a-e945-44b4-9f23-35ef17aad220 stdio=stderr string_id=tap-salesforce
2025-05-26T08:26:23.778976Z [info     ] INFO Lead.Id - True            cmd_type=elb consumer=False job_name=dev:tap-salesforce-to-target-jsonl name=tap-salesforce producer=True run_id=fa00c07a-e945-44b4-9f23-35ef17aad220 stdio=stderr string_id=tap-salesforce
2025-05-26T08:26:23.779217Z [info     ] INFO Lead.IsDeleted - True     cmd_type=elb consumer=False job_name=dev:tap-salesforce-to-target-jsonl name=tap-salesforce producer=True run_id=fa00c07a-e945-44b4-9f23-35ef17aad220 stdio=stderr string_id=tap-salesforce
2025-05-26T08:26:23.779342Z [info     ] INFO Lead.MasterRecordId - True cmd_type=elb consumer=False job_name=dev:tap-salesforce-to-target-jsonl name=tap-salesforce producer=True run_id=fa00c07a-e945-44b4-9f23-35ef17aad220 stdio=stderr string_id=tap-salesforce
2025-05-26T08:26:23.779437Z [info     ] INFO Lead.LastName - True      cmd_type=elb consumer=False job_name=dev:tap-salesforce-to-target-jsonl name=tap-salesforce producer=True run_id=fa00c07a-e945-44b4-9f23-35ef17aad220 stdio=stderr string_id=tap-salesforce
2025-05-26T08:26:23.779527Z [info     ] INFO Lead.FirstName - True     cmd_type=elb consumer=False job_name=dev:tap-salesforce-to-target-jsonl name=tap-salesforce producer=True run_id=fa00c07a-e945-44b4-9f23-35ef17aad220 stdio=stderr string_id=tap-salesforce
2025-05-26T08:26:23.779613Z [info     ] INFO Lead.Salutation - True    cmd_type=elb consumer=False job_name=dev:tap-salesforce-to-target-jsonl name=tap-salesforce producer=True run_id=fa00c07a-e945-44b4-9f23-35ef17aad220 stdio=stderr string_id=tap-salesforce
2025-05-26T08:26:23.779722Z [info     ] INFO Lead.Name - True          cmd_type=elb consumer=False job_name=dev:tap-salesforce-to-target-jsonl name=tap-salesforce producer=True run_id=fa00c07a-e945-44b4-9f23-35ef17aad220 stdio=stderr string_id=tap-salesforce
2025-05-26T08:26:23.779807Z [info     ] INFO Lead.Title - True         cmd_type=elb consumer=False job_name=dev:tap-salesforce-to-target-jsonl name=tap-salesforce producer=True run_id=fa00c07a-e945-44b4-9f23-35ef17aad220 stdio=stderr string_id=tap-salesforce
2025-05-26T08:26:23.779889Z [info     ] INFO Lead.Company - True       cmd_type=elb consumer=False job_name=dev:tap-salesforce-to-target-jsonl name=tap-salesforce producer=True run_id=fa00c07a-e945-44b4-9f23-35ef17aad220 stdio=stderr string_id=tap-salesforce
2025-05-26T08:26:23.779971Z [info     ] INFO Lead.Street - True        cmd_type=elb consumer=False job_name=dev:tap-salesforce-to-target-jsonl name=tap-salesforce producer=True run_id=fa00c07a-e945-44b4-9f23-35ef17aad220 stdio=stderr string_id=tap-salesforce
2025-05-26T08:26:23.780056Z [info     ] INFO Lead.City - True          cmd_type=elb consumer=False job_name=dev:tap-salesforce-to-target-jsonl name=tap-salesforce producer=True run_id=fa00c07a-e945-44b4-9f23-35ef17aad220 stdio=stderr string_id=tap-salesforce
2025-05-26T08:26:23.780139Z [info     ] INFO Lead.State - True         cmd_type=elb consumer=False job_name=dev:tap-salesforce-to-target-jsonl name=tap-salesforce producer=True run_id=fa00c07a-e945-44b4-9f23-35ef17aad220 stdio=stderr string_id=tap-salesforce
2025-05-26T08:26:23.780220Z [info     ] INFO Lead.PostalCode - True    cmd_type=elb consumer=False job_name=dev:tap-salesforce-to-target-jsonl name=tap-salesforce producer=True run_id=fa00c07a-e945-44b4-9f23-35ef17aad220 stdio=stderr string_id=tap-salesforce
2025-05-26T08:26:23.780301Z [info     ] INFO Lead.Country - True       cmd_type=elb consumer=False job_name=dev:tap-salesforce-to-target-jsonl name=tap-salesforce producer=True run_id=fa00c07a-e945-44b4-9f23-35ef17aad220 stdio=stderr string_id=tap-salesforce
2025-05-26T08:26:23.780382Z [info     ] INFO Lead.StateCode - True     cmd_type=elb consumer=False job_name=dev:tap-salesforce-to-target-jsonl name=tap-salesforce producer=True run_id=fa00c07a-e945-44b4-9f23-35ef17aad220 stdio=stderr string_id=tap-salesforce
2025-05-26T08:26:23.780463Z [info     ] INFO Lead.CountryCode - True   cmd_type=elb consumer=False job_name=dev:tap-salesforce-to-target-jsonl name=tap-salesforce producer=True run_id=fa00c07a-e945-44b4-9f23-35ef17aad220 stdio=stderr string_id=tap-salesforce
2025-05-26T08:26:23.780543Z [info     ] INFO Lead.Latitude - True      cmd_type=elb consumer=False job_name=dev:tap-salesforce-to-target-jsonl name=tap-salesforce producer=True run_id=fa00c07a-e945-44b4-9f23-35ef17aad220 stdio=stderr string_id=tap-salesforce
2025-05-26T08:26:23.780623Z [info     ] INFO Lead.Longitude - True     cmd_type=elb consumer=False job_name=dev:tap-salesforce-to-target-jsonl name=tap-salesforce producer=True run_id=fa00c07a-e945-44b4-9f23-35ef17aad220 stdio=stderr string_id=tap-salesforce
2025-05-26T08:26:23.780702Z [info     ] INFO Lead.GeocodeAccuracy - True cmd_type=elb consumer=False job_name=dev:tap-salesforce-to-target-jsonl name=tap-salesforce producer=True run_id=fa00c07a-e945-44b4-9f23-35ef17aad220 stdio=stderr string_id=tap-salesforce
2025-05-26T08:26:23.783801Z [info     ] INFO Lead.Address - True       cmd_type=elb consumer=False job_name=dev:tap-salesforce-to-target-jsonl name=tap-salesforce producer=True run_id=fa00c07a-e945-44b4-9f23-35ef17aad220 stdio=stderr string_id=tap-salesforce
2025-05-26T08:26:23.783932Z [info     ] INFO Lead.street - True        cmd_type=elb consumer=False job_name=dev:tap-salesforce-to-target-jsonl name=tap-salesforce producer=True run_id=fa00c07a-e945-44b4-9f23-35ef17aad220 stdio=stderr string_id=tap-salesforce
2025-05-26T08:26:23.784027Z [info     ] INFO Lead.state - True         cmd_type=elb consumer=False job_name=dev:tap-salesforce-to-target-jsonl name=tap-salesforce producer=True run_id=fa00c07a-e945-44b4-9f23-35ef17aad220 stdio=stderr string_id=tap-salesforce
2025-05-26T08:26:23.784129Z [info     ] INFO Lead.postalCode - True    cmd_type=elb consumer=False job_name=dev:tap-salesforce-to-target-jsonl name=tap-salesforce producer=True run_id=fa00c07a-e945-44b4-9f23-35ef17aad220 stdio=stderr string_id=tap-salesforce
2025-05-26T08:26:23.784217Z [info     ] INFO Lead.city - True          cmd_type=elb consumer=False job_name=dev:tap-salesforce-to-target-jsonl name=tap-salesforce producer=True run_id=fa00c07a-e945-44b4-9f23-35ef17aad220 stdio=stderr string_id=tap-salesforce
2025-05-26T08:26:23.784301Z [info     ] INFO Lead.country - True       cmd_type=elb consumer=False job_name=dev:tap-salesforce-to-target-jsonl name=tap-salesforce producer=True run_id=fa00c07a-e945-44b4-9f23-35ef17aad220 stdio=stderr string_id=tap-salesforce
2025-05-26T08:26:23.784385Z [info     ] INFO Lead.longitude - True     cmd_type=elb consumer=False job_name=dev:tap-salesforce-to-target-jsonl name=tap-salesforce producer=True run_id=fa00c07a-e945-44b4-9f23-35ef17aad220 stdio=stderr string_id=tap-salesforce
2025-05-26T08:26:23.784470Z [info     ] INFO Lead.latitude - True      cmd_type=elb consumer=False job_name=dev:tap-salesforce-to-target-jsonl name=tap-salesforce producer=True run_id=fa00c07a-e945-44b4-9f23-35ef17aad220 stdio=stderr string_id=tap-salesforce
2025-05-26T08:26:23.784553Z [info     ] INFO Lead.geocodeAccuracy - True cmd_type=elb consumer=False job_name=dev:tap-salesforce-to-target-jsonl name=tap-salesforce producer=True run_id=fa00c07a-e945-44b4-9f23-35ef17aad220 stdio=stderr string_id=tap-salesforce
2025-05-26T08:26:23.784686Z [info     ] INFO Lead.Phone - True         cmd_type=elb consumer=False job_name=dev:tap-salesforce-to-target-jsonl name=tap-salesforce producer=True run_id=fa00c07a-e945-44b4-9f23-35ef17aad220 stdio=stderr string_id=tap-salesforce
2025-05-26T08:26:23.784779Z [info     ] INFO Lead.MobilePhone - True   cmd_type=elb consumer=False job_name=dev:tap-salesforce-to-target-jsonl name=tap-salesforce producer=True run_id=fa00c07a-e945-44b4-9f23-35ef17aad220 stdio=stderr string_id=tap-salesforce
2025-05-26T08:26:23.784866Z [info     ] INFO Lead.Fax - True           cmd_type=elb consumer=False job_name=dev:tap-salesforce-to-target-jsonl name=tap-salesforce producer=True run_id=fa00c07a-e945-44b4-9f23-35ef17aad220 stdio=stderr string_id=tap-salesforce
2025-05-26T08:26:23.784991Z [info     ] INFO Lead.Email - True         cmd_type=elb consumer=False job_name=dev:tap-salesforce-to-target-jsonl name=tap-salesforce producer=True run_id=fa00c07a-e945-44b4-9f23-35ef17aad220 stdio=stderr string_id=tap-salesforce
2025-05-26T08:26:23.785082Z [info     ] INFO Lead.Website - True       cmd_type=elb consumer=False job_name=dev:tap-salesforce-to-target-jsonl name=tap-salesforce producer=True run_id=fa00c07a-e945-44b4-9f23-35ef17aad220 stdio=stderr string_id=tap-salesforce
2025-05-26T08:26:23.785167Z [info     ] INFO Lead.PhotoUrl - True      cmd_type=elb consumer=False job_name=dev:tap-salesforce-to-target-jsonl name=tap-salesforce producer=True run_id=fa00c07a-e945-44b4-9f23-35ef17aad220 stdio=stderr string_id=tap-salesforce
2025-05-26T08:26:23.785251Z [info     ] INFO Lead.Description - True   cmd_type=elb consumer=False job_name=dev:tap-salesforce-to-target-jsonl name=tap-salesforce producer=True run_id=fa00c07a-e945-44b4-9f23-35ef17aad220 stdio=stderr string_id=tap-salesforce
2025-05-26T08:26:23.785334Z [info     ] INFO Lead.LeadSource - True    cmd_type=elb consumer=False job_name=dev:tap-salesforce-to-target-jsonl name=tap-salesforce producer=True run_id=fa00c07a-e945-44b4-9f23-35ef17aad220 stdio=stderr string_id=tap-salesforce
2025-05-26T08:26:23.785416Z [info     ] INFO Lead.Status - True        cmd_type=elb consumer=False job_name=dev:tap-salesforce-to-target-jsonl name=tap-salesforce producer=True run_id=fa00c07a-e945-44b4-9f23-35ef17aad220 stdio=stderr string_id=tap-salesforce
2025-05-26T08:26:23.785498Z [info     ] INFO Lead.Industry - True      cmd_type=elb consumer=False job_name=dev:tap-salesforce-to-target-jsonl name=tap-salesforce producer=True run_id=fa00c07a-e945-44b4-9f23-35ef17aad220 stdio=stderr string_id=tap-salesforce
2025-05-26T08:26:23.785587Z [info     ] INFO Lead.Rating - True        cmd_type=elb consumer=False job_name=dev:tap-salesforce-to-target-jsonl name=tap-salesforce producer=True run_id=fa00c07a-e945-44b4-9f23-35ef17aad220 stdio=stderr string_id=tap-salesforce
2025-05-26T08:26:23.785669Z [info     ] INFO Lead.AnnualRevenue - True cmd_type=elb consumer=False job_name=dev:tap-salesforce-to-target-jsonl name=tap-salesforce producer=True run_id=fa00c07a-e945-44b4-9f23-35ef17aad220 stdio=stderr string_id=tap-salesforce
2025-05-26T08:26:23.785750Z [info     ] INFO Lead.NumberOfEmployees - True cmd_type=elb consumer=False job_name=dev:tap-salesforce-to-target-jsonl name=tap-salesforce producer=True run_id=fa00c07a-e945-44b4-9f23-35ef17aad220 stdio=stderr string_id=tap-salesforce
2025-05-26T08:26:23.785831Z [info     ] INFO Lead.OwnerId - True       cmd_type=elb consumer=False job_name=dev:tap-salesforce-to-target-jsonl name=tap-salesforce producer=True run_id=fa00c07a-e945-44b4-9f23-35ef17aad220 stdio=stderr string_id=tap-salesforce
2025-05-26T08:26:23.785910Z [info     ] INFO Lead.IsConverted - True   cmd_type=elb consumer=False job_name=dev:tap-salesforce-to-target-jsonl name=tap-salesforce producer=True run_id=fa00c07a-e945-44b4-9f23-35ef17aad220 stdio=stderr string_id=tap-salesforce
2025-05-26T08:26:23.786012Z [info     ] INFO Lead.ConvertedDate - True cmd_type=elb consumer=False job_name=dev:tap-salesforce-to-target-jsonl name=tap-salesforce producer=True run_id=fa00c07a-e945-44b4-9f23-35ef17aad220 stdio=stderr string_id=tap-salesforce
2025-05-26T08:26:23.786092Z [info     ] INFO Lead.ConvertedAccountId - True cmd_type=elb consumer=False job_name=dev:tap-salesforce-to-target-jsonl name=tap-salesforce producer=True run_id=fa00c07a-e945-44b4-9f23-35ef17aad220 stdio=stderr string_id=tap-salesforce
2025-05-26T08:26:23.786173Z [info     ] INFO Lead.ConvertedContactId - True cmd_type=elb consumer=False job_name=dev:tap-salesforce-to-target-jsonl name=tap-salesforce producer=True run_id=fa00c07a-e945-44b4-9f23-35ef17aad220 stdio=stderr string_id=tap-salesforce
2025-05-26T08:26:23.786253Z [info     ] INFO Lead.ConvertedOpportunityId - True cmd_type=elb consumer=False job_name=dev:tap-salesforce-to-target-jsonl name=tap-salesforce producer=True run_id=fa00c07a-e945-44b4-9f23-35ef17aad220 stdio=stderr string_id=tap-salesforce
2025-05-26T08:26:23.786333Z [info     ] INFO Lead.IsUnreadByOwner - True cmd_type=elb consumer=False job_name=dev:tap-salesforce-to-target-jsonl name=tap-salesforce producer=True run_id=fa00c07a-e945-44b4-9f23-35ef17aad220 stdio=stderr string_id=tap-salesforce
2025-05-26T08:26:23.786412Z [info     ] INFO Lead.CreatedDate - True   cmd_type=elb consumer=False job_name=dev:tap-salesforce-to-target-jsonl name=tap-salesforce producer=True run_id=fa00c07a-e945-44b4-9f23-35ef17aad220 stdio=stderr string_id=tap-salesforce
2025-05-26T08:26:23.786494Z [info     ] INFO Lead.CreatedById - True   cmd_type=elb consumer=False job_name=dev:tap-salesforce-to-target-jsonl name=tap-salesforce producer=True run_id=fa00c07a-e945-44b4-9f23-35ef17aad220 stdio=stderr string_id=tap-salesforce
2025-05-26T08:26:23.786573Z [info     ] INFO Lead.LastModifiedDate - True cmd_type=elb consumer=False job_name=dev:tap-salesforce-to-target-jsonl name=tap-salesforce producer=True run_id=fa00c07a-e945-44b4-9f23-35ef17aad220 stdio=stderr string_id=tap-salesforce
2025-05-26T08:26:23.786654Z [info     ] INFO Lead.LastModifiedById - True cmd_type=elb consumer=False job_name=dev:tap-salesforce-to-target-jsonl name=tap-salesforce producer=True run_id=fa00c07a-e945-44b4-9f23-35ef17aad220 stdio=stderr string_id=tap-salesforce
2025-05-26T08:26:23.786732Z [info     ] INFO Lead.SystemModstamp - True cmd_type=elb consumer=False job_name=dev:tap-salesforce-to-target-jsonl name=tap-salesforce producer=True run_id=fa00c07a-e945-44b4-9f23-35ef17aad220 stdio=stderr string_id=tap-salesforce
2025-05-26T08:26:23.786811Z [info     ] INFO Lead.LastActivityDate - True cmd_type=elb consumer=False job_name=dev:tap-salesforce-to-target-jsonl name=tap-salesforce producer=True run_id=fa00c07a-e945-44b4-9f23-35ef17aad220 stdio=stderr string_id=tap-salesforce
2025-05-26T08:26:23.786902Z [info     ] INFO Lead.LastViewedDate - True cmd_type=elb consumer=False job_name=dev:tap-salesforce-to-target-jsonl name=tap-salesforce producer=True run_id=fa00c07a-e945-44b4-9f23-35ef17aad220 stdio=stderr string_id=tap-salesforce
2025-05-26T08:26:23.786983Z [info     ] INFO Lead.LastReferencedDate - True cmd_type=elb consumer=False job_name=dev:tap-salesforce-to-target-jsonl name=tap-salesforce producer=True run_id=fa00c07a-e945-44b4-9f23-35ef17aad220 stdio=stderr string_id=tap-salesforce
2025-05-26T08:26:23.787175Z [info     ] INFO Lead.Jigsaw - True        cmd_type=elb consumer=False job_name=dev:tap-salesforce-to-target-jsonl name=tap-salesforce producer=True run_id=fa00c07a-e945-44b4-9f23-35ef17aad220 stdio=stderr string_id=tap-salesforce
2025-05-26T08:26:23.787368Z [info     ] INFO Lead.JigsawContactId - True cmd_type=elb consumer=False job_name=dev:tap-salesforce-to-target-jsonl name=tap-salesforce producer=True run_id=fa00c07a-e945-44b4-9f23-35ef17aad220 stdio=stderr string_id=tap-salesforce
2025-05-26T08:26:23.787470Z [info     ] INFO Lead.CleanStatus - True   cmd_type=elb consumer=False job_name=dev:tap-salesforce-to-target-jsonl name=tap-salesforce producer=True run_id=fa00c07a-e945-44b4-9f23-35ef17aad220 stdio=stderr string_id=tap-salesforce
2025-05-26T08:26:23.787565Z [info     ] INFO Lead.CompanyDunsNumber - True cmd_type=elb consumer=False job_name=dev:tap-salesforce-to-target-jsonl name=tap-salesforce producer=True run_id=fa00c07a-e945-44b4-9f23-35ef17aad220 stdio=stderr string_id=tap-salesforce
2025-05-26T08:26:23.787655Z [info     ] INFO Lead.DandbCompanyId - True cmd_type=elb consumer=False job_name=dev:tap-salesforce-to-target-jsonl name=tap-salesforce producer=True run_id=fa00c07a-e945-44b4-9f23-35ef17aad220 stdio=stderr string_id=tap-salesforce
2025-05-26T08:26:23.787743Z [info     ] INFO Lead.EmailBouncedReason - True cmd_type=elb consumer=False job_name=dev:tap-salesforce-to-target-jsonl name=tap-salesforce producer=True run_id=fa00c07a-e945-44b4-9f23-35ef17aad220 stdio=stderr string_id=tap-salesforce
2025-05-26T08:26:23.787830Z [info     ] INFO Lead.EmailBouncedDate - True cmd_type=elb consumer=False job_name=dev:tap-salesforce-to-target-jsonl name=tap-salesforce producer=True run_id=fa00c07a-e945-44b4-9f23-35ef17aad220 stdio=stderr string_id=tap-salesforce
2025-05-26T08:26:23.787915Z [info     ] INFO Lead.IndividualId - True  cmd_type=elb consumer=False job_name=dev:tap-salesforce-to-target-jsonl name=tap-salesforce producer=True run_id=fa00c07a-e945-44b4-9f23-35ef17aad220 stdio=stderr string_id=tap-salesforce
2025-05-26T08:26:23.787999Z [info     ] INFO Lead.IsPriorityRecord - True cmd_type=elb consumer=False job_name=dev:tap-salesforce-to-target-jsonl name=tap-salesforce producer=True run_id=fa00c07a-e945-44b4-9f23-35ef17aad220 stdio=stderr string_id=tap-salesforce
2025-05-26T08:26:23.788082Z [info     ] INFO Lead.SICCode__c - True    cmd_type=elb consumer=False job_name=dev:tap-salesforce-to-target-jsonl name=tap-salesforce producer=True run_id=fa00c07a-e945-44b4-9f23-35ef17aad220 stdio=stderr string_id=tap-salesforce
2025-05-26T08:26:23.788166Z [info     ] INFO Lead.ProductInterest__c - True cmd_type=elb consumer=False job_name=dev:tap-salesforce-to-target-jsonl name=tap-salesforce producer=True run_id=fa00c07a-e945-44b4-9f23-35ef17aad220 stdio=stderr string_id=tap-salesforce
2025-05-26T08:26:23.788248Z [info     ] INFO Lead.Primary__c - True    cmd_type=elb consumer=False job_name=dev:tap-salesforce-to-target-jsonl name=tap-salesforce producer=True run_id=fa00c07a-e945-44b4-9f23-35ef17aad220 stdio=stderr string_id=tap-salesforce
2025-05-26T08:26:23.788330Z [info     ] INFO Lead.CurrentGenerators__c - True cmd_type=elb consumer=False job_name=dev:tap-salesforce-to-target-jsonl name=tap-salesforce producer=True run_id=fa00c07a-e945-44b4-9f23-35ef17aad220 stdio=stderr string_id=tap-salesforce
2025-05-26T08:26:23.788427Z [info     ] INFO Lead.NumberofLocations__c - True cmd_type=elb consumer=False job_name=dev:tap-salesforce-to-target-jsonl name=tap-salesforce producer=True run_id=fa00c07a-e945-44b4-9f23-35ef17aad220 stdio=stderr string_id=tap-salesforce
2025-05-26T08:26:23.788693Z [info     ] INFO Contact: Starting         cmd_type=elb consumer=False job_name=dev:tap-salesforce-to-target-jsonl name=tap-salesforce producer=True run_id=fa00c07a-e945-44b4-9f23-35ef17aad220 stdio=stderr string_id=tap-salesforce
2025-05-26T08:26:23.788905Z [info     ] INFO Contact.Id - True         cmd_type=elb consumer=False job_name=dev:tap-salesforce-to-target-jsonl name=tap-salesforce producer=True run_id=fa00c07a-e945-44b4-9f23-35ef17aad220 stdio=stderr string_id=tap-salesforce
2025-05-26T08:26:23.789011Z [info     ] INFO Contact.IsDeleted - True  cmd_type=elb consumer=False job_name=dev:tap-salesforce-to-target-jsonl name=tap-salesforce producer=True run_id=fa00c07a-e945-44b4-9f23-35ef17aad220 stdio=stderr string_id=tap-salesforce
2025-05-26T08:26:23.789139Z [info     ] INFO Contact.MasterRecordId - True cmd_type=elb consumer=False job_name=dev:tap-salesforce-to-target-jsonl name=tap-salesforce producer=True run_id=fa00c07a-e945-44b4-9f23-35ef17aad220 stdio=stderr string_id=tap-salesforce
2025-05-26T08:26:23.789259Z [info     ] INFO Contact.AccountId - True  cmd_type=elb consumer=False job_name=dev:tap-salesforce-to-target-jsonl name=tap-salesforce producer=True run_id=fa00c07a-e945-44b4-9f23-35ef17aad220 stdio=stderr string_id=tap-salesforce
2025-05-26T08:26:23.789345Z [info     ] INFO Contact.LastName - True   cmd_type=elb consumer=False job_name=dev:tap-salesforce-to-target-jsonl name=tap-salesforce producer=True run_id=fa00c07a-e945-44b4-9f23-35ef17aad220 stdio=stderr string_id=tap-salesforce
2025-05-26T08:26:23.789430Z [info     ] INFO Contact.FirstName - True  cmd_type=elb consumer=False job_name=dev:tap-salesforce-to-target-jsonl name=tap-salesforce producer=True run_id=fa00c07a-e945-44b4-9f23-35ef17aad220 stdio=stderr string_id=tap-salesforce
2025-05-26T08:26:23.789514Z [info     ] INFO Contact.Salutation - True cmd_type=elb consumer=False job_name=dev:tap-salesforce-to-target-jsonl name=tap-salesforce producer=True run_id=fa00c07a-e945-44b4-9f23-35ef17aad220 stdio=stderr string_id=tap-salesforce
2025-05-26T08:26:23.789597Z [info     ] INFO Contact.Name - True       cmd_type=elb consumer=False job_name=dev:tap-salesforce-to-target-jsonl name=tap-salesforce producer=True run_id=fa00c07a-e945-44b4-9f23-35ef17aad220 stdio=stderr string_id=tap-salesforce
2025-05-26T08:26:23.789683Z [info     ] INFO Contact.OtherStreet - True cmd_type=elb consumer=False job_name=dev:tap-salesforce-to-target-jsonl name=tap-salesforce producer=True run_id=fa00c07a-e945-44b4-9f23-35ef17aad220 stdio=stderr string_id=tap-salesforce
2025-05-26T08:26:23.789768Z [info     ] INFO Contact.OtherCity - True  cmd_type=elb consumer=False job_name=dev:tap-salesforce-to-target-jsonl name=tap-salesforce producer=True run_id=fa00c07a-e945-44b4-9f23-35ef17aad220 stdio=stderr string_id=tap-salesforce
2025-05-26T08:26:23.789851Z [info     ] INFO Contact.OtherState - True cmd_type=elb consumer=False job_name=dev:tap-salesforce-to-target-jsonl name=tap-salesforce producer=True run_id=fa00c07a-e945-44b4-9f23-35ef17aad220 stdio=stderr string_id=tap-salesforce
2025-05-26T08:26:23.789933Z [info     ] INFO Contact.OtherPostalCode - True cmd_type=elb consumer=False job_name=dev:tap-salesforce-to-target-jsonl name=tap-salesforce producer=True run_id=fa00c07a-e945-44b4-9f23-35ef17aad220 stdio=stderr string_id=tap-salesforce
2025-05-26T08:26:23.790015Z [info     ] INFO Contact.OtherCountry - True cmd_type=elb consumer=False job_name=dev:tap-salesforce-to-target-jsonl name=tap-salesforce producer=True run_id=fa00c07a-e945-44b4-9f23-35ef17aad220 stdio=stderr string_id=tap-salesforce
2025-05-26T08:26:23.790097Z [info     ] INFO Contact.OtherStateCode - True cmd_type=elb consumer=False job_name=dev:tap-salesforce-to-target-jsonl name=tap-salesforce producer=True run_id=fa00c07a-e945-44b4-9f23-35ef17aad220 stdio=stderr string_id=tap-salesforce
2025-05-26T08:26:23.790190Z [info     ] INFO Contact.OtherCountryCode - True cmd_type=elb consumer=False job_name=dev:tap-salesforce-to-target-jsonl name=tap-salesforce producer=True run_id=fa00c07a-e945-44b4-9f23-35ef17aad220 stdio=stderr string_id=tap-salesforce
2025-05-26T08:26:23.790272Z [info     ] INFO Contact.OtherLatitude - True cmd_type=elb consumer=False job_name=dev:tap-salesforce-to-target-jsonl name=tap-salesforce producer=True run_id=fa00c07a-e945-44b4-9f23-35ef17aad220 stdio=stderr string_id=tap-salesforce
2025-05-26T08:26:23.790359Z [info     ] INFO Contact.OtherLongitude - True cmd_type=elb consumer=False job_name=dev:tap-salesforce-to-target-jsonl name=tap-salesforce producer=True run_id=fa00c07a-e945-44b4-9f23-35ef17aad220 stdio=stderr string_id=tap-salesforce
2025-05-26T08:26:23.790439Z [info     ] INFO Contact.OtherGeocodeAccuracy - True cmd_type=elb consumer=False job_name=dev:tap-salesforce-to-target-jsonl name=tap-salesforce producer=True run_id=fa00c07a-e945-44b4-9f23-35ef17aad220 stdio=stderr string_id=tap-salesforce
2025-05-26T08:26:23.790520Z [info     ] INFO Contact.OtherAddress - True cmd_type=elb consumer=False job_name=dev:tap-salesforce-to-target-jsonl name=tap-salesforce producer=True run_id=fa00c07a-e945-44b4-9f23-35ef17aad220 stdio=stderr string_id=tap-salesforce
2025-05-26T08:26:23.790600Z [info     ] INFO Contact.street - True     cmd_type=elb consumer=False job_name=dev:tap-salesforce-to-target-jsonl name=tap-salesforce producer=True run_id=fa00c07a-e945-44b4-9f23-35ef17aad220 stdio=stderr string_id=tap-salesforce
2025-05-26T08:26:23.790680Z [info     ] INFO Contact.state - True      cmd_type=elb consumer=False job_name=dev:tap-salesforce-to-target-jsonl name=tap-salesforce producer=True run_id=fa00c07a-e945-44b4-9f23-35ef17aad220 stdio=stderr string_id=tap-salesforce
2025-05-26T08:26:23.790760Z [info     ] INFO Contact.postalCode - True cmd_type=elb consumer=False job_name=dev:tap-salesforce-to-target-jsonl name=tap-salesforce producer=True run_id=fa00c07a-e945-44b4-9f23-35ef17aad220 stdio=stderr string_id=tap-salesforce
2025-05-26T08:26:23.790843Z [info     ] INFO Contact.city - True       cmd_type=elb consumer=False job_name=dev:tap-salesforce-to-target-jsonl name=tap-salesforce producer=True run_id=fa00c07a-e945-44b4-9f23-35ef17aad220 stdio=stderr string_id=tap-salesforce
2025-05-26T08:26:23.790924Z [info     ] INFO Contact.country - True    cmd_type=elb consumer=False job_name=dev:tap-salesforce-to-target-jsonl name=tap-salesforce producer=True run_id=fa00c07a-e945-44b4-9f23-35ef17aad220 stdio=stderr string_id=tap-salesforce
2025-05-26T08:26:23.791006Z [info     ] INFO Contact.longitude - True  cmd_type=elb consumer=False job_name=dev:tap-salesforce-to-target-jsonl name=tap-salesforce producer=True run_id=fa00c07a-e945-44b4-9f23-35ef17aad220 stdio=stderr string_id=tap-salesforce
2025-05-26T08:26:23.791087Z [info     ] INFO Contact.latitude - True   cmd_type=elb consumer=False job_name=dev:tap-salesforce-to-target-jsonl name=tap-salesforce producer=True run_id=fa00c07a-e945-44b4-9f23-35ef17aad220 stdio=stderr string_id=tap-salesforce
2025-05-26T08:26:23.791167Z [info     ] INFO Contact.geocodeAccuracy - True cmd_type=elb consumer=False job_name=dev:tap-salesforce-to-target-jsonl name=tap-salesforce producer=True run_id=fa00c07a-e945-44b4-9f23-35ef17aad220 stdio=stderr string_id=tap-salesforce
2025-05-26T08:26:23.791248Z [info     ] INFO Contact.MailingStreet - True cmd_type=elb consumer=False job_name=dev:tap-salesforce-to-target-jsonl name=tap-salesforce producer=True run_id=fa00c07a-e945-44b4-9f23-35ef17aad220 stdio=stderr string_id=tap-salesforce
2025-05-26T08:26:23.791329Z [info     ] INFO Contact.MailingCity - True cmd_type=elb consumer=False job_name=dev:tap-salesforce-to-target-jsonl name=tap-salesforce producer=True run_id=fa00c07a-e945-44b4-9f23-35ef17aad220 stdio=stderr string_id=tap-salesforce
2025-05-26T08:26:23.791408Z [info     ] INFO Contact.MailingState - True cmd_type=elb consumer=False job_name=dev:tap-salesforce-to-target-jsonl name=tap-salesforce producer=True run_id=fa00c07a-e945-44b4-9f23-35ef17aad220 stdio=stderr string_id=tap-salesforce
2025-05-26T08:26:23.791493Z [info     ] INFO Contact.MailingPostalCode - True cmd_type=elb consumer=False job_name=dev:tap-salesforce-to-target-jsonl name=tap-salesforce producer=True run_id=fa00c07a-e945-44b4-9f23-35ef17aad220 stdio=stderr string_id=tap-salesforce
2025-05-26T08:26:23.791574Z [info     ] INFO Contact.MailingCountry - True cmd_type=elb consumer=False job_name=dev:tap-salesforce-to-target-jsonl name=tap-salesforce producer=True run_id=fa00c07a-e945-44b4-9f23-35ef17aad220 stdio=stderr string_id=tap-salesforce
2025-05-26T08:26:23.791654Z [info     ] INFO Contact.MailingStateCode - True cmd_type=elb consumer=False job_name=dev:tap-salesforce-to-target-jsonl name=tap-salesforce producer=True run_id=fa00c07a-e945-44b4-9f23-35ef17aad220 stdio=stderr string_id=tap-salesforce
2025-05-26T08:26:23.791734Z [info     ] INFO Contact.MailingCountryCode - True cmd_type=elb consumer=False job_name=dev:tap-salesforce-to-target-jsonl name=tap-salesforce producer=True run_id=fa00c07a-e945-44b4-9f23-35ef17aad220 stdio=stderr string_id=tap-salesforce
2025-05-26T08:26:23.791816Z [info     ] INFO Contact.MailingLatitude - True cmd_type=elb consumer=False job_name=dev:tap-salesforce-to-target-jsonl name=tap-salesforce producer=True run_id=fa00c07a-e945-44b4-9f23-35ef17aad220 stdio=stderr string_id=tap-salesforce
2025-05-26T08:26:23.791896Z [info     ] INFO Contact.MailingLongitude - True cmd_type=elb consumer=False job_name=dev:tap-salesforce-to-target-jsonl name=tap-salesforce producer=True run_id=fa00c07a-e945-44b4-9f23-35ef17aad220 stdio=stderr string_id=tap-salesforce
2025-05-26T08:26:23.791977Z [info     ] INFO Contact.MailingGeocodeAccuracy - True cmd_type=elb consumer=False job_name=dev:tap-salesforce-to-target-jsonl name=tap-salesforce producer=True run_id=fa00c07a-e945-44b4-9f23-35ef17aad220 stdio=stderr string_id=tap-salesforce
2025-05-26T08:26:23.792057Z [info     ] INFO Contact.MailingAddress - True cmd_type=elb consumer=False job_name=dev:tap-salesforce-to-target-jsonl name=tap-salesforce producer=True run_id=fa00c07a-e945-44b4-9f23-35ef17aad220 stdio=stderr string_id=tap-salesforce
2025-05-26T08:26:23.792137Z [info     ] INFO Contact.street - True     cmd_type=elb consumer=False job_name=dev:tap-salesforce-to-target-jsonl name=tap-salesforce producer=True run_id=fa00c07a-e945-44b4-9f23-35ef17aad220 stdio=stderr string_id=tap-salesforce
2025-05-26T08:26:23.792218Z [info     ] INFO Contact.state - True      cmd_type=elb consumer=False job_name=dev:tap-salesforce-to-target-jsonl name=tap-salesforce producer=True run_id=fa00c07a-e945-44b4-9f23-35ef17aad220 stdio=stderr string_id=tap-salesforce
2025-05-26T08:26:23.792300Z [info     ] INFO Contact.postalCode - True cmd_type=elb consumer=False job_name=dev:tap-salesforce-to-target-jsonl name=tap-salesforce producer=True run_id=fa00c07a-e945-44b4-9f23-35ef17aad220 stdio=stderr string_id=tap-salesforce
2025-05-26T08:26:23.792381Z [info     ] INFO Contact.city - True       cmd_type=elb consumer=False job_name=dev:tap-salesforce-to-target-jsonl name=tap-salesforce producer=True run_id=fa00c07a-e945-44b4-9f23-35ef17aad220 stdio=stderr string_id=tap-salesforce
2025-05-26T08:26:23.792463Z [info     ] INFO Contact.country - True    cmd_type=elb consumer=False job_name=dev:tap-salesforce-to-target-jsonl name=tap-salesforce producer=True run_id=fa00c07a-e945-44b4-9f23-35ef17aad220 stdio=stderr string_id=tap-salesforce
2025-05-26T08:26:23.792545Z [info     ] INFO Contact.longitude - True  cmd_type=elb consumer=False job_name=dev:tap-salesforce-to-target-jsonl name=tap-salesforce producer=True run_id=fa00c07a-e945-44b4-9f23-35ef17aad220 stdio=stderr string_id=tap-salesforce
2025-05-26T08:26:23.792627Z [info     ] INFO Contact.latitude - True   cmd_type=elb consumer=False job_name=dev:tap-salesforce-to-target-jsonl name=tap-salesforce producer=True run_id=fa00c07a-e945-44b4-9f23-35ef17aad220 stdio=stderr string_id=tap-salesforce
2025-05-26T08:26:23.792716Z [info     ] INFO Contact.geocodeAccuracy - True cmd_type=elb consumer=False job_name=dev:tap-salesforce-to-target-jsonl name=tap-salesforce producer=True run_id=fa00c07a-e945-44b4-9f23-35ef17aad220 stdio=stderr string_id=tap-salesforce
2025-05-26T08:26:23.792797Z [info     ] INFO Contact.Phone - True      cmd_type=elb consumer=False job_name=dev:tap-salesforce-to-target-jsonl name=tap-salesforce producer=True run_id=fa00c07a-e945-44b4-9f23-35ef17aad220 stdio=stderr string_id=tap-salesforce
2025-05-26T08:26:23.792878Z [info     ] INFO Contact.Fax - True        cmd_type=elb consumer=False job_name=dev:tap-salesforce-to-target-jsonl name=tap-salesforce producer=True run_id=fa00c07a-e945-44b4-9f23-35ef17aad220 stdio=stderr string_id=tap-salesforce
2025-05-26T08:26:23.792959Z [info     ] INFO Contact.MobilePhone - True cmd_type=elb consumer=False job_name=dev:tap-salesforce-to-target-jsonl name=tap-salesforce producer=True run_id=fa00c07a-e945-44b4-9f23-35ef17aad220 stdio=stderr string_id=tap-salesforce
2025-05-26T08:26:23.793039Z [info     ] INFO Contact.HomePhone - True  cmd_type=elb consumer=False job_name=dev:tap-salesforce-to-target-jsonl name=tap-salesforce producer=True run_id=fa00c07a-e945-44b4-9f23-35ef17aad220 stdio=stderr string_id=tap-salesforce
2025-05-26T08:26:23.793121Z [info     ] INFO Contact.OtherPhone - True cmd_type=elb consumer=False job_name=dev:tap-salesforce-to-target-jsonl name=tap-salesforce producer=True run_id=fa00c07a-e945-44b4-9f23-35ef17aad220 stdio=stderr string_id=tap-salesforce
2025-05-26T08:26:23.793201Z [info     ] INFO Contact.AssistantPhone - True cmd_type=elb consumer=False job_name=dev:tap-salesforce-to-target-jsonl name=tap-salesforce producer=True run_id=fa00c07a-e945-44b4-9f23-35ef17aad220 stdio=stderr string_id=tap-salesforce
2025-05-26T08:26:23.793280Z [info     ] INFO Contact.ReportsToId - True cmd_type=elb consumer=False job_name=dev:tap-salesforce-to-target-jsonl name=tap-salesforce producer=True run_id=fa00c07a-e945-44b4-9f23-35ef17aad220 stdio=stderr string_id=tap-salesforce
2025-05-26T08:26:23.793360Z [info     ] INFO Contact.Email - True      cmd_type=elb consumer=False job_name=dev:tap-salesforce-to-target-jsonl name=tap-salesforce producer=True run_id=fa00c07a-e945-44b4-9f23-35ef17aad220 stdio=stderr string_id=tap-salesforce
2025-05-26T08:26:23.793439Z [info     ] INFO Contact.Title - True      cmd_type=elb consumer=False job_name=dev:tap-salesforce-to-target-jsonl name=tap-salesforce producer=True run_id=fa00c07a-e945-44b4-9f23-35ef17aad220 stdio=stderr string_id=tap-salesforce
2025-05-26T08:26:23.793519Z [info     ] INFO Contact.Department - True cmd_type=elb consumer=False job_name=dev:tap-salesforce-to-target-jsonl name=tap-salesforce producer=True run_id=fa00c07a-e945-44b4-9f23-35ef17aad220 stdio=stderr string_id=tap-salesforce
2025-05-26T08:26:23.793599Z [info     ] INFO Contact.AssistantName - True cmd_type=elb consumer=False job_name=dev:tap-salesforce-to-target-jsonl name=tap-salesforce producer=True run_id=fa00c07a-e945-44b4-9f23-35ef17aad220 stdio=stderr string_id=tap-salesforce
2025-05-26T08:26:23.793681Z [info     ] INFO Contact.LeadSource - True cmd_type=elb consumer=False job_name=dev:tap-salesforce-to-target-jsonl name=tap-salesforce producer=True run_id=fa00c07a-e945-44b4-9f23-35ef17aad220 stdio=stderr string_id=tap-salesforce
2025-05-26T08:26:23.793760Z [info     ] INFO Contact.Birthdate - True  cmd_type=elb consumer=False job_name=dev:tap-salesforce-to-target-jsonl name=tap-salesforce producer=True run_id=fa00c07a-e945-44b4-9f23-35ef17aad220 stdio=stderr string_id=tap-salesforce
2025-05-26T08:26:23.793838Z [info     ] INFO Contact.Description - True cmd_type=elb consumer=False job_name=dev:tap-salesforce-to-target-jsonl name=tap-salesforce producer=True run_id=fa00c07a-e945-44b4-9f23-35ef17aad220 stdio=stderr string_id=tap-salesforce
2025-05-26T08:26:23.793917Z [info     ] INFO Contact.OwnerId - True    cmd_type=elb consumer=False job_name=dev:tap-salesforce-to-target-jsonl name=tap-salesforce producer=True run_id=fa00c07a-e945-44b4-9f23-35ef17aad220 stdio=stderr string_id=tap-salesforce
2025-05-26T08:26:23.794003Z [info     ] INFO Contact.CreatedDate - True cmd_type=elb consumer=False job_name=dev:tap-salesforce-to-target-jsonl name=tap-salesforce producer=True run_id=fa00c07a-e945-44b4-9f23-35ef17aad220 stdio=stderr string_id=tap-salesforce
2025-05-26T08:26:23.794086Z [info     ] INFO Contact.CreatedById - True cmd_type=elb consumer=False job_name=dev:tap-salesforce-to-target-jsonl name=tap-salesforce producer=True run_id=fa00c07a-e945-44b4-9f23-35ef17aad220 stdio=stderr string_id=tap-salesforce
2025-05-26T08:26:23.794167Z [info     ] INFO Contact.LastModifiedDate - True cmd_type=elb consumer=False job_name=dev:tap-salesforce-to-target-jsonl name=tap-salesforce producer=True run_id=fa00c07a-e945-44b4-9f23-35ef17aad220 stdio=stderr string_id=tap-salesforce
2025-05-26T08:26:23.794248Z [info     ] INFO Contact.LastModifiedById - True cmd_type=elb consumer=False job_name=dev:tap-salesforce-to-target-jsonl name=tap-salesforce producer=True run_id=fa00c07a-e945-44b4-9f23-35ef17aad220 stdio=stderr string_id=tap-salesforce
2025-05-26T08:26:23.794329Z [info     ] INFO Contact.SystemModstamp - True cmd_type=elb consumer=False job_name=dev:tap-salesforce-to-target-jsonl name=tap-salesforce producer=True run_id=fa00c07a-e945-44b4-9f23-35ef17aad220 stdio=stderr string_id=tap-salesforce
2025-05-26T08:26:23.794409Z [info     ] INFO Contact.LastActivityDate - True cmd_type=elb consumer=False job_name=dev:tap-salesforce-to-target-jsonl name=tap-salesforce producer=True run_id=fa00c07a-e945-44b4-9f23-35ef17aad220 stdio=stderr string_id=tap-salesforce
2025-05-26T08:26:23.794489Z [info     ] INFO Contact.LastCURequestDate - True cmd_type=elb consumer=False job_name=dev:tap-salesforce-to-target-jsonl name=tap-salesforce producer=True run_id=fa00c07a-e945-44b4-9f23-35ef17aad220 stdio=stderr string_id=tap-salesforce
2025-05-26T08:26:23.794570Z [info     ] INFO Contact.LastCUUpdateDate - True cmd_type=elb consumer=False job_name=dev:tap-salesforce-to-target-jsonl name=tap-salesforce producer=True run_id=fa00c07a-e945-44b4-9f23-35ef17aad220 stdio=stderr string_id=tap-salesforce
2025-05-26T08:26:23.794649Z [info     ] INFO Contact.LastViewedDate - True cmd_type=elb consumer=False job_name=dev:tap-salesforce-to-target-jsonl name=tap-salesforce producer=True run_id=fa00c07a-e945-44b4-9f23-35ef17aad220 stdio=stderr string_id=tap-salesforce
2025-05-26T08:26:23.794729Z [info     ] INFO Contact.LastReferencedDate - True cmd_type=elb consumer=False job_name=dev:tap-salesforce-to-target-jsonl name=tap-salesforce producer=True run_id=fa00c07a-e945-44b4-9f23-35ef17aad220 stdio=stderr string_id=tap-salesforce
2025-05-26T08:26:23.794810Z [info     ] INFO Contact.EmailBouncedReason - True cmd_type=elb consumer=False job_name=dev:tap-salesforce-to-target-jsonl name=tap-salesforce producer=True run_id=fa00c07a-e945-44b4-9f23-35ef17aad220 stdio=stderr string_id=tap-salesforce
2025-05-26T08:26:23.794890Z [info     ] INFO Contact.EmailBouncedDate - True cmd_type=elb consumer=False job_name=dev:tap-salesforce-to-target-jsonl name=tap-salesforce producer=True run_id=fa00c07a-e945-44b4-9f23-35ef17aad220 stdio=stderr string_id=tap-salesforce
2025-05-26T08:26:23.794970Z [info     ] INFO Contact.IsEmailBounced - True cmd_type=elb consumer=False job_name=dev:tap-salesforce-to-target-jsonl name=tap-salesforce producer=True run_id=fa00c07a-e945-44b4-9f23-35ef17aad220 stdio=stderr string_id=tap-salesforce
2025-05-26T08:26:23.795051Z [info     ] INFO Contact.PhotoUrl - True   cmd_type=elb consumer=False job_name=dev:tap-salesforce-to-target-jsonl name=tap-salesforce producer=True run_id=fa00c07a-e945-44b4-9f23-35ef17aad220 stdio=stderr string_id=tap-salesforce
2025-05-26T08:26:23.795131Z [info     ] INFO Contact.Jigsaw - True     cmd_type=elb consumer=False job_name=dev:tap-salesforce-to-target-jsonl name=tap-salesforce producer=True run_id=fa00c07a-e945-44b4-9f23-35ef17aad220 stdio=stderr string_id=tap-salesforce
2025-05-26T08:26:23.795210Z [info     ] INFO Contact.JigsawContactId - True cmd_type=elb consumer=False job_name=dev:tap-salesforce-to-target-jsonl name=tap-salesforce producer=True run_id=fa00c07a-e945-44b4-9f23-35ef17aad220 stdio=stderr string_id=tap-salesforce
2025-05-26T08:26:23.795296Z [info     ] INFO Contact.CleanStatus - True cmd_type=elb consumer=False job_name=dev:tap-salesforce-to-target-jsonl name=tap-salesforce producer=True run_id=fa00c07a-e945-44b4-9f23-35ef17aad220 stdio=stderr string_id=tap-salesforce
2025-05-26T08:26:23.795376Z [info     ] INFO Contact.IndividualId - True cmd_type=elb consumer=False job_name=dev:tap-salesforce-to-target-jsonl name=tap-salesforce producer=True run_id=fa00c07a-e945-44b4-9f23-35ef17aad220 stdio=stderr string_id=tap-salesforce
2025-05-26T08:26:23.795456Z [info     ] INFO Contact.IsPriorityRecord - True cmd_type=elb consumer=False job_name=dev:tap-salesforce-to-target-jsonl name=tap-salesforce producer=True run_id=fa00c07a-e945-44b4-9f23-35ef17aad220 stdio=stderr string_id=tap-salesforce
2025-05-26T08:26:23.795535Z [info     ] INFO Contact.Level__c - True   cmd_type=elb consumer=False job_name=dev:tap-salesforce-to-target-jsonl name=tap-salesforce producer=True run_id=fa00c07a-e945-44b4-9f23-35ef17aad220 stdio=stderr string_id=tap-salesforce
2025-05-26T08:26:23.795615Z [info     ] INFO Contact.Languages__c - True cmd_type=elb consumer=False job_name=dev:tap-salesforce-to-target-jsonl name=tap-salesforce producer=True run_id=fa00c07a-e945-44b4-9f23-35ef17aad220 stdio=stderr string_id=tap-salesforce
2025-05-26T08:26:23.795695Z [info     ] INFO Syncing Salesforce data for stream Lead cmd_type=elb consumer=False job_name=dev:tap-salesforce-to-target-jsonl name=tap-salesforce producer=True run_id=fa00c07a-e945-44b4-9f23-35ef17aad220 stdio=stderr string_id=tap-salesforce
2025-05-26T08:26:23.795780Z [info     ] INFO Making GET request to https://orgfarm-b529f752a8-dev-ed.develop.my.salesforce.com/services/data/v60.0/queryAll with params: {'q': 'SELECT Id,IsDeleted,MasterRecordId,LastName,FirstName,Salutation,Name,Title,Company,Street,City,State,PostalCode,Country,StateCode,CountryCode,Latitude,Longitude,GeocodeAccuracy,Address,Phone,MobilePhone,Fax,Email,Website,PhotoUrl,Description,LeadSource,Status,Industry,Rating,AnnualRevenue,NumberOfEmployees,OwnerId,IsConverted,ConvertedDate,ConvertedAccountId,ConvertedContactId,ConvertedOpportunityId,IsUnreadByOwner,CreatedDate,CreatedById,LastModifiedDate,LastModifiedById,SystemModstamp,LastActivityDate,LastViewedDate,LastReferencedDate,Jigsaw,JigsawContactId,CleanStatus,CompanyDunsNumber,DandbCompanyId,EmailBouncedReason,EmailBouncedDate,IndividualId,IsPriorityRecord,SICCode__c,ProductInterest__c,Primary__c,CurrentGenerators__c,NumberofLocations__c FROM Lead WHERE SystemModstamp >= 2025-05-25T00:00:00+00:00  ORDER BY SystemModstamp ASC'} cmd_type=elb consumer=False job_name=dev:tap-salesforce-to-target-jsonl name=tap-salesforce producer=True run_id=fa00c07a-e945-44b4-9f23-35ef17aad220 stdio=stderr string_id=tap-salesforce
2025-05-26T08:26:23.796015Z [info     ] WARNING Unknown message type ACTIVATE_VERSION in message {'type': 'ACTIVATE_VERSION', 'stream': 'Lead', 'version': 1748202415132} cmd_type=elb consumer=True job_name=dev:tap-salesforce-to-target-jsonl name=target-jsonl producer=False run_id=fa00c07a-e945-44b4-9f23-35ef17aad220 stdio=stderr string_id=target-jsonl
2025-05-26T08:26:23.796123Z [info     ] INFO Account: Starting         cmd_type=elb consumer=False job_name=dev:tap-salesforce-to-target-jsonl name=tap-salesforce producer=True run_id=fa00c07a-e945-44b4-9f23-35ef17aad220 stdio=stderr string_id=tap-salesforce
2025-05-26T08:26:23.796209Z [info     ] INFO Account.Id - True         cmd_type=elb consumer=False job_name=dev:tap-salesforce-to-target-jsonl name=tap-salesforce producer=True run_id=fa00c07a-e945-44b4-9f23-35ef17aad220 stdio=stderr string_id=tap-salesforce
2025-05-26T08:26:23.796294Z [info     ] INFO Account.IsDeleted - True  cmd_type=elb consumer=False job_name=dev:tap-salesforce-to-target-jsonl name=tap-salesforce producer=True run_id=fa00c07a-e945-44b4-9f23-35ef17aad220 stdio=stderr string_id=tap-salesforce
2025-05-26T08:26:23.796378Z [info     ] INFO Account.MasterRecordId - True cmd_type=elb consumer=False job_name=dev:tap-salesforce-to-target-jsonl name=tap-salesforce producer=True run_id=fa00c07a-e945-44b4-9f23-35ef17aad220 stdio=stderr string_id=tap-salesforce
2025-05-26T08:26:23.796457Z [info     ] INFO Account.Name - True       cmd_type=elb consumer=False job_name=dev:tap-salesforce-to-target-jsonl name=tap-salesforce producer=True run_id=fa00c07a-e945-44b4-9f23-35ef17aad220 stdio=stderr string_id=tap-salesforce
2025-05-26T08:26:23.796536Z [info     ] INFO Account.Type - True       cmd_type=elb consumer=False job_name=dev:tap-salesforce-to-target-jsonl name=tap-salesforce producer=True run_id=fa00c07a-e945-44b4-9f23-35ef17aad220 stdio=stderr string_id=tap-salesforce
2025-05-26T08:26:23.796615Z [info     ] INFO Account.ParentId - True   cmd_type=elb consumer=False job_name=dev:tap-salesforce-to-target-jsonl name=tap-salesforce producer=True run_id=fa00c07a-e945-44b4-9f23-35ef17aad220 stdio=stderr string_id=tap-salesforce
2025-05-26T08:26:23.796696Z [info     ] INFO Account.BillingStreet - True cmd_type=elb consumer=False job_name=dev:tap-salesforce-to-target-jsonl name=tap-salesforce producer=True run_id=fa00c07a-e945-44b4-9f23-35ef17aad220 stdio=stderr string_id=tap-salesforce
2025-05-26T08:26:23.796774Z [info     ] INFO Account.BillingCity - True cmd_type=elb consumer=False job_name=dev:tap-salesforce-to-target-jsonl name=tap-salesforce producer=True run_id=fa00c07a-e945-44b4-9f23-35ef17aad220 stdio=stderr string_id=tap-salesforce
2025-05-26T08:26:23.796855Z [info     ] INFO Account.BillingState - True cmd_type=elb consumer=False job_name=dev:tap-salesforce-to-target-jsonl name=tap-salesforce producer=True run_id=fa00c07a-e945-44b4-9f23-35ef17aad220 stdio=stderr string_id=tap-salesforce
2025-05-26T08:26:23.796936Z [info     ] INFO Account.BillingPostalCode - True cmd_type=elb consumer=False job_name=dev:tap-salesforce-to-target-jsonl name=tap-salesforce producer=True run_id=fa00c07a-e945-44b4-9f23-35ef17aad220 stdio=stderr string_id=tap-salesforce
2025-05-26T08:26:23.797016Z [info     ] INFO Account.BillingCountry - True cmd_type=elb consumer=False job_name=dev:tap-salesforce-to-target-jsonl name=tap-salesforce producer=True run_id=fa00c07a-e945-44b4-9f23-35ef17aad220 stdio=stderr string_id=tap-salesforce
2025-05-26T08:26:23.797096Z [info     ] INFO Account.BillingStateCode - True cmd_type=elb consumer=False job_name=dev:tap-salesforce-to-target-jsonl name=tap-salesforce producer=True run_id=fa00c07a-e945-44b4-9f23-35ef17aad220 stdio=stderr string_id=tap-salesforce
2025-05-26T08:26:23.797176Z [info     ] INFO Account.BillingCountryCode - True cmd_type=elb consumer=False job_name=dev:tap-salesforce-to-target-jsonl name=tap-salesforce producer=True run_id=fa00c07a-e945-44b4-9f23-35ef17aad220 stdio=stderr string_id=tap-salesforce
2025-05-26T08:26:23.797256Z [info     ] INFO Account.BillingLatitude - True cmd_type=elb consumer=False job_name=dev:tap-salesforce-to-target-jsonl name=tap-salesforce producer=True run_id=fa00c07a-e945-44b4-9f23-35ef17aad220 stdio=stderr string_id=tap-salesforce
2025-05-26T08:26:23.797336Z [info     ] INFO Account.BillingLongitude - True cmd_type=elb consumer=False job_name=dev:tap-salesforce-to-target-jsonl name=tap-salesforce producer=True run_id=fa00c07a-e945-44b4-9f23-35ef17aad220 stdio=stderr string_id=tap-salesforce
2025-05-26T08:26:23.797417Z [info     ] INFO Account.BillingGeocodeAccuracy - True cmd_type=elb consumer=False job_name=dev:tap-salesforce-to-target-jsonl name=tap-salesforce producer=True run_id=fa00c07a-e945-44b4-9f23-35ef17aad220 stdio=stderr string_id=tap-salesforce
2025-05-26T08:26:23.797497Z [info     ] INFO Account.BillingAddress - True cmd_type=elb consumer=False job_name=dev:tap-salesforce-to-target-jsonl name=tap-salesforce producer=True run_id=fa00c07a-e945-44b4-9f23-35ef17aad220 stdio=stderr string_id=tap-salesforce
2025-05-26T08:26:23.797577Z [info     ] INFO Account.street - True     cmd_type=elb consumer=False job_name=dev:tap-salesforce-to-target-jsonl name=tap-salesforce producer=True run_id=fa00c07a-e945-44b4-9f23-35ef17aad220 stdio=stderr string_id=tap-salesforce
2025-05-26T08:26:23.797663Z [info     ] INFO Account.state - True      cmd_type=elb consumer=False job_name=dev:tap-salesforce-to-target-jsonl name=tap-salesforce producer=True run_id=fa00c07a-e945-44b4-9f23-35ef17aad220 stdio=stderr string_id=tap-salesforce
2025-05-26T08:26:23.797741Z [info     ] INFO Account.postalCode - True cmd_type=elb consumer=False job_name=dev:tap-salesforce-to-target-jsonl name=tap-salesforce producer=True run_id=fa00c07a-e945-44b4-9f23-35ef17aad220 stdio=stderr string_id=tap-salesforce
2025-05-26T08:26:23.797820Z [info     ] INFO Account.city - True       cmd_type=elb consumer=False job_name=dev:tap-salesforce-to-target-jsonl name=tap-salesforce producer=True run_id=fa00c07a-e945-44b4-9f23-35ef17aad220 stdio=stderr string_id=tap-salesforce
2025-05-26T08:26:23.797900Z [info     ] INFO Account.country - True    cmd_type=elb consumer=False job_name=dev:tap-salesforce-to-target-jsonl name=tap-salesforce producer=True run_id=fa00c07a-e945-44b4-9f23-35ef17aad220 stdio=stderr string_id=tap-salesforce
2025-05-26T08:26:23.797979Z [info     ] INFO Account.longitude - True  cmd_type=elb consumer=False job_name=dev:tap-salesforce-to-target-jsonl name=tap-salesforce producer=True run_id=fa00c07a-e945-44b4-9f23-35ef17aad220 stdio=stderr string_id=tap-salesforce
2025-05-26T08:26:23.798059Z [info     ] INFO Account.latitude - True   cmd_type=elb consumer=False job_name=dev:tap-salesforce-to-target-jsonl name=tap-salesforce producer=True run_id=fa00c07a-e945-44b4-9f23-35ef17aad220 stdio=stderr string_id=tap-salesforce
2025-05-26T08:26:23.798139Z [info     ] INFO Account.geocodeAccuracy - True cmd_type=elb consumer=False job_name=dev:tap-salesforce-to-target-jsonl name=tap-salesforce producer=True run_id=fa00c07a-e945-44b4-9f23-35ef17aad220 stdio=stderr string_id=tap-salesforce
2025-05-26T08:26:23.798223Z [info     ] INFO Account.ShippingStreet - True cmd_type=elb consumer=False job_name=dev:tap-salesforce-to-target-jsonl name=tap-salesforce producer=True run_id=fa00c07a-e945-44b4-9f23-35ef17aad220 stdio=stderr string_id=tap-salesforce
2025-05-26T08:26:23.798303Z [info     ] INFO Account.ShippingCity - True cmd_type=elb consumer=False job_name=dev:tap-salesforce-to-target-jsonl name=tap-salesforce producer=True run_id=fa00c07a-e945-44b4-9f23-35ef17aad220 stdio=stderr string_id=tap-salesforce
2025-05-26T08:26:23.798382Z [info     ] INFO Account.ShippingState - True cmd_type=elb consumer=False job_name=dev:tap-salesforce-to-target-jsonl name=tap-salesforce producer=True run_id=fa00c07a-e945-44b4-9f23-35ef17aad220 stdio=stderr string_id=tap-salesforce
2025-05-26T08:26:23.798462Z [info     ] INFO Account.ShippingPostalCode - True cmd_type=elb consumer=False job_name=dev:tap-salesforce-to-target-jsonl name=tap-salesforce producer=True run_id=fa00c07a-e945-44b4-9f23-35ef17aad220 stdio=stderr string_id=tap-salesforce
2025-05-26T08:26:23.798542Z [info     ] INFO Account.ShippingCountry - True cmd_type=elb consumer=False job_name=dev:tap-salesforce-to-target-jsonl name=tap-salesforce producer=True run_id=fa00c07a-e945-44b4-9f23-35ef17aad220 stdio=stderr string_id=tap-salesforce
2025-05-26T08:26:23.798622Z [info     ] INFO Account.ShippingStateCode - True cmd_type=elb consumer=False job_name=dev:tap-salesforce-to-target-jsonl name=tap-salesforce producer=True run_id=fa00c07a-e945-44b4-9f23-35ef17aad220 stdio=stderr string_id=tap-salesforce
2025-05-26T08:26:23.798701Z [info     ] INFO Account.ShippingCountryCode - True cmd_type=elb consumer=False job_name=dev:tap-salesforce-to-target-jsonl name=tap-salesforce producer=True run_id=fa00c07a-e945-44b4-9f23-35ef17aad220 stdio=stderr string_id=tap-salesforce
2025-05-26T08:26:23.798780Z [info     ] INFO Account.ShippingLatitude - True cmd_type=elb consumer=False job_name=dev:tap-salesforce-to-target-jsonl name=tap-salesforce producer=True run_id=fa00c07a-e945-44b4-9f23-35ef17aad220 stdio=stderr string_id=tap-salesforce
2025-05-26T08:26:23.798861Z [info     ] INFO Account.ShippingLongitude - True cmd_type=elb consumer=False job_name=dev:tap-salesforce-to-target-jsonl name=tap-salesforce producer=True run_id=fa00c07a-e945-44b4-9f23-35ef17aad220 stdio=stderr string_id=tap-salesforce
2025-05-26T08:26:23.798949Z [info     ] INFO Account.ShippingGeocodeAccuracy - True cmd_type=elb consumer=False job_name=dev:tap-salesforce-to-target-jsonl name=tap-salesforce producer=True run_id=fa00c07a-e945-44b4-9f23-35ef17aad220 stdio=stderr string_id=tap-salesforce
2025-05-26T08:26:23.799030Z [info     ] INFO Account.ShippingAddress - True cmd_type=elb consumer=False job_name=dev:tap-salesforce-to-target-jsonl name=tap-salesforce producer=True run_id=fa00c07a-e945-44b4-9f23-35ef17aad220 stdio=stderr string_id=tap-salesforce
2025-05-26T08:26:23.799109Z [info     ] INFO Account.street - True     cmd_type=elb consumer=False job_name=dev:tap-salesforce-to-target-jsonl name=tap-salesforce producer=True run_id=fa00c07a-e945-44b4-9f23-35ef17aad220 stdio=stderr string_id=tap-salesforce
2025-05-26T08:26:23.799190Z [info     ] INFO Account.state - True      cmd_type=elb consumer=False job_name=dev:tap-salesforce-to-target-jsonl name=tap-salesforce producer=True run_id=fa00c07a-e945-44b4-9f23-35ef17aad220 stdio=stderr string_id=tap-salesforce
2025-05-26T08:26:23.799270Z [info     ] INFO Account.postalCode - True cmd_type=elb consumer=False job_name=dev:tap-salesforce-to-target-jsonl name=tap-salesforce producer=True run_id=fa00c07a-e945-44b4-9f23-35ef17aad220 stdio=stderr string_id=tap-salesforce
2025-05-26T08:26:23.799349Z [info     ] INFO Account.city - True       cmd_type=elb consumer=False job_name=dev:tap-salesforce-to-target-jsonl name=tap-salesforce producer=True run_id=fa00c07a-e945-44b4-9f23-35ef17aad220 stdio=stderr string_id=tap-salesforce
2025-05-26T08:26:23.799427Z [info     ] INFO Account.country - True    cmd_type=elb consumer=False job_name=dev:tap-salesforce-to-target-jsonl name=tap-salesforce producer=True run_id=fa00c07a-e945-44b4-9f23-35ef17aad220 stdio=stderr string_id=tap-salesforce
2025-05-26T08:26:23.799508Z [info     ] INFO Account.longitude - True  cmd_type=elb consumer=False job_name=dev:tap-salesforce-to-target-jsonl name=tap-salesforce producer=True run_id=fa00c07a-e945-44b4-9f23-35ef17aad220 stdio=stderr string_id=tap-salesforce
2025-05-26T08:26:23.799587Z [info     ] INFO Account.latitude - True   cmd_type=elb consumer=False job_name=dev:tap-salesforce-to-target-jsonl name=tap-salesforce producer=True run_id=fa00c07a-e945-44b4-9f23-35ef17aad220 stdio=stderr string_id=tap-salesforce
2025-05-26T08:26:23.799668Z [info     ] INFO Account.geocodeAccuracy - True cmd_type=elb consumer=False job_name=dev:tap-salesforce-to-target-jsonl name=tap-salesforce producer=True run_id=fa00c07a-e945-44b4-9f23-35ef17aad220 stdio=stderr string_id=tap-salesforce
2025-05-26T08:26:23.799747Z [info     ] INFO Account.Phone - True      cmd_type=elb consumer=False job_name=dev:tap-salesforce-to-target-jsonl name=tap-salesforce producer=True run_id=fa00c07a-e945-44b4-9f23-35ef17aad220 stdio=stderr string_id=tap-salesforce
2025-05-26T08:26:23.799827Z [info     ] INFO Account.Fax - True        cmd_type=elb consumer=False job_name=dev:tap-salesforce-to-target-jsonl name=tap-salesforce producer=True run_id=fa00c07a-e945-44b4-9f23-35ef17aad220 stdio=stderr string_id=tap-salesforce
2025-05-26T08:26:23.799907Z [info     ] INFO Account.AccountNumber - True cmd_type=elb consumer=False job_name=dev:tap-salesforce-to-target-jsonl name=tap-salesforce producer=True run_id=fa00c07a-e945-44b4-9f23-35ef17aad220 stdio=stderr string_id=tap-salesforce
2025-05-26T08:26:23.799988Z [info     ] INFO Account.Website - True    cmd_type=elb consumer=False job_name=dev:tap-salesforce-to-target-jsonl name=tap-salesforce producer=True run_id=fa00c07a-e945-44b4-9f23-35ef17aad220 stdio=stderr string_id=tap-salesforce
2025-05-26T08:26:23.800068Z [info     ] INFO Account.PhotoUrl - True   cmd_type=elb consumer=False job_name=dev:tap-salesforce-to-target-jsonl name=tap-salesforce producer=True run_id=fa00c07a-e945-44b4-9f23-35ef17aad220 stdio=stderr string_id=tap-salesforce
2025-05-26T08:26:23.800155Z [info     ] INFO Account.Sic - True        cmd_type=elb consumer=False job_name=dev:tap-salesforce-to-target-jsonl name=tap-salesforce producer=True run_id=fa00c07a-e945-44b4-9f23-35ef17aad220 stdio=stderr string_id=tap-salesforce
2025-05-26T08:26:23.800236Z [info     ] INFO Account.Industry - True   cmd_type=elb consumer=False job_name=dev:tap-salesforce-to-target-jsonl name=tap-salesforce producer=True run_id=fa00c07a-e945-44b4-9f23-35ef17aad220 stdio=stderr string_id=tap-salesforce
2025-05-26T08:26:23.800317Z [info     ] INFO Account.AnnualRevenue - True cmd_type=elb consumer=False job_name=dev:tap-salesforce-to-target-jsonl name=tap-salesforce producer=True run_id=fa00c07a-e945-44b4-9f23-35ef17aad220 stdio=stderr string_id=tap-salesforce
2025-05-26T08:26:23.800398Z [info     ] INFO Account.NumberOfEmployees - True cmd_type=elb consumer=False job_name=dev:tap-salesforce-to-target-jsonl name=tap-salesforce producer=True run_id=fa00c07a-e945-44b4-9f23-35ef17aad220 stdio=stderr string_id=tap-salesforce
2025-05-26T08:26:23.800477Z [info     ] INFO Account.Ownership - True  cmd_type=elb consumer=False job_name=dev:tap-salesforce-to-target-jsonl name=tap-salesforce producer=True run_id=fa00c07a-e945-44b4-9f23-35ef17aad220 stdio=stderr string_id=tap-salesforce
2025-05-26T08:26:23.800559Z [info     ] INFO Account.TickerSymbol - True cmd_type=elb consumer=False job_name=dev:tap-salesforce-to-target-jsonl name=tap-salesforce producer=True run_id=fa00c07a-e945-44b4-9f23-35ef17aad220 stdio=stderr string_id=tap-salesforce
2025-05-26T08:26:23.800636Z [info     ] INFO Account.Description - True cmd_type=elb consumer=False job_name=dev:tap-salesforce-to-target-jsonl name=tap-salesforce producer=True run_id=fa00c07a-e945-44b4-9f23-35ef17aad220 stdio=stderr string_id=tap-salesforce
2025-05-26T08:26:23.800717Z [info     ] INFO Account.Rating - True     cmd_type=elb consumer=False job_name=dev:tap-salesforce-to-target-jsonl name=tap-salesforce producer=True run_id=fa00c07a-e945-44b4-9f23-35ef17aad220 stdio=stderr string_id=tap-salesforce
2025-05-26T08:26:23.800798Z [info     ] INFO Account.Site - True       cmd_type=elb consumer=False job_name=dev:tap-salesforce-to-target-jsonl name=tap-salesforce producer=True run_id=fa00c07a-e945-44b4-9f23-35ef17aad220 stdio=stderr string_id=tap-salesforce
2025-05-26T08:26:23.800879Z [info     ] INFO Account.OwnerId - True    cmd_type=elb consumer=False job_name=dev:tap-salesforce-to-target-jsonl name=tap-salesforce producer=True run_id=fa00c07a-e945-44b4-9f23-35ef17aad220 stdio=stderr string_id=tap-salesforce
2025-05-26T08:26:23.800959Z [info     ] INFO Account.CreatedDate - True cmd_type=elb consumer=False job_name=dev:tap-salesforce-to-target-jsonl name=tap-salesforce producer=True run_id=fa00c07a-e945-44b4-9f23-35ef17aad220 stdio=stderr string_id=tap-salesforce
2025-05-26T08:26:23.801039Z [info     ] INFO Account.CreatedById - True cmd_type=elb consumer=False job_name=dev:tap-salesforce-to-target-jsonl name=tap-salesforce producer=True run_id=fa00c07a-e945-44b4-9f23-35ef17aad220 stdio=stderr string_id=tap-salesforce
2025-05-26T08:26:23.801120Z [info     ] INFO Account.LastModifiedDate - True cmd_type=elb consumer=False job_name=dev:tap-salesforce-to-target-jsonl name=tap-salesforce producer=True run_id=fa00c07a-e945-44b4-9f23-35ef17aad220 stdio=stderr string_id=tap-salesforce
2025-05-26T08:26:23.801202Z [info     ] INFO Account.LastModifiedById - True cmd_type=elb consumer=False job_name=dev:tap-salesforce-to-target-jsonl name=tap-salesforce producer=True run_id=fa00c07a-e945-44b4-9f23-35ef17aad220 stdio=stderr string_id=tap-salesforce
2025-05-26T08:26:23.801283Z [info     ] INFO Account.SystemModstamp - True cmd_type=elb consumer=False job_name=dev:tap-salesforce-to-target-jsonl name=tap-salesforce producer=True run_id=fa00c07a-e945-44b4-9f23-35ef17aad220 stdio=stderr string_id=tap-salesforce
2025-05-26T08:26:23.801364Z [info     ] INFO Account.LastActivityDate - True cmd_type=elb consumer=False job_name=dev:tap-salesforce-to-target-jsonl name=tap-salesforce producer=True run_id=fa00c07a-e945-44b4-9f23-35ef17aad220 stdio=stderr string_id=tap-salesforce
2025-05-26T08:26:23.801448Z [info     ] INFO Account.LastViewedDate - True cmd_type=elb consumer=False job_name=dev:tap-salesforce-to-target-jsonl name=tap-salesforce producer=True run_id=fa00c07a-e945-44b4-9f23-35ef17aad220 stdio=stderr string_id=tap-salesforce
2025-05-26T08:26:23.801529Z [info     ] INFO Account.LastReferencedDate - True cmd_type=elb consumer=False job_name=dev:tap-salesforce-to-target-jsonl name=tap-salesforce producer=True run_id=fa00c07a-e945-44b4-9f23-35ef17aad220 stdio=stderr string_id=tap-salesforce
2025-05-26T08:26:23.801610Z [info     ] INFO Account.Jigsaw - True     cmd_type=elb consumer=False job_name=dev:tap-salesforce-to-target-jsonl name=tap-salesforce producer=True run_id=fa00c07a-e945-44b4-9f23-35ef17aad220 stdio=stderr string_id=tap-salesforce
2025-05-26T08:26:23.801691Z [info     ] INFO Account.JigsawCompanyId - True cmd_type=elb consumer=False job_name=dev:tap-salesforce-to-target-jsonl name=tap-salesforce producer=True run_id=fa00c07a-e945-44b4-9f23-35ef17aad220 stdio=stderr string_id=tap-salesforce
2025-05-26T08:26:23.801773Z [info     ] INFO Account.CleanStatus - True cmd_type=elb consumer=False job_name=dev:tap-salesforce-to-target-jsonl name=tap-salesforce producer=True run_id=fa00c07a-e945-44b4-9f23-35ef17aad220 stdio=stderr string_id=tap-salesforce
2025-05-26T08:26:23.801854Z [info     ] INFO Account.AccountSource - True cmd_type=elb consumer=False job_name=dev:tap-salesforce-to-target-jsonl name=tap-salesforce producer=True run_id=fa00c07a-e945-44b4-9f23-35ef17aad220 stdio=stderr string_id=tap-salesforce
2025-05-26T08:26:23.801935Z [info     ] INFO Account.DunsNumber - True cmd_type=elb consumer=False job_name=dev:tap-salesforce-to-target-jsonl name=tap-salesforce producer=True run_id=fa00c07a-e945-44b4-9f23-35ef17aad220 stdio=stderr string_id=tap-salesforce
2025-05-26T08:26:23.802016Z [info     ] INFO Account.Tradestyle - True cmd_type=elb consumer=False job_name=dev:tap-salesforce-to-target-jsonl name=tap-salesforce producer=True run_id=fa00c07a-e945-44b4-9f23-35ef17aad220 stdio=stderr string_id=tap-salesforce
2025-05-26T08:26:23.802095Z [info     ] INFO Account.NaicsCode - True  cmd_type=elb consumer=False job_name=dev:tap-salesforce-to-target-jsonl name=tap-salesforce producer=True run_id=fa00c07a-e945-44b4-9f23-35ef17aad220 stdio=stderr string_id=tap-salesforce
2025-05-26T08:26:23.802175Z [info     ] INFO Account.NaicsDesc - True  cmd_type=elb consumer=False job_name=dev:tap-salesforce-to-target-jsonl name=tap-salesforce producer=True run_id=fa00c07a-e945-44b4-9f23-35ef17aad220 stdio=stderr string_id=tap-salesforce
2025-05-26T08:26:23.802255Z [info     ] INFO Account.YearStarted - True cmd_type=elb consumer=False job_name=dev:tap-salesforce-to-target-jsonl name=tap-salesforce producer=True run_id=fa00c07a-e945-44b4-9f23-35ef17aad220 stdio=stderr string_id=tap-salesforce
2025-05-26T08:26:23.802336Z [info     ] INFO Account.SicDesc - True    cmd_type=elb consumer=False job_name=dev:tap-salesforce-to-target-jsonl name=tap-salesforce producer=True run_id=fa00c07a-e945-44b4-9f23-35ef17aad220 stdio=stderr string_id=tap-salesforce
2025-05-26T08:26:23.802416Z [info     ] INFO Account.DandbCompanyId - True cmd_type=elb consumer=False job_name=dev:tap-salesforce-to-target-jsonl name=tap-salesforce producer=True run_id=fa00c07a-e945-44b4-9f23-35ef17aad220 stdio=stderr string_id=tap-salesforce
2025-05-26T08:26:23.802498Z [info     ] INFO Account.OperatingHoursId - True cmd_type=elb consumer=False job_name=dev:tap-salesforce-to-target-jsonl name=tap-salesforce producer=True run_id=fa00c07a-e945-44b4-9f23-35ef17aad220 stdio=stderr string_id=tap-salesforce
2025-05-26T08:26:23.802576Z [info     ] INFO Account.CustomerPriority__c - True cmd_type=elb consumer=False job_name=dev:tap-salesforce-to-target-jsonl name=tap-salesforce producer=True run_id=fa00c07a-e945-44b4-9f23-35ef17aad220 stdio=stderr string_id=tap-salesforce
2025-05-26T08:26:23.802654Z [info     ] INFO Account.SLA__c - True     cmd_type=elb consumer=False job_name=dev:tap-salesforce-to-target-jsonl name=tap-salesforce producer=True run_id=fa00c07a-e945-44b4-9f23-35ef17aad220 stdio=stderr string_id=tap-salesforce
2025-05-26T08:26:23.802740Z [info     ] INFO Account.Active__c - True  cmd_type=elb consumer=False job_name=dev:tap-salesforce-to-target-jsonl name=tap-salesforce producer=True run_id=fa00c07a-e945-44b4-9f23-35ef17aad220 stdio=stderr string_id=tap-salesforce
2025-05-26T08:26:23.802819Z [info     ] INFO Account.NumberofLocations__c - True cmd_type=elb consumer=False job_name=dev:tap-salesforce-to-target-jsonl name=tap-salesforce producer=True run_id=fa00c07a-e945-44b4-9f23-35ef17aad220 stdio=stderr string_id=tap-salesforce
2025-05-26T08:26:23.802900Z [info     ] INFO Account.UpsellOpportunity__c - True cmd_type=elb consumer=False job_name=dev:tap-salesforce-to-target-jsonl name=tap-salesforce producer=True run_id=fa00c07a-e945-44b4-9f23-35ef17aad220 stdio=stderr string_id=tap-salesforce
2025-05-26T08:26:23.802982Z [info     ] INFO Account.SLASerialNumber__c - True cmd_type=elb consumer=False job_name=dev:tap-salesforce-to-target-jsonl name=tap-salesforce producer=True run_id=fa00c07a-e945-44b4-9f23-35ef17aad220 stdio=stderr string_id=tap-salesforce
2025-05-26T08:26:23.803102Z [info     ] INFO Account.SLAExpirationDate__c - True cmd_type=elb consumer=False job_name=dev:tap-salesforce-to-target-jsonl name=tap-salesforce producer=True run_id=fa00c07a-e945-44b4-9f23-35ef17aad220 stdio=stderr string_id=tap-salesforce
2025-05-26T08:26:23.803186Z [info     ] INFO Syncing Salesforce data for stream Contact cmd_type=elb consumer=False job_name=dev:tap-salesforce-to-target-jsonl name=tap-salesforce producer=True run_id=fa00c07a-e945-44b4-9f23-35ef17aad220 stdio=stderr string_id=tap-salesforce
2025-05-26T08:26:23.803270Z [info     ] INFO Making GET request to https://orgfarm-b529f752a8-dev-ed.develop.my.salesforce.com/services/data/v60.0/queryAll with params: {'q': 'SELECT Id,IsDeleted,MasterRecordId,AccountId,LastName,FirstName,Salutation,Name,OtherStreet,OtherCity,OtherState,OtherPostalCode,OtherCountry,OtherStateCode,OtherCountryCode,OtherLatitude,OtherLongitude,OtherGeocodeAccuracy,OtherAddress,MailingStreet,MailingCity,MailingState,MailingPostalCode,MailingCountry,MailingStateCode,MailingCountryCode,MailingLatitude,MailingLongitude,MailingGeocodeAccuracy,MailingAddress,Phone,Fax,MobilePhone,HomePhone,OtherPhone,AssistantPhone,ReportsToId,Email,Title,Department,AssistantName,LeadSource,Birthdate,Description,OwnerId,CreatedDate,CreatedById,LastModifiedDate,LastModifiedById,SystemModstamp,LastActivityDate,LastCURequestDate,LastCUUpdateDate,LastViewedDate,LastReferencedDate,EmailBouncedReason,EmailBouncedDate,IsEmailBounced,PhotoUrl,Jigsaw,JigsawContactId,CleanStatus,IndividualId,IsPriorityRecord,Level__c,Languages__c FROM Contact WHERE SystemModstamp >= 2025-05-25T00:00:00+00:00  ORDER BY SystemModstamp ASC'} cmd_type=elb consumer=False job_name=dev:tap-salesforce-to-target-jsonl name=tap-salesforce producer=True run_id=fa00c07a-e945-44b4-9f23-35ef17aad220 stdio=stderr string_id=tap-salesforce
2025-05-26T08:26:23.803935Z [info     ] WARNING Unknown message type ACTIVATE_VERSION in message {'type': 'ACTIVATE_VERSION', 'stream': 'Contact', 'version': 1748202415125} cmd_type=elb consumer=True job_name=dev:tap-salesforce-to-target-jsonl name=target-jsonl producer=False run_id=fa00c07a-e945-44b4-9f23-35ef17aad220 stdio=stderr string_id=target-jsonl
2025-05-26T08:26:23.804468Z [info     ] INFO Syncing Salesforce data for stream Account cmd_type=elb consumer=False job_name=dev:tap-salesforce-to-target-jsonl name=tap-salesforce producer=True run_id=fa00c07a-e945-44b4-9f23-35ef17aad220 stdio=stderr string_id=tap-salesforce
2025-05-26T08:26:23.804816Z [info     ] INFO Making GET request to https://orgfarm-b529f752a8-dev-ed.develop.my.salesforce.com/services/data/v60.0/queryAll with params: {'q': 'SELECT Id,IsDeleted,MasterRecordId,Name,Type,ParentId,BillingStreet,BillingCity,BillingState,BillingPostalCode,BillingCountry,BillingStateCode,BillingCountryCode,BillingLatitude,BillingLongitude,BillingGeocodeAccuracy,BillingAddress,ShippingStreet,ShippingCity,ShippingState,ShippingPostalCode,ShippingCountry,ShippingStateCode,ShippingCountryCode,ShippingLatitude,ShippingLongitude,ShippingGeocodeAccuracy,ShippingAddress,Phone,Fax,AccountNumber,Website,PhotoUrl,Sic,Industry,AnnualRevenue,NumberOfEmployees,Ownership,TickerSymbol,Description,Rating,Site,OwnerId,CreatedDate,CreatedById,LastModifiedDate,LastModifiedById,SystemModstamp,LastActivityDate,LastViewedDate,LastReferencedDate,Jigsaw,JigsawCompanyId,CleanStatus,AccountSource,DunsNumber,Tradestyle,NaicsCode,NaicsDesc,YearStarted,SicDesc,DandbCompanyId,OperatingHoursId,CustomerPriority__c,SLA__c,Active__c,NumberofLocations__c,UpsellOpportunity__c,SLASerialNumber__c,SLAExpirationDate__c FROM Account WHERE SystemModstamp >= 2025-05-25T00:00:00+00:00  ORDER BY SystemModstamp ASC'} cmd_type=elb consumer=False job_name=dev:tap-salesforce-to-target-jsonl name=tap-salesforce producer=True run_id=fa00c07a-e945-44b4-9f23-35ef17aad220 stdio=stderr string_id=tap-salesforce
2025-05-26T08:26:23.805072Z [info     ] WARNING Unknown message type ACTIVATE_VERSION in message {'type': 'ACTIVATE_VERSION', 'stream': 'Account', 'version': 1748202415127} cmd_type=elb consumer=True job_name=dev:tap-salesforce-to-target-jsonl name=target-jsonl producer=False run_id=fa00c07a-e945-44b4-9f23-35ef17aad220 stdio=stderr string_id=target-jsonl
2025-05-26T08:26:24.070932Z [info     ] INFO Used 13646 of 15000 daily REST API quota cmd_type=elb consumer=False job_name=dev:tap-salesforce-to-target-jsonl name=tap-salesforce producer=True run_id=fa00c07a-e945-44b4-9f23-35ef17aad220 stdio=stderr string_id=tap-salesforce
2025-05-26T08:26:24.071232Z [info     ] INFO METRIC: {"type": "counter", "metric": "record_count", "value": 0, "tags": {"endpoint": "Account"}} cmd_type=elb consumer=False job_name=dev:tap-salesforce-to-target-jsonl name=tap-salesforce producer=True run_id=fa00c07a-e945-44b4-9f23-35ef17aad220 stdio=stderr string_id=tap-salesforce
2025-05-26T08:26:24.071356Z [info     ] INFO Completed sync for Account cmd_type=elb consumer=False job_name=dev:tap-salesforce-to-target-jsonl name=tap-salesforce producer=True run_id=fa00c07a-e945-44b4-9f23-35ef17aad220 stdio=stderr string_id=tap-salesforce
2025-05-26T08:26:24.101151Z [info     ] INFO Used 14149 of 15000 daily REST API quota cmd_type=elb consumer=False job_name=dev:tap-salesforce-to-target-jsonl name=tap-salesforce producer=True run_id=fa00c07a-e945-44b4-9f23-35ef17aad220 stdio=stderr string_id=tap-salesforce
2025-05-26T08:26:24.101451Z [info     ] INFO METRIC: {"type": "counter", "metric": "record_count", "value": 0, "tags": {"endpoint": "Contact"}} cmd_type=elb consumer=False job_name=dev:tap-salesforce-to-target-jsonl name=tap-salesforce producer=True run_id=fa00c07a-e945-44b4-9f23-35ef17aad220 stdio=stderr string_id=tap-salesforce
2025-05-26T08:26:24.101559Z [info     ] INFO Completed sync for Contact cmd_type=elb consumer=False job_name=dev:tap-salesforce-to-target-jsonl name=tap-salesforce producer=True run_id=fa00c07a-e945-44b4-9f23-35ef17aad220 stdio=stderr string_id=tap-salesforce
2025-05-26T08:26:24.768191Z [info     ] INFO Used 13673 of 15000 daily REST API quota cmd_type=elb consumer=False job_name=dev:tap-salesforce-to-target-jsonl name=tap-salesforce producer=True run_id=fa00c07a-e945-44b4-9f23-35ef17aad220 stdio=stderr string_id=tap-salesforce
2025-05-26T08:26:24.768539Z [info     ] INFO METRIC: {"type": "counter", "metric": "record_count", "value": 0, "tags": {"endpoint": "Lead"}} cmd_type=elb consumer=False job_name=dev:tap-salesforce-to-target-jsonl name=tap-salesforce producer=True run_id=fa00c07a-e945-44b4-9f23-35ef17aad220 stdio=stderr string_id=tap-salesforce
2025-05-26T08:26:24.768704Z [info     ] INFO Completed sync for Lead   cmd_type=elb consumer=False job_name=dev:tap-salesforce-to-target-jsonl name=tap-salesforce producer=True run_id=fa00c07a-e945-44b4-9f23-35ef17aad220 stdio=stderr string_id=tap-salesforce
2025-05-26T08:26:24.768900Z [info     ] INFO Finished sync             cmd_type=elb consumer=False job_name=dev:tap-salesforce-to-target-jsonl name=tap-salesforce producer=True run_id=fa00c07a-e945-44b4-9f23-35ef17aad220 stdio=stderr string_id=tap-salesforce
2025-05-26T08:26:24.802797Z [info     ] Using systemdb state backend
2025-05-26T08:26:24.808249Z [info     ] Incremental state has been updated at 2025-05-26 08:26:24.808228+00:00.
2025-05-26T08:26:24.814644Z [info     ] Block run completed.           block_type=ExtractLoadBlocks err=None set_number=0 success=True
