2025-05-25T19:47:51.148507Z [warning  ] Force option is enabled, ignoring stale job check.
2025-05-25T19:47:51.258683Z [info     ] Using systemdb state backend
2025-05-25T19:47:53.469258Z [info     ] /Users/tim.prudames/analytics/.meltano/extractors/tap-salesforce/venv/lib/python3.9/site-packages/urllib3/__init__.py:35: NotOpenSSLWarning: urllib3 v2 only supports OpenSSL 1.1.1+, currently the 'ssl' module is compiled with 'LibreSSL 2.8.3'. See: https://github.com/urllib3/urllib3/issues/3020 cmd_type=elb consumer=False job_name=dev:tap-salesforce-to-target-jsonl name=tap-salesforce producer=True run_id=34200ed2-2d5e-49a9-9dca-47125db53302 stdio=stderr string_id=tap-salesforce
2025-05-25T19:47:53.469630Z [info     ]   warnings.warn(               cmd_type=elb consumer=False job_name=dev:tap-salesforce-to-target-jsonl name=tap-salesforce producer=True run_id=34200ed2-2d5e-49a9-9dca-47125db53302 stdio=stderr string_id=tap-salesforce
2025-05-25T19:47:53.607303Z [info     ] INFO Parsed start date '2025-05-25T00:00:00+00:00' from value '2025-05-25' cmd_type=elb consumer=False job_name=dev:tap-salesforce-to-target-jsonl name=tap-salesforce producer=True run_id=34200ed2-2d5e-49a9-9dca-47125db53302 stdio=stderr string_id=tap-salesforce
2025-05-25T19:47:53.607545Z [info     ] INFO Attempting login via OAuth2 cmd_type=elb consumer=False job_name=dev:tap-salesforce-to-target-jsonl name=tap-salesforce producer=True run_id=34200ed2-2d5e-49a9-9dca-47125db53302 stdio=stderr string_id=tap-salesforce
2025-05-25T19:47:54.157787Z [info     ] INFO OAuth2 login successful   cmd_type=elb consumer=False job_name=dev:tap-salesforce-to-target-jsonl name=tap-salesforce producer=True run_id=34200ed2-2d5e-49a9-9dca-47125db53302 stdio=stderr string_id=tap-salesforce
2025-05-25T19:47:54.160258Z [info     ] INFO Starting new login timer  cmd_type=elb consumer=False job_name=dev:tap-salesforce-to-target-jsonl name=tap-salesforce producer=True run_id=34200ed2-2d5e-49a9-9dca-47125db53302 stdio=stderr string_id=tap-salesforce
2025-05-25T19:47:54.185210Z [info     ] INFO Starting sync             cmd_type=elb consumer=False job_name=dev:tap-salesforce-to-target-jsonl name=tap-salesforce producer=True run_id=34200ed2-2d5e-49a9-9dca-47125db53302 stdio=stderr string_id=tap-salesforce
2025-05-25T19:47:54.231234Z [info     ] INFO Contact: Starting         cmd_type=elb consumer=False job_name=dev:tap-salesforce-to-target-jsonl name=tap-salesforce producer=True run_id=34200ed2-2d5e-49a9-9dca-47125db53302 stdio=stderr string_id=tap-salesforce
2025-05-25T19:47:54.231574Z [info     ] INFO Contact.Id - True         cmd_type=elb consumer=False job_name=dev:tap-salesforce-to-target-jsonl name=tap-salesforce producer=True run_id=34200ed2-2d5e-49a9-9dca-47125db53302 stdio=stderr string_id=tap-salesforce
2025-05-25T19:47:54.231699Z [info     ] INFO Contact.IsDeleted - True  cmd_type=elb consumer=False job_name=dev:tap-salesforce-to-target-jsonl name=tap-salesforce producer=True run_id=34200ed2-2d5e-49a9-9dca-47125db53302 stdio=stderr string_id=tap-salesforce
2025-05-25T19:47:54.231831Z [info     ] INFO Contact.MasterRecordId - True cmd_type=elb consumer=False job_name=dev:tap-salesforce-to-target-jsonl name=tap-salesforce producer=True run_id=34200ed2-2d5e-49a9-9dca-47125db53302 stdio=stderr string_id=tap-salesforce
2025-05-25T19:47:54.231958Z [info     ] INFO Contact.AccountId - True  cmd_type=elb consumer=False job_name=dev:tap-salesforce-to-target-jsonl name=tap-salesforce producer=True run_id=34200ed2-2d5e-49a9-9dca-47125db53302 stdio=stderr string_id=tap-salesforce
2025-05-25T19:47:54.232055Z [info     ] INFO Contact.LastName - True   cmd_type=elb consumer=False job_name=dev:tap-salesforce-to-target-jsonl name=tap-salesforce producer=True run_id=34200ed2-2d5e-49a9-9dca-47125db53302 stdio=stderr string_id=tap-salesforce
2025-05-25T19:47:54.232150Z [info     ] INFO Contact.FirstName - True  cmd_type=elb consumer=False job_name=dev:tap-salesforce-to-target-jsonl name=tap-salesforce producer=True run_id=34200ed2-2d5e-49a9-9dca-47125db53302 stdio=stderr string_id=tap-salesforce
2025-05-25T19:47:54.232253Z [info     ] INFO Contact.Salutation - True cmd_type=elb consumer=False job_name=dev:tap-salesforce-to-target-jsonl name=tap-salesforce producer=True run_id=34200ed2-2d5e-49a9-9dca-47125db53302 stdio=stderr string_id=tap-salesforce
2025-05-25T19:47:54.232342Z [info     ] INFO Contact.Name - True       cmd_type=elb consumer=False job_name=dev:tap-salesforce-to-target-jsonl name=tap-salesforce producer=True run_id=34200ed2-2d5e-49a9-9dca-47125db53302 stdio=stderr string_id=tap-salesforce
2025-05-25T19:47:54.232430Z [info     ] INFO Contact.OtherStreet - True cmd_type=elb consumer=False job_name=dev:tap-salesforce-to-target-jsonl name=tap-salesforce producer=True run_id=34200ed2-2d5e-49a9-9dca-47125db53302 stdio=stderr string_id=tap-salesforce
2025-05-25T19:47:54.232518Z [info     ] INFO Contact.OtherCity - True  cmd_type=elb consumer=False job_name=dev:tap-salesforce-to-target-jsonl name=tap-salesforce producer=True run_id=34200ed2-2d5e-49a9-9dca-47125db53302 stdio=stderr string_id=tap-salesforce
2025-05-25T19:47:54.232606Z [info     ] INFO Contact.OtherState - True cmd_type=elb consumer=False job_name=dev:tap-salesforce-to-target-jsonl name=tap-salesforce producer=True run_id=34200ed2-2d5e-49a9-9dca-47125db53302 stdio=stderr string_id=tap-salesforce
2025-05-25T19:47:54.232692Z [info     ] INFO Contact.OtherPostalCode - True cmd_type=elb consumer=False job_name=dev:tap-salesforce-to-target-jsonl name=tap-salesforce producer=True run_id=34200ed2-2d5e-49a9-9dca-47125db53302 stdio=stderr string_id=tap-salesforce
2025-05-25T19:47:54.232779Z [info     ] INFO Contact.OtherCountry - True cmd_type=elb consumer=False job_name=dev:tap-salesforce-to-target-jsonl name=tap-salesforce producer=True run_id=34200ed2-2d5e-49a9-9dca-47125db53302 stdio=stderr string_id=tap-salesforce
2025-05-25T19:47:54.232866Z [info     ] INFO Contact.OtherStateCode - True cmd_type=elb consumer=False job_name=dev:tap-salesforce-to-target-jsonl name=tap-salesforce producer=True run_id=34200ed2-2d5e-49a9-9dca-47125db53302 stdio=stderr string_id=tap-salesforce
2025-05-25T19:47:54.232953Z [info     ] INFO Contact.OtherCountryCode - True cmd_type=elb consumer=False job_name=dev:tap-salesforce-to-target-jsonl name=tap-salesforce producer=True run_id=34200ed2-2d5e-49a9-9dca-47125db53302 stdio=stderr string_id=tap-salesforce
2025-05-25T19:47:54.233039Z [info     ] INFO Contact.OtherLatitude - True cmd_type=elb consumer=False job_name=dev:tap-salesforce-to-target-jsonl name=tap-salesforce producer=True run_id=34200ed2-2d5e-49a9-9dca-47125db53302 stdio=stderr string_id=tap-salesforce
2025-05-25T19:47:54.233124Z [info     ] INFO Contact.OtherLongitude - True cmd_type=elb consumer=False job_name=dev:tap-salesforce-to-target-jsonl name=tap-salesforce producer=True run_id=34200ed2-2d5e-49a9-9dca-47125db53302 stdio=stderr string_id=tap-salesforce
2025-05-25T19:47:54.233210Z [info     ] INFO Contact.OtherGeocodeAccuracy - True cmd_type=elb consumer=False job_name=dev:tap-salesforce-to-target-jsonl name=tap-salesforce producer=True run_id=34200ed2-2d5e-49a9-9dca-47125db53302 stdio=stderr string_id=tap-salesforce
2025-05-25T19:47:54.233296Z [info     ] INFO Contact.OtherAddress - True cmd_type=elb consumer=False job_name=dev:tap-salesforce-to-target-jsonl name=tap-salesforce producer=True run_id=34200ed2-2d5e-49a9-9dca-47125db53302 stdio=stderr string_id=tap-salesforce
2025-05-25T19:47:54.233382Z [info     ] INFO Contact.street - True     cmd_type=elb consumer=False job_name=dev:tap-salesforce-to-target-jsonl name=tap-salesforce producer=True run_id=34200ed2-2d5e-49a9-9dca-47125db53302 stdio=stderr string_id=tap-salesforce
2025-05-25T19:47:54.233468Z [info     ] INFO Contact.state - True      cmd_type=elb consumer=False job_name=dev:tap-salesforce-to-target-jsonl name=tap-salesforce producer=True run_id=34200ed2-2d5e-49a9-9dca-47125db53302 stdio=stderr string_id=tap-salesforce
2025-05-25T19:47:54.233555Z [info     ] INFO Contact.postalCode - True cmd_type=elb consumer=False job_name=dev:tap-salesforce-to-target-jsonl name=tap-salesforce producer=True run_id=34200ed2-2d5e-49a9-9dca-47125db53302 stdio=stderr string_id=tap-salesforce
2025-05-25T19:47:54.233650Z [info     ] INFO Contact.city - True       cmd_type=elb consumer=False job_name=dev:tap-salesforce-to-target-jsonl name=tap-salesforce producer=True run_id=34200ed2-2d5e-49a9-9dca-47125db53302 stdio=stderr string_id=tap-salesforce
2025-05-25T19:47:54.233756Z [info     ] INFO Contact.country - True    cmd_type=elb consumer=False job_name=dev:tap-salesforce-to-target-jsonl name=tap-salesforce producer=True run_id=34200ed2-2d5e-49a9-9dca-47125db53302 stdio=stderr string_id=tap-salesforce
2025-05-25T19:47:54.233849Z [info     ] INFO Contact.longitude - True  cmd_type=elb consumer=False job_name=dev:tap-salesforce-to-target-jsonl name=tap-salesforce producer=True run_id=34200ed2-2d5e-49a9-9dca-47125db53302 stdio=stderr string_id=tap-salesforce
2025-05-25T19:47:54.233937Z [info     ] INFO Contact.latitude - True   cmd_type=elb consumer=False job_name=dev:tap-salesforce-to-target-jsonl name=tap-salesforce producer=True run_id=34200ed2-2d5e-49a9-9dca-47125db53302 stdio=stderr string_id=tap-salesforce
2025-05-25T19:47:54.234024Z [info     ] INFO Contact.geocodeAccuracy - True cmd_type=elb consumer=False job_name=dev:tap-salesforce-to-target-jsonl name=tap-salesforce producer=True run_id=34200ed2-2d5e-49a9-9dca-47125db53302 stdio=stderr string_id=tap-salesforce
2025-05-25T19:47:54.234109Z [info     ] INFO Contact.MailingStreet - True cmd_type=elb consumer=False job_name=dev:tap-salesforce-to-target-jsonl name=tap-salesforce producer=True run_id=34200ed2-2d5e-49a9-9dca-47125db53302 stdio=stderr string_id=tap-salesforce
2025-05-25T19:47:54.234196Z [info     ] INFO Contact.MailingCity - True cmd_type=elb consumer=False job_name=dev:tap-salesforce-to-target-jsonl name=tap-salesforce producer=True run_id=34200ed2-2d5e-49a9-9dca-47125db53302 stdio=stderr string_id=tap-salesforce
2025-05-25T19:47:54.234281Z [info     ] INFO Contact.MailingState - True cmd_type=elb consumer=False job_name=dev:tap-salesforce-to-target-jsonl name=tap-salesforce producer=True run_id=34200ed2-2d5e-49a9-9dca-47125db53302 stdio=stderr string_id=tap-salesforce
2025-05-25T19:47:54.234366Z [info     ] INFO Contact.MailingPostalCode - True cmd_type=elb consumer=False job_name=dev:tap-salesforce-to-target-jsonl name=tap-salesforce producer=True run_id=34200ed2-2d5e-49a9-9dca-47125db53302 stdio=stderr string_id=tap-salesforce
2025-05-25T19:47:54.234452Z [info     ] INFO Contact.MailingCountry - True cmd_type=elb consumer=False job_name=dev:tap-salesforce-to-target-jsonl name=tap-salesforce producer=True run_id=34200ed2-2d5e-49a9-9dca-47125db53302 stdio=stderr string_id=tap-salesforce
2025-05-25T19:47:54.234539Z [info     ] INFO Contact.MailingStateCode - True cmd_type=elb consumer=False job_name=dev:tap-salesforce-to-target-jsonl name=tap-salesforce producer=True run_id=34200ed2-2d5e-49a9-9dca-47125db53302 stdio=stderr string_id=tap-salesforce
2025-05-25T19:47:54.234643Z [info     ] INFO Contact.MailingCountryCode - True cmd_type=elb consumer=False job_name=dev:tap-salesforce-to-target-jsonl name=tap-salesforce producer=True run_id=34200ed2-2d5e-49a9-9dca-47125db53302 stdio=stderr string_id=tap-salesforce
2025-05-25T19:47:54.234737Z [info     ] INFO Contact.MailingLatitude - True cmd_type=elb consumer=False job_name=dev:tap-salesforce-to-target-jsonl name=tap-salesforce producer=True run_id=34200ed2-2d5e-49a9-9dca-47125db53302 stdio=stderr string_id=tap-salesforce
2025-05-25T19:47:54.234826Z [info     ] INFO Contact.MailingLongitude - True cmd_type=elb consumer=False job_name=dev:tap-salesforce-to-target-jsonl name=tap-salesforce producer=True run_id=34200ed2-2d5e-49a9-9dca-47125db53302 stdio=stderr string_id=tap-salesforce
2025-05-25T19:47:54.234912Z [info     ] INFO Contact.MailingGeocodeAccuracy - True cmd_type=elb consumer=False job_name=dev:tap-salesforce-to-target-jsonl name=tap-salesforce producer=True run_id=34200ed2-2d5e-49a9-9dca-47125db53302 stdio=stderr string_id=tap-salesforce
2025-05-25T19:47:54.234998Z [info     ] INFO Contact.MailingAddress - True cmd_type=elb consumer=False job_name=dev:tap-salesforce-to-target-jsonl name=tap-salesforce producer=True run_id=34200ed2-2d5e-49a9-9dca-47125db53302 stdio=stderr string_id=tap-salesforce
2025-05-25T19:47:54.235090Z [info     ] INFO Contact.street - True     cmd_type=elb consumer=False job_name=dev:tap-salesforce-to-target-jsonl name=tap-salesforce producer=True run_id=34200ed2-2d5e-49a9-9dca-47125db53302 stdio=stderr string_id=tap-salesforce
2025-05-25T19:47:54.235177Z [info     ] INFO Contact.state - True      cmd_type=elb consumer=False job_name=dev:tap-salesforce-to-target-jsonl name=tap-salesforce producer=True run_id=34200ed2-2d5e-49a9-9dca-47125db53302 stdio=stderr string_id=tap-salesforce
2025-05-25T19:47:54.235263Z [info     ] INFO Contact.postalCode - True cmd_type=elb consumer=False job_name=dev:tap-salesforce-to-target-jsonl name=tap-salesforce producer=True run_id=34200ed2-2d5e-49a9-9dca-47125db53302 stdio=stderr string_id=tap-salesforce
2025-05-25T19:47:54.235347Z [info     ] INFO Contact.city - True       cmd_type=elb consumer=False job_name=dev:tap-salesforce-to-target-jsonl name=tap-salesforce producer=True run_id=34200ed2-2d5e-49a9-9dca-47125db53302 stdio=stderr string_id=tap-salesforce
2025-05-25T19:47:54.235432Z [info     ] INFO Contact.country - True    cmd_type=elb consumer=False job_name=dev:tap-salesforce-to-target-jsonl name=tap-salesforce producer=True run_id=34200ed2-2d5e-49a9-9dca-47125db53302 stdio=stderr string_id=tap-salesforce
2025-05-25T19:47:54.235517Z [info     ] INFO Contact.longitude - True  cmd_type=elb consumer=False job_name=dev:tap-salesforce-to-target-jsonl name=tap-salesforce producer=True run_id=34200ed2-2d5e-49a9-9dca-47125db53302 stdio=stderr string_id=tap-salesforce
2025-05-25T19:47:54.235601Z [info     ] INFO Contact.latitude - True   cmd_type=elb consumer=False job_name=dev:tap-salesforce-to-target-jsonl name=tap-salesforce producer=True run_id=34200ed2-2d5e-49a9-9dca-47125db53302 stdio=stderr string_id=tap-salesforce
2025-05-25T19:47:54.235687Z [info     ] INFO Contact.geocodeAccuracy - True cmd_type=elb consumer=False job_name=dev:tap-salesforce-to-target-jsonl name=tap-salesforce producer=True run_id=34200ed2-2d5e-49a9-9dca-47125db53302 stdio=stderr string_id=tap-salesforce
2025-05-25T19:47:54.235772Z [info     ] INFO Contact.Phone - True      cmd_type=elb consumer=False job_name=dev:tap-salesforce-to-target-jsonl name=tap-salesforce producer=True run_id=34200ed2-2d5e-49a9-9dca-47125db53302 stdio=stderr string_id=tap-salesforce
2025-05-25T19:47:54.235856Z [info     ] INFO Contact.Fax - True        cmd_type=elb consumer=False job_name=dev:tap-salesforce-to-target-jsonl name=tap-salesforce producer=True run_id=34200ed2-2d5e-49a9-9dca-47125db53302 stdio=stderr string_id=tap-salesforce
2025-05-25T19:47:54.235940Z [info     ] INFO Contact.MobilePhone - True cmd_type=elb consumer=False job_name=dev:tap-salesforce-to-target-jsonl name=tap-salesforce producer=True run_id=34200ed2-2d5e-49a9-9dca-47125db53302 stdio=stderr string_id=tap-salesforce
2025-05-25T19:47:54.236024Z [info     ] INFO Contact.HomePhone - True  cmd_type=elb consumer=False job_name=dev:tap-salesforce-to-target-jsonl name=tap-salesforce producer=True run_id=34200ed2-2d5e-49a9-9dca-47125db53302 stdio=stderr string_id=tap-salesforce
2025-05-25T19:47:54.236108Z [info     ] INFO Contact.OtherPhone - True cmd_type=elb consumer=False job_name=dev:tap-salesforce-to-target-jsonl name=tap-salesforce producer=True run_id=34200ed2-2d5e-49a9-9dca-47125db53302 stdio=stderr string_id=tap-salesforce
2025-05-25T19:47:54.236192Z [info     ] INFO Contact.AssistantPhone - True cmd_type=elb consumer=False job_name=dev:tap-salesforce-to-target-jsonl name=tap-salesforce producer=True run_id=34200ed2-2d5e-49a9-9dca-47125db53302 stdio=stderr string_id=tap-salesforce
2025-05-25T19:47:54.236276Z [info     ] INFO Contact.ReportsToId - True cmd_type=elb consumer=False job_name=dev:tap-salesforce-to-target-jsonl name=tap-salesforce producer=True run_id=34200ed2-2d5e-49a9-9dca-47125db53302 stdio=stderr string_id=tap-salesforce
2025-05-25T19:47:54.236372Z [info     ] INFO Contact.Email - True      cmd_type=elb consumer=False job_name=dev:tap-salesforce-to-target-jsonl name=tap-salesforce producer=True run_id=34200ed2-2d5e-49a9-9dca-47125db53302 stdio=stderr string_id=tap-salesforce
2025-05-25T19:47:54.236457Z [info     ] INFO Contact.Title - True      cmd_type=elb consumer=False job_name=dev:tap-salesforce-to-target-jsonl name=tap-salesforce producer=True run_id=34200ed2-2d5e-49a9-9dca-47125db53302 stdio=stderr string_id=tap-salesforce
2025-05-25T19:47:54.236542Z [info     ] INFO Contact.Department - True cmd_type=elb consumer=False job_name=dev:tap-salesforce-to-target-jsonl name=tap-salesforce producer=True run_id=34200ed2-2d5e-49a9-9dca-47125db53302 stdio=stderr string_id=tap-salesforce
2025-05-25T19:47:54.236619Z [info     ] INFO Contact.AssistantName - True cmd_type=elb consumer=False job_name=dev:tap-salesforce-to-target-jsonl name=tap-salesforce producer=True run_id=34200ed2-2d5e-49a9-9dca-47125db53302 stdio=stderr string_id=tap-salesforce
2025-05-25T19:47:54.236695Z [info     ] INFO Contact.LeadSource - True cmd_type=elb consumer=False job_name=dev:tap-salesforce-to-target-jsonl name=tap-salesforce producer=True run_id=34200ed2-2d5e-49a9-9dca-47125db53302 stdio=stderr string_id=tap-salesforce
2025-05-25T19:47:54.236771Z [info     ] INFO Contact.Birthdate - True  cmd_type=elb consumer=False job_name=dev:tap-salesforce-to-target-jsonl name=tap-salesforce producer=True run_id=34200ed2-2d5e-49a9-9dca-47125db53302 stdio=stderr string_id=tap-salesforce
2025-05-25T19:47:54.236848Z [info     ] INFO Contact.Description - True cmd_type=elb consumer=False job_name=dev:tap-salesforce-to-target-jsonl name=tap-salesforce producer=True run_id=34200ed2-2d5e-49a9-9dca-47125db53302 stdio=stderr string_id=tap-salesforce
2025-05-25T19:47:54.236924Z [info     ] INFO Contact.OwnerId - True    cmd_type=elb consumer=False job_name=dev:tap-salesforce-to-target-jsonl name=tap-salesforce producer=True run_id=34200ed2-2d5e-49a9-9dca-47125db53302 stdio=stderr string_id=tap-salesforce
2025-05-25T19:47:54.237001Z [info     ] INFO Contact.CreatedDate - True cmd_type=elb consumer=False job_name=dev:tap-salesforce-to-target-jsonl name=tap-salesforce producer=True run_id=34200ed2-2d5e-49a9-9dca-47125db53302 stdio=stderr string_id=tap-salesforce
2025-05-25T19:47:54.237077Z [info     ] INFO Contact.CreatedById - True cmd_type=elb consumer=False job_name=dev:tap-salesforce-to-target-jsonl name=tap-salesforce producer=True run_id=34200ed2-2d5e-49a9-9dca-47125db53302 stdio=stderr string_id=tap-salesforce
2025-05-25T19:47:54.237153Z [info     ] INFO Contact.LastModifiedDate - True cmd_type=elb consumer=False job_name=dev:tap-salesforce-to-target-jsonl name=tap-salesforce producer=True run_id=34200ed2-2d5e-49a9-9dca-47125db53302 stdio=stderr string_id=tap-salesforce
2025-05-25T19:47:54.237232Z [info     ] INFO Contact.LastModifiedById - True cmd_type=elb consumer=False job_name=dev:tap-salesforce-to-target-jsonl name=tap-salesforce producer=True run_id=34200ed2-2d5e-49a9-9dca-47125db53302 stdio=stderr string_id=tap-salesforce
2025-05-25T19:47:54.237307Z [info     ] INFO Contact.SystemModstamp - True cmd_type=elb consumer=False job_name=dev:tap-salesforce-to-target-jsonl name=tap-salesforce producer=True run_id=34200ed2-2d5e-49a9-9dca-47125db53302 stdio=stderr string_id=tap-salesforce
2025-05-25T19:47:54.237386Z [info     ] INFO Contact.LastActivityDate - True cmd_type=elb consumer=False job_name=dev:tap-salesforce-to-target-jsonl name=tap-salesforce producer=True run_id=34200ed2-2d5e-49a9-9dca-47125db53302 stdio=stderr string_id=tap-salesforce
2025-05-25T19:47:54.237461Z [info     ] INFO Contact.LastCURequestDate - True cmd_type=elb consumer=False job_name=dev:tap-salesforce-to-target-jsonl name=tap-salesforce producer=True run_id=34200ed2-2d5e-49a9-9dca-47125db53302 stdio=stderr string_id=tap-salesforce
2025-05-25T19:47:54.237537Z [info     ] INFO Contact.LastCUUpdateDate - True cmd_type=elb consumer=False job_name=dev:tap-salesforce-to-target-jsonl name=tap-salesforce producer=True run_id=34200ed2-2d5e-49a9-9dca-47125db53302 stdio=stderr string_id=tap-salesforce
2025-05-25T19:47:54.237617Z [info     ] INFO Contact.LastViewedDate - True cmd_type=elb consumer=False job_name=dev:tap-salesforce-to-target-jsonl name=tap-salesforce producer=True run_id=34200ed2-2d5e-49a9-9dca-47125db53302 stdio=stderr string_id=tap-salesforce
2025-05-25T19:47:54.237694Z [info     ] INFO Contact.LastReferencedDate - True cmd_type=elb consumer=False job_name=dev:tap-salesforce-to-target-jsonl name=tap-salesforce producer=True run_id=34200ed2-2d5e-49a9-9dca-47125db53302 stdio=stderr string_id=tap-salesforce
2025-05-25T19:47:54.237769Z [info     ] INFO Contact.EmailBouncedReason - True cmd_type=elb consumer=False job_name=dev:tap-salesforce-to-target-jsonl name=tap-salesforce producer=True run_id=34200ed2-2d5e-49a9-9dca-47125db53302 stdio=stderr string_id=tap-salesforce
2025-05-25T19:47:54.237845Z [info     ] INFO Contact.EmailBouncedDate - True cmd_type=elb consumer=False job_name=dev:tap-salesforce-to-target-jsonl name=tap-salesforce producer=True run_id=34200ed2-2d5e-49a9-9dca-47125db53302 stdio=stderr string_id=tap-salesforce
2025-05-25T19:47:54.237921Z [info     ] INFO Contact.IsEmailBounced - True cmd_type=elb consumer=False job_name=dev:tap-salesforce-to-target-jsonl name=tap-salesforce producer=True run_id=34200ed2-2d5e-49a9-9dca-47125db53302 stdio=stderr string_id=tap-salesforce
2025-05-25T19:47:54.237997Z [info     ] INFO Contact.PhotoUrl - True   cmd_type=elb consumer=False job_name=dev:tap-salesforce-to-target-jsonl name=tap-salesforce producer=True run_id=34200ed2-2d5e-49a9-9dca-47125db53302 stdio=stderr string_id=tap-salesforce
2025-05-25T19:47:54.238073Z [info     ] INFO Contact.Jigsaw - True     cmd_type=elb consumer=False job_name=dev:tap-salesforce-to-target-jsonl name=tap-salesforce producer=True run_id=34200ed2-2d5e-49a9-9dca-47125db53302 stdio=stderr string_id=tap-salesforce
2025-05-25T19:47:54.238149Z [info     ] INFO Contact.JigsawContactId - True cmd_type=elb consumer=False job_name=dev:tap-salesforce-to-target-jsonl name=tap-salesforce producer=True run_id=34200ed2-2d5e-49a9-9dca-47125db53302 stdio=stderr string_id=tap-salesforce
2025-05-25T19:47:54.238225Z [info     ] INFO Contact.CleanStatus - True cmd_type=elb consumer=False job_name=dev:tap-salesforce-to-target-jsonl name=tap-salesforce producer=True run_id=34200ed2-2d5e-49a9-9dca-47125db53302 stdio=stderr string_id=tap-salesforce
2025-05-25T19:47:54.238301Z [info     ] INFO Contact.IndividualId - True cmd_type=elb consumer=False job_name=dev:tap-salesforce-to-target-jsonl name=tap-salesforce producer=True run_id=34200ed2-2d5e-49a9-9dca-47125db53302 stdio=stderr string_id=tap-salesforce
2025-05-25T19:47:54.238376Z [info     ] INFO Contact.IsPriorityRecord - True cmd_type=elb consumer=False job_name=dev:tap-salesforce-to-target-jsonl name=tap-salesforce producer=True run_id=34200ed2-2d5e-49a9-9dca-47125db53302 stdio=stderr string_id=tap-salesforce
2025-05-25T19:47:54.238452Z [info     ] INFO Contact.Level__c - True   cmd_type=elb consumer=False job_name=dev:tap-salesforce-to-target-jsonl name=tap-salesforce producer=True run_id=34200ed2-2d5e-49a9-9dca-47125db53302 stdio=stderr string_id=tap-salesforce
2025-05-25T19:47:54.238529Z [info     ] INFO Contact.Languages__c - True cmd_type=elb consumer=False job_name=dev:tap-salesforce-to-target-jsonl name=tap-salesforce producer=True run_id=34200ed2-2d5e-49a9-9dca-47125db53302 stdio=stderr string_id=tap-salesforce
2025-05-25T19:47:54.238668Z [info     ] INFO Account: Starting         cmd_type=elb consumer=False job_name=dev:tap-salesforce-to-target-jsonl name=tap-salesforce producer=True run_id=34200ed2-2d5e-49a9-9dca-47125db53302 stdio=stderr string_id=tap-salesforce
2025-05-25T19:47:54.238756Z [info     ] INFO Account.Id - True         cmd_type=elb consumer=False job_name=dev:tap-salesforce-to-target-jsonl name=tap-salesforce producer=True run_id=34200ed2-2d5e-49a9-9dca-47125db53302 stdio=stderr string_id=tap-salesforce
2025-05-25T19:47:54.238838Z [info     ] INFO Account.IsDeleted - True  cmd_type=elb consumer=False job_name=dev:tap-salesforce-to-target-jsonl name=tap-salesforce producer=True run_id=34200ed2-2d5e-49a9-9dca-47125db53302 stdio=stderr string_id=tap-salesforce
2025-05-25T19:47:54.238922Z [info     ] INFO Account.MasterRecordId - True cmd_type=elb consumer=False job_name=dev:tap-salesforce-to-target-jsonl name=tap-salesforce producer=True run_id=34200ed2-2d5e-49a9-9dca-47125db53302 stdio=stderr string_id=tap-salesforce
2025-05-25T19:47:54.239003Z [info     ] INFO Account.Name - True       cmd_type=elb consumer=False job_name=dev:tap-salesforce-to-target-jsonl name=tap-salesforce producer=True run_id=34200ed2-2d5e-49a9-9dca-47125db53302 stdio=stderr string_id=tap-salesforce
2025-05-25T19:47:54.239082Z [info     ] INFO Account.Type - True       cmd_type=elb consumer=False job_name=dev:tap-salesforce-to-target-jsonl name=tap-salesforce producer=True run_id=34200ed2-2d5e-49a9-9dca-47125db53302 stdio=stderr string_id=tap-salesforce
2025-05-25T19:47:54.239159Z [info     ] INFO Account.ParentId - True   cmd_type=elb consumer=False job_name=dev:tap-salesforce-to-target-jsonl name=tap-salesforce producer=True run_id=34200ed2-2d5e-49a9-9dca-47125db53302 stdio=stderr string_id=tap-salesforce
2025-05-25T19:47:54.239236Z [info     ] INFO Account.BillingStreet - True cmd_type=elb consumer=False job_name=dev:tap-salesforce-to-target-jsonl name=tap-salesforce producer=True run_id=34200ed2-2d5e-49a9-9dca-47125db53302 stdio=stderr string_id=tap-salesforce
2025-05-25T19:47:54.239311Z [info     ] INFO Account.BillingCity - True cmd_type=elb consumer=False job_name=dev:tap-salesforce-to-target-jsonl name=tap-salesforce producer=True run_id=34200ed2-2d5e-49a9-9dca-47125db53302 stdio=stderr string_id=tap-salesforce
2025-05-25T19:47:54.239387Z [info     ] INFO Account.BillingState - True cmd_type=elb consumer=False job_name=dev:tap-salesforce-to-target-jsonl name=tap-salesforce producer=True run_id=34200ed2-2d5e-49a9-9dca-47125db53302 stdio=stderr string_id=tap-salesforce
2025-05-25T19:47:54.239462Z [info     ] INFO Account.BillingPostalCode - True cmd_type=elb consumer=False job_name=dev:tap-salesforce-to-target-jsonl name=tap-salesforce producer=True run_id=34200ed2-2d5e-49a9-9dca-47125db53302 stdio=stderr string_id=tap-salesforce
2025-05-25T19:47:54.239538Z [info     ] INFO Account.BillingCountry - True cmd_type=elb consumer=False job_name=dev:tap-salesforce-to-target-jsonl name=tap-salesforce producer=True run_id=34200ed2-2d5e-49a9-9dca-47125db53302 stdio=stderr string_id=tap-salesforce
2025-05-25T19:47:54.239614Z [info     ] INFO Account.BillingStateCode - True cmd_type=elb consumer=False job_name=dev:tap-salesforce-to-target-jsonl name=tap-salesforce producer=True run_id=34200ed2-2d5e-49a9-9dca-47125db53302 stdio=stderr string_id=tap-salesforce
2025-05-25T19:47:54.239690Z [info     ] INFO Account.BillingCountryCode - True cmd_type=elb consumer=False job_name=dev:tap-salesforce-to-target-jsonl name=tap-salesforce producer=True run_id=34200ed2-2d5e-49a9-9dca-47125db53302 stdio=stderr string_id=tap-salesforce
2025-05-25T19:47:54.239765Z [info     ] INFO Account.BillingLatitude - True cmd_type=elb consumer=False job_name=dev:tap-salesforce-to-target-jsonl name=tap-salesforce producer=True run_id=34200ed2-2d5e-49a9-9dca-47125db53302 stdio=stderr string_id=tap-salesforce
2025-05-25T19:47:54.239844Z [info     ] INFO Account.BillingLongitude - True cmd_type=elb consumer=False job_name=dev:tap-salesforce-to-target-jsonl name=tap-salesforce producer=True run_id=34200ed2-2d5e-49a9-9dca-47125db53302 stdio=stderr string_id=tap-salesforce
2025-05-25T19:47:54.239920Z [info     ] INFO Account.BillingGeocodeAccuracy - True cmd_type=elb consumer=False job_name=dev:tap-salesforce-to-target-jsonl name=tap-salesforce producer=True run_id=34200ed2-2d5e-49a9-9dca-47125db53302 stdio=stderr string_id=tap-salesforce
2025-05-25T19:47:54.239998Z [info     ] INFO Account.BillingAddress - True cmd_type=elb consumer=False job_name=dev:tap-salesforce-to-target-jsonl name=tap-salesforce producer=True run_id=34200ed2-2d5e-49a9-9dca-47125db53302 stdio=stderr string_id=tap-salesforce
2025-05-25T19:47:54.240079Z [info     ] INFO Account.street - True     cmd_type=elb consumer=False job_name=dev:tap-salesforce-to-target-jsonl name=tap-salesforce producer=True run_id=34200ed2-2d5e-49a9-9dca-47125db53302 stdio=stderr string_id=tap-salesforce
2025-05-25T19:47:54.240157Z [info     ] INFO Account.state - True      cmd_type=elb consumer=False job_name=dev:tap-salesforce-to-target-jsonl name=tap-salesforce producer=True run_id=34200ed2-2d5e-49a9-9dca-47125db53302 stdio=stderr string_id=tap-salesforce
2025-05-25T19:47:54.240233Z [info     ] INFO Account.postalCode - True cmd_type=elb consumer=False job_name=dev:tap-salesforce-to-target-jsonl name=tap-salesforce producer=True run_id=34200ed2-2d5e-49a9-9dca-47125db53302 stdio=stderr string_id=tap-salesforce
2025-05-25T19:47:54.240309Z [info     ] INFO Account.city - True       cmd_type=elb consumer=False job_name=dev:tap-salesforce-to-target-jsonl name=tap-salesforce producer=True run_id=34200ed2-2d5e-49a9-9dca-47125db53302 stdio=stderr string_id=tap-salesforce
2025-05-25T19:47:54.240384Z [info     ] INFO Account.country - True    cmd_type=elb consumer=False job_name=dev:tap-salesforce-to-target-jsonl name=tap-salesforce producer=True run_id=34200ed2-2d5e-49a9-9dca-47125db53302 stdio=stderr string_id=tap-salesforce
2025-05-25T19:47:54.240460Z [info     ] INFO Account.longitude - True  cmd_type=elb consumer=False job_name=dev:tap-salesforce-to-target-jsonl name=tap-salesforce producer=True run_id=34200ed2-2d5e-49a9-9dca-47125db53302 stdio=stderr string_id=tap-salesforce
2025-05-25T19:47:54.240536Z [info     ] INFO Account.latitude - True   cmd_type=elb consumer=False job_name=dev:tap-salesforce-to-target-jsonl name=tap-salesforce producer=True run_id=34200ed2-2d5e-49a9-9dca-47125db53302 stdio=stderr string_id=tap-salesforce
2025-05-25T19:47:54.240614Z [info     ] INFO Account.geocodeAccuracy - True cmd_type=elb consumer=False job_name=dev:tap-salesforce-to-target-jsonl name=tap-salesforce producer=True run_id=34200ed2-2d5e-49a9-9dca-47125db53302 stdio=stderr string_id=tap-salesforce
2025-05-25T19:47:54.240689Z [info     ] INFO Account.ShippingStreet - True cmd_type=elb consumer=False job_name=dev:tap-salesforce-to-target-jsonl name=tap-salesforce producer=True run_id=34200ed2-2d5e-49a9-9dca-47125db53302 stdio=stderr string_id=tap-salesforce
2025-05-25T19:47:54.240765Z [info     ] INFO Account.ShippingCity - True cmd_type=elb consumer=False job_name=dev:tap-salesforce-to-target-jsonl name=tap-salesforce producer=True run_id=34200ed2-2d5e-49a9-9dca-47125db53302 stdio=stderr string_id=tap-salesforce
2025-05-25T19:47:54.240840Z [info     ] INFO Account.ShippingState - True cmd_type=elb consumer=False job_name=dev:tap-salesforce-to-target-jsonl name=tap-salesforce producer=True run_id=34200ed2-2d5e-49a9-9dca-47125db53302 stdio=stderr string_id=tap-salesforce
2025-05-25T19:47:54.240916Z [info     ] INFO Account.ShippingPostalCode - True cmd_type=elb consumer=False job_name=dev:tap-salesforce-to-target-jsonl name=tap-salesforce producer=True run_id=34200ed2-2d5e-49a9-9dca-47125db53302 stdio=stderr string_id=tap-salesforce
2025-05-25T19:47:54.240993Z [info     ] INFO Account.ShippingCountry - True cmd_type=elb consumer=False job_name=dev:tap-salesforce-to-target-jsonl name=tap-salesforce producer=True run_id=34200ed2-2d5e-49a9-9dca-47125db53302 stdio=stderr string_id=tap-salesforce
2025-05-25T19:47:54.241069Z [info     ] INFO Account.ShippingStateCode - True cmd_type=elb consumer=False job_name=dev:tap-salesforce-to-target-jsonl name=tap-salesforce producer=True run_id=34200ed2-2d5e-49a9-9dca-47125db53302 stdio=stderr string_id=tap-salesforce
2025-05-25T19:47:54.241147Z [info     ] INFO Account.ShippingCountryCode - True cmd_type=elb consumer=False job_name=dev:tap-salesforce-to-target-jsonl name=tap-salesforce producer=True run_id=34200ed2-2d5e-49a9-9dca-47125db53302 stdio=stderr string_id=tap-salesforce
2025-05-25T19:47:54.241224Z [info     ] INFO Account.ShippingLatitude - True cmd_type=elb consumer=False job_name=dev:tap-salesforce-to-target-jsonl name=tap-salesforce producer=True run_id=34200ed2-2d5e-49a9-9dca-47125db53302 stdio=stderr string_id=tap-salesforce
2025-05-25T19:47:54.241307Z [info     ] INFO Account.ShippingLongitude - True cmd_type=elb consumer=False job_name=dev:tap-salesforce-to-target-jsonl name=tap-salesforce producer=True run_id=34200ed2-2d5e-49a9-9dca-47125db53302 stdio=stderr string_id=tap-salesforce
2025-05-25T19:47:54.241383Z [info     ] INFO Account.ShippingGeocodeAccuracy - True cmd_type=elb consumer=False job_name=dev:tap-salesforce-to-target-jsonl name=tap-salesforce producer=True run_id=34200ed2-2d5e-49a9-9dca-47125db53302 stdio=stderr string_id=tap-salesforce
2025-05-25T19:47:54.241460Z [info     ] INFO Account.ShippingAddress - True cmd_type=elb consumer=False job_name=dev:tap-salesforce-to-target-jsonl name=tap-salesforce producer=True run_id=34200ed2-2d5e-49a9-9dca-47125db53302 stdio=stderr string_id=tap-salesforce
2025-05-25T19:47:54.241535Z [info     ] INFO Account.street - True     cmd_type=elb consumer=False job_name=dev:tap-salesforce-to-target-jsonl name=tap-salesforce producer=True run_id=34200ed2-2d5e-49a9-9dca-47125db53302 stdio=stderr string_id=tap-salesforce
2025-05-25T19:47:54.241612Z [info     ] INFO Account.state - True      cmd_type=elb consumer=False job_name=dev:tap-salesforce-to-target-jsonl name=tap-salesforce producer=True run_id=34200ed2-2d5e-49a9-9dca-47125db53302 stdio=stderr string_id=tap-salesforce
2025-05-25T19:47:54.241688Z [info     ] INFO Account.postalCode - True cmd_type=elb consumer=False job_name=dev:tap-salesforce-to-target-jsonl name=tap-salesforce producer=True run_id=34200ed2-2d5e-49a9-9dca-47125db53302 stdio=stderr string_id=tap-salesforce
2025-05-25T19:47:54.241764Z [info     ] INFO Account.city - True       cmd_type=elb consumer=False job_name=dev:tap-salesforce-to-target-jsonl name=tap-salesforce producer=True run_id=34200ed2-2d5e-49a9-9dca-47125db53302 stdio=stderr string_id=tap-salesforce
2025-05-25T19:47:54.241839Z [info     ] INFO Account.country - True    cmd_type=elb consumer=False job_name=dev:tap-salesforce-to-target-jsonl name=tap-salesforce producer=True run_id=34200ed2-2d5e-49a9-9dca-47125db53302 stdio=stderr string_id=tap-salesforce
2025-05-25T19:47:54.241914Z [info     ] INFO Account.longitude - True  cmd_type=elb consumer=False job_name=dev:tap-salesforce-to-target-jsonl name=tap-salesforce producer=True run_id=34200ed2-2d5e-49a9-9dca-47125db53302 stdio=stderr string_id=tap-salesforce
2025-05-25T19:47:54.241988Z [info     ] INFO Account.latitude - True   cmd_type=elb consumer=False job_name=dev:tap-salesforce-to-target-jsonl name=tap-salesforce producer=True run_id=34200ed2-2d5e-49a9-9dca-47125db53302 stdio=stderr string_id=tap-salesforce
2025-05-25T19:47:54.242064Z [info     ] INFO Account.geocodeAccuracy - True cmd_type=elb consumer=False job_name=dev:tap-salesforce-to-target-jsonl name=tap-salesforce producer=True run_id=34200ed2-2d5e-49a9-9dca-47125db53302 stdio=stderr string_id=tap-salesforce
2025-05-25T19:47:54.242139Z [info     ] INFO Account.Phone - True      cmd_type=elb consumer=False job_name=dev:tap-salesforce-to-target-jsonl name=tap-salesforce producer=True run_id=34200ed2-2d5e-49a9-9dca-47125db53302 stdio=stderr string_id=tap-salesforce
2025-05-25T19:47:54.242215Z [info     ] INFO Account.Fax - True        cmd_type=elb consumer=False job_name=dev:tap-salesforce-to-target-jsonl name=tap-salesforce producer=True run_id=34200ed2-2d5e-49a9-9dca-47125db53302 stdio=stderr string_id=tap-salesforce
2025-05-25T19:47:54.242291Z [info     ] INFO Account.AccountNumber - True cmd_type=elb consumer=False job_name=dev:tap-salesforce-to-target-jsonl name=tap-salesforce producer=True run_id=34200ed2-2d5e-49a9-9dca-47125db53302 stdio=stderr string_id=tap-salesforce
2025-05-25T19:47:54.242367Z [info     ] INFO Account.Website - True    cmd_type=elb consumer=False job_name=dev:tap-salesforce-to-target-jsonl name=tap-salesforce producer=True run_id=34200ed2-2d5e-49a9-9dca-47125db53302 stdio=stderr string_id=tap-salesforce
2025-05-25T19:47:54.242443Z [info     ] INFO Account.PhotoUrl - True   cmd_type=elb consumer=False job_name=dev:tap-salesforce-to-target-jsonl name=tap-salesforce producer=True run_id=34200ed2-2d5e-49a9-9dca-47125db53302 stdio=stderr string_id=tap-salesforce
2025-05-25T19:47:54.242524Z [info     ] INFO Account.Sic - True        cmd_type=elb consumer=False job_name=dev:tap-salesforce-to-target-jsonl name=tap-salesforce producer=True run_id=34200ed2-2d5e-49a9-9dca-47125db53302 stdio=stderr string_id=tap-salesforce
2025-05-25T19:47:54.242600Z [info     ] INFO Account.Industry - True   cmd_type=elb consumer=False job_name=dev:tap-salesforce-to-target-jsonl name=tap-salesforce producer=True run_id=34200ed2-2d5e-49a9-9dca-47125db53302 stdio=stderr string_id=tap-salesforce
2025-05-25T19:47:54.242676Z [info     ] INFO Account.AnnualRevenue - True cmd_type=elb consumer=False job_name=dev:tap-salesforce-to-target-jsonl name=tap-salesforce producer=True run_id=34200ed2-2d5e-49a9-9dca-47125db53302 stdio=stderr string_id=tap-salesforce
2025-05-25T19:47:54.242751Z [info     ] INFO Account.NumberOfEmployees - True cmd_type=elb consumer=False job_name=dev:tap-salesforce-to-target-jsonl name=tap-salesforce producer=True run_id=34200ed2-2d5e-49a9-9dca-47125db53302 stdio=stderr string_id=tap-salesforce
2025-05-25T19:47:54.242826Z [info     ] INFO Account.Ownership - True  cmd_type=elb consumer=False job_name=dev:tap-salesforce-to-target-jsonl name=tap-salesforce producer=True run_id=34200ed2-2d5e-49a9-9dca-47125db53302 stdio=stderr string_id=tap-salesforce
2025-05-25T19:47:54.242901Z [info     ] INFO Account.TickerSymbol - True cmd_type=elb consumer=False job_name=dev:tap-salesforce-to-target-jsonl name=tap-salesforce producer=True run_id=34200ed2-2d5e-49a9-9dca-47125db53302 stdio=stderr string_id=tap-salesforce
2025-05-25T19:47:54.242977Z [info     ] INFO Account.Description - True cmd_type=elb consumer=False job_name=dev:tap-salesforce-to-target-jsonl name=tap-salesforce producer=True run_id=34200ed2-2d5e-49a9-9dca-47125db53302 stdio=stderr string_id=tap-salesforce
2025-05-25T19:47:54.243053Z [info     ] INFO Account.Rating - True     cmd_type=elb consumer=False job_name=dev:tap-salesforce-to-target-jsonl name=tap-salesforce producer=True run_id=34200ed2-2d5e-49a9-9dca-47125db53302 stdio=stderr string_id=tap-salesforce
2025-05-25T19:47:54.243128Z [info     ] INFO Account.Site - True       cmd_type=elb consumer=False job_name=dev:tap-salesforce-to-target-jsonl name=tap-salesforce producer=True run_id=34200ed2-2d5e-49a9-9dca-47125db53302 stdio=stderr string_id=tap-salesforce
2025-05-25T19:47:54.243204Z [info     ] INFO Account.OwnerId - True    cmd_type=elb consumer=False job_name=dev:tap-salesforce-to-target-jsonl name=tap-salesforce producer=True run_id=34200ed2-2d5e-49a9-9dca-47125db53302 stdio=stderr string_id=tap-salesforce
2025-05-25T19:47:54.243281Z [info     ] INFO Account.CreatedDate - True cmd_type=elb consumer=False job_name=dev:tap-salesforce-to-target-jsonl name=tap-salesforce producer=True run_id=34200ed2-2d5e-49a9-9dca-47125db53302 stdio=stderr string_id=tap-salesforce
2025-05-25T19:47:54.243357Z [info     ] INFO Account.CreatedById - True cmd_type=elb consumer=False job_name=dev:tap-salesforce-to-target-jsonl name=tap-salesforce producer=True run_id=34200ed2-2d5e-49a9-9dca-47125db53302 stdio=stderr string_id=tap-salesforce
2025-05-25T19:47:54.243432Z [info     ] INFO Account.LastModifiedDate - True cmd_type=elb consumer=False job_name=dev:tap-salesforce-to-target-jsonl name=tap-salesforce producer=True run_id=34200ed2-2d5e-49a9-9dca-47125db53302 stdio=stderr string_id=tap-salesforce
2025-05-25T19:47:54.243508Z [info     ] INFO Account.LastModifiedById - True cmd_type=elb consumer=False job_name=dev:tap-salesforce-to-target-jsonl name=tap-salesforce producer=True run_id=34200ed2-2d5e-49a9-9dca-47125db53302 stdio=stderr string_id=tap-salesforce
2025-05-25T19:47:54.243587Z [info     ] INFO Account.SystemModstamp - True cmd_type=elb consumer=False job_name=dev:tap-salesforce-to-target-jsonl name=tap-salesforce producer=True run_id=34200ed2-2d5e-49a9-9dca-47125db53302 stdio=stderr string_id=tap-salesforce
2025-05-25T19:47:54.243670Z [info     ] INFO Account.LastActivityDate - True cmd_type=elb consumer=False job_name=dev:tap-salesforce-to-target-jsonl name=tap-salesforce producer=True run_id=34200ed2-2d5e-49a9-9dca-47125db53302 stdio=stderr string_id=tap-salesforce
2025-05-25T19:47:54.243747Z [info     ] INFO Account.LastViewedDate - True cmd_type=elb consumer=False job_name=dev:tap-salesforce-to-target-jsonl name=tap-salesforce producer=True run_id=34200ed2-2d5e-49a9-9dca-47125db53302 stdio=stderr string_id=tap-salesforce
2025-05-25T19:47:54.243823Z [info     ] INFO Account.LastReferencedDate - True cmd_type=elb consumer=False job_name=dev:tap-salesforce-to-target-jsonl name=tap-salesforce producer=True run_id=34200ed2-2d5e-49a9-9dca-47125db53302 stdio=stderr string_id=tap-salesforce
2025-05-25T19:47:54.243899Z [info     ] INFO Account.Jigsaw - True     cmd_type=elb consumer=False job_name=dev:tap-salesforce-to-target-jsonl name=tap-salesforce producer=True run_id=34200ed2-2d5e-49a9-9dca-47125db53302 stdio=stderr string_id=tap-salesforce
2025-05-25T19:47:54.243975Z [info     ] INFO Account.JigsawCompanyId - True cmd_type=elb consumer=False job_name=dev:tap-salesforce-to-target-jsonl name=tap-salesforce producer=True run_id=34200ed2-2d5e-49a9-9dca-47125db53302 stdio=stderr string_id=tap-salesforce
2025-05-25T19:47:54.244051Z [info     ] INFO Account.CleanStatus - True cmd_type=elb consumer=False job_name=dev:tap-salesforce-to-target-jsonl name=tap-salesforce producer=True run_id=34200ed2-2d5e-49a9-9dca-47125db53302 stdio=stderr string_id=tap-salesforce
2025-05-25T19:47:54.244126Z [info     ] INFO Account.AccountSource - True cmd_type=elb consumer=False job_name=dev:tap-salesforce-to-target-jsonl name=tap-salesforce producer=True run_id=34200ed2-2d5e-49a9-9dca-47125db53302 stdio=stderr string_id=tap-salesforce
2025-05-25T19:47:54.244203Z [info     ] INFO Account.DunsNumber - True cmd_type=elb consumer=False job_name=dev:tap-salesforce-to-target-jsonl name=tap-salesforce producer=True run_id=34200ed2-2d5e-49a9-9dca-47125db53302 stdio=stderr string_id=tap-salesforce
2025-05-25T19:47:54.244279Z [info     ] INFO Account.Tradestyle - True cmd_type=elb consumer=False job_name=dev:tap-salesforce-to-target-jsonl name=tap-salesforce producer=True run_id=34200ed2-2d5e-49a9-9dca-47125db53302 stdio=stderr string_id=tap-salesforce
2025-05-25T19:47:54.244354Z [info     ] INFO Account.NaicsCode - True  cmd_type=elb consumer=False job_name=dev:tap-salesforce-to-target-jsonl name=tap-salesforce producer=True run_id=34200ed2-2d5e-49a9-9dca-47125db53302 stdio=stderr string_id=tap-salesforce
2025-05-25T19:47:54.244431Z [info     ] INFO Account.NaicsDesc - True  cmd_type=elb consumer=False job_name=dev:tap-salesforce-to-target-jsonl name=tap-salesforce producer=True run_id=34200ed2-2d5e-49a9-9dca-47125db53302 stdio=stderr string_id=tap-salesforce
2025-05-25T19:47:54.244506Z [info     ] INFO Account.YearStarted - True cmd_type=elb consumer=False job_name=dev:tap-salesforce-to-target-jsonl name=tap-salesforce producer=True run_id=34200ed2-2d5e-49a9-9dca-47125db53302 stdio=stderr string_id=tap-salesforce
2025-05-25T19:47:54.244589Z [info     ] INFO Account.SicDesc - True    cmd_type=elb consumer=False job_name=dev:tap-salesforce-to-target-jsonl name=tap-salesforce producer=True run_id=34200ed2-2d5e-49a9-9dca-47125db53302 stdio=stderr string_id=tap-salesforce
2025-05-25T19:47:54.244665Z [info     ] INFO Account.DandbCompanyId - True cmd_type=elb consumer=False job_name=dev:tap-salesforce-to-target-jsonl name=tap-salesforce producer=True run_id=34200ed2-2d5e-49a9-9dca-47125db53302 stdio=stderr string_id=tap-salesforce
2025-05-25T19:47:54.244739Z [info     ] INFO Account.OperatingHoursId - True cmd_type=elb consumer=False job_name=dev:tap-salesforce-to-target-jsonl name=tap-salesforce producer=True run_id=34200ed2-2d5e-49a9-9dca-47125db53302 stdio=stderr string_id=tap-salesforce
2025-05-25T19:47:54.244814Z [info     ] INFO Account.CustomerPriority__c - True cmd_type=elb consumer=False job_name=dev:tap-salesforce-to-target-jsonl name=tap-salesforce producer=True run_id=34200ed2-2d5e-49a9-9dca-47125db53302 stdio=stderr string_id=tap-salesforce
2025-05-25T19:47:54.244893Z [info     ] INFO Account.SLA__c - True     cmd_type=elb consumer=False job_name=dev:tap-salesforce-to-target-jsonl name=tap-salesforce producer=True run_id=34200ed2-2d5e-49a9-9dca-47125db53302 stdio=stderr string_id=tap-salesforce
2025-05-25T19:47:54.244969Z [info     ] INFO Account.Active__c - True  cmd_type=elb consumer=False job_name=dev:tap-salesforce-to-target-jsonl name=tap-salesforce producer=True run_id=34200ed2-2d5e-49a9-9dca-47125db53302 stdio=stderr string_id=tap-salesforce
2025-05-25T19:47:54.245044Z [info     ] INFO Account.NumberofLocations__c - True cmd_type=elb consumer=False job_name=dev:tap-salesforce-to-target-jsonl name=tap-salesforce producer=True run_id=34200ed2-2d5e-49a9-9dca-47125db53302 stdio=stderr string_id=tap-salesforce
2025-05-25T19:47:54.245119Z [info     ] INFO Account.UpsellOpportunity__c - True cmd_type=elb consumer=False job_name=dev:tap-salesforce-to-target-jsonl name=tap-salesforce producer=True run_id=34200ed2-2d5e-49a9-9dca-47125db53302 stdio=stderr string_id=tap-salesforce
2025-05-25T19:47:54.245193Z [info     ] INFO Account.SLASerialNumber__c - True cmd_type=elb consumer=False job_name=dev:tap-salesforce-to-target-jsonl name=tap-salesforce producer=True run_id=34200ed2-2d5e-49a9-9dca-47125db53302 stdio=stderr string_id=tap-salesforce
2025-05-25T19:47:54.245267Z [info     ] INFO Account.SLAExpirationDate__c - True cmd_type=elb consumer=False job_name=dev:tap-salesforce-to-target-jsonl name=tap-salesforce producer=True run_id=34200ed2-2d5e-49a9-9dca-47125db53302 stdio=stderr string_id=tap-salesforce
2025-05-25T19:47:54.245342Z [info     ] INFO Lead: Starting            cmd_type=elb consumer=False job_name=dev:tap-salesforce-to-target-jsonl name=tap-salesforce producer=True run_id=34200ed2-2d5e-49a9-9dca-47125db53302 stdio=stderr string_id=tap-salesforce
2025-05-25T19:47:54.245418Z [info     ] INFO Lead.Id - True            cmd_type=elb consumer=False job_name=dev:tap-salesforce-to-target-jsonl name=tap-salesforce producer=True run_id=34200ed2-2d5e-49a9-9dca-47125db53302 stdio=stderr string_id=tap-salesforce
2025-05-25T19:47:54.245493Z [info     ] INFO Lead.IsDeleted - True     cmd_type=elb consumer=False job_name=dev:tap-salesforce-to-target-jsonl name=tap-salesforce producer=True run_id=34200ed2-2d5e-49a9-9dca-47125db53302 stdio=stderr string_id=tap-salesforce
2025-05-25T19:47:54.245568Z [info     ] INFO Lead.MasterRecordId - True cmd_type=elb consumer=False job_name=dev:tap-salesforce-to-target-jsonl name=tap-salesforce producer=True run_id=34200ed2-2d5e-49a9-9dca-47125db53302 stdio=stderr string_id=tap-salesforce
2025-05-25T19:47:54.245643Z [info     ] INFO Lead.LastName - True      cmd_type=elb consumer=False job_name=dev:tap-salesforce-to-target-jsonl name=tap-salesforce producer=True run_id=34200ed2-2d5e-49a9-9dca-47125db53302 stdio=stderr string_id=tap-salesforce
2025-05-25T19:47:54.245718Z [info     ] INFO Lead.FirstName - True     cmd_type=elb consumer=False job_name=dev:tap-salesforce-to-target-jsonl name=tap-salesforce producer=True run_id=34200ed2-2d5e-49a9-9dca-47125db53302 stdio=stderr string_id=tap-salesforce
2025-05-25T19:47:54.245793Z [info     ] INFO Lead.Salutation - True    cmd_type=elb consumer=False job_name=dev:tap-salesforce-to-target-jsonl name=tap-salesforce producer=True run_id=34200ed2-2d5e-49a9-9dca-47125db53302 stdio=stderr string_id=tap-salesforce
2025-05-25T19:47:54.245869Z [info     ] INFO Lead.Name - True          cmd_type=elb consumer=False job_name=dev:tap-salesforce-to-target-jsonl name=tap-salesforce producer=True run_id=34200ed2-2d5e-49a9-9dca-47125db53302 stdio=stderr string_id=tap-salesforce
2025-05-25T19:47:54.245943Z [info     ] INFO Lead.Title - True         cmd_type=elb consumer=False job_name=dev:tap-salesforce-to-target-jsonl name=tap-salesforce producer=True run_id=34200ed2-2d5e-49a9-9dca-47125db53302 stdio=stderr string_id=tap-salesforce
2025-05-25T19:47:54.246019Z [info     ] INFO Lead.Company - True       cmd_type=elb consumer=False job_name=dev:tap-salesforce-to-target-jsonl name=tap-salesforce producer=True run_id=34200ed2-2d5e-49a9-9dca-47125db53302 stdio=stderr string_id=tap-salesforce
2025-05-25T19:47:54.246104Z [info     ] INFO Lead.Street - True        cmd_type=elb consumer=False job_name=dev:tap-salesforce-to-target-jsonl name=tap-salesforce producer=True run_id=34200ed2-2d5e-49a9-9dca-47125db53302 stdio=stderr string_id=tap-salesforce
2025-05-25T19:47:54.246183Z [info     ] INFO Lead.City - True          cmd_type=elb consumer=False job_name=dev:tap-salesforce-to-target-jsonl name=tap-salesforce producer=True run_id=34200ed2-2d5e-49a9-9dca-47125db53302 stdio=stderr string_id=tap-salesforce
2025-05-25T19:47:54.246259Z [info     ] INFO Lead.State - True         cmd_type=elb consumer=False job_name=dev:tap-salesforce-to-target-jsonl name=tap-salesforce producer=True run_id=34200ed2-2d5e-49a9-9dca-47125db53302 stdio=stderr string_id=tap-salesforce
2025-05-25T19:47:54.246334Z [info     ] INFO Lead.PostalCode - True    cmd_type=elb consumer=False job_name=dev:tap-salesforce-to-target-jsonl name=tap-salesforce producer=True run_id=34200ed2-2d5e-49a9-9dca-47125db53302 stdio=stderr string_id=tap-salesforce
2025-05-25T19:47:54.246409Z [info     ] INFO Lead.Country - True       cmd_type=elb consumer=False job_name=dev:tap-salesforce-to-target-jsonl name=tap-salesforce producer=True run_id=34200ed2-2d5e-49a9-9dca-47125db53302 stdio=stderr string_id=tap-salesforce
2025-05-25T19:47:54.246484Z [info     ] INFO Lead.StateCode - True     cmd_type=elb consumer=False job_name=dev:tap-salesforce-to-target-jsonl name=tap-salesforce producer=True run_id=34200ed2-2d5e-49a9-9dca-47125db53302 stdio=stderr string_id=tap-salesforce
2025-05-25T19:47:54.246560Z [info     ] INFO Lead.CountryCode - True   cmd_type=elb consumer=False job_name=dev:tap-salesforce-to-target-jsonl name=tap-salesforce producer=True run_id=34200ed2-2d5e-49a9-9dca-47125db53302 stdio=stderr string_id=tap-salesforce
2025-05-25T19:47:54.246636Z [info     ] INFO Lead.Latitude - True      cmd_type=elb consumer=False job_name=dev:tap-salesforce-to-target-jsonl name=tap-salesforce producer=True run_id=34200ed2-2d5e-49a9-9dca-47125db53302 stdio=stderr string_id=tap-salesforce
2025-05-25T19:47:54.246712Z [info     ] INFO Lead.Longitude - True     cmd_type=elb consumer=False job_name=dev:tap-salesforce-to-target-jsonl name=tap-salesforce producer=True run_id=34200ed2-2d5e-49a9-9dca-47125db53302 stdio=stderr string_id=tap-salesforce
2025-05-25T19:47:54.246787Z [info     ] INFO Lead.GeocodeAccuracy - True cmd_type=elb consumer=False job_name=dev:tap-salesforce-to-target-jsonl name=tap-salesforce producer=True run_id=34200ed2-2d5e-49a9-9dca-47125db53302 stdio=stderr string_id=tap-salesforce
2025-05-25T19:47:54.246862Z [info     ] INFO Lead.Address - True       cmd_type=elb consumer=False job_name=dev:tap-salesforce-to-target-jsonl name=tap-salesforce producer=True run_id=34200ed2-2d5e-49a9-9dca-47125db53302 stdio=stderr string_id=tap-salesforce
2025-05-25T19:47:54.246936Z [info     ] INFO Lead.street - True        cmd_type=elb consumer=False job_name=dev:tap-salesforce-to-target-jsonl name=tap-salesforce producer=True run_id=34200ed2-2d5e-49a9-9dca-47125db53302 stdio=stderr string_id=tap-salesforce
2025-05-25T19:47:54.247011Z [info     ] INFO Lead.state - True         cmd_type=elb consumer=False job_name=dev:tap-salesforce-to-target-jsonl name=tap-salesforce producer=True run_id=34200ed2-2d5e-49a9-9dca-47125db53302 stdio=stderr string_id=tap-salesforce
2025-05-25T19:47:54.247086Z [info     ] INFO Lead.postalCode - True    cmd_type=elb consumer=False job_name=dev:tap-salesforce-to-target-jsonl name=tap-salesforce producer=True run_id=34200ed2-2d5e-49a9-9dca-47125db53302 stdio=stderr string_id=tap-salesforce
2025-05-25T19:47:54.247161Z [info     ] INFO Lead.city - True          cmd_type=elb consumer=False job_name=dev:tap-salesforce-to-target-jsonl name=tap-salesforce producer=True run_id=34200ed2-2d5e-49a9-9dca-47125db53302 stdio=stderr string_id=tap-salesforce
2025-05-25T19:47:54.247240Z [info     ] INFO Lead.country - True       cmd_type=elb consumer=False job_name=dev:tap-salesforce-to-target-jsonl name=tap-salesforce producer=True run_id=34200ed2-2d5e-49a9-9dca-47125db53302 stdio=stderr string_id=tap-salesforce
2025-05-25T19:47:54.247316Z [info     ] INFO Lead.longitude - True     cmd_type=elb consumer=False job_name=dev:tap-salesforce-to-target-jsonl name=tap-salesforce producer=True run_id=34200ed2-2d5e-49a9-9dca-47125db53302 stdio=stderr string_id=tap-salesforce
2025-05-25T19:47:54.247390Z [info     ] INFO Lead.latitude - True      cmd_type=elb consumer=False job_name=dev:tap-salesforce-to-target-jsonl name=tap-salesforce producer=True run_id=34200ed2-2d5e-49a9-9dca-47125db53302 stdio=stderr string_id=tap-salesforce
2025-05-25T19:47:54.247465Z [info     ] INFO Lead.geocodeAccuracy - True cmd_type=elb consumer=False job_name=dev:tap-salesforce-to-target-jsonl name=tap-salesforce producer=True run_id=34200ed2-2d5e-49a9-9dca-47125db53302 stdio=stderr string_id=tap-salesforce
2025-05-25T19:47:54.247540Z [info     ] INFO Lead.Phone - True         cmd_type=elb consumer=False job_name=dev:tap-salesforce-to-target-jsonl name=tap-salesforce producer=True run_id=34200ed2-2d5e-49a9-9dca-47125db53302 stdio=stderr string_id=tap-salesforce
2025-05-25T19:47:54.247615Z [info     ] INFO Lead.MobilePhone - True   cmd_type=elb consumer=False job_name=dev:tap-salesforce-to-target-jsonl name=tap-salesforce producer=True run_id=34200ed2-2d5e-49a9-9dca-47125db53302 stdio=stderr string_id=tap-salesforce
2025-05-25T19:47:54.247689Z [info     ] INFO Lead.Fax - True           cmd_type=elb consumer=False job_name=dev:tap-salesforce-to-target-jsonl name=tap-salesforce producer=True run_id=34200ed2-2d5e-49a9-9dca-47125db53302 stdio=stderr string_id=tap-salesforce
2025-05-25T19:47:54.247765Z [info     ] INFO Lead.Email - True         cmd_type=elb consumer=False job_name=dev:tap-salesforce-to-target-jsonl name=tap-salesforce producer=True run_id=34200ed2-2d5e-49a9-9dca-47125db53302 stdio=stderr string_id=tap-salesforce
2025-05-25T19:47:54.247840Z [info     ] INFO Lead.Website - True       cmd_type=elb consumer=False job_name=dev:tap-salesforce-to-target-jsonl name=tap-salesforce producer=True run_id=34200ed2-2d5e-49a9-9dca-47125db53302 stdio=stderr string_id=tap-salesforce
2025-05-25T19:47:54.247918Z [info     ] INFO Lead.PhotoUrl - True      cmd_type=elb consumer=False job_name=dev:tap-salesforce-to-target-jsonl name=tap-salesforce producer=True run_id=34200ed2-2d5e-49a9-9dca-47125db53302 stdio=stderr string_id=tap-salesforce
2025-05-25T19:47:54.247993Z [info     ] INFO Lead.Description - True   cmd_type=elb consumer=False job_name=dev:tap-salesforce-to-target-jsonl name=tap-salesforce producer=True run_id=34200ed2-2d5e-49a9-9dca-47125db53302 stdio=stderr string_id=tap-salesforce
2025-05-25T19:47:54.248068Z [info     ] INFO Lead.LeadSource - True    cmd_type=elb consumer=False job_name=dev:tap-salesforce-to-target-jsonl name=tap-salesforce producer=True run_id=34200ed2-2d5e-49a9-9dca-47125db53302 stdio=stderr string_id=tap-salesforce
2025-05-25T19:47:54.248144Z [info     ] INFO Lead.Status - True        cmd_type=elb consumer=False job_name=dev:tap-salesforce-to-target-jsonl name=tap-salesforce producer=True run_id=34200ed2-2d5e-49a9-9dca-47125db53302 stdio=stderr string_id=tap-salesforce
2025-05-25T19:47:54.248219Z [info     ] INFO Lead.Industry - True      cmd_type=elb consumer=False job_name=dev:tap-salesforce-to-target-jsonl name=tap-salesforce producer=True run_id=34200ed2-2d5e-49a9-9dca-47125db53302 stdio=stderr string_id=tap-salesforce
2025-05-25T19:47:54.248294Z [info     ] INFO Lead.Rating - True        cmd_type=elb consumer=False job_name=dev:tap-salesforce-to-target-jsonl name=tap-salesforce producer=True run_id=34200ed2-2d5e-49a9-9dca-47125db53302 stdio=stderr string_id=tap-salesforce
2025-05-25T19:47:54.248369Z [info     ] INFO Lead.AnnualRevenue - True cmd_type=elb consumer=False job_name=dev:tap-salesforce-to-target-jsonl name=tap-salesforce producer=True run_id=34200ed2-2d5e-49a9-9dca-47125db53302 stdio=stderr string_id=tap-salesforce
2025-05-25T19:47:54.248449Z [info     ] INFO Lead.NumberOfEmployees - True cmd_type=elb consumer=False job_name=dev:tap-salesforce-to-target-jsonl name=tap-salesforce producer=True run_id=34200ed2-2d5e-49a9-9dca-47125db53302 stdio=stderr string_id=tap-salesforce
2025-05-25T19:47:54.248525Z [info     ] INFO Lead.OwnerId - True       cmd_type=elb consumer=False job_name=dev:tap-salesforce-to-target-jsonl name=tap-salesforce producer=True run_id=34200ed2-2d5e-49a9-9dca-47125db53302 stdio=stderr string_id=tap-salesforce
2025-05-25T19:47:54.248601Z [info     ] INFO Lead.IsConverted - True   cmd_type=elb consumer=False job_name=dev:tap-salesforce-to-target-jsonl name=tap-salesforce producer=True run_id=34200ed2-2d5e-49a9-9dca-47125db53302 stdio=stderr string_id=tap-salesforce
2025-05-25T19:47:54.248688Z [info     ] INFO Lead.ConvertedDate - True cmd_type=elb consumer=False job_name=dev:tap-salesforce-to-target-jsonl name=tap-salesforce producer=True run_id=34200ed2-2d5e-49a9-9dca-47125db53302 stdio=stderr string_id=tap-salesforce
2025-05-25T19:47:54.248763Z [info     ] INFO Lead.ConvertedAccountId - True cmd_type=elb consumer=False job_name=dev:tap-salesforce-to-target-jsonl name=tap-salesforce producer=True run_id=34200ed2-2d5e-49a9-9dca-47125db53302 stdio=stderr string_id=tap-salesforce
2025-05-25T19:47:54.248838Z [info     ] INFO Lead.ConvertedContactId - True cmd_type=elb consumer=False job_name=dev:tap-salesforce-to-target-jsonl name=tap-salesforce producer=True run_id=34200ed2-2d5e-49a9-9dca-47125db53302 stdio=stderr string_id=tap-salesforce
2025-05-25T19:47:54.248913Z [info     ] INFO Lead.ConvertedOpportunityId - True cmd_type=elb consumer=False job_name=dev:tap-salesforce-to-target-jsonl name=tap-salesforce producer=True run_id=34200ed2-2d5e-49a9-9dca-47125db53302 stdio=stderr string_id=tap-salesforce
2025-05-25T19:47:54.248988Z [info     ] INFO Lead.IsUnreadByOwner - True cmd_type=elb consumer=False job_name=dev:tap-salesforce-to-target-jsonl name=tap-salesforce producer=True run_id=34200ed2-2d5e-49a9-9dca-47125db53302 stdio=stderr string_id=tap-salesforce
2025-05-25T19:47:54.249063Z [info     ] INFO Lead.CreatedDate - True   cmd_type=elb consumer=False job_name=dev:tap-salesforce-to-target-jsonl name=tap-salesforce producer=True run_id=34200ed2-2d5e-49a9-9dca-47125db53302 stdio=stderr string_id=tap-salesforce
2025-05-25T19:47:54.249138Z [info     ] INFO Lead.CreatedById - True   cmd_type=elb consumer=False job_name=dev:tap-salesforce-to-target-jsonl name=tap-salesforce producer=True run_id=34200ed2-2d5e-49a9-9dca-47125db53302 stdio=stderr string_id=tap-salesforce
2025-05-25T19:47:54.249213Z [info     ] INFO Lead.LastModifiedDate - True cmd_type=elb consumer=False job_name=dev:tap-salesforce-to-target-jsonl name=tap-salesforce producer=True run_id=34200ed2-2d5e-49a9-9dca-47125db53302 stdio=stderr string_id=tap-salesforce
2025-05-25T19:47:54.249292Z [info     ] INFO Lead.LastModifiedById - True cmd_type=elb consumer=False job_name=dev:tap-salesforce-to-target-jsonl name=tap-salesforce producer=True run_id=34200ed2-2d5e-49a9-9dca-47125db53302 stdio=stderr string_id=tap-salesforce
2025-05-25T19:47:54.249369Z [info     ] INFO Lead.SystemModstamp - True cmd_type=elb consumer=False job_name=dev:tap-salesforce-to-target-jsonl name=tap-salesforce producer=True run_id=34200ed2-2d5e-49a9-9dca-47125db53302 stdio=stderr string_id=tap-salesforce
2025-05-25T19:47:54.249444Z [info     ] INFO Lead.LastActivityDate - True cmd_type=elb consumer=False job_name=dev:tap-salesforce-to-target-jsonl name=tap-salesforce producer=True run_id=34200ed2-2d5e-49a9-9dca-47125db53302 stdio=stderr string_id=tap-salesforce
2025-05-25T19:47:54.249520Z [info     ] INFO Lead.LastViewedDate - True cmd_type=elb consumer=False job_name=dev:tap-salesforce-to-target-jsonl name=tap-salesforce producer=True run_id=34200ed2-2d5e-49a9-9dca-47125db53302 stdio=stderr string_id=tap-salesforce
2025-05-25T19:47:54.249595Z [info     ] INFO Lead.LastReferencedDate - True cmd_type=elb consumer=False job_name=dev:tap-salesforce-to-target-jsonl name=tap-salesforce producer=True run_id=34200ed2-2d5e-49a9-9dca-47125db53302 stdio=stderr string_id=tap-salesforce
2025-05-25T19:47:54.249674Z [info     ] INFO Lead.Jigsaw - True        cmd_type=elb consumer=False job_name=dev:tap-salesforce-to-target-jsonl name=tap-salesforce producer=True run_id=34200ed2-2d5e-49a9-9dca-47125db53302 stdio=stderr string_id=tap-salesforce
2025-05-25T19:47:54.249750Z [info     ] INFO Lead.JigsawContactId - True cmd_type=elb consumer=False job_name=dev:tap-salesforce-to-target-jsonl name=tap-salesforce producer=True run_id=34200ed2-2d5e-49a9-9dca-47125db53302 stdio=stderr string_id=tap-salesforce
2025-05-25T19:47:54.249824Z [info     ] INFO Lead.CleanStatus - True   cmd_type=elb consumer=False job_name=dev:tap-salesforce-to-target-jsonl name=tap-salesforce producer=True run_id=34200ed2-2d5e-49a9-9dca-47125db53302 stdio=stderr string_id=tap-salesforce
2025-05-25T19:47:54.249899Z [info     ] INFO Lead.CompanyDunsNumber - True cmd_type=elb consumer=False job_name=dev:tap-salesforce-to-target-jsonl name=tap-salesforce producer=True run_id=34200ed2-2d5e-49a9-9dca-47125db53302 stdio=stderr string_id=tap-salesforce
2025-05-25T19:47:54.249974Z [info     ] INFO Lead.DandbCompanyId - True cmd_type=elb consumer=False job_name=dev:tap-salesforce-to-target-jsonl name=tap-salesforce producer=True run_id=34200ed2-2d5e-49a9-9dca-47125db53302 stdio=stderr string_id=tap-salesforce
2025-05-25T19:47:54.250050Z [info     ] INFO Lead.EmailBouncedReason - True cmd_type=elb consumer=False job_name=dev:tap-salesforce-to-target-jsonl name=tap-salesforce producer=True run_id=34200ed2-2d5e-49a9-9dca-47125db53302 stdio=stderr string_id=tap-salesforce
2025-05-25T19:47:54.250125Z [info     ] INFO Lead.EmailBouncedDate - True cmd_type=elb consumer=False job_name=dev:tap-salesforce-to-target-jsonl name=tap-salesforce producer=True run_id=34200ed2-2d5e-49a9-9dca-47125db53302 stdio=stderr string_id=tap-salesforce
2025-05-25T19:47:54.250200Z [info     ] INFO Lead.IndividualId - True  cmd_type=elb consumer=False job_name=dev:tap-salesforce-to-target-jsonl name=tap-salesforce producer=True run_id=34200ed2-2d5e-49a9-9dca-47125db53302 stdio=stderr string_id=tap-salesforce
2025-05-25T19:47:54.250276Z [info     ] INFO Lead.IsPriorityRecord - True cmd_type=elb consumer=False job_name=dev:tap-salesforce-to-target-jsonl name=tap-salesforce producer=True run_id=34200ed2-2d5e-49a9-9dca-47125db53302 stdio=stderr string_id=tap-salesforce
2025-05-25T19:47:54.250353Z [info     ] INFO Lead.SICCode__c - True    cmd_type=elb consumer=False job_name=dev:tap-salesforce-to-target-jsonl name=tap-salesforce producer=True run_id=34200ed2-2d5e-49a9-9dca-47125db53302 stdio=stderr string_id=tap-salesforce
2025-05-25T19:47:54.250428Z [info     ] INFO Lead.ProductInterest__c - True cmd_type=elb consumer=False job_name=dev:tap-salesforce-to-target-jsonl name=tap-salesforce producer=True run_id=34200ed2-2d5e-49a9-9dca-47125db53302 stdio=stderr string_id=tap-salesforce
2025-05-25T19:47:54.250503Z [info     ] INFO Lead.Primary__c - True    cmd_type=elb consumer=False job_name=dev:tap-salesforce-to-target-jsonl name=tap-salesforce producer=True run_id=34200ed2-2d5e-49a9-9dca-47125db53302 stdio=stderr string_id=tap-salesforce
2025-05-25T19:47:54.250579Z [info     ] INFO Lead.CurrentGenerators__c - True cmd_type=elb consumer=False job_name=dev:tap-salesforce-to-target-jsonl name=tap-salesforce producer=True run_id=34200ed2-2d5e-49a9-9dca-47125db53302 stdio=stderr string_id=tap-salesforce
2025-05-25T19:47:54.250657Z [info     ] INFO Lead.NumberofLocations__c - True cmd_type=elb consumer=False job_name=dev:tap-salesforce-to-target-jsonl name=tap-salesforce producer=True run_id=34200ed2-2d5e-49a9-9dca-47125db53302 stdio=stderr string_id=tap-salesforce
2025-05-25T19:47:54.250843Z [info     ] WARNING Unknown message type ACTIVATE_VERSION in message {'type': 'ACTIVATE_VERSION', 'stream': 'Contact', 'version': 1748202415125} cmd_type=elb consumer=True job_name=dev:tap-salesforce-to-target-jsonl name=target-jsonl producer=False run_id=34200ed2-2d5e-49a9-9dca-47125db53302 stdio=stderr string_id=target-jsonl
2025-05-25T19:47:54.250949Z [info     ] INFO Syncing Salesforce data for stream Contact cmd_type=elb consumer=False job_name=dev:tap-salesforce-to-target-jsonl name=tap-salesforce producer=True run_id=34200ed2-2d5e-49a9-9dca-47125db53302 stdio=stderr string_id=tap-salesforce
2025-05-25T19:47:54.251031Z [info     ] INFO Making GET request to https://orgfarm-b529f752a8-dev-ed.develop.my.salesforce.com/services/data/v60.0/queryAll with params: {'q': 'SELECT Id,IsDeleted,MasterRecordId,AccountId,LastName,FirstName,Salutation,Name,OtherStreet,OtherCity,OtherState,OtherPostalCode,OtherCountry,OtherStateCode,OtherCountryCode,OtherLatitude,OtherLongitude,OtherGeocodeAccuracy,OtherAddress,MailingStreet,MailingCity,MailingState,MailingPostalCode,MailingCountry,MailingStateCode,MailingCountryCode,MailingLatitude,MailingLongitude,MailingGeocodeAccuracy,MailingAddress,Phone,Fax,MobilePhone,HomePhone,OtherPhone,AssistantPhone,ReportsToId,Email,Title,Department,AssistantName,LeadSource,Birthdate,Description,OwnerId,CreatedDate,CreatedById,LastModifiedDate,LastModifiedById,SystemModstamp,LastActivityDate,LastCURequestDate,LastCUUpdateDate,LastViewedDate,LastReferencedDate,EmailBouncedReason,EmailBouncedDate,IsEmailBounced,PhotoUrl,Jigsaw,JigsawContactId,CleanStatus,IndividualId,IsPriorityRecord,Level__c,Languages__c FROM Contact WHERE SystemModstamp >= 2025-05-25T00:00:00+00:00  ORDER BY SystemModstamp ASC'} cmd_type=elb consumer=False job_name=dev:tap-salesforce-to-target-jsonl name=tap-salesforce producer=True run_id=34200ed2-2d5e-49a9-9dca-47125db53302 stdio=stderr string_id=tap-salesforce
2025-05-25T19:47:54.251112Z [info     ] INFO Syncing Salesforce data for stream Lead cmd_type=elb consumer=False job_name=dev:tap-salesforce-to-target-jsonl name=tap-salesforce producer=True run_id=34200ed2-2d5e-49a9-9dca-47125db53302 stdio=stderr string_id=tap-salesforce
2025-05-25T19:47:54.251190Z [info     ] INFO Making GET request to https://orgfarm-b529f752a8-dev-ed.develop.my.salesforce.com/services/data/v60.0/queryAll with params: {'q': 'SELECT Id,IsDeleted,MasterRecordId,LastName,FirstName,Salutation,Name,Title,Company,Street,City,State,PostalCode,Country,StateCode,CountryCode,Latitude,Longitude,GeocodeAccuracy,Address,Phone,MobilePhone,Fax,Email,Website,PhotoUrl,Description,LeadSource,Status,Industry,Rating,AnnualRevenue,NumberOfEmployees,OwnerId,IsConverted,ConvertedDate,ConvertedAccountId,ConvertedContactId,ConvertedOpportunityId,IsUnreadByOwner,CreatedDate,CreatedById,LastModifiedDate,LastModifiedById,SystemModstamp,LastActivityDate,LastViewedDate,LastReferencedDate,Jigsaw,JigsawContactId,CleanStatus,CompanyDunsNumber,DandbCompanyId,EmailBouncedReason,EmailBouncedDate,IndividualId,IsPriorityRecord,SICCode__c,ProductInterest__c,Primary__c,CurrentGenerators__c,NumberofLocations__c FROM Lead WHERE SystemModstamp >= 2025-05-25T00:00:00+00:00  ORDER BY SystemModstamp ASC'} cmd_type=elb consumer=False job_name=dev:tap-salesforce-to-target-jsonl name=tap-salesforce producer=True run_id=34200ed2-2d5e-49a9-9dca-47125db53302 stdio=stderr string_id=tap-salesforce
2025-05-25T19:47:54.251268Z [info     ] INFO Syncing Salesforce data for stream Account cmd_type=elb consumer=False job_name=dev:tap-salesforce-to-target-jsonl name=tap-salesforce producer=True run_id=34200ed2-2d5e-49a9-9dca-47125db53302 stdio=stderr string_id=tap-salesforce
2025-05-25T19:47:54.251345Z [info     ] INFO Making GET request to https://orgfarm-b529f752a8-dev-ed.develop.my.salesforce.com/services/data/v60.0/queryAll with params: {'q': 'SELECT Id,IsDeleted,MasterRecordId,Name,Type,ParentId,BillingStreet,BillingCity,BillingState,BillingPostalCode,BillingCountry,BillingStateCode,BillingCountryCode,BillingLatitude,BillingLongitude,BillingGeocodeAccuracy,BillingAddress,ShippingStreet,ShippingCity,ShippingState,ShippingPostalCode,ShippingCountry,ShippingStateCode,ShippingCountryCode,ShippingLatitude,ShippingLongitude,ShippingGeocodeAccuracy,ShippingAddress,Phone,Fax,AccountNumber,Website,PhotoUrl,Sic,Industry,AnnualRevenue,NumberOfEmployees,Ownership,TickerSymbol,Description,Rating,Site,OwnerId,CreatedDate,CreatedById,LastModifiedDate,LastModifiedById,SystemModstamp,LastActivityDate,LastViewedDate,LastReferencedDate,Jigsaw,JigsawCompanyId,CleanStatus,AccountSource,DunsNumber,Tradestyle,NaicsCode,NaicsDesc,YearStarted,SicDesc,DandbCompanyId,OperatingHoursId,CustomerPriority__c,SLA__c,Active__c,NumberofLocations__c,UpsellOpportunity__c,SLASerialNumber__c,SLAExpirationDate__c FROM Account WHERE SystemModstamp >= 2025-05-25T00:00:00+00:00  ORDER BY SystemModstamp ASC'} cmd_type=elb consumer=False job_name=dev:tap-salesforce-to-target-jsonl name=tap-salesforce producer=True run_id=34200ed2-2d5e-49a9-9dca-47125db53302 stdio=stderr string_id=tap-salesforce
2025-05-25T19:47:54.251484Z [info     ] WARNING Unknown message type ACTIVATE_VERSION in message {'type': 'ACTIVATE_VERSION', 'stream': 'Account', 'version': 1748202415127} cmd_type=elb consumer=True job_name=dev:tap-salesforce-to-target-jsonl name=target-jsonl producer=False run_id=34200ed2-2d5e-49a9-9dca-47125db53302 stdio=stderr string_id=target-jsonl
2025-05-25T19:47:54.251565Z [info     ] WARNING Unknown message type ACTIVATE_VERSION in message {'type': 'ACTIVATE_VERSION', 'stream': 'Lead', 'version': 1748202415132} cmd_type=elb consumer=True job_name=dev:tap-salesforce-to-target-jsonl name=target-jsonl producer=False run_id=34200ed2-2d5e-49a9-9dca-47125db53302 stdio=stderr string_id=target-jsonl
2025-05-25T19:47:54.504633Z [info     ] INFO Used 8841 of 15000 daily REST API quota cmd_type=elb consumer=False job_name=dev:tap-salesforce-to-target-jsonl name=tap-salesforce producer=True run_id=34200ed2-2d5e-49a9-9dca-47125db53302 stdio=stderr string_id=tap-salesforce
2025-05-25T19:47:54.506508Z [info     ] INFO METRIC: {"type": "counter", "metric": "record_count", "value": 0, "tags": {"endpoint": "Lead"}} cmd_type=elb consumer=False job_name=dev:tap-salesforce-to-target-jsonl name=tap-salesforce producer=True run_id=34200ed2-2d5e-49a9-9dca-47125db53302 stdio=stderr string_id=tap-salesforce
2025-05-25T19:47:54.508677Z [info     ] INFO Completed sync for Lead   cmd_type=elb consumer=False job_name=dev:tap-salesforce-to-target-jsonl name=tap-salesforce producer=True run_id=34200ed2-2d5e-49a9-9dca-47125db53302 stdio=stderr string_id=tap-salesforce
2025-05-25T19:47:54.509361Z [info     ] INFO Used 8841 of 15000 daily REST API quota cmd_type=elb consumer=False job_name=dev:tap-salesforce-to-target-jsonl name=tap-salesforce producer=True run_id=34200ed2-2d5e-49a9-9dca-47125db53302 stdio=stderr string_id=tap-salesforce
2025-05-25T19:47:54.509905Z [info     ] INFO METRIC: {"type": "counter", "metric": "record_count", "value": 0, "tags": {"endpoint": "Contact"}} cmd_type=elb consumer=False job_name=dev:tap-salesforce-to-target-jsonl name=tap-salesforce producer=True run_id=34200ed2-2d5e-49a9-9dca-47125db53302 stdio=stderr string_id=tap-salesforce
2025-05-25T19:47:54.510277Z [info     ] INFO Completed sync for Contact cmd_type=elb consumer=False job_name=dev:tap-salesforce-to-target-jsonl name=tap-salesforce producer=True run_id=34200ed2-2d5e-49a9-9dca-47125db53302 stdio=stderr string_id=tap-salesforce
2025-05-25T19:47:54.515006Z [info     ] INFO Used 8842 of 15000 daily REST API quota cmd_type=elb consumer=False job_name=dev:tap-salesforce-to-target-jsonl name=tap-salesforce producer=True run_id=34200ed2-2d5e-49a9-9dca-47125db53302 stdio=stderr string_id=tap-salesforce
2025-05-25T19:47:54.515467Z [info     ] INFO METRIC: {"type": "counter", "metric": "record_count", "value": 0, "tags": {"endpoint": "Account"}} cmd_type=elb consumer=False job_name=dev:tap-salesforce-to-target-jsonl name=tap-salesforce producer=True run_id=34200ed2-2d5e-49a9-9dca-47125db53302 stdio=stderr string_id=tap-salesforce
2025-05-25T19:47:54.515890Z [info     ] INFO Completed sync for Account cmd_type=elb consumer=False job_name=dev:tap-salesforce-to-target-jsonl name=tap-salesforce producer=True run_id=34200ed2-2d5e-49a9-9dca-47125db53302 stdio=stderr string_id=tap-salesforce
2025-05-25T19:47:54.517156Z [info     ] INFO Finished sync             cmd_type=elb consumer=False job_name=dev:tap-salesforce-to-target-jsonl name=tap-salesforce producer=True run_id=34200ed2-2d5e-49a9-9dca-47125db53302 stdio=stderr string_id=tap-salesforce
2025-05-25T19:47:54.583040Z [info     ] Using systemdb state backend
2025-05-25T19:47:54.588003Z [info     ] Incremental state has been updated at 2025-05-25 19:47:54.587991+00:00.
2025-05-25T19:47:54.594129Z [info     ] Block run completed.           block_type=ExtractLoadBlocks err=None set_number=0 success=True
