2025-05-26T08:20:17.575842Z [warning  ] Force option is enabled, ignoring stale job check.
2025-05-26T08:20:17.683866Z [info     ] Using systemdb state backend
2025-05-26T08:20:19.907221Z [info     ] /Users/tim.prudames/analytics/.meltano/extractors/tap-salesforce/venv/lib/python3.9/site-packages/urllib3/__init__.py:35: NotOpenSSLWarning: urllib3 v2 only supports OpenSSL 1.1.1+, currently the 'ssl' module is compiled with 'LibreSSL 2.8.3'. See: https://github.com/urllib3/urllib3/issues/3020 cmd_type=elb consumer=False job_name=dev:tap-salesforce-to-target-jsonl name=tap-salesforce producer=True run_id=318827c5-c51a-4dfb-a0ef-0b010015a970 stdio=stderr string_id=tap-salesforce
2025-05-26T08:20:19.908972Z [info     ]   warnings.warn(               cmd_type=elb consumer=False job_name=dev:tap-salesforce-to-target-jsonl name=tap-salesforce producer=True run_id=318827c5-c51a-4dfb-a0ef-0b010015a970 stdio=stderr string_id=tap-salesforce
2025-05-26T08:20:20.051493Z [info     ] INFO Parsed start date '2025-05-25T00:00:00+00:00' from value '2025-05-25' cmd_type=elb consumer=False job_name=dev:tap-salesforce-to-target-jsonl name=tap-salesforce producer=True run_id=318827c5-c51a-4dfb-a0ef-0b010015a970 stdio=stderr string_id=tap-salesforce
2025-05-26T08:20:20.051724Z [info     ] INFO Attempting login via OAuth2 cmd_type=elb consumer=False job_name=dev:tap-salesforce-to-target-jsonl name=tap-salesforce producer=True run_id=318827c5-c51a-4dfb-a0ef-0b010015a970 stdio=stderr string_id=tap-salesforce
2025-05-26T08:20:20.634549Z [info     ] INFO OAuth2 login successful   cmd_type=elb consumer=False job_name=dev:tap-salesforce-to-target-jsonl name=tap-salesforce producer=True run_id=318827c5-c51a-4dfb-a0ef-0b010015a970 stdio=stderr string_id=tap-salesforce
2025-05-26T08:20:20.635019Z [info     ] INFO Starting new login timer  cmd_type=elb consumer=False job_name=dev:tap-salesforce-to-target-jsonl name=tap-salesforce producer=True run_id=318827c5-c51a-4dfb-a0ef-0b010015a970 stdio=stderr string_id=tap-salesforce
2025-05-26T08:20:20.645660Z [info     ] INFO Starting sync             cmd_type=elb consumer=False job_name=dev:tap-salesforce-to-target-jsonl name=tap-salesforce producer=True run_id=318827c5-c51a-4dfb-a0ef-0b010015a970 stdio=stderr string_id=tap-salesforce
2025-05-26T08:20:20.671886Z [info     ] INFO Lead: Starting            cmd_type=elb consumer=False job_name=dev:tap-salesforce-to-target-jsonl name=tap-salesforce producer=True run_id=318827c5-c51a-4dfb-a0ef-0b010015a970 stdio=stderr string_id=tap-salesforce
2025-05-26T08:20:20.672231Z [info     ] INFO Lead.Id - True            cmd_type=elb consumer=False job_name=dev:tap-salesforce-to-target-jsonl name=tap-salesforce producer=True run_id=318827c5-c51a-4dfb-a0ef-0b010015a970 stdio=stderr string_id=tap-salesforce
2025-05-26T08:20:20.672353Z [info     ] INFO Lead.IsDeleted - True     cmd_type=elb consumer=False job_name=dev:tap-salesforce-to-target-jsonl name=tap-salesforce producer=True run_id=318827c5-c51a-4dfb-a0ef-0b010015a970 stdio=stderr string_id=tap-salesforce
2025-05-26T08:20:20.672456Z [info     ] INFO Lead.MasterRecordId - True cmd_type=elb consumer=False job_name=dev:tap-salesforce-to-target-jsonl name=tap-salesforce producer=True run_id=318827c5-c51a-4dfb-a0ef-0b010015a970 stdio=stderr string_id=tap-salesforce
2025-05-26T08:20:20.672551Z [info     ] INFO Lead.LastName - True      cmd_type=elb consumer=False job_name=dev:tap-salesforce-to-target-jsonl name=tap-salesforce producer=True run_id=318827c5-c51a-4dfb-a0ef-0b010015a970 stdio=stderr string_id=tap-salesforce
2025-05-26T08:20:20.672644Z [info     ] INFO Lead.FirstName - True     cmd_type=elb consumer=False job_name=dev:tap-salesforce-to-target-jsonl name=tap-salesforce producer=True run_id=318827c5-c51a-4dfb-a0ef-0b010015a970 stdio=stderr string_id=tap-salesforce
2025-05-26T08:20:20.672732Z [info     ] INFO Lead.Salutation - True    cmd_type=elb consumer=False job_name=dev:tap-salesforce-to-target-jsonl name=tap-salesforce producer=True run_id=318827c5-c51a-4dfb-a0ef-0b010015a970 stdio=stderr string_id=tap-salesforce
2025-05-26T08:20:20.672845Z [info     ] INFO Lead.Name - True          cmd_type=elb consumer=False job_name=dev:tap-salesforce-to-target-jsonl name=tap-salesforce producer=True run_id=318827c5-c51a-4dfb-a0ef-0b010015a970 stdio=stderr string_id=tap-salesforce
2025-05-26T08:20:20.672974Z [info     ] INFO Lead.Title - True         cmd_type=elb consumer=False job_name=dev:tap-salesforce-to-target-jsonl name=tap-salesforce producer=True run_id=318827c5-c51a-4dfb-a0ef-0b010015a970 stdio=stderr string_id=tap-salesforce
2025-05-26T08:20:20.673070Z [info     ] INFO Lead.Company - True       cmd_type=elb consumer=False job_name=dev:tap-salesforce-to-target-jsonl name=tap-salesforce producer=True run_id=318827c5-c51a-4dfb-a0ef-0b010015a970 stdio=stderr string_id=tap-salesforce
2025-05-26T08:20:20.673172Z [info     ] INFO Lead.Street - True        cmd_type=elb consumer=False job_name=dev:tap-salesforce-to-target-jsonl name=tap-salesforce producer=True run_id=318827c5-c51a-4dfb-a0ef-0b010015a970 stdio=stderr string_id=tap-salesforce
2025-05-26T08:20:20.673259Z [info     ] INFO Lead.City - True          cmd_type=elb consumer=False job_name=dev:tap-salesforce-to-target-jsonl name=tap-salesforce producer=True run_id=318827c5-c51a-4dfb-a0ef-0b010015a970 stdio=stderr string_id=tap-salesforce
2025-05-26T08:20:20.673345Z [info     ] INFO Lead.State - True         cmd_type=elb consumer=False job_name=dev:tap-salesforce-to-target-jsonl name=tap-salesforce producer=True run_id=318827c5-c51a-4dfb-a0ef-0b010015a970 stdio=stderr string_id=tap-salesforce
2025-05-26T08:20:20.673426Z [info     ] INFO Lead.PostalCode - True    cmd_type=elb consumer=False job_name=dev:tap-salesforce-to-target-jsonl name=tap-salesforce producer=True run_id=318827c5-c51a-4dfb-a0ef-0b010015a970 stdio=stderr string_id=tap-salesforce
2025-05-26T08:20:20.673507Z [info     ] INFO Lead.Country - True       cmd_type=elb consumer=False job_name=dev:tap-salesforce-to-target-jsonl name=tap-salesforce producer=True run_id=318827c5-c51a-4dfb-a0ef-0b010015a970 stdio=stderr string_id=tap-salesforce
2025-05-26T08:20:20.673587Z [info     ] INFO Lead.StateCode - True     cmd_type=elb consumer=False job_name=dev:tap-salesforce-to-target-jsonl name=tap-salesforce producer=True run_id=318827c5-c51a-4dfb-a0ef-0b010015a970 stdio=stderr string_id=tap-salesforce
2025-05-26T08:20:20.673667Z [info     ] INFO Lead.CountryCode - True   cmd_type=elb consumer=False job_name=dev:tap-salesforce-to-target-jsonl name=tap-salesforce producer=True run_id=318827c5-c51a-4dfb-a0ef-0b010015a970 stdio=stderr string_id=tap-salesforce
2025-05-26T08:20:20.673747Z [info     ] INFO Lead.Latitude - True      cmd_type=elb consumer=False job_name=dev:tap-salesforce-to-target-jsonl name=tap-salesforce producer=True run_id=318827c5-c51a-4dfb-a0ef-0b010015a970 stdio=stderr string_id=tap-salesforce
2025-05-26T08:20:20.673845Z [info     ] INFO Lead.Longitude - True     cmd_type=elb consumer=False job_name=dev:tap-salesforce-to-target-jsonl name=tap-salesforce producer=True run_id=318827c5-c51a-4dfb-a0ef-0b010015a970 stdio=stderr string_id=tap-salesforce
2025-05-26T08:20:20.673930Z [info     ] INFO Lead.GeocodeAccuracy - True cmd_type=elb consumer=False job_name=dev:tap-salesforce-to-target-jsonl name=tap-salesforce producer=True run_id=318827c5-c51a-4dfb-a0ef-0b010015a970 stdio=stderr string_id=tap-salesforce
2025-05-26T08:20:20.674012Z [info     ] INFO Lead.Address - True       cmd_type=elb consumer=False job_name=dev:tap-salesforce-to-target-jsonl name=tap-salesforce producer=True run_id=318827c5-c51a-4dfb-a0ef-0b010015a970 stdio=stderr string_id=tap-salesforce
2025-05-26T08:20:20.674092Z [info     ] INFO Lead.street - True        cmd_type=elb consumer=False job_name=dev:tap-salesforce-to-target-jsonl name=tap-salesforce producer=True run_id=318827c5-c51a-4dfb-a0ef-0b010015a970 stdio=stderr string_id=tap-salesforce
2025-05-26T08:20:20.674172Z [info     ] INFO Lead.state - True         cmd_type=elb consumer=False job_name=dev:tap-salesforce-to-target-jsonl name=tap-salesforce producer=True run_id=318827c5-c51a-4dfb-a0ef-0b010015a970 stdio=stderr string_id=tap-salesforce
2025-05-26T08:20:20.674260Z [info     ] INFO Lead.postalCode - True    cmd_type=elb consumer=False job_name=dev:tap-salesforce-to-target-jsonl name=tap-salesforce producer=True run_id=318827c5-c51a-4dfb-a0ef-0b010015a970 stdio=stderr string_id=tap-salesforce
2025-05-26T08:20:20.674341Z [info     ] INFO Lead.city - True          cmd_type=elb consumer=False job_name=dev:tap-salesforce-to-target-jsonl name=tap-salesforce producer=True run_id=318827c5-c51a-4dfb-a0ef-0b010015a970 stdio=stderr string_id=tap-salesforce
2025-05-26T08:20:20.674494Z [info     ] INFO Lead.country - True       cmd_type=elb consumer=False job_name=dev:tap-salesforce-to-target-jsonl name=tap-salesforce producer=True run_id=318827c5-c51a-4dfb-a0ef-0b010015a970 stdio=stderr string_id=tap-salesforce
2025-05-26T08:20:20.674677Z [info     ] INFO Lead.longitude - True     cmd_type=elb consumer=False job_name=dev:tap-salesforce-to-target-jsonl name=tap-salesforce producer=True run_id=318827c5-c51a-4dfb-a0ef-0b010015a970 stdio=stderr string_id=tap-salesforce
2025-05-26T08:20:20.674800Z [info     ] INFO Lead.latitude - True      cmd_type=elb consumer=False job_name=dev:tap-salesforce-to-target-jsonl name=tap-salesforce producer=True run_id=318827c5-c51a-4dfb-a0ef-0b010015a970 stdio=stderr string_id=tap-salesforce
2025-05-26T08:20:20.674923Z [info     ] INFO Lead.geocodeAccuracy - True cmd_type=elb consumer=False job_name=dev:tap-salesforce-to-target-jsonl name=tap-salesforce producer=True run_id=318827c5-c51a-4dfb-a0ef-0b010015a970 stdio=stderr string_id=tap-salesforce
2025-05-26T08:20:20.675022Z [info     ] INFO Lead.Phone - True         cmd_type=elb consumer=False job_name=dev:tap-salesforce-to-target-jsonl name=tap-salesforce producer=True run_id=318827c5-c51a-4dfb-a0ef-0b010015a970 stdio=stderr string_id=tap-salesforce
2025-05-26T08:20:20.675112Z [info     ] INFO Lead.MobilePhone - True   cmd_type=elb consumer=False job_name=dev:tap-salesforce-to-target-jsonl name=tap-salesforce producer=True run_id=318827c5-c51a-4dfb-a0ef-0b010015a970 stdio=stderr string_id=tap-salesforce
2025-05-26T08:20:20.675198Z [info     ] INFO Lead.Fax - True           cmd_type=elb consumer=False job_name=dev:tap-salesforce-to-target-jsonl name=tap-salesforce producer=True run_id=318827c5-c51a-4dfb-a0ef-0b010015a970 stdio=stderr string_id=tap-salesforce
2025-05-26T08:20:20.675284Z [info     ] INFO Lead.Email - True         cmd_type=elb consumer=False job_name=dev:tap-salesforce-to-target-jsonl name=tap-salesforce producer=True run_id=318827c5-c51a-4dfb-a0ef-0b010015a970 stdio=stderr string_id=tap-salesforce
2025-05-26T08:20:20.675369Z [info     ] INFO Lead.Website - True       cmd_type=elb consumer=False job_name=dev:tap-salesforce-to-target-jsonl name=tap-salesforce producer=True run_id=318827c5-c51a-4dfb-a0ef-0b010015a970 stdio=stderr string_id=tap-salesforce
2025-05-26T08:20:20.675454Z [info     ] INFO Lead.PhotoUrl - True      cmd_type=elb consumer=False job_name=dev:tap-salesforce-to-target-jsonl name=tap-salesforce producer=True run_id=318827c5-c51a-4dfb-a0ef-0b010015a970 stdio=stderr string_id=tap-salesforce
2025-05-26T08:20:20.675557Z [info     ] INFO Lead.Description - True   cmd_type=elb consumer=False job_name=dev:tap-salesforce-to-target-jsonl name=tap-salesforce producer=True run_id=318827c5-c51a-4dfb-a0ef-0b010015a970 stdio=stderr string_id=tap-salesforce
2025-05-26T08:20:20.675640Z [info     ] INFO Lead.LeadSource - True    cmd_type=elb consumer=False job_name=dev:tap-salesforce-to-target-jsonl name=tap-salesforce producer=True run_id=318827c5-c51a-4dfb-a0ef-0b010015a970 stdio=stderr string_id=tap-salesforce
2025-05-26T08:20:20.675723Z [info     ] INFO Lead.Status - True        cmd_type=elb consumer=False job_name=dev:tap-salesforce-to-target-jsonl name=tap-salesforce producer=True run_id=318827c5-c51a-4dfb-a0ef-0b010015a970 stdio=stderr string_id=tap-salesforce
2025-05-26T08:20:20.675804Z [info     ] INFO Lead.Industry - True      cmd_type=elb consumer=False job_name=dev:tap-salesforce-to-target-jsonl name=tap-salesforce producer=True run_id=318827c5-c51a-4dfb-a0ef-0b010015a970 stdio=stderr string_id=tap-salesforce
2025-05-26T08:20:20.675899Z [info     ] INFO Lead.Rating - True        cmd_type=elb consumer=False job_name=dev:tap-salesforce-to-target-jsonl name=tap-salesforce producer=True run_id=318827c5-c51a-4dfb-a0ef-0b010015a970 stdio=stderr string_id=tap-salesforce
2025-05-26T08:20:20.675981Z [info     ] INFO Lead.AnnualRevenue - True cmd_type=elb consumer=False job_name=dev:tap-salesforce-to-target-jsonl name=tap-salesforce producer=True run_id=318827c5-c51a-4dfb-a0ef-0b010015a970 stdio=stderr string_id=tap-salesforce
2025-05-26T08:20:20.676063Z [info     ] INFO Lead.NumberOfEmployees - True cmd_type=elb consumer=False job_name=dev:tap-salesforce-to-target-jsonl name=tap-salesforce producer=True run_id=318827c5-c51a-4dfb-a0ef-0b010015a970 stdio=stderr string_id=tap-salesforce
2025-05-26T08:20:20.676144Z [info     ] INFO Lead.OwnerId - True       cmd_type=elb consumer=False job_name=dev:tap-salesforce-to-target-jsonl name=tap-salesforce producer=True run_id=318827c5-c51a-4dfb-a0ef-0b010015a970 stdio=stderr string_id=tap-salesforce
2025-05-26T08:20:20.676225Z [info     ] INFO Lead.IsConverted - True   cmd_type=elb consumer=False job_name=dev:tap-salesforce-to-target-jsonl name=tap-salesforce producer=True run_id=318827c5-c51a-4dfb-a0ef-0b010015a970 stdio=stderr string_id=tap-salesforce
2025-05-26T08:20:20.676305Z [info     ] INFO Lead.ConvertedDate - True cmd_type=elb consumer=False job_name=dev:tap-salesforce-to-target-jsonl name=tap-salesforce producer=True run_id=318827c5-c51a-4dfb-a0ef-0b010015a970 stdio=stderr string_id=tap-salesforce
2025-05-26T08:20:20.676385Z [info     ] INFO Lead.ConvertedAccountId - True cmd_type=elb consumer=False job_name=dev:tap-salesforce-to-target-jsonl name=tap-salesforce producer=True run_id=318827c5-c51a-4dfb-a0ef-0b010015a970 stdio=stderr string_id=tap-salesforce
2025-05-26T08:20:20.676465Z [info     ] INFO Lead.ConvertedContactId - True cmd_type=elb consumer=False job_name=dev:tap-salesforce-to-target-jsonl name=tap-salesforce producer=True run_id=318827c5-c51a-4dfb-a0ef-0b010015a970 stdio=stderr string_id=tap-salesforce
2025-05-26T08:20:20.676545Z [info     ] INFO Lead.ConvertedOpportunityId - True cmd_type=elb consumer=False job_name=dev:tap-salesforce-to-target-jsonl name=tap-salesforce producer=True run_id=318827c5-c51a-4dfb-a0ef-0b010015a970 stdio=stderr string_id=tap-salesforce
2025-05-26T08:20:20.676624Z [info     ] INFO Lead.IsUnreadByOwner - True cmd_type=elb consumer=False job_name=dev:tap-salesforce-to-target-jsonl name=tap-salesforce producer=True run_id=318827c5-c51a-4dfb-a0ef-0b010015a970 stdio=stderr string_id=tap-salesforce
2025-05-26T08:20:20.676703Z [info     ] INFO Lead.CreatedDate - True   cmd_type=elb consumer=False job_name=dev:tap-salesforce-to-target-jsonl name=tap-salesforce producer=True run_id=318827c5-c51a-4dfb-a0ef-0b010015a970 stdio=stderr string_id=tap-salesforce
2025-05-26T08:20:20.676783Z [info     ] INFO Lead.CreatedById - True   cmd_type=elb consumer=False job_name=dev:tap-salesforce-to-target-jsonl name=tap-salesforce producer=True run_id=318827c5-c51a-4dfb-a0ef-0b010015a970 stdio=stderr string_id=tap-salesforce
2025-05-26T08:20:20.676863Z [info     ] INFO Lead.LastModifiedDate - True cmd_type=elb consumer=False job_name=dev:tap-salesforce-to-target-jsonl name=tap-salesforce producer=True run_id=318827c5-c51a-4dfb-a0ef-0b010015a970 stdio=stderr string_id=tap-salesforce
2025-05-26T08:20:20.676946Z [info     ] INFO Lead.LastModifiedById - True cmd_type=elb consumer=False job_name=dev:tap-salesforce-to-target-jsonl name=tap-salesforce producer=True run_id=318827c5-c51a-4dfb-a0ef-0b010015a970 stdio=stderr string_id=tap-salesforce
2025-05-26T08:20:20.677026Z [info     ] INFO Lead.SystemModstamp - True cmd_type=elb consumer=False job_name=dev:tap-salesforce-to-target-jsonl name=tap-salesforce producer=True run_id=318827c5-c51a-4dfb-a0ef-0b010015a970 stdio=stderr string_id=tap-salesforce
2025-05-26T08:20:20.677105Z [info     ] INFO Lead.LastActivityDate - True cmd_type=elb consumer=False job_name=dev:tap-salesforce-to-target-jsonl name=tap-salesforce producer=True run_id=318827c5-c51a-4dfb-a0ef-0b010015a970 stdio=stderr string_id=tap-salesforce
2025-05-26T08:20:20.677195Z [info     ] INFO Lead.LastViewedDate - True cmd_type=elb consumer=False job_name=dev:tap-salesforce-to-target-jsonl name=tap-salesforce producer=True run_id=318827c5-c51a-4dfb-a0ef-0b010015a970 stdio=stderr string_id=tap-salesforce
2025-05-26T08:20:20.677276Z [info     ] INFO Lead.LastReferencedDate - True cmd_type=elb consumer=False job_name=dev:tap-salesforce-to-target-jsonl name=tap-salesforce producer=True run_id=318827c5-c51a-4dfb-a0ef-0b010015a970 stdio=stderr string_id=tap-salesforce
2025-05-26T08:20:20.677356Z [info     ] INFO Lead.Jigsaw - True        cmd_type=elb consumer=False job_name=dev:tap-salesforce-to-target-jsonl name=tap-salesforce producer=True run_id=318827c5-c51a-4dfb-a0ef-0b010015a970 stdio=stderr string_id=tap-salesforce
2025-05-26T08:20:20.677435Z [info     ] INFO Lead.JigsawContactId - True cmd_type=elb consumer=False job_name=dev:tap-salesforce-to-target-jsonl name=tap-salesforce producer=True run_id=318827c5-c51a-4dfb-a0ef-0b010015a970 stdio=stderr string_id=tap-salesforce
2025-05-26T08:20:20.677515Z [info     ] INFO Lead.CleanStatus - True   cmd_type=elb consumer=False job_name=dev:tap-salesforce-to-target-jsonl name=tap-salesforce producer=True run_id=318827c5-c51a-4dfb-a0ef-0b010015a970 stdio=stderr string_id=tap-salesforce
2025-05-26T08:20:20.677594Z [info     ] INFO Lead.CompanyDunsNumber - True cmd_type=elb consumer=False job_name=dev:tap-salesforce-to-target-jsonl name=tap-salesforce producer=True run_id=318827c5-c51a-4dfb-a0ef-0b010015a970 stdio=stderr string_id=tap-salesforce
2025-05-26T08:20:20.677671Z [info     ] INFO Lead.DandbCompanyId - True cmd_type=elb consumer=False job_name=dev:tap-salesforce-to-target-jsonl name=tap-salesforce producer=True run_id=318827c5-c51a-4dfb-a0ef-0b010015a970 stdio=stderr string_id=tap-salesforce
2025-05-26T08:20:20.677750Z [info     ] INFO Lead.EmailBouncedReason - True cmd_type=elb consumer=False job_name=dev:tap-salesforce-to-target-jsonl name=tap-salesforce producer=True run_id=318827c5-c51a-4dfb-a0ef-0b010015a970 stdio=stderr string_id=tap-salesforce
2025-05-26T08:20:20.677827Z [info     ] INFO Lead.EmailBouncedDate - True cmd_type=elb consumer=False job_name=dev:tap-salesforce-to-target-jsonl name=tap-salesforce producer=True run_id=318827c5-c51a-4dfb-a0ef-0b010015a970 stdio=stderr string_id=tap-salesforce
2025-05-26T08:20:20.677909Z [info     ] INFO Lead.IndividualId - True  cmd_type=elb consumer=False job_name=dev:tap-salesforce-to-target-jsonl name=tap-salesforce producer=True run_id=318827c5-c51a-4dfb-a0ef-0b010015a970 stdio=stderr string_id=tap-salesforce
2025-05-26T08:20:20.677987Z [info     ] INFO Lead.IsPriorityRecord - True cmd_type=elb consumer=False job_name=dev:tap-salesforce-to-target-jsonl name=tap-salesforce producer=True run_id=318827c5-c51a-4dfb-a0ef-0b010015a970 stdio=stderr string_id=tap-salesforce
2025-05-26T08:20:20.678066Z [info     ] INFO Lead.SICCode__c - True    cmd_type=elb consumer=False job_name=dev:tap-salesforce-to-target-jsonl name=tap-salesforce producer=True run_id=318827c5-c51a-4dfb-a0ef-0b010015a970 stdio=stderr string_id=tap-salesforce
2025-05-26T08:20:20.678143Z [info     ] INFO Lead.ProductInterest__c - True cmd_type=elb consumer=False job_name=dev:tap-salesforce-to-target-jsonl name=tap-salesforce producer=True run_id=318827c5-c51a-4dfb-a0ef-0b010015a970 stdio=stderr string_id=tap-salesforce
2025-05-26T08:20:20.678221Z [info     ] INFO Lead.Primary__c - True    cmd_type=elb consumer=False job_name=dev:tap-salesforce-to-target-jsonl name=tap-salesforce producer=True run_id=318827c5-c51a-4dfb-a0ef-0b010015a970 stdio=stderr string_id=tap-salesforce
2025-05-26T08:20:20.678300Z [info     ] INFO Lead.CurrentGenerators__c - True cmd_type=elb consumer=False job_name=dev:tap-salesforce-to-target-jsonl name=tap-salesforce producer=True run_id=318827c5-c51a-4dfb-a0ef-0b010015a970 stdio=stderr string_id=tap-salesforce
2025-05-26T08:20:20.678383Z [info     ] INFO Lead.NumberofLocations__c - True cmd_type=elb consumer=False job_name=dev:tap-salesforce-to-target-jsonl name=tap-salesforce producer=True run_id=318827c5-c51a-4dfb-a0ef-0b010015a970 stdio=stderr string_id=tap-salesforce
2025-05-26T08:20:20.679458Z [info     ] INFO Contact: Starting         cmd_type=elb consumer=False job_name=dev:tap-salesforce-to-target-jsonl name=tap-salesforce producer=True run_id=318827c5-c51a-4dfb-a0ef-0b010015a970 stdio=stderr string_id=tap-salesforce
2025-05-26T08:20:20.679673Z [info     ] WARNING Unknown message type ACTIVATE_VERSION in message {'type': 'ACTIVATE_VERSION', 'stream': 'Lead', 'version': 1748202415132} cmd_type=elb consumer=True job_name=dev:tap-salesforce-to-target-jsonl name=target-jsonl producer=False run_id=318827c5-c51a-4dfb-a0ef-0b010015a970 stdio=stderr string_id=target-jsonl
2025-05-26T08:20:20.679878Z [info     ] INFO Contact.Id - True         cmd_type=elb consumer=False job_name=dev:tap-salesforce-to-target-jsonl name=tap-salesforce producer=True run_id=318827c5-c51a-4dfb-a0ef-0b010015a970 stdio=stderr string_id=tap-salesforce
2025-05-26T08:20:20.680040Z [info     ] INFO Contact.IsDeleted - True  cmd_type=elb consumer=False job_name=dev:tap-salesforce-to-target-jsonl name=tap-salesforce producer=True run_id=318827c5-c51a-4dfb-a0ef-0b010015a970 stdio=stderr string_id=tap-salesforce
2025-05-26T08:20:20.680187Z [info     ] INFO Contact.MasterRecordId - True cmd_type=elb consumer=False job_name=dev:tap-salesforce-to-target-jsonl name=tap-salesforce producer=True run_id=318827c5-c51a-4dfb-a0ef-0b010015a970 stdio=stderr string_id=tap-salesforce
2025-05-26T08:20:20.680348Z [info     ] INFO Contact.AccountId - True  cmd_type=elb consumer=False job_name=dev:tap-salesforce-to-target-jsonl name=tap-salesforce producer=True run_id=318827c5-c51a-4dfb-a0ef-0b010015a970 stdio=stderr string_id=tap-salesforce
2025-05-26T08:20:20.680450Z [info     ] INFO Contact.LastName - True   cmd_type=elb consumer=False job_name=dev:tap-salesforce-to-target-jsonl name=tap-salesforce producer=True run_id=318827c5-c51a-4dfb-a0ef-0b010015a970 stdio=stderr string_id=tap-salesforce
2025-05-26T08:20:20.680592Z [info     ] INFO Contact.FirstName - True  cmd_type=elb consumer=False job_name=dev:tap-salesforce-to-target-jsonl name=tap-salesforce producer=True run_id=318827c5-c51a-4dfb-a0ef-0b010015a970 stdio=stderr string_id=tap-salesforce
2025-05-26T08:20:20.680685Z [info     ] INFO Contact.Salutation - True cmd_type=elb consumer=False job_name=dev:tap-salesforce-to-target-jsonl name=tap-salesforce producer=True run_id=318827c5-c51a-4dfb-a0ef-0b010015a970 stdio=stderr string_id=tap-salesforce
2025-05-26T08:20:20.680770Z [info     ] INFO Contact.Name - True       cmd_type=elb consumer=False job_name=dev:tap-salesforce-to-target-jsonl name=tap-salesforce producer=True run_id=318827c5-c51a-4dfb-a0ef-0b010015a970 stdio=stderr string_id=tap-salesforce
2025-05-26T08:20:20.680854Z [info     ] INFO Contact.OtherStreet - True cmd_type=elb consumer=False job_name=dev:tap-salesforce-to-target-jsonl name=tap-salesforce producer=True run_id=318827c5-c51a-4dfb-a0ef-0b010015a970 stdio=stderr string_id=tap-salesforce
2025-05-26T08:20:20.680935Z [info     ] INFO Contact.OtherCity - True  cmd_type=elb consumer=False job_name=dev:tap-salesforce-to-target-jsonl name=tap-salesforce producer=True run_id=318827c5-c51a-4dfb-a0ef-0b010015a970 stdio=stderr string_id=tap-salesforce
2025-05-26T08:20:20.681016Z [info     ] INFO Contact.OtherState - True cmd_type=elb consumer=False job_name=dev:tap-salesforce-to-target-jsonl name=tap-salesforce producer=True run_id=318827c5-c51a-4dfb-a0ef-0b010015a970 stdio=stderr string_id=tap-salesforce
2025-05-26T08:20:20.681096Z [info     ] INFO Contact.OtherPostalCode - True cmd_type=elb consumer=False job_name=dev:tap-salesforce-to-target-jsonl name=tap-salesforce producer=True run_id=318827c5-c51a-4dfb-a0ef-0b010015a970 stdio=stderr string_id=tap-salesforce
2025-05-26T08:20:20.681176Z [info     ] INFO Contact.OtherCountry - True cmd_type=elb consumer=False job_name=dev:tap-salesforce-to-target-jsonl name=tap-salesforce producer=True run_id=318827c5-c51a-4dfb-a0ef-0b010015a970 stdio=stderr string_id=tap-salesforce
2025-05-26T08:20:20.681264Z [info     ] INFO Contact.OtherStateCode - True cmd_type=elb consumer=False job_name=dev:tap-salesforce-to-target-jsonl name=tap-salesforce producer=True run_id=318827c5-c51a-4dfb-a0ef-0b010015a970 stdio=stderr string_id=tap-salesforce
2025-05-26T08:20:20.681344Z [info     ] INFO Contact.OtherCountryCode - True cmd_type=elb consumer=False job_name=dev:tap-salesforce-to-target-jsonl name=tap-salesforce producer=True run_id=318827c5-c51a-4dfb-a0ef-0b010015a970 stdio=stderr string_id=tap-salesforce
2025-05-26T08:20:20.681423Z [info     ] INFO Contact.OtherLatitude - True cmd_type=elb consumer=False job_name=dev:tap-salesforce-to-target-jsonl name=tap-salesforce producer=True run_id=318827c5-c51a-4dfb-a0ef-0b010015a970 stdio=stderr string_id=tap-salesforce
2025-05-26T08:20:20.681502Z [info     ] INFO Contact.OtherLongitude - True cmd_type=elb consumer=False job_name=dev:tap-salesforce-to-target-jsonl name=tap-salesforce producer=True run_id=318827c5-c51a-4dfb-a0ef-0b010015a970 stdio=stderr string_id=tap-salesforce
2025-05-26T08:20:20.681580Z [info     ] INFO Contact.OtherGeocodeAccuracy - True cmd_type=elb consumer=False job_name=dev:tap-salesforce-to-target-jsonl name=tap-salesforce producer=True run_id=318827c5-c51a-4dfb-a0ef-0b010015a970 stdio=stderr string_id=tap-salesforce
2025-05-26T08:20:20.681658Z [info     ] INFO Contact.OtherAddress - True cmd_type=elb consumer=False job_name=dev:tap-salesforce-to-target-jsonl name=tap-salesforce producer=True run_id=318827c5-c51a-4dfb-a0ef-0b010015a970 stdio=stderr string_id=tap-salesforce
2025-05-26T08:20:20.681736Z [info     ] INFO Contact.street - True     cmd_type=elb consumer=False job_name=dev:tap-salesforce-to-target-jsonl name=tap-salesforce producer=True run_id=318827c5-c51a-4dfb-a0ef-0b010015a970 stdio=stderr string_id=tap-salesforce
2025-05-26T08:20:20.681816Z [info     ] INFO Contact.state - True      cmd_type=elb consumer=False job_name=dev:tap-salesforce-to-target-jsonl name=tap-salesforce producer=True run_id=318827c5-c51a-4dfb-a0ef-0b010015a970 stdio=stderr string_id=tap-salesforce
2025-05-26T08:20:20.681894Z [info     ] INFO Contact.postalCode - True cmd_type=elb consumer=False job_name=dev:tap-salesforce-to-target-jsonl name=tap-salesforce producer=True run_id=318827c5-c51a-4dfb-a0ef-0b010015a970 stdio=stderr string_id=tap-salesforce
2025-05-26T08:20:20.681971Z [info     ] INFO Contact.city - True       cmd_type=elb consumer=False job_name=dev:tap-salesforce-to-target-jsonl name=tap-salesforce producer=True run_id=318827c5-c51a-4dfb-a0ef-0b010015a970 stdio=stderr string_id=tap-salesforce
2025-05-26T08:20:20.682049Z [info     ] INFO Contact.country - True    cmd_type=elb consumer=False job_name=dev:tap-salesforce-to-target-jsonl name=tap-salesforce producer=True run_id=318827c5-c51a-4dfb-a0ef-0b010015a970 stdio=stderr string_id=tap-salesforce
2025-05-26T08:20:20.682135Z [info     ] INFO Contact.longitude - True  cmd_type=elb consumer=False job_name=dev:tap-salesforce-to-target-jsonl name=tap-salesforce producer=True run_id=318827c5-c51a-4dfb-a0ef-0b010015a970 stdio=stderr string_id=tap-salesforce
2025-05-26T08:20:20.682262Z [info     ] INFO Contact.latitude - True   cmd_type=elb consumer=False job_name=dev:tap-salesforce-to-target-jsonl name=tap-salesforce producer=True run_id=318827c5-c51a-4dfb-a0ef-0b010015a970 stdio=stderr string_id=tap-salesforce
2025-05-26T08:20:20.682551Z [info     ] INFO Contact.geocodeAccuracy - True cmd_type=elb consumer=False job_name=dev:tap-salesforce-to-target-jsonl name=tap-salesforce producer=True run_id=318827c5-c51a-4dfb-a0ef-0b010015a970 stdio=stderr string_id=tap-salesforce
2025-05-26T08:20:20.682677Z [info     ] INFO Syncing Salesforce data for stream Lead cmd_type=elb consumer=False job_name=dev:tap-salesforce-to-target-jsonl name=tap-salesforce producer=True run_id=318827c5-c51a-4dfb-a0ef-0b010015a970 stdio=stderr string_id=tap-salesforce
2025-05-26T08:20:20.682913Z [info     ] INFO Making GET request to https://orgfarm-b529f752a8-dev-ed.develop.my.salesforce.com/services/data/v60.0/queryAll with params: {'q': 'SELECT Id,IsDeleted,MasterRecordId,LastName,FirstName,Salutation,Name,Title,Company,Street,City,State,PostalCode,Country,StateCode,CountryCode,Latitude,Longitude,GeocodeAccuracy,Address,Phone,MobilePhone,Fax,Email,Website,PhotoUrl,Description,LeadSource,Status,Industry,Rating,AnnualRevenue,NumberOfEmployees,OwnerId,IsConverted,ConvertedDate,ConvertedAccountId,ConvertedContactId,ConvertedOpportunityId,IsUnreadByOwner,CreatedDate,CreatedById,LastModifiedDate,LastModifiedById,SystemModstamp,LastActivityDate,LastViewedDate,LastReferencedDate,Jigsaw,JigsawContactId,CleanStatus,CompanyDunsNumber,DandbCompanyId,EmailBouncedReason,EmailBouncedDate,IndividualId,IsPriorityRecord,SICCode__c,ProductInterest__c,Primary__c,CurrentGenerators__c,NumberofLocations__c FROM Lead WHERE SystemModstamp >= 2025-05-25T00:00:00+00:00  ORDER BY SystemModstamp ASC'} cmd_type=elb consumer=False job_name=dev:tap-salesforce-to-target-jsonl name=tap-salesforce producer=True run_id=318827c5-c51a-4dfb-a0ef-0b010015a970 stdio=stderr string_id=tap-salesforce
2025-05-26T08:20:20.683047Z [info     ] INFO Contact.MailingStreet - True cmd_type=elb consumer=False job_name=dev:tap-salesforce-to-target-jsonl name=tap-salesforce producer=True run_id=318827c5-c51a-4dfb-a0ef-0b010015a970 stdio=stderr string_id=tap-salesforce
2025-05-26T08:20:20.683139Z [info     ] INFO Contact.MailingCity - True cmd_type=elb consumer=False job_name=dev:tap-salesforce-to-target-jsonl name=tap-salesforce producer=True run_id=318827c5-c51a-4dfb-a0ef-0b010015a970 stdio=stderr string_id=tap-salesforce
2025-05-26T08:20:20.683225Z [info     ] INFO Contact.MailingState - True cmd_type=elb consumer=False job_name=dev:tap-salesforce-to-target-jsonl name=tap-salesforce producer=True run_id=318827c5-c51a-4dfb-a0ef-0b010015a970 stdio=stderr string_id=tap-salesforce
2025-05-26T08:20:20.683309Z [info     ] INFO Contact.MailingPostalCode - True cmd_type=elb consumer=False job_name=dev:tap-salesforce-to-target-jsonl name=tap-salesforce producer=True run_id=318827c5-c51a-4dfb-a0ef-0b010015a970 stdio=stderr string_id=tap-salesforce
2025-05-26T08:20:20.683395Z [info     ] INFO Contact.MailingCountry - True cmd_type=elb consumer=False job_name=dev:tap-salesforce-to-target-jsonl name=tap-salesforce producer=True run_id=318827c5-c51a-4dfb-a0ef-0b010015a970 stdio=stderr string_id=tap-salesforce
2025-05-26T08:20:20.683476Z [info     ] INFO Contact.MailingStateCode - True cmd_type=elb consumer=False job_name=dev:tap-salesforce-to-target-jsonl name=tap-salesforce producer=True run_id=318827c5-c51a-4dfb-a0ef-0b010015a970 stdio=stderr string_id=tap-salesforce
2025-05-26T08:20:20.683556Z [info     ] INFO Contact.MailingCountryCode - True cmd_type=elb consumer=False job_name=dev:tap-salesforce-to-target-jsonl name=tap-salesforce producer=True run_id=318827c5-c51a-4dfb-a0ef-0b010015a970 stdio=stderr string_id=tap-salesforce
2025-05-26T08:20:20.683637Z [info     ] INFO Contact.MailingLatitude - True cmd_type=elb consumer=False job_name=dev:tap-salesforce-to-target-jsonl name=tap-salesforce producer=True run_id=318827c5-c51a-4dfb-a0ef-0b010015a970 stdio=stderr string_id=tap-salesforce
2025-05-26T08:20:20.683716Z [info     ] INFO Contact.MailingLongitude - True cmd_type=elb consumer=False job_name=dev:tap-salesforce-to-target-jsonl name=tap-salesforce producer=True run_id=318827c5-c51a-4dfb-a0ef-0b010015a970 stdio=stderr string_id=tap-salesforce
2025-05-26T08:20:20.683796Z [info     ] INFO Contact.MailingGeocodeAccuracy - True cmd_type=elb consumer=False job_name=dev:tap-salesforce-to-target-jsonl name=tap-salesforce producer=True run_id=318827c5-c51a-4dfb-a0ef-0b010015a970 stdio=stderr string_id=tap-salesforce
2025-05-26T08:20:20.683878Z [info     ] INFO Contact.MailingAddress - True cmd_type=elb consumer=False job_name=dev:tap-salesforce-to-target-jsonl name=tap-salesforce producer=True run_id=318827c5-c51a-4dfb-a0ef-0b010015a970 stdio=stderr string_id=tap-salesforce
2025-05-26T08:20:20.683970Z [info     ] INFO Contact.street - True     cmd_type=elb consumer=False job_name=dev:tap-salesforce-to-target-jsonl name=tap-salesforce producer=True run_id=318827c5-c51a-4dfb-a0ef-0b010015a970 stdio=stderr string_id=tap-salesforce
2025-05-26T08:20:20.684050Z [info     ] INFO Contact.state - True      cmd_type=elb consumer=False job_name=dev:tap-salesforce-to-target-jsonl name=tap-salesforce producer=True run_id=318827c5-c51a-4dfb-a0ef-0b010015a970 stdio=stderr string_id=tap-salesforce
2025-05-26T08:20:20.684129Z [info     ] INFO Contact.postalCode - True cmd_type=elb consumer=False job_name=dev:tap-salesforce-to-target-jsonl name=tap-salesforce producer=True run_id=318827c5-c51a-4dfb-a0ef-0b010015a970 stdio=stderr string_id=tap-salesforce
2025-05-26T08:20:20.684208Z [info     ] INFO Contact.city - True       cmd_type=elb consumer=False job_name=dev:tap-salesforce-to-target-jsonl name=tap-salesforce producer=True run_id=318827c5-c51a-4dfb-a0ef-0b010015a970 stdio=stderr string_id=tap-salesforce
2025-05-26T08:20:20.684287Z [info     ] INFO Contact.country - True    cmd_type=elb consumer=False job_name=dev:tap-salesforce-to-target-jsonl name=tap-salesforce producer=True run_id=318827c5-c51a-4dfb-a0ef-0b010015a970 stdio=stderr string_id=tap-salesforce
2025-05-26T08:20:20.684365Z [info     ] INFO Contact.longitude - True  cmd_type=elb consumer=False job_name=dev:tap-salesforce-to-target-jsonl name=tap-salesforce producer=True run_id=318827c5-c51a-4dfb-a0ef-0b010015a970 stdio=stderr string_id=tap-salesforce
2025-05-26T08:20:20.684443Z [info     ] INFO Contact.latitude - True   cmd_type=elb consumer=False job_name=dev:tap-salesforce-to-target-jsonl name=tap-salesforce producer=True run_id=318827c5-c51a-4dfb-a0ef-0b010015a970 stdio=stderr string_id=tap-salesforce
2025-05-26T08:20:20.684521Z [info     ] INFO Contact.geocodeAccuracy - True cmd_type=elb consumer=False job_name=dev:tap-salesforce-to-target-jsonl name=tap-salesforce producer=True run_id=318827c5-c51a-4dfb-a0ef-0b010015a970 stdio=stderr string_id=tap-salesforce
2025-05-26T08:20:20.684600Z [info     ] INFO Contact.Phone - True      cmd_type=elb consumer=False job_name=dev:tap-salesforce-to-target-jsonl name=tap-salesforce producer=True run_id=318827c5-c51a-4dfb-a0ef-0b010015a970 stdio=stderr string_id=tap-salesforce
2025-05-26T08:20:20.684679Z [info     ] INFO Contact.Fax - True        cmd_type=elb consumer=False job_name=dev:tap-salesforce-to-target-jsonl name=tap-salesforce producer=True run_id=318827c5-c51a-4dfb-a0ef-0b010015a970 stdio=stderr string_id=tap-salesforce
2025-05-26T08:20:20.684758Z [info     ] INFO Contact.MobilePhone - True cmd_type=elb consumer=False job_name=dev:tap-salesforce-to-target-jsonl name=tap-salesforce producer=True run_id=318827c5-c51a-4dfb-a0ef-0b010015a970 stdio=stderr string_id=tap-salesforce
2025-05-26T08:20:20.684839Z [info     ] INFO Contact.HomePhone - True  cmd_type=elb consumer=False job_name=dev:tap-salesforce-to-target-jsonl name=tap-salesforce producer=True run_id=318827c5-c51a-4dfb-a0ef-0b010015a970 stdio=stderr string_id=tap-salesforce
2025-05-26T08:20:20.684917Z [info     ] INFO Contact.OtherPhone - True cmd_type=elb consumer=False job_name=dev:tap-salesforce-to-target-jsonl name=tap-salesforce producer=True run_id=318827c5-c51a-4dfb-a0ef-0b010015a970 stdio=stderr string_id=tap-salesforce
2025-05-26T08:20:20.684996Z [info     ] INFO Contact.AssistantPhone - True cmd_type=elb consumer=False job_name=dev:tap-salesforce-to-target-jsonl name=tap-salesforce producer=True run_id=318827c5-c51a-4dfb-a0ef-0b010015a970 stdio=stderr string_id=tap-salesforce
2025-05-26T08:20:20.685075Z [info     ] INFO Contact.ReportsToId - True cmd_type=elb consumer=False job_name=dev:tap-salesforce-to-target-jsonl name=tap-salesforce producer=True run_id=318827c5-c51a-4dfb-a0ef-0b010015a970 stdio=stderr string_id=tap-salesforce
2025-05-26T08:20:20.685153Z [info     ] INFO Contact.Email - True      cmd_type=elb consumer=False job_name=dev:tap-salesforce-to-target-jsonl name=tap-salesforce producer=True run_id=318827c5-c51a-4dfb-a0ef-0b010015a970 stdio=stderr string_id=tap-salesforce
2025-05-26T08:20:20.685245Z [info     ] INFO Contact.Title - True      cmd_type=elb consumer=False job_name=dev:tap-salesforce-to-target-jsonl name=tap-salesforce producer=True run_id=318827c5-c51a-4dfb-a0ef-0b010015a970 stdio=stderr string_id=tap-salesforce
2025-05-26T08:20:20.685324Z [info     ] INFO Contact.Department - True cmd_type=elb consumer=False job_name=dev:tap-salesforce-to-target-jsonl name=tap-salesforce producer=True run_id=318827c5-c51a-4dfb-a0ef-0b010015a970 stdio=stderr string_id=tap-salesforce
2025-05-26T08:20:20.685403Z [info     ] INFO Contact.AssistantName - True cmd_type=elb consumer=False job_name=dev:tap-salesforce-to-target-jsonl name=tap-salesforce producer=True run_id=318827c5-c51a-4dfb-a0ef-0b010015a970 stdio=stderr string_id=tap-salesforce
2025-05-26T08:20:20.685482Z [info     ] INFO Contact.LeadSource - True cmd_type=elb consumer=False job_name=dev:tap-salesforce-to-target-jsonl name=tap-salesforce producer=True run_id=318827c5-c51a-4dfb-a0ef-0b010015a970 stdio=stderr string_id=tap-salesforce
2025-05-26T08:20:20.685560Z [info     ] INFO Contact.Birthdate - True  cmd_type=elb consumer=False job_name=dev:tap-salesforce-to-target-jsonl name=tap-salesforce producer=True run_id=318827c5-c51a-4dfb-a0ef-0b010015a970 stdio=stderr string_id=tap-salesforce
2025-05-26T08:20:20.685639Z [info     ] INFO Contact.Description - True cmd_type=elb consumer=False job_name=dev:tap-salesforce-to-target-jsonl name=tap-salesforce producer=True run_id=318827c5-c51a-4dfb-a0ef-0b010015a970 stdio=stderr string_id=tap-salesforce
2025-05-26T08:20:20.685718Z [info     ] INFO Contact.OwnerId - True    cmd_type=elb consumer=False job_name=dev:tap-salesforce-to-target-jsonl name=tap-salesforce producer=True run_id=318827c5-c51a-4dfb-a0ef-0b010015a970 stdio=stderr string_id=tap-salesforce
2025-05-26T08:20:20.685796Z [info     ] INFO Contact.CreatedDate - True cmd_type=elb consumer=False job_name=dev:tap-salesforce-to-target-jsonl name=tap-salesforce producer=True run_id=318827c5-c51a-4dfb-a0ef-0b010015a970 stdio=stderr string_id=tap-salesforce
2025-05-26T08:20:20.685874Z [info     ] INFO Contact.CreatedById - True cmd_type=elb consumer=False job_name=dev:tap-salesforce-to-target-jsonl name=tap-salesforce producer=True run_id=318827c5-c51a-4dfb-a0ef-0b010015a970 stdio=stderr string_id=tap-salesforce
2025-05-26T08:20:20.685952Z [info     ] INFO Contact.LastModifiedDate - True cmd_type=elb consumer=False job_name=dev:tap-salesforce-to-target-jsonl name=tap-salesforce producer=True run_id=318827c5-c51a-4dfb-a0ef-0b010015a970 stdio=stderr string_id=tap-salesforce
2025-05-26T08:20:20.686030Z [info     ] INFO Contact.LastModifiedById - True cmd_type=elb consumer=False job_name=dev:tap-salesforce-to-target-jsonl name=tap-salesforce producer=True run_id=318827c5-c51a-4dfb-a0ef-0b010015a970 stdio=stderr string_id=tap-salesforce
2025-05-26T08:20:20.686107Z [info     ] INFO Contact.SystemModstamp - True cmd_type=elb consumer=False job_name=dev:tap-salesforce-to-target-jsonl name=tap-salesforce producer=True run_id=318827c5-c51a-4dfb-a0ef-0b010015a970 stdio=stderr string_id=tap-salesforce
2025-05-26T08:20:20.686188Z [info     ] INFO Contact.LastActivityDate - True cmd_type=elb consumer=False job_name=dev:tap-salesforce-to-target-jsonl name=tap-salesforce producer=True run_id=318827c5-c51a-4dfb-a0ef-0b010015a970 stdio=stderr string_id=tap-salesforce
2025-05-26T08:20:20.686270Z [info     ] INFO Contact.LastCURequestDate - True cmd_type=elb consumer=False job_name=dev:tap-salesforce-to-target-jsonl name=tap-salesforce producer=True run_id=318827c5-c51a-4dfb-a0ef-0b010015a970 stdio=stderr string_id=tap-salesforce
2025-05-26T08:20:20.686348Z [info     ] INFO Contact.LastCUUpdateDate - True cmd_type=elb consumer=False job_name=dev:tap-salesforce-to-target-jsonl name=tap-salesforce producer=True run_id=318827c5-c51a-4dfb-a0ef-0b010015a970 stdio=stderr string_id=tap-salesforce
2025-05-26T08:20:20.686445Z [info     ] INFO Contact.LastViewedDate - True cmd_type=elb consumer=False job_name=dev:tap-salesforce-to-target-jsonl name=tap-salesforce producer=True run_id=318827c5-c51a-4dfb-a0ef-0b010015a970 stdio=stderr string_id=tap-salesforce
2025-05-26T08:20:20.686528Z [info     ] INFO Contact.LastReferencedDate - True cmd_type=elb consumer=False job_name=dev:tap-salesforce-to-target-jsonl name=tap-salesforce producer=True run_id=318827c5-c51a-4dfb-a0ef-0b010015a970 stdio=stderr string_id=tap-salesforce
2025-05-26T08:20:20.686606Z [info     ] INFO Contact.EmailBouncedReason - True cmd_type=elb consumer=False job_name=dev:tap-salesforce-to-target-jsonl name=tap-salesforce producer=True run_id=318827c5-c51a-4dfb-a0ef-0b010015a970 stdio=stderr string_id=tap-salesforce
2025-05-26T08:20:20.686685Z [info     ] INFO Contact.EmailBouncedDate - True cmd_type=elb consumer=False job_name=dev:tap-salesforce-to-target-jsonl name=tap-salesforce producer=True run_id=318827c5-c51a-4dfb-a0ef-0b010015a970 stdio=stderr string_id=tap-salesforce
2025-05-26T08:20:20.686762Z [info     ] INFO Contact.IsEmailBounced - True cmd_type=elb consumer=False job_name=dev:tap-salesforce-to-target-jsonl name=tap-salesforce producer=True run_id=318827c5-c51a-4dfb-a0ef-0b010015a970 stdio=stderr string_id=tap-salesforce
2025-05-26T08:20:20.686840Z [info     ] INFO Contact.PhotoUrl - True   cmd_type=elb consumer=False job_name=dev:tap-salesforce-to-target-jsonl name=tap-salesforce producer=True run_id=318827c5-c51a-4dfb-a0ef-0b010015a970 stdio=stderr string_id=tap-salesforce
2025-05-26T08:20:20.686918Z [info     ] INFO Contact.Jigsaw - True     cmd_type=elb consumer=False job_name=dev:tap-salesforce-to-target-jsonl name=tap-salesforce producer=True run_id=318827c5-c51a-4dfb-a0ef-0b010015a970 stdio=stderr string_id=tap-salesforce
2025-05-26T08:20:20.686996Z [info     ] INFO Contact.JigsawContactId - True cmd_type=elb consumer=False job_name=dev:tap-salesforce-to-target-jsonl name=tap-salesforce producer=True run_id=318827c5-c51a-4dfb-a0ef-0b010015a970 stdio=stderr string_id=tap-salesforce
2025-05-26T08:20:20.687073Z [info     ] INFO Contact.CleanStatus - True cmd_type=elb consumer=False job_name=dev:tap-salesforce-to-target-jsonl name=tap-salesforce producer=True run_id=318827c5-c51a-4dfb-a0ef-0b010015a970 stdio=stderr string_id=tap-salesforce
2025-05-26T08:20:20.687151Z [info     ] INFO Contact.IndividualId - True cmd_type=elb consumer=False job_name=dev:tap-salesforce-to-target-jsonl name=tap-salesforce producer=True run_id=318827c5-c51a-4dfb-a0ef-0b010015a970 stdio=stderr string_id=tap-salesforce
2025-05-26T08:20:20.687229Z [info     ] INFO Contact.IsPriorityRecord - True cmd_type=elb consumer=False job_name=dev:tap-salesforce-to-target-jsonl name=tap-salesforce producer=True run_id=318827c5-c51a-4dfb-a0ef-0b010015a970 stdio=stderr string_id=tap-salesforce
2025-05-26T08:20:20.687306Z [info     ] INFO Contact.Level__c - True   cmd_type=elb consumer=False job_name=dev:tap-salesforce-to-target-jsonl name=tap-salesforce producer=True run_id=318827c5-c51a-4dfb-a0ef-0b010015a970 stdio=stderr string_id=tap-salesforce
2025-05-26T08:20:20.687384Z [info     ] INFO Contact.Languages__c - True cmd_type=elb consumer=False job_name=dev:tap-salesforce-to-target-jsonl name=tap-salesforce producer=True run_id=318827c5-c51a-4dfb-a0ef-0b010015a970 stdio=stderr string_id=tap-salesforce
2025-05-26T08:20:20.687567Z [info     ] INFO Account: Starting         cmd_type=elb consumer=False job_name=dev:tap-salesforce-to-target-jsonl name=tap-salesforce producer=True run_id=318827c5-c51a-4dfb-a0ef-0b010015a970 stdio=stderr string_id=tap-salesforce
2025-05-26T08:20:20.687665Z [info     ] INFO Account.Id - True         cmd_type=elb consumer=False job_name=dev:tap-salesforce-to-target-jsonl name=tap-salesforce producer=True run_id=318827c5-c51a-4dfb-a0ef-0b010015a970 stdio=stderr string_id=tap-salesforce
2025-05-26T08:20:20.687749Z [info     ] INFO Account.IsDeleted - True  cmd_type=elb consumer=False job_name=dev:tap-salesforce-to-target-jsonl name=tap-salesforce producer=True run_id=318827c5-c51a-4dfb-a0ef-0b010015a970 stdio=stderr string_id=tap-salesforce
2025-05-26T08:20:20.687836Z [info     ] INFO Account.MasterRecordId - True cmd_type=elb consumer=False job_name=dev:tap-salesforce-to-target-jsonl name=tap-salesforce producer=True run_id=318827c5-c51a-4dfb-a0ef-0b010015a970 stdio=stderr string_id=tap-salesforce
2025-05-26T08:20:20.687918Z [info     ] INFO Account.Name - True       cmd_type=elb consumer=False job_name=dev:tap-salesforce-to-target-jsonl name=tap-salesforce producer=True run_id=318827c5-c51a-4dfb-a0ef-0b010015a970 stdio=stderr string_id=tap-salesforce
2025-05-26T08:20:20.687998Z [info     ] INFO Account.Type - True       cmd_type=elb consumer=False job_name=dev:tap-salesforce-to-target-jsonl name=tap-salesforce producer=True run_id=318827c5-c51a-4dfb-a0ef-0b010015a970 stdio=stderr string_id=tap-salesforce
2025-05-26T08:20:20.688080Z [info     ] INFO Account.ParentId - True   cmd_type=elb consumer=False job_name=dev:tap-salesforce-to-target-jsonl name=tap-salesforce producer=True run_id=318827c5-c51a-4dfb-a0ef-0b010015a970 stdio=stderr string_id=tap-salesforce
2025-05-26T08:20:20.688170Z [info     ] INFO Account.BillingStreet - True cmd_type=elb consumer=False job_name=dev:tap-salesforce-to-target-jsonl name=tap-salesforce producer=True run_id=318827c5-c51a-4dfb-a0ef-0b010015a970 stdio=stderr string_id=tap-salesforce
2025-05-26T08:20:20.688248Z [info     ] INFO Account.BillingCity - True cmd_type=elb consumer=False job_name=dev:tap-salesforce-to-target-jsonl name=tap-salesforce producer=True run_id=318827c5-c51a-4dfb-a0ef-0b010015a970 stdio=stderr string_id=tap-salesforce
2025-05-26T08:20:20.688327Z [info     ] INFO Account.BillingState - True cmd_type=elb consumer=False job_name=dev:tap-salesforce-to-target-jsonl name=tap-salesforce producer=True run_id=318827c5-c51a-4dfb-a0ef-0b010015a970 stdio=stderr string_id=tap-salesforce
2025-05-26T08:20:20.688406Z [info     ] INFO Account.BillingPostalCode - True cmd_type=elb consumer=False job_name=dev:tap-salesforce-to-target-jsonl name=tap-salesforce producer=True run_id=318827c5-c51a-4dfb-a0ef-0b010015a970 stdio=stderr string_id=tap-salesforce
2025-05-26T08:20:20.688484Z [info     ] INFO Account.BillingCountry - True cmd_type=elb consumer=False job_name=dev:tap-salesforce-to-target-jsonl name=tap-salesforce producer=True run_id=318827c5-c51a-4dfb-a0ef-0b010015a970 stdio=stderr string_id=tap-salesforce
2025-05-26T08:20:20.688563Z [info     ] INFO Account.BillingStateCode - True cmd_type=elb consumer=False job_name=dev:tap-salesforce-to-target-jsonl name=tap-salesforce producer=True run_id=318827c5-c51a-4dfb-a0ef-0b010015a970 stdio=stderr string_id=tap-salesforce
2025-05-26T08:20:20.688640Z [info     ] INFO Account.BillingCountryCode - True cmd_type=elb consumer=False job_name=dev:tap-salesforce-to-target-jsonl name=tap-salesforce producer=True run_id=318827c5-c51a-4dfb-a0ef-0b010015a970 stdio=stderr string_id=tap-salesforce
2025-05-26T08:20:20.688717Z [info     ] INFO Account.BillingLatitude - True cmd_type=elb consumer=False job_name=dev:tap-salesforce-to-target-jsonl name=tap-salesforce producer=True run_id=318827c5-c51a-4dfb-a0ef-0b010015a970 stdio=stderr string_id=tap-salesforce
2025-05-26T08:20:20.688794Z [info     ] INFO Account.BillingLongitude - True cmd_type=elb consumer=False job_name=dev:tap-salesforce-to-target-jsonl name=tap-salesforce producer=True run_id=318827c5-c51a-4dfb-a0ef-0b010015a970 stdio=stderr string_id=tap-salesforce
2025-05-26T08:20:20.688874Z [info     ] INFO Account.BillingGeocodeAccuracy - True cmd_type=elb consumer=False job_name=dev:tap-salesforce-to-target-jsonl name=tap-salesforce producer=True run_id=318827c5-c51a-4dfb-a0ef-0b010015a970 stdio=stderr string_id=tap-salesforce
2025-05-26T08:20:20.688951Z [info     ] INFO Account.BillingAddress - True cmd_type=elb consumer=False job_name=dev:tap-salesforce-to-target-jsonl name=tap-salesforce producer=True run_id=318827c5-c51a-4dfb-a0ef-0b010015a970 stdio=stderr string_id=tap-salesforce
2025-05-26T08:20:20.689029Z [info     ] INFO Account.street - True     cmd_type=elb consumer=False job_name=dev:tap-salesforce-to-target-jsonl name=tap-salesforce producer=True run_id=318827c5-c51a-4dfb-a0ef-0b010015a970 stdio=stderr string_id=tap-salesforce
2025-05-26T08:20:20.689121Z [info     ] INFO Account.state - True      cmd_type=elb consumer=False job_name=dev:tap-salesforce-to-target-jsonl name=tap-salesforce producer=True run_id=318827c5-c51a-4dfb-a0ef-0b010015a970 stdio=stderr string_id=tap-salesforce
2025-05-26T08:20:20.689200Z [info     ] INFO Account.postalCode - True cmd_type=elb consumer=False job_name=dev:tap-salesforce-to-target-jsonl name=tap-salesforce producer=True run_id=318827c5-c51a-4dfb-a0ef-0b010015a970 stdio=stderr string_id=tap-salesforce
2025-05-26T08:20:20.689277Z [info     ] INFO Account.city - True       cmd_type=elb consumer=False job_name=dev:tap-salesforce-to-target-jsonl name=tap-salesforce producer=True run_id=318827c5-c51a-4dfb-a0ef-0b010015a970 stdio=stderr string_id=tap-salesforce
2025-05-26T08:20:20.689358Z [info     ] INFO Account.country - True    cmd_type=elb consumer=False job_name=dev:tap-salesforce-to-target-jsonl name=tap-salesforce producer=True run_id=318827c5-c51a-4dfb-a0ef-0b010015a970 stdio=stderr string_id=tap-salesforce
2025-05-26T08:20:20.689436Z [info     ] INFO Account.longitude - True  cmd_type=elb consumer=False job_name=dev:tap-salesforce-to-target-jsonl name=tap-salesforce producer=True run_id=318827c5-c51a-4dfb-a0ef-0b010015a970 stdio=stderr string_id=tap-salesforce
2025-05-26T08:20:20.689513Z [info     ] INFO Account.latitude - True   cmd_type=elb consumer=False job_name=dev:tap-salesforce-to-target-jsonl name=tap-salesforce producer=True run_id=318827c5-c51a-4dfb-a0ef-0b010015a970 stdio=stderr string_id=tap-salesforce
2025-05-26T08:20:20.689591Z [info     ] INFO Account.geocodeAccuracy - True cmd_type=elb consumer=False job_name=dev:tap-salesforce-to-target-jsonl name=tap-salesforce producer=True run_id=318827c5-c51a-4dfb-a0ef-0b010015a970 stdio=stderr string_id=tap-salesforce
2025-05-26T08:20:20.689668Z [info     ] INFO Account.ShippingStreet - True cmd_type=elb consumer=False job_name=dev:tap-salesforce-to-target-jsonl name=tap-salesforce producer=True run_id=318827c5-c51a-4dfb-a0ef-0b010015a970 stdio=stderr string_id=tap-salesforce
2025-05-26T08:20:20.689745Z [info     ] INFO Account.ShippingCity - True cmd_type=elb consumer=False job_name=dev:tap-salesforce-to-target-jsonl name=tap-salesforce producer=True run_id=318827c5-c51a-4dfb-a0ef-0b010015a970 stdio=stderr string_id=tap-salesforce
2025-05-26T08:20:20.689822Z [info     ] INFO Account.ShippingState - True cmd_type=elb consumer=False job_name=dev:tap-salesforce-to-target-jsonl name=tap-salesforce producer=True run_id=318827c5-c51a-4dfb-a0ef-0b010015a970 stdio=stderr string_id=tap-salesforce
2025-05-26T08:20:20.689899Z [info     ] INFO Account.ShippingPostalCode - True cmd_type=elb consumer=False job_name=dev:tap-salesforce-to-target-jsonl name=tap-salesforce producer=True run_id=318827c5-c51a-4dfb-a0ef-0b010015a970 stdio=stderr string_id=tap-salesforce
2025-05-26T08:20:20.689976Z [info     ] INFO Account.ShippingCountry - True cmd_type=elb consumer=False job_name=dev:tap-salesforce-to-target-jsonl name=tap-salesforce producer=True run_id=318827c5-c51a-4dfb-a0ef-0b010015a970 stdio=stderr string_id=tap-salesforce
2025-05-26T08:20:20.690053Z [info     ] INFO Account.ShippingStateCode - True cmd_type=elb consumer=False job_name=dev:tap-salesforce-to-target-jsonl name=tap-salesforce producer=True run_id=318827c5-c51a-4dfb-a0ef-0b010015a970 stdio=stderr string_id=tap-salesforce
2025-05-26T08:20:20.690130Z [info     ] INFO Account.ShippingCountryCode - True cmd_type=elb consumer=False job_name=dev:tap-salesforce-to-target-jsonl name=tap-salesforce producer=True run_id=318827c5-c51a-4dfb-a0ef-0b010015a970 stdio=stderr string_id=tap-salesforce
2025-05-26T08:20:20.690207Z [info     ] INFO Account.ShippingLatitude - True cmd_type=elb consumer=False job_name=dev:tap-salesforce-to-target-jsonl name=tap-salesforce producer=True run_id=318827c5-c51a-4dfb-a0ef-0b010015a970 stdio=stderr string_id=tap-salesforce
2025-05-26T08:20:20.690286Z [info     ] INFO Account.ShippingLongitude - True cmd_type=elb consumer=False job_name=dev:tap-salesforce-to-target-jsonl name=tap-salesforce producer=True run_id=318827c5-c51a-4dfb-a0ef-0b010015a970 stdio=stderr string_id=tap-salesforce
2025-05-26T08:20:20.690374Z [info     ] INFO Account.ShippingGeocodeAccuracy - True cmd_type=elb consumer=False job_name=dev:tap-salesforce-to-target-jsonl name=tap-salesforce producer=True run_id=318827c5-c51a-4dfb-a0ef-0b010015a970 stdio=stderr string_id=tap-salesforce
2025-05-26T08:20:20.690451Z [info     ] INFO Account.ShippingAddress - True cmd_type=elb consumer=False job_name=dev:tap-salesforce-to-target-jsonl name=tap-salesforce producer=True run_id=318827c5-c51a-4dfb-a0ef-0b010015a970 stdio=stderr string_id=tap-salesforce
2025-05-26T08:20:20.690528Z [info     ] INFO Account.street - True     cmd_type=elb consumer=False job_name=dev:tap-salesforce-to-target-jsonl name=tap-salesforce producer=True run_id=318827c5-c51a-4dfb-a0ef-0b010015a970 stdio=stderr string_id=tap-salesforce
2025-05-26T08:20:20.690605Z [info     ] INFO Account.state - True      cmd_type=elb consumer=False job_name=dev:tap-salesforce-to-target-jsonl name=tap-salesforce producer=True run_id=318827c5-c51a-4dfb-a0ef-0b010015a970 stdio=stderr string_id=tap-salesforce
2025-05-26T08:20:20.690682Z [info     ] INFO Account.postalCode - True cmd_type=elb consumer=False job_name=dev:tap-salesforce-to-target-jsonl name=tap-salesforce producer=True run_id=318827c5-c51a-4dfb-a0ef-0b010015a970 stdio=stderr string_id=tap-salesforce
2025-05-26T08:20:20.690759Z [info     ] INFO Account.city - True       cmd_type=elb consumer=False job_name=dev:tap-salesforce-to-target-jsonl name=tap-salesforce producer=True run_id=318827c5-c51a-4dfb-a0ef-0b010015a970 stdio=stderr string_id=tap-salesforce
2025-05-26T08:20:20.690836Z [info     ] INFO Account.country - True    cmd_type=elb consumer=False job_name=dev:tap-salesforce-to-target-jsonl name=tap-salesforce producer=True run_id=318827c5-c51a-4dfb-a0ef-0b010015a970 stdio=stderr string_id=tap-salesforce
2025-05-26T08:20:20.690913Z [info     ] INFO Account.longitude - True  cmd_type=elb consumer=False job_name=dev:tap-salesforce-to-target-jsonl name=tap-salesforce producer=True run_id=318827c5-c51a-4dfb-a0ef-0b010015a970 stdio=stderr string_id=tap-salesforce
2025-05-26T08:20:20.690991Z [info     ] INFO Account.latitude - True   cmd_type=elb consumer=False job_name=dev:tap-salesforce-to-target-jsonl name=tap-salesforce producer=True run_id=318827c5-c51a-4dfb-a0ef-0b010015a970 stdio=stderr string_id=tap-salesforce
2025-05-26T08:20:20.691068Z [info     ] INFO Account.geocodeAccuracy - True cmd_type=elb consumer=False job_name=dev:tap-salesforce-to-target-jsonl name=tap-salesforce producer=True run_id=318827c5-c51a-4dfb-a0ef-0b010015a970 stdio=stderr string_id=tap-salesforce
2025-05-26T08:20:20.691145Z [info     ] INFO Account.Phone - True      cmd_type=elb consumer=False job_name=dev:tap-salesforce-to-target-jsonl name=tap-salesforce producer=True run_id=318827c5-c51a-4dfb-a0ef-0b010015a970 stdio=stderr string_id=tap-salesforce
2025-05-26T08:20:20.691222Z [info     ] INFO Account.Fax - True        cmd_type=elb consumer=False job_name=dev:tap-salesforce-to-target-jsonl name=tap-salesforce producer=True run_id=318827c5-c51a-4dfb-a0ef-0b010015a970 stdio=stderr string_id=tap-salesforce
2025-05-26T08:20:20.691300Z [info     ] INFO Account.AccountNumber - True cmd_type=elb consumer=False job_name=dev:tap-salesforce-to-target-jsonl name=tap-salesforce producer=True run_id=318827c5-c51a-4dfb-a0ef-0b010015a970 stdio=stderr string_id=tap-salesforce
2025-05-26T08:20:20.691380Z [info     ] INFO Account.Website - True    cmd_type=elb consumer=False job_name=dev:tap-salesforce-to-target-jsonl name=tap-salesforce producer=True run_id=318827c5-c51a-4dfb-a0ef-0b010015a970 stdio=stderr string_id=tap-salesforce
2025-05-26T08:20:20.691517Z [info     ] INFO Account.PhotoUrl - True   cmd_type=elb consumer=False job_name=dev:tap-salesforce-to-target-jsonl name=tap-salesforce producer=True run_id=318827c5-c51a-4dfb-a0ef-0b010015a970 stdio=stderr string_id=tap-salesforce
2025-05-26T08:20:20.691638Z [info     ] INFO Account.Sic - True        cmd_type=elb consumer=False job_name=dev:tap-salesforce-to-target-jsonl name=tap-salesforce producer=True run_id=318827c5-c51a-4dfb-a0ef-0b010015a970 stdio=stderr string_id=tap-salesforce
2025-05-26T08:20:20.691749Z [info     ] INFO Account.Industry - True   cmd_type=elb consumer=False job_name=dev:tap-salesforce-to-target-jsonl name=tap-salesforce producer=True run_id=318827c5-c51a-4dfb-a0ef-0b010015a970 stdio=stderr string_id=tap-salesforce
2025-05-26T08:20:20.691837Z [info     ] INFO Account.AnnualRevenue - True cmd_type=elb consumer=False job_name=dev:tap-salesforce-to-target-jsonl name=tap-salesforce producer=True run_id=318827c5-c51a-4dfb-a0ef-0b010015a970 stdio=stderr string_id=tap-salesforce
2025-05-26T08:20:20.691923Z [info     ] INFO Account.NumberOfEmployees - True cmd_type=elb consumer=False job_name=dev:tap-salesforce-to-target-jsonl name=tap-salesforce producer=True run_id=318827c5-c51a-4dfb-a0ef-0b010015a970 stdio=stderr string_id=tap-salesforce
2025-05-26T08:20:20.692005Z [info     ] INFO Account.Ownership - True  cmd_type=elb consumer=False job_name=dev:tap-salesforce-to-target-jsonl name=tap-salesforce producer=True run_id=318827c5-c51a-4dfb-a0ef-0b010015a970 stdio=stderr string_id=tap-salesforce
2025-05-26T08:20:20.692086Z [info     ] INFO Account.TickerSymbol - True cmd_type=elb consumer=False job_name=dev:tap-salesforce-to-target-jsonl name=tap-salesforce producer=True run_id=318827c5-c51a-4dfb-a0ef-0b010015a970 stdio=stderr string_id=tap-salesforce
2025-05-26T08:20:20.692170Z [info     ] INFO Account.Description - True cmd_type=elb consumer=False job_name=dev:tap-salesforce-to-target-jsonl name=tap-salesforce producer=True run_id=318827c5-c51a-4dfb-a0ef-0b010015a970 stdio=stderr string_id=tap-salesforce
2025-05-26T08:20:20.692253Z [info     ] INFO Account.Rating - True     cmd_type=elb consumer=False job_name=dev:tap-salesforce-to-target-jsonl name=tap-salesforce producer=True run_id=318827c5-c51a-4dfb-a0ef-0b010015a970 stdio=stderr string_id=tap-salesforce
2025-05-26T08:20:20.692336Z [info     ] INFO Account.Site - True       cmd_type=elb consumer=False job_name=dev:tap-salesforce-to-target-jsonl name=tap-salesforce producer=True run_id=318827c5-c51a-4dfb-a0ef-0b010015a970 stdio=stderr string_id=tap-salesforce
2025-05-26T08:20:20.692417Z [info     ] INFO Account.OwnerId - True    cmd_type=elb consumer=False job_name=dev:tap-salesforce-to-target-jsonl name=tap-salesforce producer=True run_id=318827c5-c51a-4dfb-a0ef-0b010015a970 stdio=stderr string_id=tap-salesforce
2025-05-26T08:20:20.692497Z [info     ] INFO Account.CreatedDate - True cmd_type=elb consumer=False job_name=dev:tap-salesforce-to-target-jsonl name=tap-salesforce producer=True run_id=318827c5-c51a-4dfb-a0ef-0b010015a970 stdio=stderr string_id=tap-salesforce
2025-05-26T08:20:20.692577Z [info     ] INFO Account.CreatedById - True cmd_type=elb consumer=False job_name=dev:tap-salesforce-to-target-jsonl name=tap-salesforce producer=True run_id=318827c5-c51a-4dfb-a0ef-0b010015a970 stdio=stderr string_id=tap-salesforce
2025-05-26T08:20:20.692663Z [info     ] INFO Account.LastModifiedDate - True cmd_type=elb consumer=False job_name=dev:tap-salesforce-to-target-jsonl name=tap-salesforce producer=True run_id=318827c5-c51a-4dfb-a0ef-0b010015a970 stdio=stderr string_id=tap-salesforce
2025-05-26T08:20:20.692741Z [info     ] INFO Account.LastModifiedById - True cmd_type=elb consumer=False job_name=dev:tap-salesforce-to-target-jsonl name=tap-salesforce producer=True run_id=318827c5-c51a-4dfb-a0ef-0b010015a970 stdio=stderr string_id=tap-salesforce
2025-05-26T08:20:20.692819Z [info     ] INFO Account.SystemModstamp - True cmd_type=elb consumer=False job_name=dev:tap-salesforce-to-target-jsonl name=tap-salesforce producer=True run_id=318827c5-c51a-4dfb-a0ef-0b010015a970 stdio=stderr string_id=tap-salesforce
2025-05-26T08:20:20.692898Z [info     ] INFO Account.LastActivityDate - True cmd_type=elb consumer=False job_name=dev:tap-salesforce-to-target-jsonl name=tap-salesforce producer=True run_id=318827c5-c51a-4dfb-a0ef-0b010015a970 stdio=stderr string_id=tap-salesforce
2025-05-26T08:20:20.692984Z [info     ] INFO Account.LastViewedDate - True cmd_type=elb consumer=False job_name=dev:tap-salesforce-to-target-jsonl name=tap-salesforce producer=True run_id=318827c5-c51a-4dfb-a0ef-0b010015a970 stdio=stderr string_id=tap-salesforce
2025-05-26T08:20:20.693064Z [info     ] INFO Account.LastReferencedDate - True cmd_type=elb consumer=False job_name=dev:tap-salesforce-to-target-jsonl name=tap-salesforce producer=True run_id=318827c5-c51a-4dfb-a0ef-0b010015a970 stdio=stderr string_id=tap-salesforce
2025-05-26T08:20:20.693143Z [info     ] INFO Account.Jigsaw - True     cmd_type=elb consumer=False job_name=dev:tap-salesforce-to-target-jsonl name=tap-salesforce producer=True run_id=318827c5-c51a-4dfb-a0ef-0b010015a970 stdio=stderr string_id=tap-salesforce
2025-05-26T08:20:20.693223Z [info     ] INFO Account.JigsawCompanyId - True cmd_type=elb consumer=False job_name=dev:tap-salesforce-to-target-jsonl name=tap-salesforce producer=True run_id=318827c5-c51a-4dfb-a0ef-0b010015a970 stdio=stderr string_id=tap-salesforce
2025-05-26T08:20:20.693301Z [info     ] INFO Account.CleanStatus - True cmd_type=elb consumer=False job_name=dev:tap-salesforce-to-target-jsonl name=tap-salesforce producer=True run_id=318827c5-c51a-4dfb-a0ef-0b010015a970 stdio=stderr string_id=tap-salesforce
2025-05-26T08:20:20.693380Z [info     ] INFO Account.AccountSource - True cmd_type=elb consumer=False job_name=dev:tap-salesforce-to-target-jsonl name=tap-salesforce producer=True run_id=318827c5-c51a-4dfb-a0ef-0b010015a970 stdio=stderr string_id=tap-salesforce
2025-05-26T08:20:20.693460Z [info     ] INFO Account.DunsNumber - True cmd_type=elb consumer=False job_name=dev:tap-salesforce-to-target-jsonl name=tap-salesforce producer=True run_id=318827c5-c51a-4dfb-a0ef-0b010015a970 stdio=stderr string_id=tap-salesforce
2025-05-26T08:20:20.693540Z [info     ] INFO Account.Tradestyle - True cmd_type=elb consumer=False job_name=dev:tap-salesforce-to-target-jsonl name=tap-salesforce producer=True run_id=318827c5-c51a-4dfb-a0ef-0b010015a970 stdio=stderr string_id=tap-salesforce
2025-05-26T08:20:20.693621Z [info     ] INFO Account.NaicsCode - True  cmd_type=elb consumer=False job_name=dev:tap-salesforce-to-target-jsonl name=tap-salesforce producer=True run_id=318827c5-c51a-4dfb-a0ef-0b010015a970 stdio=stderr string_id=tap-salesforce
2025-05-26T08:20:20.693699Z [info     ] INFO Account.NaicsDesc - True  cmd_type=elb consumer=False job_name=dev:tap-salesforce-to-target-jsonl name=tap-salesforce producer=True run_id=318827c5-c51a-4dfb-a0ef-0b010015a970 stdio=stderr string_id=tap-salesforce
2025-05-26T08:20:20.693777Z [info     ] INFO Account.YearStarted - True cmd_type=elb consumer=False job_name=dev:tap-salesforce-to-target-jsonl name=tap-salesforce producer=True run_id=318827c5-c51a-4dfb-a0ef-0b010015a970 stdio=stderr string_id=tap-salesforce
2025-05-26T08:20:20.693855Z [info     ] INFO Account.SicDesc - True    cmd_type=elb consumer=False job_name=dev:tap-salesforce-to-target-jsonl name=tap-salesforce producer=True run_id=318827c5-c51a-4dfb-a0ef-0b010015a970 stdio=stderr string_id=tap-salesforce
2025-05-26T08:20:20.693934Z [info     ] INFO Account.DandbCompanyId - True cmd_type=elb consumer=False job_name=dev:tap-salesforce-to-target-jsonl name=tap-salesforce producer=True run_id=318827c5-c51a-4dfb-a0ef-0b010015a970 stdio=stderr string_id=tap-salesforce
2025-05-26T08:20:20.694012Z [info     ] INFO Account.OperatingHoursId - True cmd_type=elb consumer=False job_name=dev:tap-salesforce-to-target-jsonl name=tap-salesforce producer=True run_id=318827c5-c51a-4dfb-a0ef-0b010015a970 stdio=stderr string_id=tap-salesforce
2025-05-26T08:20:20.694090Z [info     ] INFO Account.CustomerPriority__c - True cmd_type=elb consumer=False job_name=dev:tap-salesforce-to-target-jsonl name=tap-salesforce producer=True run_id=318827c5-c51a-4dfb-a0ef-0b010015a970 stdio=stderr string_id=tap-salesforce
2025-05-26T08:20:20.694168Z [info     ] INFO Account.SLA__c - True     cmd_type=elb consumer=False job_name=dev:tap-salesforce-to-target-jsonl name=tap-salesforce producer=True run_id=318827c5-c51a-4dfb-a0ef-0b010015a970 stdio=stderr string_id=tap-salesforce
2025-05-26T08:20:20.694260Z [info     ] INFO Account.Active__c - True  cmd_type=elb consumer=False job_name=dev:tap-salesforce-to-target-jsonl name=tap-salesforce producer=True run_id=318827c5-c51a-4dfb-a0ef-0b010015a970 stdio=stderr string_id=tap-salesforce
2025-05-26T08:20:20.694339Z [info     ] INFO Account.NumberofLocations__c - True cmd_type=elb consumer=False job_name=dev:tap-salesforce-to-target-jsonl name=tap-salesforce producer=True run_id=318827c5-c51a-4dfb-a0ef-0b010015a970 stdio=stderr string_id=tap-salesforce
2025-05-26T08:20:20.694418Z [info     ] INFO Account.UpsellOpportunity__c - True cmd_type=elb consumer=False job_name=dev:tap-salesforce-to-target-jsonl name=tap-salesforce producer=True run_id=318827c5-c51a-4dfb-a0ef-0b010015a970 stdio=stderr string_id=tap-salesforce
2025-05-26T08:20:20.694496Z [info     ] INFO Account.SLASerialNumber__c - True cmd_type=elb consumer=False job_name=dev:tap-salesforce-to-target-jsonl name=tap-salesforce producer=True run_id=318827c5-c51a-4dfb-a0ef-0b010015a970 stdio=stderr string_id=tap-salesforce
2025-05-26T08:20:20.694575Z [info     ] INFO Account.SLAExpirationDate__c - True cmd_type=elb consumer=False job_name=dev:tap-salesforce-to-target-jsonl name=tap-salesforce producer=True run_id=318827c5-c51a-4dfb-a0ef-0b010015a970 stdio=stderr string_id=tap-salesforce
2025-05-26T08:20:20.694768Z [info     ] WARNING Unknown message type ACTIVATE_VERSION in message {'type': 'ACTIVATE_VERSION', 'stream': 'Contact', 'version': 1748202415125} cmd_type=elb consumer=True job_name=dev:tap-salesforce-to-target-jsonl name=target-jsonl producer=False run_id=318827c5-c51a-4dfb-a0ef-0b010015a970 stdio=stderr string_id=target-jsonl
2025-05-26T08:20:20.694867Z [info     ] INFO Syncing Salesforce data for stream Account cmd_type=elb consumer=False job_name=dev:tap-salesforce-to-target-jsonl name=tap-salesforce producer=True run_id=318827c5-c51a-4dfb-a0ef-0b010015a970 stdio=stderr string_id=tap-salesforce
2025-05-26T08:20:20.694955Z [info     ] INFO Making GET request to https://orgfarm-b529f752a8-dev-ed.develop.my.salesforce.com/services/data/v60.0/queryAll with params: {'q': 'SELECT Id,IsDeleted,MasterRecordId,Name,Type,ParentId,BillingStreet,BillingCity,BillingState,BillingPostalCode,BillingCountry,BillingStateCode,BillingCountryCode,BillingLatitude,BillingLongitude,BillingGeocodeAccuracy,BillingAddress,ShippingStreet,ShippingCity,ShippingState,ShippingPostalCode,ShippingCountry,ShippingStateCode,ShippingCountryCode,ShippingLatitude,ShippingLongitude,ShippingGeocodeAccuracy,ShippingAddress,Phone,Fax,AccountNumber,Website,PhotoUrl,Sic,Industry,AnnualRevenue,NumberOfEmployees,Ownership,TickerSymbol,Description,Rating,Site,OwnerId,CreatedDate,CreatedById,LastModifiedDate,LastModifiedById,SystemModstamp,LastActivityDate,LastViewedDate,LastReferencedDate,Jigsaw,JigsawCompanyId,CleanStatus,AccountSource,DunsNumber,Tradestyle,NaicsCode,NaicsDesc,YearStarted,SicDesc,DandbCompanyId,OperatingHoursId,CustomerPriority__c,SLA__c,Active__c,NumberofLocations__c,UpsellOpportunity__c,SLASerialNumber__c,SLAExpirationDate__c FROM Account WHERE SystemModstamp >= 2025-05-25T00:00:00+00:00  ORDER BY SystemModstamp ASC'} cmd_type=elb consumer=False job_name=dev:tap-salesforce-to-target-jsonl name=tap-salesforce producer=True run_id=318827c5-c51a-4dfb-a0ef-0b010015a970 stdio=stderr string_id=tap-salesforce
2025-05-26T08:20:20.695040Z [info     ] INFO Syncing Salesforce data for stream Contact cmd_type=elb consumer=False job_name=dev:tap-salesforce-to-target-jsonl name=tap-salesforce producer=True run_id=318827c5-c51a-4dfb-a0ef-0b010015a970 stdio=stderr string_id=tap-salesforce
2025-05-26T08:20:20.695121Z [info     ] INFO Making GET request to https://orgfarm-b529f752a8-dev-ed.develop.my.salesforce.com/services/data/v60.0/queryAll with params: {'q': 'SELECT Id,IsDeleted,MasterRecordId,AccountId,LastName,FirstName,Salutation,Name,OtherStreet,OtherCity,OtherState,OtherPostalCode,OtherCountry,OtherStateCode,OtherCountryCode,OtherLatitude,OtherLongitude,OtherGeocodeAccuracy,OtherAddress,MailingStreet,MailingCity,MailingState,MailingPostalCode,MailingCountry,MailingStateCode,MailingCountryCode,MailingLatitude,MailingLongitude,MailingGeocodeAccuracy,MailingAddress,Phone,Fax,MobilePhone,HomePhone,OtherPhone,AssistantPhone,ReportsToId,Email,Title,Department,AssistantName,LeadSource,Birthdate,Description,OwnerId,CreatedDate,CreatedById,LastModifiedDate,LastModifiedById,SystemModstamp,LastActivityDate,LastCURequestDate,LastCUUpdateDate,LastViewedDate,LastReferencedDate,EmailBouncedReason,EmailBouncedDate,IsEmailBounced,PhotoUrl,Jigsaw,JigsawContactId,CleanStatus,IndividualId,IsPriorityRecord,Level__c,Languages__c FROM Contact WHERE SystemModstamp >= 2025-05-25T00:00:00+00:00  ORDER BY SystemModstamp ASC'} cmd_type=elb consumer=False job_name=dev:tap-salesforce-to-target-jsonl name=tap-salesforce producer=True run_id=318827c5-c51a-4dfb-a0ef-0b010015a970 stdio=stderr string_id=tap-salesforce
2025-05-26T08:20:20.695262Z [info     ] WARNING Unknown message type ACTIVATE_VERSION in message {'type': 'ACTIVATE_VERSION', 'stream': 'Account', 'version': 1748202415127} cmd_type=elb consumer=True job_name=dev:tap-salesforce-to-target-jsonl name=target-jsonl producer=False run_id=318827c5-c51a-4dfb-a0ef-0b010015a970 stdio=stderr string_id=target-jsonl
2025-05-26T08:20:20.903371Z [info     ] INFO Used 6833 of 15000 daily REST API quota cmd_type=elb consumer=False job_name=dev:tap-salesforce-to-target-jsonl name=tap-salesforce producer=True run_id=318827c5-c51a-4dfb-a0ef-0b010015a970 stdio=stderr string_id=tap-salesforce
2025-05-26T08:20:20.903839Z [info     ] INFO METRIC: {"type": "counter", "metric": "record_count", "value": 0, "tags": {"endpoint": "Lead"}} cmd_type=elb consumer=False job_name=dev:tap-salesforce-to-target-jsonl name=tap-salesforce producer=True run_id=318827c5-c51a-4dfb-a0ef-0b010015a970 stdio=stderr string_id=tap-salesforce
2025-05-26T08:20:20.904003Z [info     ] INFO Completed sync for Lead   cmd_type=elb consumer=False job_name=dev:tap-salesforce-to-target-jsonl name=tap-salesforce producer=True run_id=318827c5-c51a-4dfb-a0ef-0b010015a970 stdio=stderr string_id=tap-salesforce
2025-05-26T08:20:20.926747Z [info     ] INFO Used 6562 of 15000 daily REST API quota cmd_type=elb consumer=False job_name=dev:tap-salesforce-to-target-jsonl name=tap-salesforce producer=True run_id=318827c5-c51a-4dfb-a0ef-0b010015a970 stdio=stderr string_id=tap-salesforce
2025-05-26T08:20:20.927095Z [info     ] INFO METRIC: {"type": "counter", "metric": "record_count", "value": 0, "tags": {"endpoint": "Contact"}} cmd_type=elb consumer=False job_name=dev:tap-salesforce-to-target-jsonl name=tap-salesforce producer=True run_id=318827c5-c51a-4dfb-a0ef-0b010015a970 stdio=stderr string_id=tap-salesforce
2025-05-26T08:20:20.927264Z [info     ] INFO Completed sync for Contact cmd_type=elb consumer=False job_name=dev:tap-salesforce-to-target-jsonl name=tap-salesforce producer=True run_id=318827c5-c51a-4dfb-a0ef-0b010015a970 stdio=stderr string_id=tap-salesforce
2025-05-26T08:20:20.930612Z [info     ] INFO Used 6717 of 15000 daily REST API quota cmd_type=elb consumer=False job_name=dev:tap-salesforce-to-target-jsonl name=tap-salesforce producer=True run_id=318827c5-c51a-4dfb-a0ef-0b010015a970 stdio=stderr string_id=tap-salesforce
2025-05-26T08:20:20.930929Z [info     ] INFO METRIC: {"type": "counter", "metric": "record_count", "value": 0, "tags": {"endpoint": "Account"}} cmd_type=elb consumer=False job_name=dev:tap-salesforce-to-target-jsonl name=tap-salesforce producer=True run_id=318827c5-c51a-4dfb-a0ef-0b010015a970 stdio=stderr string_id=tap-salesforce
2025-05-26T08:20:20.931138Z [info     ] INFO Completed sync for Account cmd_type=elb consumer=False job_name=dev:tap-salesforce-to-target-jsonl name=tap-salesforce producer=True run_id=318827c5-c51a-4dfb-a0ef-0b010015a970 stdio=stderr string_id=tap-salesforce
2025-05-26T08:20:20.931389Z [info     ] INFO Finished sync             cmd_type=elb consumer=False job_name=dev:tap-salesforce-to-target-jsonl name=tap-salesforce producer=True run_id=318827c5-c51a-4dfb-a0ef-0b010015a970 stdio=stderr string_id=tap-salesforce
2025-05-26T08:20:20.970136Z [info     ] Using systemdb state backend
2025-05-26T08:20:20.972206Z [info     ] Incremental state has been updated at 2025-05-26 08:20:20.972194+00:00.
2025-05-26T08:20:20.977644Z [info     ] Block run completed.           block_type=ExtractLoadBlocks err=None set_number=0 success=True
